#
# There is insufficient memory for the Java Runtime Environment to continue.
# Native memory allocation (mmap) failed to map 253755392 bytes for Failed to commit area from 0x000000008de00000 to 0x000000009d000000 of length 253755392.
# Possible reasons:
#   The system is out of physical RAM or swap space
#   The process is running with CompressedOops enabled, and the Java Heap may be blocking the growth of the native heap
# Possible solutions:
#   Reduce memory load on the system
#   Increase physical memory or swap space
#   Check if swap backing store is full
#   Decrease Java heap size (-Xmx/-Xms)
#   Decrease number of Java threads
#   Decrease Java thread stack sizes (-Xss)
#   Set larger code cache with -XX:ReservedCodeCacheSize=
#   JVM is running with Unscaled Compressed Oops mode in which the Java heap is
#     placed in the first 4GB address space. The Java Heap base address is the
#     maximum limit for the native heap growth. Please use -XX:HeapBaseMinAddress
#     to set the Java Heap base and to place the Java Heap above 4GB virtual address.
# This output file may be truncated or incomplete.
#
#  Out of Memory Error (./src/hotspot/os/windows/os_windows.cpp:3303), pid=6152, tid=14080
#
# JRE version: OpenJDK Runtime Environment (11.0.8+10) (build 11.0.8+10-b944.6842174)
# Java VM: OpenJDK 64-Bit Server VM (11.0.8+10-b944.6842174, mixed mode, tiered, compressed oops, g1 gc, windows-amd64)
# No core dump will be written. Minidumps are not enabled by default on client versions of Windows
#

---------------  S U M M A R Y ------------

Command Line: --add-opens=java.base/java.util=ALL-UNNAMED --add-opens=java.base/java.lang=ALL-UNNAMED --add-opens=java.base/java.lang.invoke=ALL-UNNAMED --add-opens=java.prefs/java.util.prefs=ALL-UNNAMED -Xmx2048m -Dfile.encoding=UTF-8 -Duser.country=US -Duser.language=en -Duser.variant org.gradle.launcher.daemon.bootstrap.GradleDaemon 6.7.1

Host: Intel(R) Core(TM) i5-8250U CPU @ 1.60GHz, 8 cores, 7G,  Windows 10 , 64 bit Build 19041 (10.0.19041.1023)
Time: Wed Jul  7 14:22:49 2021 SE Asia Standard Time elapsed time: 34 seconds (0d 0h 0m 34s)

---------------  T H R E A D  ---------------

Current thread (0x000001b9e6c3b000):  VMThread "VM Thread" [stack: 0x00000057cce00000,0x00000057ccf00000] [id=14080]

Stack: [0x00000057cce00000,0x00000057ccf00000]
[error occurred during error reporting (printing stack bounds), id 0xc0000005, EXCEPTION_ACCESS_VIOLATION (0xc0000005) at pc=0x000001b9cf2c0dad]

Native frames: (J=compiled Java code, j=interpreted, Vv=VM code, C=native code)
V  [jvm.dll+0x5de50a]
V  [jvm.dll+0x7122f5]
V  [jvm.dll+0x71384d]
V  [jvm.dll+0x713e65]
V  [jvm.dll+0x713e1b]
V  [jvm.dll+0x5dd958]
V  [jvm.dll+0x5de0f8]
C  [ntdll.dll+0xa217f]
C  [ntdll.dll+0x51454]
C  [ntdll.dll+0xa0cae]
C  0x000001b9cf2c0dad

VM_Operation (0x00000057d73fc800): G1CollectForAllocation, mode: safepoint, requested by thread 0x000001b9edafa000


---------------  P R O C E S S  ---------------

Threads class SMR info:
_java_thread_list=0x000001b9eed5ef50, length=154, elements={
0x000001b9ca14b000, 0x000001b9e6c40800, 0x000001b9e6c4a000, 0x000001b9e6419000,
0x000001b9e641a000, 0x000001b9e641b800, 0x000001b9e641f800, 0x000001b9e6422000,
0x000001b9e6e08800, 0x000001b9e6e1a000, 0x000001b9e7ed0000, 0x000001b9e8e8c800,
0x000001b9e939e000, 0x000001b9e851e000, 0x000001b9e8d97000, 0x000001b9e8e72800,
0x000001b9e8e74800, 0x000001b9e8e75000, 0x000001b9e8e72000, 0x000001b9e8e76000,
0x000001b9e8e70800, 0x000001b9e8e77000, 0x000001b9e8e71000, 0x000001b9e8dcb000,
0x000001b9e8dca000, 0x000001b9e8dcb800, 0x000001b9e8dcc800, 0x000001b9e8dce000,
0x000001b9e8dc9800, 0x000001b9e8dcf000, 0x000001b9e8dd1800, 0x000001b9e8dd0000,
0x000001b9e8dd0800, 0x000001b9e8dd3000, 0x000001b9e8dd2800, 0x000001b9e8dcd800,
0x000001b9e8dd4000, 0x000001b9e8dd6800, 0x000001b9e8dd8000, 0x000001b9e962a000,
0x000001b9e962a800, 0x000001b9e9630800, 0x000001b9e9631800, 0x000001b9e962e000,
0x000001b9e9634800, 0x000001b9e9635800, 0x000001b9e9636000, 0x000001b9e9637000,
0x000001b9ed2f4000, 0x000001b9ed2f4800, 0x000001b9ed2f3000, 0x000001b9ed2f5800,
0x000001b9ed2f7000, 0x000001b9ed2f1800, 0x000001b9ed2f6000, 0x000001b9ed2f8000,
0x000001b9ed2f2000, 0x000001b9ed2f8800, 0x000001b9ed2fd800, 0x000001b9ed2fa800,
0x000001b9ed2fb000, 0x000001b9ed2fd000, 0x000001b9ed2fc000, 0x000001b9ed2fe800,
0x000001b9ed2ff000, 0x000001b9ed2f9800, 0x000001b9ed300000, 0x000001b9e8c05000,
0x000001b9e8c02000, 0x000001b9e8c04800, 0x000001b9e8c06000, 0x000001b9e8c01000,
0x000001b9e8c03800, 0x000001b9e8c02800, 0x000001b9e8c00000, 0x000001b9e8c0b000,
0x000001b9e8c0a000, 0x000001b9e8c09000, 0x000001b9e8c07800, 0x000001b9e8c0b800,
0x000001b9e8c0c800, 0x000001b9e8c06800, 0x000001b9e8c0d000, 0x000001b9e8c0e000,
0x000001b9e8c08800, 0x000001b9e8c0f000, 0x000001b9ed113000, 0x000001b9ed114000,
0x000001b9ed10e000, 0x000001b9ed111800, 0x000001b9ed112800, 0x000001b9ed115000,
0x000001b9ed10f000, 0x000001b9ed115800, 0x000001b9ed110000, 0x000001b9ed116800,
0x000001b9ed110800, 0x000001b9ed118000, 0x000001b9ed119800, 0x000001b9ed11a800,
0x000001b9ed119000, 0x000001b9ed11b800, 0x000001b9ed11c000, 0x000001b9ed11d000,
0x000001b9ed117000, 0x000001b9eb05c000, 0x000001b9eb05f000, 0x000001b9eb05b000,
0x000001b9eb05a800, 0x000001b9eb05d800, 0x000001b9eb05c800, 0x000001b9eb059800,
0x000001b9eb061000, 0x000001b9eb061800, 0x000001b9eb063800, 0x000001b9eb064000,
0x000001b9eb05e800, 0x000001b9eb065800, 0x000001b9eb065000, 0x000001b9eb060000,
0x000001b9eb067800, 0x000001b9eb066800, 0x000001b9eb068000, 0x000001b9eb062800,
0x000001b9e962b800, 0x000001b9e962c800, 0x000001b9e962d000, 0x000001b9e962f000,
0x000001b9e9629000, 0x000001b9e962f800, 0x000001b9e9632000, 0x000001b9e9633000,
0x000001b9e9633800, 0x000001b9e8dd4800, 0x000001b9e8dd5800, 0x000001b9e8dd7000,
0x000001b9e8e73800, 0x000001b9edaed000, 0x000001b9edaf0000, 0x000001b9edaef000,
0x000001b9edaec000, 0x000001b9edaf1800, 0x000001b9edaed800, 0x000001b9edaf4000,
0x000001b9edaf2800, 0x000001b9edaf3800, 0x000001b9edaf1000, 0x000001b9edaee800,
0x000001b9edaf8000, 0x000001b9edaf9000, 0x000001b9edaf5000, 0x000001b9edaf5800,
0x000001b9edaf6800, 0x000001b9edafa000
}

Java Threads: ( => current thread )
  0x000001b9ca14b000 JavaThread "main" [_thread_blocked, id=992, stack(0x00000057cc800000,0x00000057cc900000)]
  0x000001b9e6c40800 JavaThread "Reference Handler" daemon [_thread_blocked, id=10184, stack(0x00000057ccf00000,0x00000057cd000000)]
  0x000001b9e6c4a000 JavaThread "Finalizer" daemon [_thread_blocked, id=3204, stack(0x00000057cd000000,0x00000057cd100000)]
  0x000001b9e6419000 JavaThread "Signal Dispatcher" daemon [_thread_blocked, id=13076, stack(0x00000057cd100000,0x00000057cd200000)]
  0x000001b9e641a000 JavaThread "Attach Listener" daemon [_thread_blocked, id=7512, stack(0x00000057cd200000,0x00000057cd300000)]
  0x000001b9e641b800 JavaThread "C2 CompilerThread0" daemon [_thread_blocked, id=2128, stack(0x00000057cd300000,0x00000057cd400000)]
  0x000001b9e641f800 JavaThread "C1 CompilerThread0" daemon [_thread_blocked, id=6828, stack(0x00000057cd400000,0x00000057cd500000)]
  0x000001b9e6422000 JavaThread "Sweeper thread" daemon [_thread_blocked, id=1144, stack(0x00000057cd500000,0x00000057cd600000)]
  0x000001b9e6e08800 JavaThread "Common-Cleaner" daemon [_thread_blocked, id=13948, stack(0x00000057cd600000,0x00000057cd700000)]
  0x000001b9e6e1a000 JavaThread "Service Thread" daemon [_thread_blocked, id=8516, stack(0x00000057cd700000,0x00000057cd800000)]
  0x000001b9e7ed0000 JavaThread "Daemon health stats" [_thread_blocked, id=3348, stack(0x00000057cdc00000,0x00000057cdd00000)]
  0x000001b9e8e8c800 JavaThread "Incoming local TCP Connector on port 51702" [_thread_in_native, id=7908, stack(0x00000057cde00000,0x00000057cdf00000)]
  0x000001b9e939e000 JavaThread "Daemon periodic checks" [_thread_blocked, id=10828, stack(0x00000057cdf00000,0x00000057ce000000)]
  0x000001b9e851e000 JavaThread "Daemon" [_thread_blocked, id=10512, stack(0x00000057ce000000,0x00000057ce100000)]
  0x000001b9e8d97000 JavaThread "Daemon worker" [_thread_blocked, id=8196, stack(0x00000057ce300000,0x00000057ce400000)]
  0x000001b9e8e72800 JavaThread "Cache worker for file hash cache (C:\Users\Admin\.gradle\caches\6.7.1\fileHashes)" [_thread_blocked, id=4204, stack(0x00000057cec00000,0x00000057ced00000)]
  0x000001b9e8e74800 JavaThread "File lock request listener" [_thread_in_native, id=13912, stack(0x00000057ced00000,0x00000057cee00000)]
  0x000001b9e8e75000 JavaThread "Cache worker for journal cache (C:\Users\Admin\.gradle\caches\journal-1)" [_thread_blocked, id=7292, stack(0x00000057cef00000,0x00000057cf000000)]
  0x000001b9e8e72000 JavaThread "jar transforms" [_thread_blocked, id=12964, stack(0x00000057cf100000,0x00000057cf200000)]
  0x000001b9e8e76000 JavaThread "jar transforms Thread 2" [_thread_blocked, id=280, stack(0x00000057cf200000,0x00000057cf300000)]
  0x000001b9e8e70800 JavaThread "jar transforms Thread 3" [_thread_blocked, id=13448, stack(0x00000057cf300000,0x00000057cf400000)]
  0x000001b9e8e77000 JavaThread "jar transforms Thread 4" [_thread_blocked, id=10144, stack(0x00000057cf400000,0x00000057cf500000)]
  0x000001b9e8e71000 JavaThread "jar transforms Thread 5" [_thread_blocked, id=12972, stack(0x00000057cf500000,0x00000057cf600000)]
  0x000001b9e8dcb000 JavaThread "jar transforms Thread 6" [_thread_blocked, id=12660, stack(0x00000057cf600000,0x00000057cf700000)]
  0x000001b9e8dca000 JavaThread "jar transforms Thread 7" [_thread_blocked, id=6120, stack(0x00000057cf700000,0x00000057cf800000)]
  0x000001b9e8dcb800 JavaThread "jar transforms Thread 8" [_thread_blocked, id=7116, stack(0x00000057cf800000,0x00000057cf900000)]
  0x000001b9e8dcc800 JavaThread "jar transforms Thread 9" [_thread_blocked, id=13520, stack(0x00000057cf900000,0x00000057cfa00000)]
  0x000001b9e8dce000 JavaThread "jar transforms Thread 10" [_thread_blocked, id=14244, stack(0x00000057cfa00000,0x00000057cfb00000)]
  0x000001b9e8dc9800 JavaThread "jar transforms Thread 11" [_thread_blocked, id=4744, stack(0x00000057cfb00000,0x00000057cfc00000)]
  0x000001b9e8dcf000 JavaThread "jar transforms Thread 12" [_thread_blocked, id=5032, stack(0x00000057cfc00000,0x00000057cfd00000)]
  0x000001b9e8dd1800 JavaThread "jar transforms Thread 13" [_thread_blocked, id=6712, stack(0x00000057cfd00000,0x00000057cfe00000)]
  0x000001b9e8dd0000 JavaThread "jar transforms Thread 14" [_thread_blocked, id=14708, stack(0x00000057cfe00000,0x00000057cff00000)]
  0x000001b9e8dd0800 JavaThread "jar transforms Thread 15" [_thread_blocked, id=13012, stack(0x00000057cff00000,0x00000057d0000000)]
  0x000001b9e8dd3000 JavaThread "jar transforms Thread 16" [_thread_blocked, id=1012, stack(0x00000057d0000000,0x00000057d0100000)]
  0x000001b9e8dd2800 JavaThread "jar transforms Thread 17" [_thread_blocked, id=14144, stack(0x00000057d0100000,0x00000057d0200000)]
  0x000001b9e8dcd800 JavaThread "jar transforms Thread 18" [_thread_blocked, id=13480, stack(0x00000057d0200000,0x00000057d0300000)]
  0x000001b9e8dd4000 JavaThread "jar transforms Thread 19" [_thread_blocked, id=9432, stack(0x00000057d0300000,0x00000057d0400000)]
  0x000001b9e8dd6800 JavaThread "jar transforms Thread 20" [_thread_blocked, id=1016, stack(0x00000057d0400000,0x00000057d0500000)]
  0x000001b9e8dd8000 JavaThread "jar transforms Thread 21" [_thread_blocked, id=11120, stack(0x00000057d0500000,0x00000057d0600000)]
  0x000001b9e962a000 JavaThread "Cache worker for execution history cache (C:\Users\Admin\.gradle\caches\6.7.1\executionHistory)" [_thread_blocked, id=2856, stack(0x00000057d0900000,0x00000057d0a00000)]
  0x000001b9e962a800 JavaThread "Cache worker for file content cache (C:\Users\Admin\.gradle\caches\6.7.1\fileContent)" [_thread_blocked, id=2036, stack(0x00000057d0a00000,0x00000057d0b00000)]
  0x000001b9e9630800 JavaThread "jar transforms Thread 22" [_thread_blocked, id=7048, stack(0x00000057d1500000,0x00000057d1600000)]
  0x000001b9e9631800 JavaThread "jar transforms Thread 23" [_thread_blocked, id=6588, stack(0x00000057d1600000,0x00000057d1700000)]
  0x000001b9e962e000 JavaThread "jar transforms Thread 24" [_thread_blocked, id=9828, stack(0x00000057d1700000,0x00000057d1800000)]
  0x000001b9e9634800 JavaThread "jar transforms Thread 25" [_thread_blocked, id=2148, stack(0x00000057d1800000,0x00000057d1900000)]
  0x000001b9e9635800 JavaThread "jar transforms Thread 26" [_thread_blocked, id=13000, stack(0x00000057d1900000,0x00000057d1a00000)]
  0x000001b9e9636000 JavaThread "jar transforms Thread 27" [_thread_blocked, id=12144, stack(0x00000057d1a00000,0x00000057d1b00000)]
  0x000001b9e9637000 JavaThread "jar transforms Thread 28" [_thread_blocked, id=2228, stack(0x00000057d1b00000,0x00000057d1c00000)]
  0x000001b9ed2f4000 JavaThread "jar transforms Thread 29" [_thread_blocked, id=14648, stack(0x00000057d1c00000,0x00000057d1d00000)]
  0x000001b9ed2f4800 JavaThread "jar transforms Thread 30" [_thread_blocked, id=9268, stack(0x00000057d1d00000,0x00000057d1e00000)]
  0x000001b9ed2f3000 JavaThread "jar transforms Thread 31" [_thread_blocked, id=5024, stack(0x00000057d1e00000,0x00000057d1f00000)]
  0x000001b9ed2f5800 JavaThread "jar transforms Thread 32" [_thread_blocked, id=7936, stack(0x00000057d1f00000,0x00000057d2000000)]
  0x000001b9ed2f7000 JavaThread "jar transforms Thread 33" [_thread_blocked, id=6044, stack(0x00000057d2000000,0x00000057d2100000)]
  0x000001b9ed2f1800 JavaThread "jar transforms Thread 34" [_thread_blocked, id=5520, stack(0x00000057d2100000,0x00000057d2200000)]
  0x000001b9ed2f6000 JavaThread "jar transforms Thread 35" [_thread_blocked, id=11756, stack(0x00000057d2200000,0x00000057d2300000)]
  0x000001b9ed2f8000 JavaThread "jar transforms Thread 36" [_thread_blocked, id=14784, stack(0x00000057d2300000,0x00000057d2400000)]
  0x000001b9ed2f2000 JavaThread "jar transforms Thread 37" [_thread_blocked, id=11232, stack(0x00000057d2400000,0x00000057d2500000)]
  0x000001b9ed2f8800 JavaThread "jar transforms Thread 38" [_thread_blocked, id=14592, stack(0x00000057d2500000,0x00000057d2600000)]
  0x000001b9ed2fd800 JavaThread "jar transforms Thread 39" [_thread_blocked, id=6520, stack(0x00000057d2600000,0x00000057d2700000)]
  0x000001b9ed2fa800 JavaThread "jar transforms Thread 40" [_thread_blocked, id=984, stack(0x00000057d2700000,0x00000057d2800000)]
  0x000001b9ed2fb000 JavaThread "jar transforms Thread 41" [_thread_blocked, id=14492, stack(0x00000057d2800000,0x00000057d2900000)]
  0x000001b9ed2fd000 JavaThread "jar transforms Thread 42" [_thread_blocked, id=3432, stack(0x00000057d2900000,0x00000057d2a00000)]
  0x000001b9ed2fc000 JavaThread "jar transforms Thread 43" [_thread_blocked, id=9400, stack(0x00000057d2a00000,0x00000057d2b00000)]
  0x000001b9ed2fe800 JavaThread "jar transforms Thread 44" [_thread_blocked, id=11056, stack(0x00000057d2b00000,0x00000057d2c00000)]
  0x000001b9ed2ff000 JavaThread "jar transforms Thread 45" [_thread_blocked, id=14444, stack(0x00000057d2c00000,0x00000057d2d00000)]
  0x000001b9ed2f9800 JavaThread "jar transforms Thread 46" [_thread_blocked, id=11792, stack(0x00000057d2d00000,0x00000057d2e00000)]
  0x000001b9ed300000 JavaThread "jar transforms Thread 47" [_thread_blocked, id=10852, stack(0x00000057d2e00000,0x00000057d2f00000)]
  0x000001b9e8c05000 JavaThread "jar transforms Thread 48" [_thread_blocked, id=6580, stack(0x00000057d2f00000,0x00000057d3000000)]
  0x000001b9e8c02000 JavaThread "jar transforms Thread 49" [_thread_blocked, id=11448, stack(0x00000057d3000000,0x00000057d3100000)]
  0x000001b9e8c04800 JavaThread "jar transforms Thread 50" [_thread_blocked, id=14700, stack(0x00000057d3100000,0x00000057d3200000)]
  0x000001b9e8c06000 JavaThread "jar transforms Thread 51" [_thread_blocked, id=11076, stack(0x00000057d3200000,0x00000057d3300000)]
  0x000001b9e8c01000 JavaThread "jar transforms Thread 52" [_thread_blocked, id=14120, stack(0x00000057d3300000,0x00000057d3400000)]
  0x000001b9e8c03800 JavaThread "jar transforms Thread 53" [_thread_blocked, id=10920, stack(0x00000057d3400000,0x00000057d3500000)]
  0x000001b9e8c02800 JavaThread "jar transforms Thread 54" [_thread_blocked, id=2352, stack(0x00000057d3500000,0x00000057d3600000)]
  0x000001b9e8c00000 JavaThread "jar transforms Thread 55" [_thread_blocked, id=10676, stack(0x00000057d3600000,0x00000057d3700000)]
  0x000001b9e8c0b000 JavaThread "jar transforms Thread 56" [_thread_blocked, id=6872, stack(0x00000057d3700000,0x00000057d3800000)]
  0x000001b9e8c0a000 JavaThread "jar transforms Thread 57" [_thread_blocked, id=10328, stack(0x00000057d3800000,0x00000057d3900000)]
  0x000001b9e8c09000 JavaThread "jar transforms Thread 58" [_thread_blocked, id=6112, stack(0x00000057d3900000,0x00000057d3a00000)]
  0x000001b9e8c07800 JavaThread "jar transforms Thread 59" [_thread_blocked, id=4076, stack(0x00000057d3a00000,0x00000057d3b00000)]
  0x000001b9e8c0b800 JavaThread "jar transforms Thread 60" [_thread_blocked, id=3208, stack(0x00000057d3b00000,0x00000057d3c00000)]
  0x000001b9e8c0c800 JavaThread "jar transforms Thread 61" [_thread_blocked, id=11048, stack(0x00000057d3c00000,0x00000057d3d00000)]
  0x000001b9e8c06800 JavaThread "jar transforms Thread 62" [_thread_blocked, id=11444, stack(0x00000057d3d00000,0x00000057d3e00000)]
  0x000001b9e8c0d000 JavaThread "jar transforms Thread 63" [_thread_blocked, id=3324, stack(0x00000057d3e00000,0x00000057d3f00000)]
  0x000001b9e8c0e000 JavaThread "jar transforms Thread 64" [_thread_blocked, id=4404, stack(0x00000057d3f00000,0x00000057d4000000)]
  0x000001b9e8c08800 JavaThread "jar transforms Thread 65" [_thread_blocked, id=10164, stack(0x00000057d4000000,0x00000057d4100000)]
  0x000001b9e8c0f000 JavaThread "jar transforms Thread 66" [_thread_blocked, id=2088, stack(0x00000057d4100000,0x00000057d4200000)]
  0x000001b9ed113000 JavaThread "jar transforms Thread 67" [_thread_blocked, id=11584, stack(0x00000057d4200000,0x00000057d4300000)]
  0x000001b9ed114000 JavaThread "jar transforms Thread 68" [_thread_blocked, id=720, stack(0x00000057d4300000,0x00000057d4400000)]
  0x000001b9ed10e000 JavaThread "jar transforms Thread 69" [_thread_blocked, id=12880, stack(0x00000057d4400000,0x00000057d4500000)]
  0x000001b9ed111800 JavaThread "jar transforms Thread 70" [_thread_blocked, id=11468, stack(0x00000057d4500000,0x00000057d4600000)]
  0x000001b9ed112800 JavaThread "jar transforms Thread 71" [_thread_blocked, id=6848, stack(0x00000057d4600000,0x00000057d4700000)]
  0x000001b9ed115000 JavaThread "jar transforms Thread 72" [_thread_blocked, id=1276, stack(0x00000057d4700000,0x00000057d4800000)]
  0x000001b9ed10f000 JavaThread "jar transforms Thread 73" [_thread_blocked, id=11588, stack(0x00000057d4800000,0x00000057d4900000)]
  0x000001b9ed115800 JavaThread "jar transforms Thread 74" [_thread_blocked, id=8164, stack(0x00000057d4900000,0x00000057d4a00000)]
  0x000001b9ed110000 JavaThread "jar transforms Thread 75" [_thread_blocked, id=8524, stack(0x00000057d4a00000,0x00000057d4b00000)]
  0x000001b9ed116800 JavaThread "jar transforms Thread 76" [_thread_blocked, id=11644, stack(0x00000057d4b00000,0x00000057d4c00000)]
  0x000001b9ed110800 JavaThread "jar transforms Thread 77" [_thread_blocked, id=14720, stack(0x00000057d4c00000,0x00000057d4d00000)]
  0x000001b9ed118000 JavaThread "jar transforms Thread 78" [_thread_blocked, id=6384, stack(0x00000057d4d00000,0x00000057d4e00000)]
  0x000001b9ed119800 JavaThread "jar transforms Thread 79" [_thread_blocked, id=1068, stack(0x00000057d4e00000,0x00000057d4f00000)]
  0x000001b9ed11a800 JavaThread "jar transforms Thread 80" [_thread_blocked, id=7252, stack(0x00000057d4f00000,0x00000057d5000000)]
  0x000001b9ed119000 JavaThread "jar transforms Thread 81" [_thread_blocked, id=14212, stack(0x00000057d5000000,0x00000057d5100000)]
  0x000001b9ed11b800 JavaThread "jar transforms Thread 82" [_thread_blocked, id=10740, stack(0x00000057d5100000,0x00000057d5200000)]
  0x000001b9ed11c000 JavaThread "jar transforms Thread 83" [_thread_blocked, id=5984, stack(0x00000057d5200000,0x00000057d5300000)]
  0x000001b9ed11d000 JavaThread "jar transforms Thread 84" [_thread_blocked, id=9788, stack(0x00000057d5300000,0x00000057d5400000)]
  0x000001b9ed117000 JavaThread "jar transforms Thread 85" [_thread_blocked, id=7248, stack(0x00000057d5400000,0x00000057d5500000)]
  0x000001b9eb05c000 JavaThread "jar transforms Thread 86" [_thread_blocked, id=8644, stack(0x00000057d5500000,0x00000057d5600000)]
  0x000001b9eb05f000 JavaThread "jar transforms Thread 87" [_thread_blocked, id=4968, stack(0x00000057d5600000,0x00000057d5700000)]
  0x000001b9eb05b000 JavaThread "jar transforms Thread 88" [_thread_blocked, id=7020, stack(0x00000057d5700000,0x00000057d5800000)]
  0x000001b9eb05a800 JavaThread "jar transforms Thread 89" [_thread_blocked, id=9812, stack(0x00000057d5800000,0x00000057d5900000)]
  0x000001b9eb05d800 JavaThread "jar transforms Thread 90" [_thread_blocked, id=14460, stack(0x00000057d5900000,0x00000057d5a00000)]
  0x000001b9eb05c800 JavaThread "jar transforms Thread 91" [_thread_blocked, id=7464, stack(0x00000057d5a00000,0x00000057d5b00000)]
  0x000001b9eb059800 JavaThread "jar transforms Thread 92" [_thread_blocked, id=10196, stack(0x00000057d5b00000,0x00000057d5c00000)]
  0x000001b9eb061000 JavaThread "jar transforms Thread 93" [_thread_blocked, id=9352, stack(0x00000057d5c00000,0x00000057d5d00000)]
  0x000001b9eb061800 JavaThread "jar transforms Thread 94" [_thread_blocked, id=11508, stack(0x00000057d5d00000,0x00000057d5e00000)]
  0x000001b9eb063800 JavaThread "jar transforms Thread 95" [_thread_blocked, id=11156, stack(0x00000057d5e00000,0x00000057d5f00000)]
  0x000001b9eb064000 JavaThread "jar transforms Thread 96" [_thread_blocked, id=7792, stack(0x00000057d5f00000,0x00000057d6000000)]
  0x000001b9eb05e800 JavaThread "jar transforms Thread 97" [_thread_blocked, id=7712, stack(0x00000057d6000000,0x00000057d6100000)]
  0x000001b9eb065800 JavaThread "jar transforms Thread 98" [_thread_blocked, id=13352, stack(0x00000057d6100000,0x00000057d6200000)]
  0x000001b9eb065000 JavaThread "jar transforms Thread 99" [_thread_blocked, id=12092, stack(0x00000057d6200000,0x00000057d6300000)]
  0x000001b9eb060000 JavaThread "Memory manager" [_thread_blocked, id=13576, stack(0x00000057d6300000,0x00000057d6400000)]
  0x000001b9eb067800 JavaThread "Handler for socket connection from /127.0.0.1:51702 to /127.0.0.1:51257" [_thread_in_native, id=10748, stack(0x00000057ce100000,0x00000057ce200000)]
  0x000001b9eb066800 JavaThread "Cancel handler" [_thread_blocked, id=7836, stack(0x00000057ce200000,0x00000057ce300000)]
  0x000001b9eb068000 JavaThread "Asynchronous log dispatcher for DefaultDaemonConnection: socket connection from /127.0.0.1:51702 to /127.0.0.1:51257" [_thread_blocked, id=14132, stack(0x00000057ce400000,0x00000057ce500000)]
  0x000001b9eb062800 JavaThread "Stdin handler" [_thread_blocked, id=6504, stack(0x00000057ce500000,0x00000057ce600000)]
  0x000001b9e962b800 JavaThread "Thread-138" [_thread_blocked, id=8660, stack(0x00000057ce600000,0x00000057ce700000)]
  0x000001b9e962c800 JavaThread "Cache worker for file hash cache (C:\Users\Admin\Desktop\PRM391_assignment\.gradle\6.7.1\fileHashes)" [_thread_blocked, id=10044, stack(0x00000057cf000000,0x00000057cf100000)]
  0x000001b9e962d000 JavaThread "Cache worker for checksums cache (C:\Users\Admin\Desktop\PRM391_assignment\.gradle\checksums)" [_thread_blocked, id=10252, stack(0x00000057d0600000,0x00000057d0700000)]
  0x000001b9e962f000 JavaThread "Cache worker for cache directory md-supplier (C:\Users\Admin\.gradle\caches\6.7.1\md-supplier)" [_thread_blocked, id=8664, stack(0x00000057d0700000,0x00000057d0800000)]
  0x000001b9e9629000 JavaThread "Cache worker for cache directory md-rule (C:\Users\Admin\.gradle\caches\6.7.1\md-rule)" [_thread_blocked, id=15128, stack(0x00000057d0800000,0x00000057d0900000)]
  0x000001b9e962f800 JavaThread "Cache worker for Build Output Cleanup Cache (C:\Users\Admin\Desktop\PRM391_assignment\.gradle\buildOutputCleanup)" [_thread_blocked, id=10940, stack(0x00000057d0b00000,0x00000057d0c00000)]
  0x000001b9e9632000 JavaThread "Build operations" [_thread_blocked, id=13432, stack(0x00000057d0c00000,0x00000057d0d00000)]
  0x000001b9e9633000 JavaThread "Build operations Thread 2" [_thread_blocked, id=520, stack(0x00000057d0d00000,0x00000057d0e00000)]
  0x000001b9e9633800 JavaThread "Build operations Thread 3" [_thread_blocked, id=6884, stack(0x00000057d0e00000,0x00000057d0f00000)]
  0x000001b9e8dd4800 JavaThread "Build operations Thread 4" [_thread_blocked, id=11844, stack(0x00000057d0f00000,0x00000057d1000000)]
  0x000001b9e8dd5800 JavaThread "Build operations Thread 5" [_thread_blocked, id=13724, stack(0x00000057d1000000,0x00000057d1100000)]
  0x000001b9e8dd7000 JavaThread "Build operations Thread 6" [_thread_blocked, id=14908, stack(0x00000057d1100000,0x00000057d1200000)]
  0x000001b9e8e73800 JavaThread "Build operations Thread 7" [_thread_blocked, id=10996, stack(0x00000057d1200000,0x00000057d1300000)]
  0x000001b9edaed000 JavaThread "Build operations Thread 8" [_thread_blocked, id=8148, stack(0x00000057d1300000,0x00000057d1400000)]
  0x000001b9edaf0000 JavaThread "build event listener" [_thread_blocked, id=9240, stack(0x00000057d1400000,0x00000057d1500000)]
  0x000001b9edaef000 JavaThread "build event listener" [_thread_blocked, id=10872, stack(0x00000057d6500000,0x00000057d6600000)]
  0x000001b9edaec000 JavaThread "Execution worker for ':'" [_thread_blocked, id=9912, stack(0x00000057d6600000,0x00000057d6700000)]
  0x000001b9edaf1800 JavaThread "Execution worker for ':' Thread 2" [_thread_blocked, id=9288, stack(0x00000057d6700000,0x00000057d6800000)]
  0x000001b9edaed800 JavaThread "Execution worker for ':' Thread 3" [_thread_blocked, id=4584, stack(0x00000057d6800000,0x00000057d6900000)]
  0x000001b9edaf4000 JavaThread "Execution worker for ':' Thread 4" [_thread_blocked, id=13452, stack(0x00000057d6900000,0x00000057d6a00000)]
  0x000001b9edaf2800 JavaThread "Execution worker for ':' Thread 5" [_thread_blocked, id=11972, stack(0x00000057d6a00000,0x00000057d6b00000)]
  0x000001b9edaf3800 JavaThread "Execution worker for ':' Thread 6" [_thread_blocked, id=14872, stack(0x00000057d6b00000,0x00000057d6c00000)]
  0x000001b9edaf1000 JavaThread "Execution worker for ':' Thread 7" [_thread_blocked, id=11984, stack(0x00000057d6c00000,0x00000057d6d00000)]
  0x000001b9edaee800 JavaThread "Cache worker for execution history cache (C:\Users\Admin\Desktop\PRM391_assignment\.gradle\6.7.1\executionHistory)" [_thread_blocked, id=11624, stack(0x00000057d6d00000,0x00000057d6e00000)]
  0x000001b9edaf8000 JavaThread "WorkerExecutor Queue" [_thread_blocked, id=15060, stack(0x00000057d6e00000,0x00000057d6f00000)]
  0x000001b9edaf9000 JavaThread "pool-7-thread-1" [_thread_blocked, id=12096, stack(0x00000057d6f00000,0x00000057d7000000)]
  0x000001b9edaf5000 JavaThread "stderr" [_thread_in_native, id=3600, stack(0x00000057d7000000,0x00000057d7100000)]
  0x000001b9edaf5800 JavaThread "stdout" [_thread_in_native, id=6748, stack(0x00000057d7100000,0x00000057d7200000)]
  0x000001b9edaf6800 JavaThread "WorkerExecutor Queue Thread 2" [_thread_blocked, id=7840, stack(0x00000057d7200000,0x00000057d7300000)]
  0x000001b9edafa000 JavaThread "WorkerExecutor Queue Thread 3" [_thread_blocked, id=1620, stack(0x00000057d7300000,0x00000057d7400000)]

Other Threads:
=>0x000001b9e6c3b000 VMThread "VM Thread" [stack: 0x00000057cce00000,0x00000057ccf00000] [id=14080]
  0x000001b9e6e43000 WatcherThread [stack: 0x00000057cd800000,0x00000057cd900000] [id=11680]
  0x000001b9ca162000 GCTaskThread "GC Thread#0" [stack: 0x00000057cc900000,0x00000057cca00000] [id=2656]
  0x000001b9e78b4800 GCTaskThread "GC Thread#1" [stack: 0x00000057cda00000,0x00000057cdb00000] [id=5248]
  0x000001b9e7acc000 GCTaskThread "GC Thread#2" [stack: 0x00000057cdb00000,0x00000057cdc00000] [id=11356]
  0x000001b9e71f4800 GCTaskThread "GC Thread#3" [stack: 0x00000057ce700000,0x00000057ce800000] [id=13444]
  0x000001b9e8cb4000 GCTaskThread "GC Thread#4" [stack: 0x00000057ce800000,0x00000057ce900000] [id=7832]
  0x000001b9e81cd000 GCTaskThread "GC Thread#5" [stack: 0x00000057ce900000,0x00000057cea00000] [id=7220]
  0x000001b9e939d800 GCTaskThread "GC Thread#6" [stack: 0x00000057cea00000,0x00000057ceb00000] [id=13852]
  0x000001b9e764d000 GCTaskThread "GC Thread#7" [stack: 0x00000057ceb00000,0x00000057cec00000] [id=13356]
  0x000001b9ca194000 ConcurrentGCThread "G1 Main Marker" [stack: 0x00000057cca00000,0x00000057ccb00000] [id=7684]
  0x000001b9ca197000 ConcurrentGCThread "G1 Conc#0" [stack: 0x00000057ccb00000,0x00000057ccc00000] [id=11256]
  0x000001b9e93e6000 ConcurrentGCThread "G1 Conc#1" [stack: 0x00000057cee00000,0x00000057cef00000] [id=13208]
  0x000001b9e6267800 ConcurrentGCThread "G1 Refine#0" [stack: 0x00000057ccc00000,0x00000057ccd00000] [id=4128]
  0x000001b9e6268800 ConcurrentGCThread "G1 Young RemSet Sampling" [stack: 0x00000057ccd00000,0x00000057cce00000] [id=11044]

Threads with active compile tasks:
C2 CompilerThread0  34595 13359 %     4       com.android.tools.r8.dex.n::m @ 64 (2054 bytes)

VM state:at safepoint (normal execution)

VM Mutex/Monitor currently owned by a thread:  ([mutex/lock_event])
[0x000001b9ca147a10] Threads_lock - owner thread: 0x000001b9e6c3b000
[0x000001b9ca1476b0] Heap_lock - owner thread: 0x000001b9edafa000

Heap address: 0x0000000080000000, size: 2048 MB, Compressed Oops mode: 32-bit
Narrow klass base: 0x0000000000000000, Narrow klass shift: 3
Compressed class space size: 1073741824 Address: 0x0000000100000000

Heap:
 garbage-first heap   total 475136K, used 176408K [0x0000000080000000, 0x0000000100000000)
  region size 1024K, 3 young (3072K), 3 survivors (3072K)
 Metaspace       used 113381K, capacity 116288K, committed 116480K, reserved 1150976K
  class space    used 14290K, capacity 15304K, committed 15360K, reserved 1048576K
Heap Regions: E=young(eden), S=young(survivor), O=old, HS=humongous(starts), HC=humongous(continues), CS=collection set, F=free, A=archive, TAMS=top-at-mark-start (previous, next)
|   0|0x0000000080000000, 0x0000000080100000, 0x0000000080100000|100%| O|  |TAMS 0x0000000080100000, 0x0000000080100000| Untracked 
|   1|0x0000000080100000, 0x0000000080200000, 0x0000000080200000|100%| O|  |TAMS 0x0000000080200000, 0x0000000080200000| Untracked 
|   2|0x0000000080200000, 0x0000000080300000, 0x0000000080300000|100%| O|  |TAMS 0x0000000080300000, 0x0000000080300000| Untracked 
|   3|0x0000000080300000, 0x0000000080400000, 0x0000000080400000|100%|HS|  |TAMS 0x0000000080400000, 0x0000000080400000| Complete 
|   4|0x0000000080400000, 0x0000000080500000, 0x0000000080500000|100%|HC|  |TAMS 0x0000000080500000, 0x0000000080500000| Complete 
|   5|0x0000000080500000, 0x0000000080600000, 0x0000000080600000|100%|HC|  |TAMS 0x0000000080600000, 0x0000000080600000| Complete 
|   6|0x0000000080600000, 0x0000000080700000, 0x0000000080700000|100%| O|  |TAMS 0x0000000080700000, 0x0000000080700000| Untracked 
|   7|0x0000000080700000, 0x0000000080800000, 0x0000000080800000|100%| O|  |TAMS 0x0000000080800000, 0x0000000080800000| Untracked 
|   8|0x0000000080800000, 0x0000000080900000, 0x0000000080900000|100%| O|  |TAMS 0x0000000080900000, 0x0000000080900000| Untracked 
|   9|0x0000000080900000, 0x0000000080a00000, 0x0000000080a00000|100%| O|  |TAMS 0x0000000080a00000, 0x0000000080a00000| Untracked 
|  10|0x0000000080a00000, 0x0000000080b00000, 0x0000000080b00000|100%| O|  |TAMS 0x0000000080b00000, 0x0000000080b00000| Untracked 
|  11|0x0000000080b00000, 0x0000000080c00000, 0x0000000080c00000|100%| O|  |TAMS 0x0000000080c00000, 0x0000000080c00000| Untracked 
|  12|0x0000000080c00000, 0x0000000080d00000, 0x0000000080d00000|100%| O|  |TAMS 0x0000000080d00000, 0x0000000080d00000| Untracked 
|  13|0x0000000080d00000, 0x0000000080e00000, 0x0000000080e00000|100%| O|  |TAMS 0x0000000080e00000, 0x0000000080e00000| Untracked 
|  14|0x0000000080e00000, 0x0000000080f00000, 0x0000000080f00000|100%| O|  |TAMS 0x0000000080f00000, 0x0000000080f00000| Untracked 
|  15|0x0000000080f00000, 0x0000000081000000, 0x0000000081000000|100%| O|  |TAMS 0x0000000081000000, 0x0000000081000000| Untracked 
|  16|0x0000000081000000, 0x0000000081100000, 0x0000000081100000|100%|HS|  |TAMS 0x0000000081100000, 0x0000000081100000| Complete 
|  17|0x0000000081100000, 0x0000000081200000, 0x0000000081200000|100%|HC|  |TAMS 0x0000000081200000, 0x0000000081200000| Complete 
|  18|0x0000000081200000, 0x0000000081300000, 0x0000000081300000|100%|HS|  |TAMS 0x0000000081300000, 0x0000000081300000| Complete 
|  19|0x0000000081300000, 0x0000000081400000, 0x0000000081400000|100%|HC|  |TAMS 0x0000000081400000, 0x0000000081400000| Complete 
|  20|0x0000000081400000, 0x0000000081500000, 0x0000000081500000|100%|HC|  |TAMS 0x0000000081500000, 0x0000000081500000| Complete 
|  21|0x0000000081500000, 0x0000000081600000, 0x0000000081600000|100%|HS|  |TAMS 0x0000000081600000, 0x0000000081600000| Complete 
|  22|0x0000000081600000, 0x0000000081700000, 0x0000000081700000|100%|HC|  |TAMS 0x0000000081700000, 0x0000000081700000| Complete 
|  23|0x0000000081700000, 0x0000000081800000, 0x0000000081800000|100%|HC|  |TAMS 0x0000000081800000, 0x0000000081800000| Complete 
|  24|0x0000000081800000, 0x0000000081900000, 0x0000000081900000|100%|HC|  |TAMS 0x0000000081900000, 0x0000000081900000| Complete 
|  25|0x0000000081900000, 0x0000000081a00000, 0x0000000081a00000|100%|HS|  |TAMS 0x0000000081a00000, 0x0000000081a00000| Complete 
|  26|0x0000000081a00000, 0x0000000081b00000, 0x0000000081b00000|100%| O|  |TAMS 0x0000000081b00000, 0x0000000081b00000| Untracked 
|  27|0x0000000081b00000, 0x0000000081c00000, 0x0000000081c00000|100%| O|  |TAMS 0x0000000081c00000, 0x0000000081c00000| Untracked 
|  28|0x0000000081c00000, 0x0000000081d00000, 0x0000000081d00000|100%|HS|  |TAMS 0x0000000081d00000, 0x0000000081d00000| Complete 
|  29|0x0000000081d00000, 0x0000000081e00000, 0x0000000081e00000|100%|HC|  |TAMS 0x0000000081e00000, 0x0000000081e00000| Complete 
|  30|0x0000000081e00000, 0x0000000081f00000, 0x0000000081f00000|100%|HC|  |TAMS 0x0000000081f00000, 0x0000000081f00000| Complete 
|  31|0x0000000081f00000, 0x0000000082000000, 0x0000000082000000|100%|HC|  |TAMS 0x0000000082000000, 0x0000000082000000| Complete 
|  32|0x0000000082000000, 0x0000000082100000, 0x0000000082100000|100%|HS|  |TAMS 0x0000000082100000, 0x0000000082100000| Complete 
|  33|0x0000000082100000, 0x0000000082200000, 0x0000000082200000|100%|HC|  |TAMS 0x0000000082200000, 0x0000000082200000| Complete 
|  34|0x0000000082200000, 0x0000000082300000, 0x0000000082300000|100%|HC|  |TAMS 0x0000000082300000, 0x0000000082300000| Complete 
|  35|0x0000000082300000, 0x0000000082400000, 0x0000000082400000|100%| O|  |TAMS 0x0000000082400000, 0x0000000082400000| Untracked 
|  36|0x0000000082400000, 0x0000000082500000, 0x0000000082500000|100%| O|  |TAMS 0x0000000082500000, 0x0000000082500000| Untracked 
|  37|0x0000000082500000, 0x0000000082600000, 0x0000000082600000|100%| O|  |TAMS 0x0000000082600000, 0x0000000082600000| Untracked 
|  38|0x0000000082600000, 0x0000000082700000, 0x0000000082700000|100%| O|  |TAMS 0x0000000082700000, 0x0000000082700000| Untracked 
|  39|0x0000000082700000, 0x0000000082800000, 0x0000000082800000|100%| O|  |TAMS 0x0000000082800000, 0x0000000082800000| Untracked 
|  40|0x0000000082800000, 0x0000000082900000, 0x0000000082900000|100%| O|  |TAMS 0x0000000082900000, 0x0000000082900000| Untracked 
|  41|0x0000000082900000, 0x0000000082a00000, 0x0000000082a00000|100%| O|  |TAMS 0x0000000082a00000, 0x0000000082a00000| Untracked 
|  42|0x0000000082a00000, 0x0000000082b00000, 0x0000000082b00000|100%| O|  |TAMS 0x0000000082b00000, 0x0000000082b00000| Untracked 
|  43|0x0000000082b00000, 0x0000000082c00000, 0x0000000082c00000|100%| O|  |TAMS 0x0000000082c00000, 0x0000000082c00000| Untracked 
|  44|0x0000000082c00000, 0x0000000082d00000, 0x0000000082d00000|100%| O|  |TAMS 0x0000000082d00000, 0x0000000082d00000| Untracked 
|  45|0x0000000082d00000, 0x0000000082e00000, 0x0000000082e00000|100%|HS|  |TAMS 0x0000000082e00000, 0x0000000082e00000| Complete 
|  46|0x0000000082e00000, 0x0000000082f00000, 0x0000000082f00000|100%|HC|  |TAMS 0x0000000082f00000, 0x0000000082f00000| Complete 
|  47|0x0000000082f00000, 0x0000000083000000, 0x0000000083000000|100%| O|  |TAMS 0x0000000083000000, 0x0000000083000000| Untracked 
|  48|0x0000000083000000, 0x0000000083100000, 0x0000000083100000|100%| O|  |TAMS 0x0000000083100000, 0x0000000083100000| Untracked 
|  49|0x0000000083100000, 0x0000000083200000, 0x0000000083200000|100%| O|  |TAMS 0x0000000083200000, 0x0000000083200000| Untracked 
|  50|0x0000000083200000, 0x0000000083300000, 0x0000000083300000|100%| O|  |TAMS 0x0000000083300000, 0x0000000083300000| Untracked 
|  51|0x0000000083300000, 0x0000000083400000, 0x0000000083400000|100%| O|  |TAMS 0x0000000083400000, 0x0000000083400000| Untracked 
|  52|0x0000000083400000, 0x0000000083500000, 0x0000000083500000|100%| O|  |TAMS 0x0000000083500000, 0x0000000083500000| Untracked 
|  53|0x0000000083500000, 0x0000000083600000, 0x0000000083600000|100%| O|  |TAMS 0x0000000083600000, 0x0000000083600000| Untracked 
|  54|0x0000000083600000, 0x0000000083700000, 0x0000000083700000|100%| O|  |TAMS 0x0000000083700000, 0x0000000083700000| Untracked 
|  55|0x0000000083700000, 0x0000000083800000, 0x0000000083800000|100%| O|  |TAMS 0x0000000083800000, 0x0000000083800000| Untracked 
|  56|0x0000000083800000, 0x0000000083900000, 0x0000000083900000|100%| O|  |TAMS 0x0000000083900000, 0x0000000083900000| Untracked 
|  57|0x0000000083900000, 0x0000000083a00000, 0x0000000083a00000|100%| O|  |TAMS 0x0000000083a00000, 0x0000000083a00000| Untracked 
|  58|0x0000000083a00000, 0x0000000083b00000, 0x0000000083b00000|100%| O|  |TAMS 0x0000000083b00000, 0x0000000083b00000| Untracked 
|  59|0x0000000083b00000, 0x0000000083c00000, 0x0000000083c00000|100%| O|  |TAMS 0x0000000083c00000, 0x0000000083c00000| Untracked 
|  60|0x0000000083c00000, 0x0000000083d00000, 0x0000000083d00000|100%| O|  |TAMS 0x0000000083d00000, 0x0000000083d00000| Untracked 
|  61|0x0000000083d00000, 0x0000000083e00000, 0x0000000083e00000|100%| O|  |TAMS 0x0000000083e00000, 0x0000000083e00000| Untracked 
|  62|0x0000000083e00000, 0x0000000083f00000, 0x0000000083f00000|100%| O|  |TAMS 0x0000000083f00000, 0x0000000083f00000| Untracked 
|  63|0x0000000083f00000, 0x0000000084000000, 0x0000000084000000|100%| O|  |TAMS 0x0000000084000000, 0x0000000084000000| Untracked 
|  64|0x0000000084000000, 0x0000000084100000, 0x0000000084100000|100%| O|  |TAMS 0x0000000084100000, 0x0000000084100000| Untracked 
|  65|0x0000000084100000, 0x0000000084200000, 0x0000000084200000|100%| O|  |TAMS 0x0000000084200000, 0x0000000084200000| Untracked 
|  66|0x0000000084200000, 0x0000000084300000, 0x0000000084300000|100%| O|  |TAMS 0x0000000084300000, 0x0000000084300000| Untracked 
|  67|0x0000000084300000, 0x0000000084400000, 0x0000000084400000|100%| O|  |TAMS 0x0000000084400000, 0x0000000084400000| Untracked 
|  68|0x0000000084400000, 0x0000000084500000, 0x0000000084500000|100%| O|  |TAMS 0x0000000084500000, 0x0000000084500000| Untracked 
|  69|0x0000000084500000, 0x0000000084600000, 0x0000000084600000|100%| O|  |TAMS 0x0000000084600000, 0x0000000084600000| Untracked 
|  70|0x0000000084600000, 0x0000000084700000, 0x0000000084700000|100%| O|  |TAMS 0x0000000084700000, 0x0000000084700000| Untracked 
|  71|0x0000000084700000, 0x0000000084800000, 0x0000000084800000|100%| O|  |TAMS 0x0000000084800000, 0x0000000084800000| Untracked 
|  72|0x0000000084800000, 0x0000000084900000, 0x0000000084900000|100%| O|  |TAMS 0x0000000084900000, 0x0000000084900000| Untracked 
|  73|0x0000000084900000, 0x0000000084a00000, 0x0000000084a00000|100%| O|  |TAMS 0x0000000084a00000, 0x0000000084a00000| Untracked 
|  74|0x0000000084a00000, 0x0000000084b00000, 0x0000000084b00000|100%| O|  |TAMS 0x0000000084b00000, 0x0000000084b00000| Untracked 
|  75|0x0000000084b00000, 0x0000000084c00000, 0x0000000084c00000|100%| O|  |TAMS 0x0000000084c00000, 0x0000000084c00000| Untracked 
|  76|0x0000000084c00000, 0x0000000084d00000, 0x0000000084d00000|100%| O|  |TAMS 0x0000000084d00000, 0x0000000084d00000| Untracked 
|  77|0x0000000084d00000, 0x0000000084e00000, 0x0000000084e00000|100%| O|  |TAMS 0x0000000084e00000, 0x0000000084e00000| Untracked 
|  78|0x0000000084e00000, 0x0000000084f00000, 0x0000000084f00000|100%| O|  |TAMS 0x0000000084f00000, 0x0000000084f00000| Untracked 
|  79|0x0000000084f00000, 0x0000000085000000, 0x0000000085000000|100%| O|  |TAMS 0x0000000085000000, 0x0000000085000000| Untracked 
|  80|0x0000000085000000, 0x0000000085100000, 0x0000000085100000|100%| O|  |TAMS 0x0000000085100000, 0x0000000085100000| Untracked 
|  81|0x0000000085100000, 0x0000000085200000, 0x0000000085200000|100%| O|  |TAMS 0x0000000085200000, 0x0000000085200000| Untracked 
|  82|0x0000000085200000, 0x0000000085300000, 0x0000000085300000|100%| O|  |TAMS 0x0000000085300000, 0x0000000085300000| Untracked 
|  83|0x0000000085300000, 0x0000000085400000, 0x0000000085400000|100%| O|  |TAMS 0x0000000085400000, 0x0000000085400000| Untracked 
|  84|0x0000000085400000, 0x0000000085500000, 0x0000000085500000|100%| O|  |TAMS 0x0000000085500000, 0x0000000085500000| Untracked 
|  85|0x0000000085500000, 0x0000000085600000, 0x0000000085600000|100%| O|  |TAMS 0x0000000085600000, 0x0000000085600000| Untracked 
|  86|0x0000000085600000, 0x0000000085700000, 0x0000000085700000|100%| O|  |TAMS 0x0000000085700000, 0x0000000085700000| Untracked 
|  87|0x0000000085700000, 0x0000000085800000, 0x0000000085800000|100%| O|  |TAMS 0x0000000085800000, 0x0000000085800000| Untracked 
|  88|0x0000000085800000, 0x0000000085900000, 0x0000000085900000|100%| O|  |TAMS 0x0000000085900000, 0x0000000085900000| Untracked 
|  89|0x0000000085900000, 0x0000000085a00000, 0x0000000085a00000|100%| O|  |TAMS 0x0000000085a00000, 0x0000000085a00000| Untracked 
|  90|0x0000000085a00000, 0x0000000085b00000, 0x0000000085b00000|100%| O|  |TAMS 0x0000000085b00000, 0x0000000085b00000| Untracked 
|  91|0x0000000085b00000, 0x0000000085c00000, 0x0000000085c00000|100%| O|  |TAMS 0x0000000085c00000, 0x0000000085c00000| Untracked 
|  92|0x0000000085c00000, 0x0000000085d00000, 0x0000000085d00000|100%| O|  |TAMS 0x0000000085d00000, 0x0000000085d00000| Untracked 
|  93|0x0000000085d00000, 0x0000000085e00000, 0x0000000085e00000|100%| O|  |TAMS 0x0000000085e00000, 0x0000000085e00000| Untracked 
|  94|0x0000000085e00000, 0x0000000085f00000, 0x0000000085f00000|100%| O|  |TAMS 0x0000000085f00000, 0x0000000085f00000| Untracked 
|  95|0x0000000085f00000, 0x0000000086000000, 0x0000000086000000|100%| O|  |TAMS 0x0000000086000000, 0x0000000086000000| Untracked 
|  96|0x0000000086000000, 0x0000000086100000, 0x0000000086100000|100%| O|  |TAMS 0x0000000086100000, 0x0000000086100000| Untracked 
|  97|0x0000000086100000, 0x0000000086200000, 0x0000000086200000|100%| O|  |TAMS 0x0000000086200000, 0x0000000086200000| Untracked 
|  98|0x0000000086200000, 0x0000000086300000, 0x0000000086300000|100%|HS|  |TAMS 0x0000000086300000, 0x0000000086300000| Complete 
|  99|0x0000000086300000, 0x0000000086400000, 0x0000000086400000|100%| O|  |TAMS 0x0000000086400000, 0x0000000086400000| Untracked 
| 100|0x0000000086400000, 0x0000000086500000, 0x0000000086500000|100%| O|  |TAMS 0x0000000086500000, 0x0000000086500000| Untracked 
| 101|0x0000000086500000, 0x0000000086600000, 0x0000000086600000|100%| O|  |TAMS 0x0000000086600000, 0x0000000086600000| Untracked 
| 102|0x0000000086600000, 0x0000000086700000, 0x0000000086700000|100%| O|  |TAMS 0x0000000086700000, 0x0000000086700000| Untracked 
| 103|0x0000000086700000, 0x0000000086800000, 0x0000000086800000|100%| O|  |TAMS 0x0000000086800000, 0x0000000086800000| Untracked 
| 104|0x0000000086800000, 0x0000000086900000, 0x0000000086900000|100%| O|  |TAMS 0x0000000086900000, 0x0000000086900000| Untracked 
| 105|0x0000000086900000, 0x0000000086a00000, 0x0000000086a00000|100%| O|  |TAMS 0x0000000086a00000, 0x0000000086a00000| Untracked 
| 106|0x0000000086a00000, 0x0000000086b00000, 0x0000000086b00000|100%|HS|  |TAMS 0x0000000086b00000, 0x0000000086b00000| Complete 
| 107|0x0000000086b00000, 0x0000000086c00000, 0x0000000086c00000|100%| O|  |TAMS 0x0000000086c00000, 0x0000000086c00000| Untracked 
| 108|0x0000000086c00000, 0x0000000086d00000, 0x0000000086d00000|100%| O|  |TAMS 0x0000000086d00000, 0x0000000086d00000| Untracked 
| 109|0x0000000086d00000, 0x0000000086e00000, 0x0000000086e00000|100%| O|  |TAMS 0x0000000086e00000, 0x0000000086e00000| Untracked 
| 110|0x0000000086e00000, 0x0000000086f00000, 0x0000000086f00000|100%| O|  |TAMS 0x0000000086f00000, 0x0000000086f00000| Untracked 
| 111|0x0000000086f00000, 0x0000000087000000, 0x0000000087000000|100%| O|  |TAMS 0x0000000087000000, 0x0000000087000000| Untracked 
| 112|0x0000000087000000, 0x0000000087100000, 0x0000000087100000|100%| O|  |TAMS 0x0000000087100000, 0x0000000087100000| Untracked 
| 113|0x0000000087100000, 0x0000000087200000, 0x0000000087200000|100%|HS|  |TAMS 0x0000000087200000, 0x0000000087200000| Complete 
| 114|0x0000000087200000, 0x0000000087300000, 0x0000000087300000|100%|HC|  |TAMS 0x0000000087300000, 0x0000000087300000| Complete 
| 115|0x0000000087300000, 0x0000000087400000, 0x0000000087400000|100%|HS|  |TAMS 0x0000000087400000, 0x0000000087400000| Complete 
| 116|0x0000000087400000, 0x0000000087500000, 0x0000000087500000|100%|HC|  |TAMS 0x0000000087500000, 0x0000000087500000| Complete 
| 117|0x0000000087500000, 0x0000000087600000, 0x0000000087600000|100%|HS|  |TAMS 0x0000000087600000, 0x0000000087600000| Complete 
| 118|0x0000000087600000, 0x0000000087700000, 0x0000000087700000|100%|HS|  |TAMS 0x0000000087700000, 0x0000000087700000| Complete 
| 119|0x0000000087700000, 0x0000000087800000, 0x0000000087800000|100%|HS|  |TAMS 0x0000000087800000, 0x0000000087800000| Complete 
| 120|0x0000000087800000, 0x0000000087900000, 0x0000000087900000|100%|HS|  |TAMS 0x0000000087900000, 0x0000000087900000| Complete 
| 121|0x0000000087900000, 0x0000000087a00000, 0x0000000087a00000|100%|HC|  |TAMS 0x0000000087a00000, 0x0000000087a00000| Complete 
| 122|0x0000000087a00000, 0x0000000087b00000, 0x0000000087b00000|100%|HC|  |TAMS 0x0000000087b00000, 0x0000000087b00000| Complete 
| 123|0x0000000087b00000, 0x0000000087c00000, 0x0000000087c00000|100%| O|  |TAMS 0x0000000087c00000, 0x0000000087c00000| Untracked 
| 124|0x0000000087c00000, 0x0000000087d00000, 0x0000000087d00000|100%| O|  |TAMS 0x0000000087c53800, 0x0000000087d00000| Untracked 
| 125|0x0000000087d00000, 0x0000000087e00000, 0x0000000087e00000|100%| O|  |TAMS 0x0000000087d00000, 0x0000000087e00000| Untracked 
| 126|0x0000000087e00000, 0x0000000087f00000, 0x0000000087f00000|100%| O|  |TAMS 0x0000000087e00000, 0x0000000087f00000| Untracked 
| 127|0x0000000087f00000, 0x0000000088000000, 0x0000000088000000|100%|HS|  |TAMS 0x0000000087f00000, 0x0000000088000000| Complete 
| 128|0x0000000088000000, 0x0000000088100000, 0x0000000088100000|100%|HC|  |TAMS 0x0000000088000000, 0x0000000088100000| Complete 
| 129|0x0000000088100000, 0x0000000088200000, 0x0000000088200000|100%| O|  |TAMS 0x0000000088100000, 0x0000000088200000| Untracked 
| 130|0x0000000088200000, 0x0000000088300000, 0x0000000088300000|100%|HS|  |TAMS 0x0000000088200000, 0x0000000088300000| Complete 
| 131|0x0000000088300000, 0x0000000088400000, 0x0000000088400000|100%| O|  |TAMS 0x0000000088300000, 0x0000000088400000| Untracked 
| 132|0x0000000088400000, 0x0000000088500000, 0x0000000088500000|100%| O|  |TAMS 0x0000000088400000, 0x0000000088500000| Untracked 
| 133|0x0000000088500000, 0x0000000088600000, 0x0000000088600000|100%|HS|  |TAMS 0x0000000088500000, 0x0000000088600000| Complete 
| 134|0x0000000088600000, 0x0000000088700000, 0x0000000088700000|100%|HC|  |TAMS 0x0000000088600000, 0x0000000088700000| Complete 
| 135|0x0000000088700000, 0x0000000088800000, 0x0000000088800000|100%| O|  |TAMS 0x0000000088700000, 0x0000000088723000| Untracked 
| 136|0x0000000088800000, 0x0000000088900000, 0x0000000088900000|100%|HS|  |TAMS 0x0000000088800000, 0x0000000088900000| Complete 
| 137|0x0000000088900000, 0x0000000088a00000, 0x0000000088a00000|100%|HS|  |TAMS 0x0000000088900000, 0x0000000088900000| Complete 
| 138|0x0000000088a00000, 0x0000000088b00000, 0x0000000088b00000|100%|HS|  |TAMS 0x0000000088a00000, 0x0000000088b00000| Complete 
| 139|0x0000000088b00000, 0x0000000088c00000, 0x0000000088c00000|100%|HS|  |TAMS 0x0000000088b00000, 0x0000000088b00000| Complete 
| 140|0x0000000088c00000, 0x0000000088d00000, 0x0000000088d00000|100%|HS|  |TAMS 0x0000000088c00000, 0x0000000088d00000| Complete 
| 141|0x0000000088d00000, 0x0000000088e00000, 0x0000000088e00000|100%| O|  |TAMS 0x0000000088d00000, 0x0000000088d00000| Untracked 
| 142|0x0000000088e00000, 0x0000000088f00000, 0x0000000088f00000|100%|HS|  |TAMS 0x0000000088e00000, 0x0000000088f00000| Complete 
| 143|0x0000000088f00000, 0x0000000089000000, 0x0000000089000000|100%| O|  |TAMS 0x0000000088f00000, 0x0000000088f00000| Untracked 
| 144|0x0000000089000000, 0x0000000089100000, 0x0000000089100000|100%| O|  |TAMS 0x0000000089000000, 0x0000000089000000| Untracked 
| 145|0x0000000089100000, 0x0000000089200000, 0x0000000089200000|100%| O|  |TAMS 0x0000000089100000, 0x0000000089100000| Untracked 
| 146|0x0000000089200000, 0x0000000089300000, 0x0000000089300000|100%|HS|  |TAMS 0x0000000089200000, 0x0000000089300000| Complete 
| 147|0x0000000089300000, 0x0000000089400000, 0x0000000089400000|100%|HC|  |TAMS 0x0000000089300000, 0x0000000089400000| Complete 
| 148|0x0000000089400000, 0x0000000089500000, 0x0000000089500000|100%|HC|  |TAMS 0x0000000089400000, 0x0000000089500000| Complete 
| 149|0x0000000089500000, 0x0000000089600000, 0x0000000089600000|100%| O|  |TAMS 0x0000000089500000, 0x0000000089600000| Untracked 
| 150|0x0000000089600000, 0x0000000089700000, 0x0000000089700000|100%| O|  |TAMS 0x0000000089600000, 0x0000000089700000| Untracked 
| 151|0x0000000089700000, 0x0000000089800000, 0x0000000089800000|100%| O|  |TAMS 0x0000000089700000, 0x0000000089800000| Untracked 
| 152|0x0000000089800000, 0x0000000089900000, 0x0000000089900000|100%| O|  |TAMS 0x0000000089800000, 0x0000000089900000| Untracked 
| 153|0x0000000089900000, 0x0000000089a00000, 0x0000000089a00000|100%| O|  |TAMS 0x0000000089900000, 0x0000000089a00000| Untracked 
| 154|0x0000000089a00000, 0x0000000089b00000, 0x0000000089b00000|100%| O|  |TAMS 0x0000000089a00000, 0x0000000089b00000| Untracked 
| 155|0x0000000089b00000, 0x0000000089c00000, 0x0000000089c00000|100%| O|  |TAMS 0x0000000089b00000, 0x0000000089c00000| Untracked 
| 156|0x0000000089c00000, 0x0000000089d00000, 0x0000000089d00000|100%| O|  |TAMS 0x0000000089c00000, 0x0000000089d00000| Untracked 
| 157|0x0000000089d00000, 0x0000000089e00000, 0x0000000089e00000|100%| O|  |TAMS 0x0000000089d00000, 0x0000000089e00000| Untracked 
| 158|0x0000000089e00000, 0x0000000089f00000, 0x0000000089f00000|100%| O|  |TAMS 0x0000000089e00000, 0x0000000089f00000| Untracked 
| 159|0x0000000089f00000, 0x000000008a000000, 0x000000008a000000|100%| O|  |TAMS 0x0000000089f00000, 0x000000008a000000| Untracked 
| 160|0x000000008a000000, 0x000000008a100000, 0x000000008a100000|100%| O|  |TAMS 0x000000008a000000, 0x000000008a100000| Untracked 
| 161|0x000000008a100000, 0x000000008a200000, 0x000000008a200000|100%| O|  |TAMS 0x000000008a100000, 0x000000008a200000| Untracked 
| 162|0x000000008a200000, 0x000000008a300000, 0x000000008a300000|100%| O|  |TAMS 0x000000008a200000, 0x000000008a200000| Untracked 
| 163|0x000000008a300000, 0x000000008a346000, 0x000000008a400000| 27%| O|  |TAMS 0x000000008a300000, 0x000000008a300000| Untracked 
| 164|0x000000008a400000, 0x000000008a400000, 0x000000008a500000|  0%| F|  |TAMS 0x000000008a400000, 0x000000008a400000| Untracked 
| 165|0x000000008a500000, 0x000000008a500000, 0x000000008a600000|  0%| F|  |TAMS 0x000000008a500000, 0x000000008a500000| Untracked 
| 166|0x000000008a600000, 0x000000008a600000, 0x000000008a700000|  0%| F|  |TAMS 0x000000008a600000, 0x000000008a600000| Untracked 
| 167|0x000000008a700000, 0x000000008a700000, 0x000000008a800000|  0%| F|  |TAMS 0x000000008a700000, 0x000000008a700000| Untracked 
| 168|0x000000008a800000, 0x000000008a800000, 0x000000008a900000|  0%| F|  |TAMS 0x000000008a800000, 0x000000008a800000| Untracked 
| 169|0x000000008a900000, 0x000000008a900000, 0x000000008aa00000|  0%| F|  |TAMS 0x000000008a900000, 0x000000008a900000| Untracked 
| 170|0x000000008aa00000, 0x000000008aa00000, 0x000000008ab00000|  0%| F|  |TAMS 0x000000008aa00000, 0x000000008aa00000| Untracked 
| 171|0x000000008ab00000, 0x000000008ab00000, 0x000000008ac00000|  0%| F|  |TAMS 0x000000008ab00000, 0x000000008ab00000| Untracked 
| 172|0x000000008ac00000, 0x000000008ac00000, 0x000000008ad00000|  0%| F|  |TAMS 0x000000008ac00000, 0x000000008ac00000| Untracked 
| 173|0x000000008ad00000, 0x000000008ad00000, 0x000000008ae00000|  0%| F|  |TAMS 0x000000008ad00000, 0x000000008ad00000| Untracked 
| 174|0x000000008ae00000, 0x000000008ae00000, 0x000000008af00000|  0%| F|  |TAMS 0x000000008ae00000, 0x000000008ae00000| Untracked 
| 175|0x000000008af00000, 0x000000008af00000, 0x000000008b000000|  0%| F|  |TAMS 0x000000008af00000, 0x000000008af00000| Untracked 
| 176|0x000000008b000000, 0x000000008b000000, 0x000000008b100000|  0%| F|  |TAMS 0x000000008b000000, 0x000000008b000000| Untracked 
| 177|0x000000008b100000, 0x000000008b100000, 0x000000008b200000|  0%| F|  |TAMS 0x000000008b100000, 0x000000008b100000| Untracked 
| 178|0x000000008b200000, 0x000000008b200000, 0x000000008b300000|  0%| F|  |TAMS 0x000000008b200000, 0x000000008b200000| Untracked 
| 179|0x000000008b300000, 0x000000008b300000, 0x000000008b400000|  0%| F|  |TAMS 0x000000008b300000, 0x000000008b300000| Untracked 
| 180|0x000000008b400000, 0x000000008b400000, 0x000000008b500000|  0%| F|  |TAMS 0x000000008b400000, 0x000000008b400000| Untracked 
| 181|0x000000008b500000, 0x000000008b500000, 0x000000008b600000|  0%| F|  |TAMS 0x000000008b500000, 0x000000008b500000| Untracked 
| 182|0x000000008b600000, 0x000000008b600000, 0x000000008b700000|  0%| F|  |TAMS 0x000000008b600000, 0x000000008b600000| Untracked 
| 183|0x000000008b700000, 0x000000008b700000, 0x000000008b800000|  0%| F|  |TAMS 0x000000008b700000, 0x000000008b700000| Untracked 
| 184|0x000000008b800000, 0x000000008b800000, 0x000000008b900000|  0%| F|  |TAMS 0x000000008b800000, 0x000000008b800000| Untracked 
| 185|0x000000008b900000, 0x000000008b900000, 0x000000008ba00000|  0%| F|  |TAMS 0x000000008b900000, 0x000000008b900000| Untracked 
| 186|0x000000008ba00000, 0x000000008ba00000, 0x000000008bb00000|  0%| F|  |TAMS 0x000000008ba00000, 0x000000008ba00000| Untracked 
| 187|0x000000008bb00000, 0x000000008bb00000, 0x000000008bc00000|  0%| F|  |TAMS 0x000000008bb00000, 0x000000008bb00000| Untracked 
| 188|0x000000008bc00000, 0x000000008bc00000, 0x000000008bd00000|  0%| F|  |TAMS 0x000000008bc00000, 0x000000008bc00000| Untracked 
| 189|0x000000008bd00000, 0x000000008bd00000, 0x000000008be00000|  0%| F|  |TAMS 0x000000008bd00000, 0x000000008bd00000| Untracked 
| 190|0x000000008be00000, 0x000000008be00000, 0x000000008bf00000|  0%| F|  |TAMS 0x000000008be00000, 0x000000008be00000| Untracked 
| 191|0x000000008bf00000, 0x000000008bf00000, 0x000000008c000000|  0%| F|  |TAMS 0x000000008bf00000, 0x000000008bf00000| Untracked 
| 192|0x000000008c000000, 0x000000008c000000, 0x000000008c100000|  0%| F|  |TAMS 0x000000008c000000, 0x000000008c000000| Untracked 
| 193|0x000000008c100000, 0x000000008c100000, 0x000000008c200000|  0%| F|  |TAMS 0x000000008c100000, 0x000000008c100000| Untracked 
| 194|0x000000008c200000, 0x000000008c200000, 0x000000008c300000|  0%| F|  |TAMS 0x000000008c200000, 0x000000008c200000| Untracked 
| 195|0x000000008c300000, 0x000000008c400000, 0x000000008c400000|100%| S|CS|TAMS 0x000000008c300000, 0x000000008c300000| Complete 
| 196|0x000000008c400000, 0x000000008c500000, 0x000000008c500000|100%| S|CS|TAMS 0x000000008c400000, 0x000000008c400000| Complete 
| 197|0x000000008c500000, 0x000000008c600000, 0x000000008c600000|100%| S|CS|TAMS 0x000000008c500000, 0x000000008c500000| Complete 
| 198|0x000000008c600000, 0x000000008c600000, 0x000000008c700000|  0%| F|  |TAMS 0x000000008c600000, 0x000000008c600000| Untracked 
| 199|0x000000008c700000, 0x000000008c700000, 0x000000008c800000|  0%| F|  |TAMS 0x000000008c700000, 0x000000008c700000| Untracked 
| 200|0x000000008c800000, 0x000000008c800000, 0x000000008c900000|  0%| F|  |TAMS 0x000000008c800000, 0x000000008c800000| Untracked 
| 201|0x000000008c900000, 0x000000008c900000, 0x000000008ca00000|  0%| F|  |TAMS 0x000000008c900000, 0x000000008c900000| Untracked 
| 202|0x000000008ca00000, 0x000000008ca00000, 0x000000008cb00000|  0%| F|  |TAMS 0x000000008ca00000, 0x000000008ca00000| Untracked 
| 203|0x000000008cb00000, 0x000000008cb00000, 0x000000008cc00000|  0%| F|  |TAMS 0x000000008cb00000, 0x000000008cb00000| Untracked 
| 204|0x000000008cc00000, 0x000000008cc00000, 0x000000008cd00000|  0%| F|  |TAMS 0x000000008cc00000, 0x000000008cc00000| Untracked 
| 205|0x000000008cd00000, 0x000000008cd00000, 0x000000008ce00000|  0%| F|  |TAMS 0x000000008cd00000, 0x000000008cd00000| Untracked 
| 206|0x000000008ce00000, 0x000000008ce00000, 0x000000008cf00000|  0%| F|  |TAMS 0x000000008ce00000, 0x000000008ce00000| Untracked 
| 207|0x000000008cf00000, 0x000000008cf00000, 0x000000008d000000|  0%| F|  |TAMS 0x000000008cf00000, 0x000000008cf00000| Untracked 
| 208|0x000000008d000000, 0x000000008d000000, 0x000000008d100000|  0%| F|  |TAMS 0x000000008d000000, 0x000000008d000000| Untracked 
| 209|0x000000008d100000, 0x000000008d100000, 0x000000008d200000|  0%| F|  |TAMS 0x000000008d100000, 0x000000008d100000| Untracked 
| 210|0x000000008d200000, 0x000000008d200000, 0x000000008d300000|  0%| F|  |TAMS 0x000000008d200000, 0x000000008d200000| Untracked 
| 211|0x000000008d300000, 0x000000008d300000, 0x000000008d400000|  0%| F|  |TAMS 0x000000008d300000, 0x000000008d300000| Untracked 
| 212|0x000000008d400000, 0x000000008d400000, 0x000000008d500000|  0%| F|  |TAMS 0x000000008d400000, 0x000000008d400000| Untracked 
| 213|0x000000008d500000, 0x000000008d500000, 0x000000008d600000|  0%| F|  |TAMS 0x000000008d500000, 0x000000008d500000| Untracked 
| 214|0x000000008d600000, 0x000000008d600000, 0x000000008d700000|  0%| F|  |TAMS 0x000000008d600000, 0x000000008d600000| Untracked 
| 215|0x000000008d700000, 0x000000008d700000, 0x000000008d800000|  0%| F|  |TAMS 0x000000008d700000, 0x000000008d700000| Untracked 
| 216|0x000000008d800000, 0x000000008d900000, 0x000000008d900000|100%| O|  |TAMS 0x000000008d800000, 0x000000008d900000| Untracked 
| 217|0x000000008d900000, 0x000000008da00000, 0x000000008da00000|100%| O|  |TAMS 0x000000008d900000, 0x000000008da00000| Untracked 
| 218|0x000000008da00000, 0x000000008db00000, 0x000000008db00000|100%| O|  |TAMS 0x000000008da00000, 0x000000008db00000| Untracked 
| 219|0x000000008db00000, 0x000000008dc00000, 0x000000008dc00000|100%| O|  |TAMS 0x000000008db00000, 0x000000008dc00000| Untracked 
| 220|0x000000008dc00000, 0x000000008dd00000, 0x000000008dd00000|100%| O|  |TAMS 0x000000008dc00000, 0x000000008dd00000| Untracked 
| 221|0x000000008dd00000, 0x000000008de00000, 0x000000008de00000|100%| O|  |TAMS 0x000000008dd00000, 0x000000008de00000| Untracked 

Card table byte_map: [0x000001b9df120000,0x000001b9df520000] _byte_map_base: 0x000001b9ded20000

Marking Bits (Prev, Next): (CMBitMap*) 0x000001b9ca18b078, (CMBitMap*) 0x000001b9ca18b0b0
 Prev Bits: [0x000001b9df920000, 0x000001b9e1920000)
 Next Bits: [0x000001b9e1920000, 0x000001b9e3920000)

Polling page: 0x000001b9ca230000

Metaspace:

Usage:
  Non-class:     98.62 MB capacity,    96.77 MB ( 98%) used,     1.56 MB (  2%) free+waste,   292.56 KB ( <1%) overhead. 
      Class:     14.95 MB capacity,    13.96 MB ( 93%) used,   880.41 KB (  6%) free+waste,   133.56 KB ( <1%) overhead. 
       Both:    113.56 MB capacity,   110.72 MB ( 98%) used,     2.42 MB (  2%) free+waste,   426.13 KB ( <1%) overhead. 

Virtual space:
  Non-class space:      100.00 MB reserved,      98.75 MB ( 99%) committed 
      Class space:        1.00 GB reserved,      15.00 MB (  1%) committed 
             Both:        1.10 GB reserved,     113.75 MB ( 10%) committed 

Chunk freelists:
   Non-Class:  8.00 KB
       Class:  24.00 KB
        Both:  32.00 KB

MaxMetaspaceSize: 17179869184.00 GB
CompressedClassSpaceSize: 1.00 GB

CodeHeap 'non-profiled nmethods': size=120000Kb used=5942Kb max_used=6380Kb free=114057Kb
 bounds [0x000001b9d6d90000, 0x000001b9d73d0000, 0x000001b9de2c0000]
CodeHeap 'profiled nmethods': size=120000Kb used=24606Kb max_used=24606Kb free=95393Kb
 bounds [0x000001b9cf860000, 0x000001b9d1080000, 0x000001b9d6d90000]
CodeHeap 'non-nmethods': size=5760Kb used=2347Kb max_used=2383Kb free=3413Kb
 bounds [0x000001b9cf2c0000, 0x000001b9cf530000, 0x000001b9cf860000]
 total_blobs=12890 nmethods=11922 adapters=879
 compilation: enabled
              stopped_count=0, restarted_count=0
 full_count=0

Compilation events (20 events):
Event: 33.935 Thread 0x000001b9e641b800 nmethod 13436% 0x000001b9d6fa5a90 code [0x000001b9d6fa5c60, 0x000001b9d6fa6458]
Event: 33.935 Thread 0x000001b9e641b800 13424       4       com.android.tools.r8.s.a.b.m.a::b (650 bytes)
Event: 34.029 Thread 0x000001b9e641f800 13448       2       com.android.tools.r8.w.a.a.a.c::a (73 bytes)
Event: 34.067 Thread 0x000001b9e641b800 nmethod 13424 0x000001b9d6fa2f10 code [0x000001b9d6fa3180, 0x000001b9d6fa4d40]
Event: 34.067 Thread 0x000001b9e641b800 13447       4       jdk.internal.util.ArraysSupport::mismatch (73 bytes)
Event: 34.071 Thread 0x000001b9e641b800 nmethod 13447 0x000001b9d6f8cd10 code [0x000001b9d6f8cea0, 0x000001b9d6f8d058]
Event: 34.071 Thread 0x000001b9e641b800 13359 %     4       com.android.tools.r8.dex.n::m @ 64 (2054 bytes)
Event: 34.127 Thread 0x000001b9e641f800 nmethod 13448 0x000001b9d1073b90 code [0x000001b9d1073e20, 0x000001b9d1074338]
Event: 34.203 Thread 0x000001b9e641f800 13452       2       com.android.tools.r8.w.a.a.a.f.X::d (188 bytes)
Event: 34.204 Thread 0x000001b9e641f800 nmethod 13452 0x000001b9d1074690 code [0x000001b9d10748e0, 0x000001b9d10750c8]
Event: 34.254 Thread 0x000001b9e641f800 13453   !   2       com.android.tools.r8.graph.q0::p (91 bytes)
Event: 34.255 Thread 0x000001b9e641f800 nmethod 13453 0x000001b9d1075490 code [0x000001b9d10756e0, 0x000001b9d1075db8]
Event: 34.262 Thread 0x000001b9e641f800 13456       1       com.android.tools.r8.s.a.b.m.a::b (6 bytes)
Event: 34.262 Thread 0x000001b9e641f800 nmethod 13456 0x000001b9d6f8f910 code [0x000001b9d6f8fac0, 0x000001b9d6f8fb78]
Event: 34.269 Thread 0x000001b9e641f800 13457 % !   3       com.android.tools.r8.graph.q0::p @ 52 (91 bytes)
Event: 34.271 Thread 0x000001b9e641f800 nmethod 13457% 0x000001b9d1076310 code [0x000001b9d1076620, 0x000001b9d10776d8]
Event: 34.289 Thread 0x000001b9e641f800 13459 % !   3       com.android.tools.r8.graph.q0::p @ 45 (91 bytes)
Event: 34.291 Thread 0x000001b9e641f800 nmethod 13459% 0x000001b9d1077e90 code [0x000001b9d10781a0, 0x000001b9d1079218]
Event: 34.292 Thread 0x000001b9e641f800 13460   !   3       com.android.tools.r8.graph.q0::p (91 bytes)
Event: 34.294 Thread 0x000001b9e641f800 nmethod 13460 0x000001b9d1079990 code [0x000001b9d1079ca0, 0x000001b9d107acd8]

GC Heap History (20 events):
Event: 32.193 GC heap after
{Heap after GC invocations=46 (full 0):
 garbage-first heap   total 155648K, used 108925K [0x0000000080000000, 0x0000000100000000)
  region size 1024K, 2 young (2048K), 2 survivors (2048K)
 Metaspace       used 109473K, capacity 112293K, committed 112384K, reserved 1146880K
  class space    used 13799K, capacity 14783K, committed 14848K, reserved 1048576K
}
Event: 32.348 GC heap before
{Heap before GC invocations=46 (full 0):
 garbage-first heap   total 155648K, used 131453K [0x0000000080000000, 0x0000000100000000)
  region size 1024K, 25 young (25600K), 2 survivors (2048K)
 Metaspace       used 110281K, capacity 113154K, committed 113280K, reserved 1146880K
  class space    used 13916K, capacity 14921K, committed 14976K, reserved 1048576K
}
Event: 32.351 GC heap after
{Heap after GC invocations=47 (full 0):
 garbage-first heap   total 155648K, used 109685K [0x0000000080000000, 0x0000000100000000)
  region size 1024K, 3 young (3072K), 3 survivors (3072K)
 Metaspace       used 110281K, capacity 113154K, committed 113280K, reserved 1146880K
  class space    used 13916K, capacity 14921K, committed 14976K, reserved 1048576K
}
Event: 32.513 GC heap before
{Heap before GC invocations=48 (full 0):
 garbage-first heap   total 155648K, used 131189K [0x0000000080000000, 0x0000000100000000)
  region size 1024K, 25 young (25600K), 3 survivors (3072K)
 Metaspace       used 111259K, capacity 114114K, committed 114176K, reserved 1148928K
  class space    used 14034K, capacity 15049K, committed 15104K, reserved 1048576K
}
Event: 32.517 GC heap after
{Heap after GC invocations=49 (full 0):
 garbage-first heap   total 155648K, used 110307K [0x0000000080000000, 0x0000000100000000)
  region size 1024K, 3 young (3072K), 3 survivors (3072K)
 Metaspace       used 111259K, capacity 114114K, committed 114176K, reserved 1148928K
  class space    used 14034K, capacity 15049K, committed 15104K, reserved 1048576K
}
Event: 32.681 GC heap before
{Heap before GC invocations=49 (full 0):
 garbage-first heap   total 155648K, used 132835K [0x0000000080000000, 0x0000000100000000)
  region size 1024K, 26 young (26624K), 3 survivors (3072K)
 Metaspace       used 111699K, capacity 114530K, committed 114688K, reserved 1148928K
  class space    used 14077K, capacity 15081K, committed 15104K, reserved 1048576K
}
Event: 32.696 GC heap after
{Heap after GC invocations=50 (full 0):
 garbage-first heap   total 155648K, used 112000K [0x0000000080000000, 0x0000000100000000)
  region size 1024K, 4 young (4096K), 4 survivors (4096K)
 Metaspace       used 111699K, capacity 114530K, committed 114688K, reserved 1148928K
  class space    used 14077K, capacity 15081K, committed 15104K, reserved 1048576K
}
Event: 32.969 GC heap before
{Heap before GC invocations=50 (full 0):
 garbage-first heap   total 155648K, used 132480K [0x0000000080000000, 0x0000000100000000)
  region size 1024K, 25 young (25600K), 4 survivors (4096K)
 Metaspace       used 112150K, capacity 115040K, committed 115328K, reserved 1148928K
  class space    used 14132K, capacity 15126K, committed 15232K, reserved 1048576K
}
Event: 32.977 GC heap after
{Heap after GC invocations=51 (full 0):
 garbage-first heap   total 155648K, used 113632K [0x0000000080000000, 0x0000000100000000)
  region size 1024K, 4 young (4096K), 4 survivors (4096K)
 Metaspace       used 112150K, capacity 115040K, committed 115328K, reserved 1148928K
  class space    used 14132K, capacity 15126K, committed 15232K, reserved 1048576K
}
Event: 33.165 GC heap before
{Heap before GC invocations=52 (full 0):
 garbage-first heap   total 155648K, used 133088K [0x0000000080000000, 0x0000000100000000)
  region size 1024K, 24 young (24576K), 4 survivors (4096K)
 Metaspace       used 112406K, capacity 115294K, committed 115584K, reserved 1148928K
  class space    used 14158K, capacity 15165K, committed 15232K, reserved 1048576K
}
Event: 33.170 GC heap after
{Heap after GC invocations=53 (full 0):
 garbage-first heap   total 155648K, used 114344K [0x0000000080000000, 0x0000000100000000)
  region size 1024K, 3 young (3072K), 3 survivors (3072K)
 Metaspace       used 112406K, capacity 115294K, committed 115584K, reserved 1148928K
  class space    used 14158K, capacity 15165K, committed 15232K, reserved 1048576K
}
Event: 33.181 GC heap before
{Heap before GC invocations=53 (full 0):
 garbage-first heap   total 155648K, used 116392K [0x0000000080000000, 0x0000000100000000)
  region size 1024K, 6 young (6144K), 3 survivors (3072K)
 Metaspace       used 112433K, capacity 115294K, committed 115584K, reserved 1148928K
  class space    used 14161K, capacity 15165K, committed 15232K, reserved 1048576K
}
Event: 33.215 GC heap after
{Heap after GC invocations=54 (full 0):
 garbage-first heap   total 221184K, used 114523K [0x0000000080000000, 0x0000000100000000)
  region size 1024K, 2 young (2048K), 2 survivors (2048K)
 Metaspace       used 112433K, capacity 115294K, committed 115584K, reserved 1148928K
  class space    used 14161K, capacity 15165K, committed 15232K, reserved 1048576K
}
Event: 33.555 GC heap before
{Heap before GC invocations=55 (full 0):
 garbage-first heap   total 221184K, used 136027K [0x0000000080000000, 0x0000000100000000)
  region size 1024K, 13 young (13312K), 2 survivors (2048K)
 Metaspace       used 113002K, capacity 115823K, committed 115968K, reserved 1150976K
  class space    used 14246K, capacity 15235K, committed 15360K, reserved 1048576K
}
Event: 33.566 GC heap after
{Heap after GC invocations=56 (full 0):
 garbage-first heap   total 221184K, used 134478K [0x0000000080000000, 0x0000000100000000)
  region size 1024K, 7 young (7168K), 7 survivors (7168K)
 Metaspace       used 113002K, capacity 115823K, committed 115968K, reserved 1150976K
  class space    used 14246K, capacity 15235K, committed 15360K, reserved 1048576K
}
Event: 33.969 GC heap before
{Heap before GC invocations=57 (full 0):
 garbage-first heap   total 221184K, used 200014K [0x0000000080000000, 0x0000000100000000)
  region size 1024K, 48 young (49152K), 7 survivors (7168K)
 Metaspace       used 113381K, capacity 116288K, committed 116480K, reserved 1150976K
  class space    used 14290K, capacity 15304K, committed 15360K, reserved 1048576K
}
Event: 34.021 GC heap after
{Heap after GC invocations=58 (full 0):
 garbage-first heap   total 227328K, used 165087K [0x0000000080000000, 0x0000000100000000)
  region size 1024K, 6 young (6144K), 6 survivors (6144K)
 Metaspace       used 113381K, capacity 116288K, committed 116480K, reserved 1150976K
  class space    used 14290K, capacity 15304K, committed 15360K, reserved 1048576K
}
Event: 34.176 GC heap before
{Heap before GC invocations=58 (full 0):
 garbage-first heap   total 227328K, used 172255K [0x0000000080000000, 0x0000000100000000)
  region size 1024K, 14 young (14336K), 6 survivors (6144K)
 Metaspace       used 113381K, capacity 116288K, committed 116480K, reserved 1150976K
  class space    used 14290K, capacity 15304K, committed 15360K, reserved 1048576K
}
Event: 34.191 GC heap after
{Heap after GC invocations=59 (full 0):
 garbage-first heap   total 227328K, used 167673K [0x0000000080000000, 0x0000000100000000)
  region size 1024K, 3 young (3072K), 3 survivors (3072K)
 Metaspace       used 113381K, capacity 116288K, committed 116480K, reserved 1150976K
  class space    used 14290K, capacity 15304K, committed 15360K, reserved 1048576K
}
Event: 34.334 GC heap before
{Heap before GC invocations=59 (full 0):
 garbage-first heap   total 227328K, used 185081K [0x0000000080000000, 0x0000000100000000)
  region size 1024K, 18 young (18432K), 3 survivors (3072K)
 Metaspace       used 113381K, capacity 116288K, committed 116480K, reserved 1150976K
  class space    used 14290K, capacity 15304K, committed 15360K, reserved 1048576K
}

Deoptimization events (20 events):
Event: 33.645 Thread 0x000001b9edafa000 DEOPT PACKING pc=0x000001b9d09ef96f sp=0x00000057d73fcd10
Event: 33.645 Thread 0x000001b9edafa000 DEOPT UNPACKING pc=0x000001b9cf2e72ce sp=0x00000057d73fc210 mode 0
Event: 33.655 Thread 0x000001b9edafa000 DEOPT PACKING pc=0x000001b9d09ef96f sp=0x00000057d73fcd10
Event: 33.655 Thread 0x000001b9edafa000 DEOPT UNPACKING pc=0x000001b9cf2e72ce sp=0x00000057d73fc210 mode 0
Event: 33.682 Thread 0x000001b9edafa000 DEOPT PACKING pc=0x000001b9d09ef96f sp=0x00000057d73fcbc0
Event: 33.682 Thread 0x000001b9edafa000 DEOPT UNPACKING pc=0x000001b9cf2e72ce sp=0x00000057d73fc0c0 mode 0
Event: 33.903 Thread 0x000001b9edaf8000 Uncommon trap: trap_request=0xffffff4d fr.pc=0x000001b9d6ffd850 relative=0x0000000000000310
Event: 33.903 Thread 0x000001b9edaf8000 Uncommon trap: reason=unstable_if action=reinterpret pc=0x000001b9d6ffd850 method=java.io.BufferedOutputStream.write([BII)V @ 6 c2
Event: 33.903 Thread 0x000001b9edaf8000 DEOPT PACKING pc=0x000001b9d6ffd850 sp=0x00000057d6efd3c0
Event: 33.903 Thread 0x000001b9edaf8000 DEOPT UNPACKING pc=0x000001b9cf2e74af sp=0x00000057d6efd368 mode 2
Event: 34.254 Thread 0x000001b9edafa000 Uncommon trap: trap_request=0xffffff4d fr.pc=0x000001b9d6f7f498 relative=0x0000000000000a98
Event: 34.254 Thread 0x000001b9edafa000 Uncommon trap: reason=unstable_if action=reinterpret pc=0x000001b9d6f7f498 method=com.android.tools.r8.utils.a0.d(I)Z @ 45 c2
Event: 34.254 Thread 0x000001b9edafa000 DEOPT PACKING pc=0x000001b9d6f7f498 sp=0x00000057d73fcd40
Event: 34.254 Thread 0x000001b9edafa000 DEOPT UNPACKING pc=0x000001b9cf2e74af sp=0x00000057d73fcc50 mode 2
Event: 34.290 Thread 0x000001b9edafa000 DEOPT PACKING pc=0x000001b9d1075c43 sp=0x00000057d73fccd0
Event: 34.290 Thread 0x000001b9edafa000 DEOPT UNPACKING pc=0x000001b9cf2e72ce sp=0x00000057d73fc210 mode 0
Event: 34.292 Thread 0x000001b9edafa000 DEOPT PACKING pc=0x000001b9d1075c43 sp=0x00000057d73fccd0
Event: 34.292 Thread 0x000001b9edafa000 DEOPT UNPACKING pc=0x000001b9cf2e72ce sp=0x00000057d73fc210 mode 0
Event: 34.294 Thread 0x000001b9edafa000 DEOPT PACKING pc=0x000001b9d1075c43 sp=0x00000057d73fccd0
Event: 34.294 Thread 0x000001b9edafa000 DEOPT UNPACKING pc=0x000001b9cf2e72ce sp=0x00000057d73fc210 mode 0

Classes redefined (0 events):
No events

Internal exceptions (20 events):
Event: 31.903 Thread 0x000001b9edaf1000 Exception <a 'java/lang/NoSuchMethodError'{0x0000000088429df8}: 'void java.lang.invoke.DirectMethodHandle$Holder.invokeVirtual(java.lang.Object, java.lang.Object)'> (0x0000000088429df8) thrown at [./src/hotspot/share/interpreter/linkResolver.cpp, line 773]
Event: 31.924 Thread 0x000001b9edaf1000 Exception <a 'sun/nio/fs/WindowsException'{0x00000000884e52e8}> (0x00000000884e52e8) thrown at [./src/hotspot/share/prims/jni.cpp, line 615]
Event: 31.924 Thread 0x000001b9edaf1000 Exception <a 'sun/nio/fs/WindowsException'{0x00000000884e5f08}> (0x00000000884e5f08) thrown at [./src/hotspot/share/prims/jni.cpp, line 615]
Event: 31.927 Thread 0x000001b9edaf1000 Exception <a 'sun/nio/fs/WindowsException'{0x00000000884e7350}> (0x00000000884e7350) thrown at [./src/hotspot/share/prims/jni.cpp, line 615]
Event: 31.927 Thread 0x000001b9edaf1000 Exception <a 'sun/nio/fs/WindowsException'{0x00000000884e7f50}> (0x00000000884e7f50) thrown at [./src/hotspot/share/prims/jni.cpp, line 615]
Event: 31.949 Thread 0x000001b9edaf1000 Exception <a 'java/lang/NoSuchMethodError'{0x000000008824b088}: <clinit>> (0x000000008824b088) thrown at [./src/hotspot/share/prims/jni.cpp, line 1362]
Event: 31.951 Thread 0x000001b9edaf1000 Exception <a 'java/lang/NoSuchMethodError'{0x000000008827e208}: <clinit>> (0x000000008827e208) thrown at [./src/hotspot/share/prims/jni.cpp, line 1362]
Event: 31.953 Thread 0x000001b9edaf1000 Exception <a 'java/lang/NoSuchMethodError'{0x00000000882b58e0}: <clinit>> (0x00000000882b58e0) thrown at [./src/hotspot/share/prims/jni.cpp, line 1362]
Event: 32.004 Thread 0x000001b9e8dd5800 Implicit null exception at 0x000001b9d6f05398 to 0x000001b9d6f05c18
Event: 32.049 Thread 0x000001b9e8dd5800 Implicit null exception at 0x000001b9d6ef6132 to 0x000001b9d6ef64fc
Event: 32.102 Thread 0x000001b9edaec000 Exception <a 'java/lang/NoSuchMethodError'{0x0000000088c67508}: 'void java.lang.invoke.DirectMethodHandle$Holder.invokeStatic(java.lang.Object, java.lang.Object, java.lang.Object, java.lang.Object, int, java.lang.Object)'> (0x0000000088c67508) thrown at [./src/hotspot/share/interpreter/linkResolver.cpp, line 773]
Event: 32.278 Thread 0x000001b9edaec000 Exception <a 'sun/nio/fs/WindowsException'{0x000000008874bcc0}> (0x000000008874bcc0) thrown at [./src/hotspot/share/prims/jni.cpp, line 615]
Event: 32.302 Thread 0x000001b9edaec000 Exception <a 'sun/nio/fs/WindowsException'{0x000000008874cdf0}> (0x000000008874cdf0) thrown at [./src/hotspot/share/prims/jni.cpp, line 615]
Event: 32.887 Thread 0x000001b9edaf8000 Exception <a 'java/lang/NoSuchMethodError'{0x0000000089159b18}: 'void java.lang.invoke.DirectMethodHandle$Holder.invokeStatic(java.lang.Object, long)'> (0x0000000089159b18) thrown at [./src/hotspot/share/interpreter/linkResolver.cpp, line 773]
Event: 32.888 Thread 0x000001b9edaf8000 Exception <a 'java/lang/NoSuchMethodError'{0x000000008915ed30}: 'java.lang.Object java.lang.invoke.DirectMethodHandle$Holder.invokeStatic(java.lang.Object, long)'> (0x000000008915ed30) thrown at [./src/hotspot/share/interpreter/linkResolver.cpp, line 773]
Event: 32.891 Thread 0x000001b9edaf8000 Exception <a 'java/lang/NoSuchMethodError'{0x0000000088bd6f08}: 'java.lang.Object java.lang.invoke.DirectMethodHandle$Holder.invokeStaticInit(java.lang.Object, java.lang.Object, long, java.lang.Object)'> (0x0000000088bd6f08) thrown at [./src/hotspot/share/interpreter/linkResolver.cpp, line 773]
Event: 32.892 Thread 0x000001b9edaf8000 Exception <a 'java/lang/NoSuchMethodError'{0x0000000088bdd0a0}: 'java.lang.Object java.lang.invoke.DirectMethodHandle$Holder.invokeStatic(java.lang.Object, java.lang.Object, long)'> (0x0000000088bdd0a0) thrown at [./src/hotspot/share/interpreter/linkResolver.cpp, line 773]
Event: 32.892 Thread 0x000001b9edaf8000 Exception <a 'java/lang/NoSuchMethodError'{0x0000000088be3618}: 'java.lang.Object java.lang.invoke.Invokers$Holder.linkToTargetMethod(java.lang.Object, long, java.lang.Object)'> (0x0000000088be3618) thrown at [./src/hotspot/share/interpreter/linkResolver.cpp, line 773]
Event: 33.241 Thread 0x000001b9edaf4000 Exception <a 'java/lang/NoSuchMethodError'{0x000000008d6c6f80}: 'int java.lang.invoke.DirectMethodHandle$Holder.invokeSpecial(java.lang.Object, java.lang.Object, java.lang.Object, java.lang.Object, java.lang.Object)'> (0x000000008d6c6f80) thrown at [./src/hotspot/share/interpreter/linkResolver.cpp, line 773]
Event: 33.508 Thread 0x000001b9edafa000 Exception <a 'sun/nio/fs/WindowsException'{0x000000008ce56f68}> (0x000000008ce56f68) thrown at [./src/hotspot/share/prims/jni.cpp, line 615]

Events (20 events):
Event: 33.895 loading class com/google/common/collect/FluentIterable$1 done
Event: 33.895 loading class com/google/common/collect/FluentIterable$3
Event: 33.895 loading class com/google/common/collect/FluentIterable$3 done
Event: 33.896 loading class com/google/common/base/Optional
Event: 33.896 loading class com/google/common/base/Optional done
Event: 33.897 loading class com/google/common/base/Present
Event: 33.897 loading class com/google/common/base/Present done
Event: 33.899 loading class com/google/common/base/Absent
Event: 33.899 loading class com/google/common/base/Absent done
Event: 33.900 loading class com/google/common/collect/AbstractIterator$State
Event: 33.900 loading class com/google/common/collect/AbstractIterator$State done
Event: 33.902 loading class com/google/common/collect/AbstractIterator$1
Event: 33.902 loading class com/google/common/collect/AbstractIterator$1 done
Event: 33.903 Executing VM operation: RevokeBias
Event: 33.903 Executing VM operation: RevokeBias done
Event: 33.968 Executing VM operation: G1CollectForAllocation
Event: 34.021 Executing VM operation: G1CollectForAllocation done
Event: 34.176 Executing VM operation: G1CollectForAllocation
Event: 34.191 Executing VM operation: G1CollectForAllocation done
Event: 34.334 Executing VM operation: G1CollectForAllocation


Dynamic libraries:
0x00007ff6c72e0000 - 0x00007ff6c72ea000 	D:\Program Files\Android Studio\jre\bin\java.exe
0x00007ff9d5670000 - 0x00007ff9d5865000 	C:\WINDOWS\SYSTEM32\ntdll.dll
0x00007ff9d3970000 - 0x00007ff9d3a2d000 	C:\WINDOWS\System32\KERNEL32.DLL
0x00007ff9d2f30000 - 0x00007ff9d31f8000 	C:\WINDOWS\System32\KERNELBASE.dll
0x00007ff9d3420000 - 0x00007ff9d3520000 	C:\WINDOWS\System32\ucrtbase.dll
0x00007ff9cc160000 - 0x00007ff9cc179000 	D:\Program Files\Android Studio\jre\bin\jli.dll
0x00007ff9c3ce0000 - 0x00007ff9c3cf7000 	D:\Program Files\Android Studio\jre\bin\VCRUNTIME140.dll
0x00007ff9d50a0000 - 0x00007ff9d5240000 	C:\WINDOWS\System32\USER32.dll
0x00007ff9d3200000 - 0x00007ff9d3222000 	C:\WINDOWS\System32\win32u.dll
0x00007ff9c21a0000 - 0x00007ff9c243a000 	C:\WINDOWS\WinSxS\amd64_microsoft.windows.common-controls_6595b64144ccf1df_6.0.19041.1052_none_60b8f8fd71f5e8cb\COMCTL32.dll
0x00007ff9d5450000 - 0x00007ff9d547a000 	C:\WINDOWS\System32\GDI32.dll
0x00007ff9d3c50000 - 0x00007ff9d3cee000 	C:\WINDOWS\System32\msvcrt.dll
0x00007ff9d35d0000 - 0x00007ff9d36db000 	C:\WINDOWS\System32\gdi32full.dll
0x00007ff9d2e00000 - 0x00007ff9d2e9d000 	C:\WINDOWS\System32\msvcp_win.dll
0x00007ff9d3cf0000 - 0x00007ff9d3d20000 	C:\WINDOWS\System32\IMM32.DLL
0x00007ff9c2a70000 - 0x00007ff9c2b0d000 	D:\Program Files\Android Studio\jre\bin\msvcp140.dll
0x00007ff998d50000 - 0x00007ff99980c000 	D:\Program Files\Android Studio\jre\bin\server\jvm.dll
0x00007ff9d3d80000 - 0x00007ff9d3e2c000 	C:\WINDOWS\System32\ADVAPI32.dll
0x00007ff9d4750000 - 0x00007ff9d47eb000 	C:\WINDOWS\System32\sechost.dll
0x00007ff9d3e30000 - 0x00007ff9d3f5b000 	C:\WINDOWS\System32\RPCRT4.dll
0x00007ff9d3890000 - 0x00007ff9d3898000 	C:\WINDOWS\System32\PSAPI.DLL
0x00007ff9cafb0000 - 0x00007ff9cafba000 	C:\WINDOWS\SYSTEM32\VERSION.dll
0x00007ff9c4670000 - 0x00007ff9c4697000 	C:\WINDOWS\SYSTEM32\WINMM.dll
0x00007ff9c0650000 - 0x00007ff9c0659000 	C:\WINDOWS\SYSTEM32\WSOCK32.dll
0x00007ff9d5250000 - 0x00007ff9d52bb000 	C:\WINDOWS\System32\WS2_32.dll
0x00007ff9d0d00000 - 0x00007ff9d0d12000 	C:\WINDOWS\SYSTEM32\kernel.appcore.dll
0x00007ff9ce250000 - 0x00007ff9ce261000 	D:\Program Files\Android Studio\jre\bin\verify.dll
0x00007ff9c4810000 - 0x00007ff9c49f4000 	C:\WINDOWS\SYSTEM32\DBGHELP.DLL
0x00007ff9bcf10000 - 0x00007ff9bcf3c000 	C:\WINDOWS\SYSTEM32\dbgcore.DLL
0x00007ff9d2ea0000 - 0x00007ff9d2f23000 	C:\WINDOWS\System32\bcryptPrimitives.dll
0x00007ff9cc5f0000 - 0x00007ff9cc619000 	D:\Program Files\Android Studio\jre\bin\java.dll
0x00007ff9d0690000 - 0x00007ff9d069b000 	D:\Program Files\Android Studio\jre\bin\jimage.dll
0x00007ff9cc5d0000 - 0x00007ff9cc5e8000 	D:\Program Files\Android Studio\jre\bin\zip.dll
0x00007ff9d47f0000 - 0x00007ff9d4f2f000 	C:\WINDOWS\System32\SHELL32.dll
0x00007ff9d0f00000 - 0x00007ff9d1690000 	C:\WINDOWS\SYSTEM32\windows.storage.dll
0x00007ff9d3f60000 - 0x00007ff9d42b5000 	C:\WINDOWS\System32\combase.dll
0x00007ff9d2820000 - 0x00007ff9d284c000 	C:\WINDOWS\SYSTEM32\Wldp.dll
0x00007ff9d5340000 - 0x00007ff9d53ee000 	C:\WINDOWS\System32\SHCORE.dll
0x00007ff9d53f0000 - 0x00007ff9d5445000 	C:\WINDOWS\System32\shlwapi.dll
0x00007ff9d2cf0000 - 0x00007ff9d2d0f000 	C:\WINDOWS\SYSTEM32\profapi.dll
0x00007ff9cc590000 - 0x00007ff9cc5aa000 	D:\Program Files\Android Studio\jre\bin\net.dll
0x00007ff9c1c80000 - 0x00007ff9c1d8b000 	C:\WINDOWS\SYSTEM32\WINHTTP.dll
0x00007ff9d2590000 - 0x00007ff9d25fa000 	C:\WINDOWS\system32\mswsock.dll
0x00007ff9cc550000 - 0x00007ff9cc564000 	D:\Program Files\Android Studio\jre\bin\nio.dll
0x00007ff9bad60000 - 0x00007ff9bad87000 	C:\Users\Admin\.gradle\native\fdc75f09e3144964f2cf3f50f0aa648679c211496f362492102eb8c894070792\windows-amd64\native-platform.dll
0x00007ff99b1c0000 - 0x00007ff99b356000 	C:\Users\Admin\.gradle\native\12488b8bf47d2d4c9fbf2f6322a914ad602e24e48041cd04a747c6da556b65c4\windows-amd64\native-platform-file-events.dll
0x00007ff9ce440000 - 0x00007ff9ce44a000 	D:\Program Files\Android Studio\jre\bin\management.dll
0x00007ff9ce210000 - 0x00007ff9ce21c000 	D:\Program Files\Android Studio\jre\bin\management_ext.dll
0x00007ff9d2770000 - 0x00007ff9d2788000 	C:\WINDOWS\SYSTEM32\CRYPTSP.dll
0x00007ff9d1ec0000 - 0x00007ff9d1ef4000 	C:\WINDOWS\system32\rsaenh.dll
0x00007ff9d3230000 - 0x00007ff9d3257000 	C:\WINDOWS\System32\bcrypt.dll
0x00007ff9d2cb0000 - 0x00007ff9d2cde000 	C:\WINDOWS\SYSTEM32\USERENV.dll
0x00007ff9d2760000 - 0x00007ff9d276c000 	C:\WINDOWS\SYSTEM32\CRYPTBASE.dll
0x00007ff9d2230000 - 0x00007ff9d226b000 	C:\WINDOWS\SYSTEM32\IPHLPAPI.DLL
0x00007ff9d5240000 - 0x00007ff9d5248000 	C:\WINDOWS\System32\NSI.dll
0x00007ff9cb9c0000 - 0x00007ff9cb9d7000 	C:\WINDOWS\SYSTEM32\dhcpcsvc6.DLL
0x00007ff9cc8a0000 - 0x00007ff9cc8bd000 	C:\WINDOWS\SYSTEM32\dhcpcsvc.DLL
0x00007ff9d2270000 - 0x00007ff9d233c000 	C:\WINDOWS\SYSTEM32\DNSAPI.dll
0x00007ff9cc8c0000 - 0x00007ff9cc8cb000 	C:\WINDOWS\SYSTEM32\WINNSI.DLL
0x00007ff9c32d0000 - 0x00007ff9c32f7000 	D:\Program Files\Android Studio\jre\bin\sunec.dll
0x0000000051210000 - 0x0000000051236000 	C:\Program Files\Bonjour\mdnsNSP.dll
0x00007ff9c1840000 - 0x00007ff9c184a000 	C:\Windows\System32\rasadhlp.dll
0x00007ff9c1c00000 - 0x00007ff9c1c7f000 	C:\WINDOWS\System32\fwpuclnt.dll

dbghelp: loaded successfully - version: 4.0.5 - missing functions: none
symbol engine: initialized successfully - sym options: 0x614 - pdb path: .;D:\Program Files\Android Studio\jre\bin;C:\WINDOWS\SYSTEM32;C:\WINDOWS\WinSxS\amd64_microsoft.windows.common-controls_6595b64144ccf1df_6.0.19041.1052_none_60b8f8fd71f5e8cb;D:\Program Files\Android Studio\jre\bin\server;C:\Users\Admin\.gradle\native\fdc75f09e3144964f2cf3f50f0aa648679c211496f362492102eb8c894070792\windows-amd64;C:\Users\Admin\.gradle\native\12488b8bf47d2d4c9fbf2f6322a914ad602e24e48041cd04a747c6da556b65c4\windows-amd64;C:\Program Files\Bonjour

VM Arguments:
jvm_args: --add-opens=java.base/java.util=ALL-UNNAMED --add-opens=java.base/java.lang=ALL-UNNAMED --add-opens=java.base/java.lang.invoke=ALL-UNNAMED --add-opens=java.prefs/java.util.prefs=ALL-UNNAMED -Xmx2048m -Dfile.encoding=UTF-8 -Duser.country=US -Duser.language=en -Duser.variant 
java_command: org.gradle.launcher.daemon.bootstrap.GradleDaemon 6.7.1
java_class_path (initial): C:\Users\Admin\.gradle\wrapper\dists\gradle-6.7.1-all\2moa8rlfac5eqlcfgk98k0deb\gradle-6.7.1\lib\gradle-launcher-6.7.1.jar
Launcher Type: SUN_STANDARD

[Global flags]
     intx CICompilerCount                          = 4                                         {product} {ergonomic}
     uint ConcGCThreads                            = 2                                         {product} {ergonomic}
     uint G1ConcRefinementThreads                  = 8                                         {product} {ergonomic}
   size_t G1HeapRegionSize                         = 1048576                                   {product} {ergonomic}
    uintx GCDrainStackTargetSize                   = 64                                        {product} {ergonomic}
   size_t InitialHeapSize                          = 132120576                                 {product} {ergonomic}
   size_t MarkStackSize                            = 4194304                                   {product} {ergonomic}
   size_t MaxHeapSize                              = 2147483648                                {product} {command line}
   size_t MaxNewSize                               = 1287651328                                {product} {ergonomic}
   size_t MinHeapDeltaBytes                        = 1048576                                   {product} {ergonomic}
    uintx NonNMethodCodeHeapSize                   = 5836300                                {pd product} {ergonomic}
    uintx NonProfiledCodeHeapSize                  = 122910970                              {pd product} {ergonomic}
    uintx ProfiledCodeHeapSize                     = 122910970                              {pd product} {ergonomic}
    uintx ReservedCodeCacheSize                    = 251658240                              {pd product} {ergonomic}
     bool SegmentedCodeCache                       = true                                      {product} {ergonomic}
     bool UseCompressedClassPointers               = true                                 {lp64_product} {ergonomic}
     bool UseCompressedOops                        = true                                 {lp64_product} {ergonomic}
     bool UseG1GC                                  = true                                      {product} {ergonomic}
     bool UseLargePagesIndividualAllocation        = false                                  {pd product} {ergonomic}

Logging:
Log output configuration:
 #0: stdout all=warning uptime,level,tags
 #1: stderr all=off uptime,level,tags

Environment Variables:
PATH=D:\Program Files\Python Interpreter\Scripts\;D:\Program Files\Python Interpreter\;C:\WINDOWS\system32;C:\WINDOWS;C:\WINDOWS\System32\Wbem;C:\WINDOWS\System32\WindowsPowerShell\v1.0\;C:\WINDOWS\System32\OpenSSH\;C:\Program Files\Microsoft SQL Server\Client SDK\ODBC\170\Tools\Binn\;D:\Program Files\SQL Server 2019\Shared_Featured\150\Tools\Binn\;C:\Program Files\Microsoft SQL Server\150\Tools\Binn\;C:\Program Files\Microsoft SQL Server\150\DTS\Binn\;D:\Program Files\SQL Server 2019\Shared_Featured\150\DTS\Binn\;C:\Program Files\dotnet\;C:\Program Files\Microsoft SQL Server\130\Tools\Binn\;C:\Program Files (x86)\dotnet\;D:\Program Files\Git\cmd;D:\Program Files\Python 3.8.7\Scripts\;D:\Program Files\Python 3.8.7\;C:\Users\Admin\AppData\Local\Microsoft\WindowsApps;D:\Program Files\IntelliJ IDEA 2020.3\bin;D:\Program Files\PyCharm 2020.3\bin;C:\Users\Admin\AppData\Local\GitHubDesktop\bin;C:\Program Files\Azure Data Studio\bin;D:\Program Files\Microsoft VS Code\bin;C:\Users\Admin\.dotnet\tools;D:\Program Files\PhpStorm 2020.3\bin
USERNAME=Admin
OS=Windows_NT
PROCESSOR_IDENTIFIER=Intel64 Family 6 Model 142 Stepping 10, GenuineIntel



---------------  S Y S T E M  ---------------

OS: Windows 10 , 64 bit Build 19041 (10.0.19041.1023)
OS uptime: 17 days 21:32 hours

CPU:total 8 (initial active 8) (4 cores per cpu, 2 threads per core) family 6 model 142 stepping 10, cmov, cx8, fxsr, mmx, sse, sse2, sse3, ssse3, sse4.1, sse4.2, popcnt, avx, avx2, aes, clmul, erms, 3dnowpref, lzcnt, ht, tsc, tscinvbit, bmi1, bmi2, adx, fma

Memory: 4k page, system-wide physical 8057M (348M free)
TotalPageFile size 22299M (AvailPageFile size 110M)
current process WorkingSet (physical memory assigned to process): 403M, peak: 425M
current process commit charge ("private bytes"): 557M, peak: 799M

vm_info: OpenJDK 64-Bit Server VM (11.0.8+10-b944.6842174) for windows-amd64 JRE (11.0.8+10-b944.6842174), built on Sep 19 2020 01:11:42 by "builder" with MS VC++ 14.0 (VS2015)

END.
