#
# There is insufficient memory for the Java Runtime Environment to continue.
# Native memory allocation (mmap) failed to map 140509184 bytes for Failed to commit area from 0x000000008f900000 to 0x0000000097f00000 of length 140509184.
# Possible reasons:
#   The system is out of physical RAM or swap space
#   The process is running with CompressedOops enabled, and the Java Heap may be blocking the growth of the native heap
# Possible solutions:
#   Reduce memory load on the system
#   Increase physical memory or swap space
#   Check if swap backing store is full
#   Decrease Java heap size (-Xmx/-Xms)
#   Decrease number of Java threads
#   Decrease Java thread stack sizes (-Xss)
#   Set larger code cache with -XX:ReservedCodeCacheSize=
#   JVM is running with Unscaled Compressed Oops mode in which the Java heap is
#     placed in the first 4GB address space. The Java Heap base address is the
#     maximum limit for the native heap growth. Please use -XX:HeapBaseMinAddress
#     to set the Java Heap base and to place the Java Heap above 4GB virtual address.
# This output file may be truncated or incomplete.
#
#  Out of Memory Error (./src/hotspot/os/windows/os_windows.cpp:3303), pid=15272, tid=6216
#
# JRE version: OpenJDK Runtime Environment (11.0.8+10) (build 11.0.8+10-b944.6842174)
# Java VM: OpenJDK 64-Bit Server VM (11.0.8+10-b944.6842174, mixed mode, tiered, compressed oops, g1 gc, windows-amd64)
# No core dump will be written. Minidumps are not enabled by default on client versions of Windows
#

---------------  S U M M A R Y ------------

Command Line: --add-opens=java.base/java.util=ALL-UNNAMED --add-opens=java.base/java.lang=ALL-UNNAMED --add-opens=java.base/java.lang.invoke=ALL-UNNAMED --add-opens=java.prefs/java.util.prefs=ALL-UNNAMED -Xmx2048m -Dfile.encoding=UTF-8 -Duser.country=US -Duser.language=en -Duser.variant org.gradle.launcher.daemon.bootstrap.GradleDaemon 6.7.1

Host: Intel(R) Core(TM) i5-8250U CPU @ 1.60GHz, 8 cores, 7G,  Windows 10 , 64 bit Build 19041 (10.0.19041.1023)
Time: Wed Jul  7 14:23:19 2021 SE Asia Standard Time elapsed time: 16 seconds (0d 0h 0m 16s)

---------------  T H R E A D  ---------------

Current thread (0x000001caf1c1b000):  VMThread "VM Thread" [stack: 0x000000469ce00000,0x000000469cf00000] [id=6216]

Stack: [0x000000469ce00000,0x000000469cf00000]
[error occurred during error reporting (printing stack bounds), id 0xc0000005, EXCEPTION_ACCESS_VIOLATION (0xc0000005) at pc=0x000001cadb2a0dad]

Native frames: (J=compiled Java code, j=interpreted, Vv=VM code, C=native code)
V  [jvm.dll+0x5de50a]
V  [jvm.dll+0x7122f5]
V  [jvm.dll+0x71384d]
V  [jvm.dll+0x713e65]
V  [jvm.dll+0x713e1b]
V  [jvm.dll+0x5dd958]
V  [jvm.dll+0x5de0f8]
C  [ntdll.dll+0xa217f]
C  [ntdll.dll+0x51454]
C  [ntdll.dll+0xa0cae]
C  0x000001cadb2a0dad

VM_Operation (0x00000046a7afe250): G1CollectForAllocation, mode: safepoint, requested by thread 0x000001caf8384000


---------------  P R O C E S S  ---------------

Threads class SMR info:
_java_thread_list=0x000001caf895bc90, length=163, elements={
0x000001cad791b000, 0x000001caf1c20800, 0x000001caf1c2d800, 0x000001caf1c38000,
0x000001caf1c3a800, 0x000001caf1c3c000, 0x000001caf1c42000, 0x000001caf1c46800,
0x000001caf26ea800, 0x000001caf26f0000, 0x000001caf482b000, 0x000001caf3332800,
0x000001caf295e800, 0x000001caf3b3b800, 0x000001caf3792800, 0x000001caf43ee000,
0x000001caf37b1000, 0x000001caf3982800, 0x000001caf49b5800, 0x000001caf44e5000,
0x000001caf3f76800, 0x000001caf3f79000, 0x000001caf3f77800, 0x000001caf3f78800,
0x000001caf3f7a000, 0x000001caf3f74800, 0x000001caf3f7b000, 0x000001caf3f76000,
0x000001caf3f75000, 0x000001caf6cda000, 0x000001caf6cd8800, 0x000001caf6cd9000,
0x000001caf6cdb800, 0x000001caf6cdd000, 0x000001caf6cdb000, 0x000001caf6cd7800,
0x000001caf6ce0800, 0x000001caf6ce1800, 0x000001caf6cde000, 0x000001caf6ce2000,
0x000001caf6ce4800, 0x000001caf6ce3000, 0x000001caf6ce3800, 0x000001caf6cdf000,
0x000001caf6cdf800, 0x000001caf6ce5800, 0x000001caf6e1c800, 0x000001caf6e1d800,
0x000001caf6e1e000, 0x000001caf6e1f000, 0x000001caf6e20000, 0x000001caf6e1a000,
0x000001caf6e20800, 0x000001caf6e1b000, 0x000001caf6e21800, 0x000001caf6e1b800,
0x000001caf6e27000, 0x000001caf6e23000, 0x000001caf6e28000, 0x000001caf6e22000,
0x000001caf6e29000, 0x000001caf6e24000, 0x000001caf6e24800, 0x000001caf6e26800,
0x000001caf6e25800, 0x000001caf6d5b800, 0x000001caf6d57000, 0x000001caf6d58800,
0x000001caf6d57800, 0x000001caf6d59800, 0x000001caf6d5a000, 0x000001caf6d5b000,
0x000001caf6d56000, 0x000001caf6d5c800, 0x000001caf6d5e000, 0x000001caf6d5f000,
0x000001caf6d61800, 0x000001caf6d60800, 0x000001caf6d60000, 0x000001caf6d62000,
0x000001caf6d63000, 0x000001caf6d5d800, 0x000001caf6d64000, 0x000001caf6d64800,
0x000001caf508b800, 0x000001caf508c800, 0x000001caf508a000, 0x000001caf5088800,
0x000001caf5087800, 0x000001caf5087000, 0x000001caf5089000, 0x000001caf508f000,
0x000001caf5090000, 0x000001caf5090800, 0x000001caf508d800, 0x000001caf508e000,
0x000001caf508b000, 0x000001caf5093000, 0x000001caf5091800, 0x000001caf5094800,
0x000001caf5095800, 0x000001caf5092000, 0x000001caf5094000, 0x000001caf4636800,
0x000001caf4637800, 0x000001caf4638000, 0x000001caf4639000, 0x000001caf4633800,
0x000001caf4635800, 0x000001caf463a000, 0x000001caf4634000, 0x000001caf463a800,
0x000001caf4635000, 0x000001caf463e800, 0x000001caf4641000, 0x000001caf463f800,
0x000001caf463b800, 0x000001caf463e000, 0x000001caf463c800, 0x000001caf463d000,
0x000001caf4640800, 0x000001caf4642000, 0x000001caf31ff000, 0x000001caf3200000,
0x000001caf3200800, 0x000001caf31fe000, 0x000001caf31fc800, 0x000001caf3201800,
0x000001caf31fd800, 0x000001caf3206800, 0x000001caf3207000, 0x000001caf3205800,
0x000001caf3208000, 0x000001caf3204000, 0x000001caf3202800, 0x000001caf3204800,
0x000001caf3209000, 0x000001caf69ad000, 0x000001caf3203000, 0x000001caf320a800,
0x000001caf320b800, 0x000001cafa0e7800, 0x000001cafa0e4000, 0x000001cafa0e5000,
0x000001cafa0e6000, 0x000001cafa0e6800, 0x000001cafa0e2000, 0x000001cafa0e8800,
0x000001cafa0e2800, 0x000001cafa0e9000, 0x000001cafa0e3800, 0x000001cafa0ee000,
0x000001cafa0ec800, 0x000001cafa0ed000, 0x000001cafa0ef000, 0x000001cafa0ef800,
0x000001cafa0ea000, 0x000001cafa0f0800, 0x000001cafa0eb000, 0x000001cafa0eb800,
0x000001caf8381800, 0x000001caf8384000, 0x000001caf8383000
}

Java Threads: ( => current thread )
  0x000001cad791b000 JavaThread "main" [_thread_blocked, id=10888, stack(0x000000469c800000,0x000000469c900000)]
  0x000001caf1c20800 JavaThread "Reference Handler" daemon [_thread_blocked, id=12460, stack(0x000000469cf00000,0x000000469d000000)]
  0x000001caf1c2d800 JavaThread "Finalizer" daemon [_thread_blocked, id=5008, stack(0x000000469d000000,0x000000469d100000)]
  0x000001caf1c38000 JavaThread "Signal Dispatcher" daemon [_thread_blocked, id=432, stack(0x000000469d100000,0x000000469d200000)]
  0x000001caf1c3a800 JavaThread "Attach Listener" daemon [_thread_blocked, id=14224, stack(0x000000469d200000,0x000000469d300000)]
  0x000001caf1c3c000 JavaThread "C2 CompilerThread0" daemon [_thread_blocked, id=8624, stack(0x000000469d300000,0x000000469d400000)]
  0x000001caf1c42000 JavaThread "C1 CompilerThread0" daemon [_thread_blocked, id=12456, stack(0x000000469d400000,0x000000469d500000)]
  0x000001caf1c46800 JavaThread "Sweeper thread" daemon [_thread_blocked, id=6228, stack(0x000000469d500000,0x000000469d600000)]
  0x000001caf26ea800 JavaThread "Common-Cleaner" daemon [_thread_blocked, id=6732, stack(0x000000469d600000,0x000000469d700000)]
  0x000001caf26f0000 JavaThread "Service Thread" daemon [_thread_blocked, id=10348, stack(0x000000469d700000,0x000000469d800000)]
  0x000001caf482b000 JavaThread "Daemon health stats" [_thread_blocked, id=11920, stack(0x000000469dc00000,0x000000469dd00000)]
  0x000001caf3332800 JavaThread "Incoming local TCP Connector on port 65431" [_thread_in_native, id=11828, stack(0x000000469de00000,0x000000469df00000)]
  0x000001caf295e800 JavaThread "Daemon periodic checks" [_thread_blocked, id=832, stack(0x000000469df00000,0x000000469e000000)]
  0x000001caf3b3b800 JavaThread "Daemon" [_thread_blocked, id=2876, stack(0x000000469e000000,0x000000469e100000)]
  0x000001caf3792800 JavaThread "Handler for socket connection from /127.0.0.1:65431 to /127.0.0.1:65432" [_thread_in_native, id=11380, stack(0x000000469e100000,0x000000469e200000)]
  0x000001caf43ee000 JavaThread "Cancel handler" [_thread_blocked, id=9060, stack(0x000000469e200000,0x000000469e300000)]
  0x000001caf37b1000 JavaThread "Daemon worker" [_thread_blocked, id=8884, stack(0x000000469e400000,0x000000469e500000)]
  0x000001caf3982800 JavaThread "Asynchronous log dispatcher for DefaultDaemonConnection: socket connection from /127.0.0.1:65431 to /127.0.0.1:65432" [_thread_blocked, id=11280, stack(0x000000469e500000,0x000000469e600000)]
  0x000001caf49b5800 JavaThread "Stdin handler" [_thread_blocked, id=3444, stack(0x000000469e600000,0x000000469e700000)]
  0x000001caf44e5000 JavaThread "Thread-8" [_thread_blocked, id=2336, stack(0x000000469e700000,0x000000469e800000)]
  0x000001caf3f76800 JavaThread "Cache worker for file hash cache (C:\Users\Admin\.gradle\caches\6.7.1\fileHashes)" [_thread_blocked, id=13276, stack(0x000000469ed00000,0x000000469ee00000)]
  0x000001caf3f79000 JavaThread "File lock request listener" [_thread_in_native, id=7812, stack(0x000000469ee00000,0x000000469ef00000)]
  0x000001caf3f77800 JavaThread "Cache worker for journal cache (C:\Users\Admin\.gradle\caches\journal-1)" [_thread_blocked, id=13224, stack(0x000000469f000000,0x000000469f100000)]
  0x000001caf3f78800 JavaThread "Cache worker for file hash cache (C:\Users\Admin\Desktop\PRM391_assignment\.gradle\6.7.1\fileHashes)" [_thread_blocked, id=4396, stack(0x000000469f100000,0x000000469f200000)]
  0x000001caf3f7a000 JavaThread "Cache worker for checksums cache (C:\Users\Admin\Desktop\PRM391_assignment\.gradle\checksums)" [_thread_blocked, id=5588, stack(0x000000469f200000,0x000000469f300000)]
  0x000001caf3f74800 JavaThread "Cache worker for cache directory md-supplier (C:\Users\Admin\.gradle\caches\6.7.1\md-supplier)" [_thread_blocked, id=11956, stack(0x000000469f300000,0x000000469f400000)]
  0x000001caf3f7b000 JavaThread "Cache worker for cache directory md-rule (C:\Users\Admin\.gradle\caches\6.7.1\md-rule)" [_thread_blocked, id=6700, stack(0x000000469f400000,0x000000469f500000)]
  0x000001caf3f76000 JavaThread "Cache worker for execution history cache (C:\Users\Admin\.gradle\caches\6.7.1\executionHistory)" [_thread_blocked, id=10816, stack(0x000000469f500000,0x000000469f600000)]
  0x000001caf3f75000 JavaThread "jar transforms" [_thread_blocked, id=11908, stack(0x000000469f600000,0x000000469f700000)]
  0x000001caf6cda000 JavaThread "Cache worker for file content cache (C:\Users\Admin\.gradle\caches\6.7.1\fileContent)" [_thread_blocked, id=1152, stack(0x000000469f700000,0x000000469f800000)]
  0x000001caf6cd8800 JavaThread "Cache worker for Build Output Cleanup Cache (C:\Users\Admin\Desktop\PRM391_assignment\.gradle\buildOutputCleanup)" [_thread_blocked, id=2616, stack(0x000000469f800000,0x000000469f900000)]
  0x000001caf6cd9000 JavaThread "Build operations" [_thread_blocked, id=13776, stack(0x000000469f900000,0x000000469fa00000)]
  0x000001caf6cdb800 JavaThread "Build operations Thread 2" [_thread_blocked, id=10588, stack(0x000000469fa00000,0x000000469fb00000)]
  0x000001caf6cdd000 JavaThread "Build operations Thread 3" [_thread_blocked, id=8540, stack(0x000000469fb00000,0x000000469fc00000)]
  0x000001caf6cdb000 JavaThread "Build operations Thread 4" [_thread_blocked, id=12356, stack(0x000000469fc00000,0x000000469fd00000)]
  0x000001caf6cd7800 JavaThread "Build operations Thread 5" [_thread_blocked, id=4728, stack(0x000000469fd00000,0x000000469fe00000)]
  0x000001caf6ce0800 JavaThread "Build operations Thread 6" [_thread_blocked, id=1992, stack(0x000000469fe00000,0x000000469ff00000)]
  0x000001caf6ce1800 JavaThread "Build operations Thread 7" [_thread_blocked, id=14104, stack(0x000000469ff00000,0x00000046a0000000)]
  0x000001caf6cde000 JavaThread "Build operations Thread 8" [_thread_blocked, id=10388, stack(0x00000046a0000000,0x00000046a0100000)]
  0x000001caf6ce2000 JavaThread "jar transforms Thread 2" [_thread_blocked, id=13532, stack(0x00000046a0100000,0x00000046a0200000)]
  0x000001caf6ce4800 JavaThread "jar transforms Thread 3" [_thread_blocked, id=3084, stack(0x00000046a0200000,0x00000046a0300000)]
  0x000001caf6ce3000 JavaThread "jar transforms Thread 4" [_thread_blocked, id=15036, stack(0x00000046a0300000,0x00000046a0400000)]
  0x000001caf6ce3800 JavaThread "jar transforms Thread 5" [_thread_blocked, id=10600, stack(0x00000046a0400000,0x00000046a0500000)]
  0x000001caf6cdf000 JavaThread "jar transforms Thread 6" [_thread_blocked, id=6744, stack(0x00000046a0500000,0x00000046a0600000)]
  0x000001caf6cdf800 JavaThread "jar transforms Thread 7" [_thread_blocked, id=11064, stack(0x00000046a0600000,0x00000046a0700000)]
  0x000001caf6ce5800 JavaThread "jar transforms Thread 8" [_thread_blocked, id=9440, stack(0x00000046a0700000,0x00000046a0800000)]
  0x000001caf6e1c800 JavaThread "jar transforms Thread 9" [_thread_blocked, id=13612, stack(0x00000046a0800000,0x00000046a0900000)]
  0x000001caf6e1d800 JavaThread "jar transforms Thread 10" [_thread_blocked, id=6804, stack(0x00000046a0900000,0x00000046a0a00000)]
  0x000001caf6e1e000 JavaThread "jar transforms Thread 11" [_thread_blocked, id=6568, stack(0x00000046a0a00000,0x00000046a0b00000)]
  0x000001caf6e1f000 JavaThread "jar transforms Thread 12" [_thread_blocked, id=12896, stack(0x00000046a0b00000,0x00000046a0c00000)]
  0x000001caf6e20000 JavaThread "jar transforms Thread 13" [_thread_blocked, id=15188, stack(0x00000046a0c00000,0x00000046a0d00000)]
  0x000001caf6e1a000 JavaThread "jar transforms Thread 14" [_thread_blocked, id=8592, stack(0x00000046a0d00000,0x00000046a0e00000)]
  0x000001caf6e20800 JavaThread "jar transforms Thread 15" [_thread_blocked, id=8988, stack(0x00000046a0e00000,0x00000046a0f00000)]
  0x000001caf6e1b000 JavaThread "jar transforms Thread 16" [_thread_blocked, id=15148, stack(0x00000046a0f00000,0x00000046a1000000)]
  0x000001caf6e21800 JavaThread "jar transforms Thread 17" [_thread_blocked, id=6524, stack(0x00000046a1000000,0x00000046a1100000)]
  0x000001caf6e1b800 JavaThread "jar transforms Thread 18" [_thread_blocked, id=6628, stack(0x00000046a1100000,0x00000046a1200000)]
  0x000001caf6e27000 JavaThread "jar transforms Thread 19" [_thread_blocked, id=6060, stack(0x00000046a1200000,0x00000046a1300000)]
  0x000001caf6e23000 JavaThread "jar transforms Thread 20" [_thread_blocked, id=7896, stack(0x00000046a1300000,0x00000046a1400000)]
  0x000001caf6e28000 JavaThread "jar transforms Thread 21" [_thread_blocked, id=13092, stack(0x00000046a1400000,0x00000046a1500000)]
  0x000001caf6e22000 JavaThread "jar transforms Thread 22" [_thread_blocked, id=7704, stack(0x00000046a1500000,0x00000046a1600000)]
  0x000001caf6e29000 JavaThread "jar transforms Thread 23" [_thread_blocked, id=5928, stack(0x00000046a1600000,0x00000046a1700000)]
  0x000001caf6e24000 JavaThread "jar transforms Thread 24" [_thread_blocked, id=4160, stack(0x00000046a1700000,0x00000046a1800000)]
  0x000001caf6e24800 JavaThread "jar transforms Thread 25" [_thread_blocked, id=13188, stack(0x00000046a1800000,0x00000046a1900000)]
  0x000001caf6e26800 JavaThread "jar transforms Thread 26" [_thread_blocked, id=6248, stack(0x00000046a1900000,0x00000046a1a00000)]
  0x000001caf6e25800 JavaThread "jar transforms Thread 27" [_thread_blocked, id=8340, stack(0x00000046a1a00000,0x00000046a1b00000)]
  0x000001caf6d5b800 JavaThread "jar transforms Thread 28" [_thread_blocked, id=7288, stack(0x00000046a1b00000,0x00000046a1c00000)]
  0x000001caf6d57000 JavaThread "jar transforms Thread 29" [_thread_blocked, id=4988, stack(0x00000046a1c00000,0x00000046a1d00000)]
  0x000001caf6d58800 JavaThread "jar transforms Thread 30" [_thread_blocked, id=9816, stack(0x00000046a1d00000,0x00000046a1e00000)]
  0x000001caf6d57800 JavaThread "jar transforms Thread 31" [_thread_blocked, id=5316, stack(0x00000046a1e00000,0x00000046a1f00000)]
  0x000001caf6d59800 JavaThread "jar transforms Thread 32" [_thread_blocked, id=8088, stack(0x00000046a1f00000,0x00000046a2000000)]
  0x000001caf6d5a000 JavaThread "jar transforms Thread 33" [_thread_blocked, id=10304, stack(0x00000046a2000000,0x00000046a2100000)]
  0x000001caf6d5b000 JavaThread "jar transforms Thread 34" [_thread_blocked, id=9732, stack(0x00000046a2100000,0x00000046a2200000)]
  0x000001caf6d56000 JavaThread "jar transforms Thread 35" [_thread_blocked, id=10212, stack(0x00000046a2200000,0x00000046a2300000)]
  0x000001caf6d5c800 JavaThread "jar transforms Thread 36" [_thread_blocked, id=12792, stack(0x00000046a2300000,0x00000046a2400000)]
  0x000001caf6d5e000 JavaThread "jar transforms Thread 37" [_thread_blocked, id=4184, stack(0x00000046a2400000,0x00000046a2500000)]
  0x000001caf6d5f000 JavaThread "jar transforms Thread 38" [_thread_blocked, id=4936, stack(0x00000046a2500000,0x00000046a2600000)]
  0x000001caf6d61800 JavaThread "jar transforms Thread 39" [_thread_blocked, id=3180, stack(0x00000046a2600000,0x00000046a2700000)]
  0x000001caf6d60800 JavaThread "jar transforms Thread 40" [_thread_blocked, id=8620, stack(0x00000046a2700000,0x00000046a2800000)]
  0x000001caf6d60000 JavaThread "jar transforms Thread 41" [_thread_blocked, id=6704, stack(0x00000046a2800000,0x00000046a2900000)]
  0x000001caf6d62000 JavaThread "jar transforms Thread 42" [_thread_blocked, id=3660, stack(0x00000046a2900000,0x00000046a2a00000)]
  0x000001caf6d63000 JavaThread "jar transforms Thread 43" [_thread_blocked, id=7448, stack(0x00000046a2a00000,0x00000046a2b00000)]
  0x000001caf6d5d800 JavaThread "jar transforms Thread 44" [_thread_blocked, id=9532, stack(0x00000046a2b00000,0x00000046a2c00000)]
  0x000001caf6d64000 JavaThread "jar transforms Thread 45" [_thread_blocked, id=12612, stack(0x00000046a2c00000,0x00000046a2d00000)]
  0x000001caf6d64800 JavaThread "jar transforms Thread 46" [_thread_blocked, id=8288, stack(0x00000046a2d00000,0x00000046a2e00000)]
  0x000001caf508b800 JavaThread "jar transforms Thread 47" [_thread_blocked, id=6428, stack(0x00000046a2e00000,0x00000046a2f00000)]
  0x000001caf508c800 JavaThread "jar transforms Thread 48" [_thread_blocked, id=6564, stack(0x00000046a2f00000,0x00000046a3000000)]
  0x000001caf508a000 JavaThread "jar transforms Thread 49" [_thread_blocked, id=1400, stack(0x00000046a3000000,0x00000046a3100000)]
  0x000001caf5088800 JavaThread "jar transforms Thread 50" [_thread_blocked, id=12960, stack(0x00000046a3100000,0x00000046a3200000)]
  0x000001caf5087800 JavaThread "jar transforms Thread 51" [_thread_blocked, id=10652, stack(0x00000046a3200000,0x00000046a3300000)]
  0x000001caf5087000 JavaThread "jar transforms Thread 52" [_thread_blocked, id=15268, stack(0x00000046a3300000,0x00000046a3400000)]
  0x000001caf5089000 JavaThread "jar transforms Thread 53" [_thread_blocked, id=12004, stack(0x00000046a3400000,0x00000046a3500000)]
  0x000001caf508f000 JavaThread "jar transforms Thread 54" [_thread_blocked, id=15172, stack(0x00000046a3500000,0x00000046a3600000)]
  0x000001caf5090000 JavaThread "jar transforms Thread 55" [_thread_blocked, id=15204, stack(0x00000046a3600000,0x00000046a3700000)]
  0x000001caf5090800 JavaThread "jar transforms Thread 56" [_thread_blocked, id=8404, stack(0x00000046a3700000,0x00000046a3800000)]
  0x000001caf508d800 JavaThread "jar transforms Thread 57" [_thread_blocked, id=544, stack(0x00000046a3800000,0x00000046a3900000)]
  0x000001caf508e000 JavaThread "jar transforms Thread 58" [_thread_blocked, id=13496, stack(0x00000046a3900000,0x00000046a3a00000)]
  0x000001caf508b000 JavaThread "jar transforms Thread 59" [_thread_blocked, id=12208, stack(0x00000046a3a00000,0x00000046a3b00000)]
  0x000001caf5093000 JavaThread "jar transforms Thread 60" [_thread_blocked, id=8520, stack(0x00000046a3b00000,0x00000046a3c00000)]
  0x000001caf5091800 JavaThread "jar transforms Thread 61" [_thread_blocked, id=9728, stack(0x00000046a3c00000,0x00000046a3d00000)]
  0x000001caf5094800 JavaThread "jar transforms Thread 62" [_thread_blocked, id=6360, stack(0x00000046a3d00000,0x00000046a3e00000)]
  0x000001caf5095800 JavaThread "jar transforms Thread 63" [_thread_blocked, id=2108, stack(0x00000046a3e00000,0x00000046a3f00000)]
  0x000001caf5092000 JavaThread "jar transforms Thread 64" [_thread_blocked, id=3916, stack(0x00000046a3f00000,0x00000046a4000000)]
  0x000001caf5094000 JavaThread "jar transforms Thread 65" [_thread_blocked, id=5680, stack(0x00000046a4000000,0x00000046a4100000)]
  0x000001caf4636800 JavaThread "jar transforms Thread 66" [_thread_blocked, id=13880, stack(0x00000046a4100000,0x00000046a4200000)]
  0x000001caf4637800 JavaThread "jar transforms Thread 67" [_thread_blocked, id=13476, stack(0x00000046a4200000,0x00000046a4300000)]
  0x000001caf4638000 JavaThread "jar transforms Thread 68" [_thread_blocked, id=13428, stack(0x00000046a4300000,0x00000046a4400000)]
  0x000001caf4639000 JavaThread "jar transforms Thread 69" [_thread_blocked, id=2452, stack(0x00000046a4400000,0x00000046a4500000)]
  0x000001caf4633800 JavaThread "jar transforms Thread 70" [_thread_blocked, id=1176, stack(0x00000046a4500000,0x00000046a4600000)]
  0x000001caf4635800 JavaThread "jar transforms Thread 71" [_thread_blocked, id=5660, stack(0x00000046a4600000,0x00000046a4700000)]
  0x000001caf463a000 JavaThread "jar transforms Thread 72" [_thread_blocked, id=11176, stack(0x00000046a4700000,0x00000046a4800000)]
  0x000001caf4634000 JavaThread "jar transforms Thread 73" [_thread_blocked, id=8420, stack(0x00000046a4800000,0x00000046a4900000)]
  0x000001caf463a800 JavaThread "jar transforms Thread 74" [_thread_blocked, id=2720, stack(0x00000046a4900000,0x00000046a4a00000)]
  0x000001caf4635000 JavaThread "jar transforms Thread 75" [_thread_blocked, id=3048, stack(0x00000046a4a00000,0x00000046a4b00000)]
  0x000001caf463e800 JavaThread "jar transforms Thread 76" [_thread_blocked, id=13744, stack(0x00000046a4b00000,0x00000046a4c00000)]
  0x000001caf4641000 JavaThread "jar transforms Thread 77" [_thread_blocked, id=14032, stack(0x00000046a4c00000,0x00000046a4d00000)]
  0x000001caf463f800 JavaThread "jar transforms Thread 78" [_thread_blocked, id=11796, stack(0x00000046a4d00000,0x00000046a4e00000)]
  0x000001caf463b800 JavaThread "jar transforms Thread 79" [_thread_blocked, id=1432, stack(0x00000046a4e00000,0x00000046a4f00000)]
  0x000001caf463e000 JavaThread "jar transforms Thread 80" [_thread_blocked, id=11500, stack(0x00000046a4f00000,0x00000046a5000000)]
  0x000001caf463c800 JavaThread "jar transforms Thread 81" [_thread_blocked, id=4312, stack(0x00000046a5000000,0x00000046a5100000)]
  0x000001caf463d000 JavaThread "jar transforms Thread 82" [_thread_blocked, id=6456, stack(0x00000046a5100000,0x00000046a5200000)]
  0x000001caf4640800 JavaThread "jar transforms Thread 83" [_thread_blocked, id=14208, stack(0x00000046a5200000,0x00000046a5300000)]
  0x000001caf4642000 JavaThread "jar transforms Thread 84" [_thread_blocked, id=5704, stack(0x00000046a5300000,0x00000046a5400000)]
  0x000001caf31ff000 JavaThread "jar transforms Thread 85" [_thread_blocked, id=4952, stack(0x00000046a5400000,0x00000046a5500000)]
  0x000001caf3200000 JavaThread "jar transforms Thread 86" [_thread_blocked, id=12444, stack(0x00000046a5500000,0x00000046a5600000)]
  0x000001caf3200800 JavaThread "jar transforms Thread 87" [_thread_blocked, id=4808, stack(0x00000046a5600000,0x00000046a5700000)]
  0x000001caf31fe000 JavaThread "jar transforms Thread 88" [_thread_blocked, id=2920, stack(0x00000046a5700000,0x00000046a5800000)]
  0x000001caf31fc800 JavaThread "jar transforms Thread 89" [_thread_blocked, id=2296, stack(0x00000046a5800000,0x00000046a5900000)]
  0x000001caf3201800 JavaThread "jar transforms Thread 90" [_thread_blocked, id=6556, stack(0x00000046a5900000,0x00000046a5a00000)]
  0x000001caf31fd800 JavaThread "jar transforms Thread 91" [_thread_blocked, id=10000, stack(0x00000046a5a00000,0x00000046a5b00000)]
  0x000001caf3206800 JavaThread "jar transforms Thread 92" [_thread_blocked, id=8544, stack(0x00000046a5b00000,0x00000046a5c00000)]
  0x000001caf3207000 JavaThread "jar transforms Thread 93" [_thread_blocked, id=4220, stack(0x00000046a5c00000,0x00000046a5d00000)]
  0x000001caf3205800 JavaThread "jar transforms Thread 94" [_thread_blocked, id=10156, stack(0x00000046a5d00000,0x00000046a5e00000)]
  0x000001caf3208000 JavaThread "jar transforms Thread 95" [_thread_blocked, id=7608, stack(0x00000046a5e00000,0x00000046a5f00000)]
  0x000001caf3204000 JavaThread "jar transforms Thread 96" [_thread_blocked, id=4588, stack(0x00000046a5f00000,0x00000046a6000000)]
  0x000001caf3202800 JavaThread "jar transforms Thread 97" [_thread_blocked, id=14920, stack(0x00000046a6000000,0x00000046a6100000)]
  0x000001caf3204800 JavaThread "jar transforms Thread 98" [_thread_blocked, id=3748, stack(0x00000046a6100000,0x00000046a6200000)]
  0x000001caf3209000 JavaThread "jar transforms Thread 99" [_thread_blocked, id=14932, stack(0x00000046a6200000,0x00000046a6300000)]
  0x000001caf69ad000 JavaThread "C2 CompilerThread1" daemon [_thread_blocked, id=3740, stack(0x000000469e300000,0x000000469e400000)]
  0x000001caf3203000 JavaThread "Memory manager" [_thread_blocked, id=14496, stack(0x00000046a6300000,0x00000046a6400000)]
  0x000001caf320a800 JavaThread "build event listener" [_thread_blocked, id=9948, stack(0x00000046a6400000,0x00000046a6500000)]
  0x000001caf320b800 JavaThread "build event listener" [_thread_blocked, id=11512, stack(0x00000046a6500000,0x00000046a6600000)]
  0x000001cafa0e7800 JavaThread "Execution worker for ':'" [_thread_blocked, id=11912, stack(0x00000046a6600000,0x00000046a6700000)]
  0x000001cafa0e4000 JavaThread "Execution worker for ':' Thread 2" [_thread_blocked, id=1212, stack(0x00000046a6700000,0x00000046a6800000)]
  0x000001cafa0e5000 JavaThread "Execution worker for ':' Thread 3" [_thread_blocked, id=13524, stack(0x00000046a6800000,0x00000046a6900000)]
  0x000001cafa0e6000 JavaThread "Execution worker for ':' Thread 4" [_thread_blocked, id=13884, stack(0x00000046a6900000,0x00000046a6a00000)]
  0x000001cafa0e6800 JavaThread "Execution worker for ':' Thread 5" [_thread_blocked, id=7992, stack(0x00000046a6a00000,0x00000046a6b00000)]
  0x000001cafa0e2000 JavaThread "Execution worker for ':' Thread 6" [_thread_blocked, id=10520, stack(0x00000046a6b00000,0x00000046a6c00000)]
  0x000001cafa0e8800 JavaThread "Execution worker for ':' Thread 7" [_thread_blocked, id=13020, stack(0x00000046a6c00000,0x00000046a6d00000)]
  0x000001cafa0e2800 JavaThread "Cache worker for execution history cache (C:\Users\Admin\Desktop\PRM391_assignment\.gradle\6.7.1\executionHistory)" [_thread_blocked, id=9068, stack(0x00000046a6d00000,0x00000046a6e00000)]
  0x000001cafa0e9000 JavaThread "WorkerExecutor Queue" [_thread_blocked, id=9524, stack(0x00000046a6e00000,0x00000046a6f00000)]
  0x000001cafa0e3800 JavaThread "WorkerExecutor Queue Thread 2" [_thread_blocked, id=12984, stack(0x00000046a6f00000,0x00000046a7000000)]
  0x000001cafa0ee000 JavaThread "WorkerExecutor Queue Thread 3" [_thread_blocked, id=9872, stack(0x00000046a7000000,0x00000046a7100000)]
  0x000001cafa0ec800 JavaThread "pool-4-thread-1" [_thread_blocked, id=14736, stack(0x00000046a7100000,0x00000046a7200000)]
  0x000001cafa0ed000 JavaThread "stderr" [_thread_in_native, id=4664, stack(0x00000046a7200000,0x00000046a7300000)]
  0x000001cafa0ef000 JavaThread "stdout" [_thread_in_native, id=9360, stack(0x00000046a7300000,0x00000046a7400000)]
  0x000001cafa0ef800 JavaThread "ForkJoinPool-1-worker-3" daemon [_thread_blocked, id=8836, stack(0x00000046a7400000,0x00000046a7500000)]
  0x000001cafa0ea000 JavaThread "ForkJoinPool-1-worker-5" daemon [_thread_blocked, id=14804, stack(0x00000046a7500000,0x00000046a7600000)]
  0x000001cafa0f0800 JavaThread "ForkJoinPool-1-worker-9" daemon [_thread_blocked, id=10604, stack(0x00000046a7600000,0x00000046a7700000)]
  0x000001cafa0eb000 JavaThread "ForkJoinPool-1-worker-7" daemon [_thread_blocked, id=14196, stack(0x00000046a7700000,0x00000046a7800000)]
  0x000001cafa0eb800 JavaThread "ForkJoinPool-1-worker-11" daemon [_thread_blocked, id=3372, stack(0x00000046a7800000,0x00000046a7900000)]
  0x000001caf8381800 JavaThread "ForkJoinPool-1-worker-13" daemon [_thread_blocked, id=14064, stack(0x00000046a7900000,0x00000046a7a00000)]
  0x000001caf8384000 JavaThread "ForkJoinPool-1-worker-15" daemon [_thread_blocked, id=11924, stack(0x00000046a7a00000,0x00000046a7b00000)]
  0x000001caf8383000 JavaThread "ForkJoinPool-1-worker-1" daemon [_thread_blocked, id=14716, stack(0x00000046a7b00000,0x00000046a7c00000)]

Other Threads:
=>0x000001caf1c1b000 VMThread "VM Thread" [stack: 0x000000469ce00000,0x000000469cf00000] [id=6216]
  0x000001caf2720800 WatcherThread [stack: 0x000000469d800000,0x000000469d900000] [id=15184]
  0x000001cad7934000 GCTaskThread "GC Thread#0" [stack: 0x000000469c900000,0x000000469ca00000] [id=11052]
  0x000001caf3337000 GCTaskThread "GC Thread#1" [stack: 0x000000469da00000,0x000000469db00000] [id=6868]
  0x000001caf2e1c800 GCTaskThread "GC Thread#2" [stack: 0x000000469db00000,0x000000469dc00000] [id=14616]
  0x000001caf48ce800 GCTaskThread "GC Thread#3" [stack: 0x000000469e800000,0x000000469e900000] [id=14656]
  0x000001caf2b76800 GCTaskThread "GC Thread#4" [stack: 0x000000469e900000,0x000000469ea00000] [id=8360]
  0x000001caf3e65000 GCTaskThread "GC Thread#5" [stack: 0x000000469ea00000,0x000000469eb00000] [id=14860]
  0x000001caf3278800 GCTaskThread "GC Thread#6" [stack: 0x000000469eb00000,0x000000469ec00000] [id=13840]
  0x000001caf327b000 GCTaskThread "GC Thread#7" [stack: 0x000000469ec00000,0x000000469ed00000] [id=11304]
  0x000001cad7963800 ConcurrentGCThread "G1 Main Marker" [stack: 0x000000469ca00000,0x000000469cb00000] [id=1148]
  0x000001cad7967000 ConcurrentGCThread "G1 Conc#0" [stack: 0x000000469cb00000,0x000000469cc00000] [id=10052]
  0x000001caf3566000 ConcurrentGCThread "G1 Conc#1" [stack: 0x000000469ef00000,0x000000469f000000] [id=2184]
  0x000001caf1a70800 ConcurrentGCThread "G1 Refine#0" [stack: 0x000000469cc00000,0x000000469cd00000] [id=13676]
  0x000001caf520d800 ConcurrentGCThread "G1 Refine#1" [stack: 0x00000046a7c00000,0x00000046a7d00000] [id=5924]
  0x000001caf520a800 ConcurrentGCThread "G1 Refine#2" [stack: 0x00000046a7d00000,0x00000046a7e00000] [id=2852]
  0x000001caf520c000 ConcurrentGCThread "G1 Refine#3" [stack: 0x00000046a7e00000,0x00000046a7f00000] [id=14356]
  0x000001caf520d000 ConcurrentGCThread "G1 Refine#4" [stack: 0x00000046a7f00000,0x00000046a8000000] [id=14364]
  0x000001caf520b800 ConcurrentGCThread "G1 Refine#5" [stack: 0x00000046a8000000,0x00000046a8100000] [id=6596]
  0x000001cafa219000 ConcurrentGCThread "G1 Refine#6" [stack: 0x00000046a8100000,0x00000046a8200000] [id=11092]
  0x000001caf1a71800 ConcurrentGCThread "G1 Young RemSet Sampling" [stack: 0x000000469cd00000,0x000000469ce00000] [id=12724]

Threads with active compile tasks:
C2 CompilerThread0  16592 10086       4       com.android.tools.r8.dex.n$d::a (102 bytes)
C2 CompilerThread1  16592 9987       4       com.android.tools.r8.code.x1::a (4137 bytes)

VM state:at safepoint (normal execution)

VM Mutex/Monitor currently owned by a thread:  ([mutex/lock_event])
[0x000001cad7918cd0] Threads_lock - owner thread: 0x000001caf1c1b000
[0x000001cad7919a50] Heap_lock - owner thread: 0x000001caf8384000

Heap address: 0x0000000080000000, size: 2048 MB, Compressed Oops mode: 32-bit
Narrow klass base: 0x0000000000000000, Narrow klass shift: 3
Compressed class space size: 1073741824 Address: 0x0000000100000000

Heap:
 garbage-first heap   total 392192K, used 205824K [0x0000000080000000, 0x0000000100000000)
  region size 1024K, 3 young (3072K), 3 survivors (3072K)
 Metaspace       used 86113K, capacity 88214K, committed 88440K, reserved 1126400K
  class space    used 11301K, capacity 12059K, committed 12152K, reserved 1048576K
Heap Regions: E=young(eden), S=young(survivor), O=old, HS=humongous(starts), HC=humongous(continues), CS=collection set, F=free, A=archive, TAMS=top-at-mark-start (previous, next)
|   0|0x0000000080000000, 0x0000000080100000, 0x0000000080100000|100%| O|  |TAMS 0x0000000080100000, 0x0000000080100000| Untracked 
|   1|0x0000000080100000, 0x0000000080200000, 0x0000000080200000|100%| O|  |TAMS 0x0000000080200000, 0x0000000080200000| Untracked 
|   2|0x0000000080200000, 0x0000000080300000, 0x0000000080300000|100%| O|  |TAMS 0x0000000080300000, 0x0000000080300000| Untracked 
|   3|0x0000000080300000, 0x0000000080400000, 0x0000000080400000|100%|HS|  |TAMS 0x0000000080400000, 0x0000000080400000| Complete 
|   4|0x0000000080400000, 0x0000000080500000, 0x0000000080500000|100%|HC|  |TAMS 0x0000000080500000, 0x0000000080500000| Complete 
|   5|0x0000000080500000, 0x0000000080600000, 0x0000000080600000|100%|HC|  |TAMS 0x0000000080600000, 0x0000000080600000| Complete 
|   6|0x0000000080600000, 0x0000000080700000, 0x0000000080700000|100%| O|  |TAMS 0x0000000080700000, 0x0000000080700000| Untracked 
|   7|0x0000000080700000, 0x0000000080800000, 0x0000000080800000|100%| O|  |TAMS 0x0000000080800000, 0x0000000080800000| Untracked 
|   8|0x0000000080800000, 0x0000000080900000, 0x0000000080900000|100%| O|  |TAMS 0x0000000080900000, 0x0000000080900000| Untracked 
|   9|0x0000000080900000, 0x0000000080a00000, 0x0000000080a00000|100%| O|  |TAMS 0x0000000080a00000, 0x0000000080a00000| Untracked 
|  10|0x0000000080a00000, 0x0000000080b00000, 0x0000000080b00000|100%| O|  |TAMS 0x0000000080b00000, 0x0000000080b00000| Untracked 
|  11|0x0000000080b00000, 0x0000000080c00000, 0x0000000080c00000|100%| O|  |TAMS 0x0000000080c00000, 0x0000000080c00000| Untracked 
|  12|0x0000000080c00000, 0x0000000080d00000, 0x0000000080d00000|100%| O|  |TAMS 0x0000000080d00000, 0x0000000080d00000| Untracked 
|  13|0x0000000080d00000, 0x0000000080e00000, 0x0000000080e00000|100%| O|  |TAMS 0x0000000080e00000, 0x0000000080e00000| Untracked 
|  14|0x0000000080e00000, 0x0000000080f00000, 0x0000000080f00000|100%| O|  |TAMS 0x0000000080f00000, 0x0000000080f00000| Untracked 
|  15|0x0000000080f00000, 0x0000000081000000, 0x0000000081000000|100%| O|  |TAMS 0x0000000081000000, 0x0000000081000000| Untracked 
|  16|0x0000000081000000, 0x0000000081100000, 0x0000000081100000|100%|HS|  |TAMS 0x0000000081100000, 0x0000000081100000| Complete 
|  17|0x0000000081100000, 0x0000000081200000, 0x0000000081200000|100%|HS|  |TAMS 0x0000000081200000, 0x0000000081200000| Complete 
|  18|0x0000000081200000, 0x0000000081300000, 0x0000000081300000|100%|HC|  |TAMS 0x0000000081300000, 0x0000000081300000| Complete 
|  19|0x0000000081300000, 0x0000000081400000, 0x0000000081400000|100%| O|  |TAMS 0x0000000081400000, 0x0000000081400000| Untracked 
|  20|0x0000000081400000, 0x0000000081500000, 0x0000000081500000|100%| O|  |TAMS 0x0000000081500000, 0x0000000081500000| Untracked 
|  21|0x0000000081500000, 0x0000000081600000, 0x0000000081600000|100%| O|  |TAMS 0x0000000081600000, 0x0000000081600000| Untracked 
|  22|0x0000000081600000, 0x0000000081700000, 0x0000000081700000|100%| O|  |TAMS 0x0000000081700000, 0x0000000081700000| Untracked 
|  23|0x0000000081700000, 0x0000000081800000, 0x0000000081800000|100%| O|  |TAMS 0x0000000081800000, 0x0000000081800000| Untracked 
|  24|0x0000000081800000, 0x0000000081900000, 0x0000000081900000|100%| O|  |TAMS 0x0000000081900000, 0x0000000081900000| Untracked 
|  25|0x0000000081900000, 0x0000000081a00000, 0x0000000081a00000|100%| O|  |TAMS 0x0000000081a00000, 0x0000000081a00000| Untracked 
|  26|0x0000000081a00000, 0x0000000081b00000, 0x0000000081b00000|100%| O|  |TAMS 0x0000000081b00000, 0x0000000081b00000| Untracked 
|  27|0x0000000081b00000, 0x0000000081c00000, 0x0000000081c00000|100%| O|  |TAMS 0x0000000081c00000, 0x0000000081c00000| Untracked 
|  28|0x0000000081c00000, 0x0000000081d00000, 0x0000000081d00000|100%| O|  |TAMS 0x0000000081d00000, 0x0000000081d00000| Untracked 
|  29|0x0000000081d00000, 0x0000000081e00000, 0x0000000081e00000|100%| O|  |TAMS 0x0000000081e00000, 0x0000000081e00000| Untracked 
|  30|0x0000000081e00000, 0x0000000081f00000, 0x0000000081f00000|100%| O|  |TAMS 0x0000000081f00000, 0x0000000081f00000| Untracked 
|  31|0x0000000081f00000, 0x0000000082000000, 0x0000000082000000|100%| O|  |TAMS 0x0000000082000000, 0x0000000082000000| Untracked 
|  32|0x0000000082000000, 0x0000000082100000, 0x0000000082100000|100%| O|  |TAMS 0x0000000082100000, 0x0000000082100000| Untracked 
|  33|0x0000000082100000, 0x0000000082200000, 0x0000000082200000|100%| O|  |TAMS 0x0000000082200000, 0x0000000082200000| Untracked 
|  34|0x0000000082200000, 0x0000000082300000, 0x0000000082300000|100%| O|  |TAMS 0x0000000082300000, 0x0000000082300000| Untracked 
|  35|0x0000000082300000, 0x0000000082400000, 0x0000000082400000|100%| O|  |TAMS 0x0000000082400000, 0x0000000082400000| Untracked 
|  36|0x0000000082400000, 0x0000000082500000, 0x0000000082500000|100%| O|  |TAMS 0x0000000082500000, 0x0000000082500000| Untracked 
|  37|0x0000000082500000, 0x0000000082600000, 0x0000000082600000|100%| O|  |TAMS 0x0000000082600000, 0x0000000082600000| Untracked 
|  38|0x0000000082600000, 0x0000000082700000, 0x0000000082700000|100%| O|  |TAMS 0x0000000082700000, 0x0000000082700000| Untracked 
|  39|0x0000000082700000, 0x0000000082800000, 0x0000000082800000|100%| O|  |TAMS 0x0000000082800000, 0x0000000082800000| Untracked 
|  40|0x0000000082800000, 0x0000000082900000, 0x0000000082900000|100%| O|  |TAMS 0x0000000082900000, 0x0000000082900000| Untracked 
|  41|0x0000000082900000, 0x0000000082a00000, 0x0000000082a00000|100%| O|  |TAMS 0x0000000082a00000, 0x0000000082a00000| Untracked 
|  42|0x0000000082a00000, 0x0000000082b00000, 0x0000000082b00000|100%| O|  |TAMS 0x0000000082b00000, 0x0000000082b00000| Untracked 
|  43|0x0000000082b00000, 0x0000000082c00000, 0x0000000082c00000|100%| O|  |TAMS 0x0000000082c00000, 0x0000000082c00000| Untracked 
|  44|0x0000000082c00000, 0x0000000082d00000, 0x0000000082d00000|100%| O|  |TAMS 0x0000000082d00000, 0x0000000082d00000| Untracked 
|  45|0x0000000082d00000, 0x0000000082e00000, 0x0000000082e00000|100%| O|  |TAMS 0x0000000082e00000, 0x0000000082e00000| Untracked 
|  46|0x0000000082e00000, 0x0000000082f00000, 0x0000000082f00000|100%| O|  |TAMS 0x0000000082f00000, 0x0000000082f00000| Untracked 
|  47|0x0000000082f00000, 0x0000000083000000, 0x0000000083000000|100%| O|  |TAMS 0x0000000083000000, 0x0000000083000000| Untracked 
|  48|0x0000000083000000, 0x0000000083100000, 0x0000000083100000|100%| O|  |TAMS 0x0000000083100000, 0x0000000083100000| Untracked 
|  49|0x0000000083100000, 0x0000000083200000, 0x0000000083200000|100%| O|  |TAMS 0x0000000083200000, 0x0000000083200000| Untracked 
|  50|0x0000000083200000, 0x0000000083300000, 0x0000000083300000|100%| O|  |TAMS 0x0000000083300000, 0x0000000083300000| Untracked 
|  51|0x0000000083300000, 0x0000000083400000, 0x0000000083400000|100%| O|  |TAMS 0x0000000083400000, 0x0000000083400000| Untracked 
|  52|0x0000000083400000, 0x0000000083500000, 0x0000000083500000|100%| O|  |TAMS 0x0000000083500000, 0x0000000083500000| Untracked 
|  53|0x0000000083500000, 0x0000000083600000, 0x0000000083600000|100%| O|  |TAMS 0x0000000083600000, 0x0000000083600000| Untracked 
|  54|0x0000000083600000, 0x0000000083700000, 0x0000000083700000|100%| O|  |TAMS 0x0000000083700000, 0x0000000083700000| Untracked 
|  55|0x0000000083700000, 0x0000000083800000, 0x0000000083800000|100%| O|  |TAMS 0x0000000083800000, 0x0000000083800000| Untracked 
|  56|0x0000000083800000, 0x0000000083900000, 0x0000000083900000|100%| O|  |TAMS 0x0000000083900000, 0x0000000083900000| Untracked 
|  57|0x0000000083900000, 0x0000000083a00000, 0x0000000083a00000|100%| O|  |TAMS 0x0000000083a00000, 0x0000000083a00000| Untracked 
|  58|0x0000000083a00000, 0x0000000083b00000, 0x0000000083b00000|100%| O|  |TAMS 0x0000000083b00000, 0x0000000083b00000| Untracked 
|  59|0x0000000083b00000, 0x0000000083c00000, 0x0000000083c00000|100%| O|  |TAMS 0x0000000083c00000, 0x0000000083c00000| Untracked 
|  60|0x0000000083c00000, 0x0000000083d00000, 0x0000000083d00000|100%| O|  |TAMS 0x0000000083d00000, 0x0000000083d00000| Untracked 
|  61|0x0000000083d00000, 0x0000000083e00000, 0x0000000083e00000|100%| O|  |TAMS 0x0000000083e00000, 0x0000000083e00000| Untracked 
|  62|0x0000000083e00000, 0x0000000083f00000, 0x0000000083f00000|100%| O|  |TAMS 0x0000000083f00000, 0x0000000083f00000| Untracked 
|  63|0x0000000083f00000, 0x0000000084000000, 0x0000000084000000|100%|HS|  |TAMS 0x0000000084000000, 0x0000000084000000| Complete 
|  64|0x0000000084000000, 0x0000000084100000, 0x0000000084100000|100%|HC|  |TAMS 0x0000000084100000, 0x0000000084100000| Complete 
|  65|0x0000000084100000, 0x0000000084200000, 0x0000000084200000|100%|HS|  |TAMS 0x0000000084200000, 0x0000000084200000| Complete 
|  66|0x0000000084200000, 0x0000000084300000, 0x0000000084300000|100%|HS|  |TAMS 0x0000000084300000, 0x0000000084300000| Complete 
|  67|0x0000000084300000, 0x0000000084400000, 0x0000000084400000|100%|HC|  |TAMS 0x0000000084400000, 0x0000000084400000| Complete 
|  68|0x0000000084400000, 0x0000000084500000, 0x0000000084500000|100%|HS|  |TAMS 0x0000000084500000, 0x0000000084500000| Complete 
|  69|0x0000000084500000, 0x0000000084600000, 0x0000000084600000|100%|HS|  |TAMS 0x0000000084600000, 0x0000000084600000| Complete 
|  70|0x0000000084600000, 0x0000000084700000, 0x0000000084700000|100%|HS|  |TAMS 0x0000000084700000, 0x0000000084700000| Complete 
|  71|0x0000000084700000, 0x0000000084800000, 0x0000000084800000|100%|HS|  |TAMS 0x0000000084800000, 0x0000000084800000| Complete 
|  72|0x0000000084800000, 0x0000000084900000, 0x0000000084900000|100%|HS|  |TAMS 0x0000000084900000, 0x0000000084900000| Complete 
|  73|0x0000000084900000, 0x0000000084a00000, 0x0000000084a00000|100%|HC|  |TAMS 0x0000000084a00000, 0x0000000084a00000| Complete 
|  74|0x0000000084a00000, 0x0000000084b00000, 0x0000000084b00000|100%|HC|  |TAMS 0x0000000084b00000, 0x0000000084b00000| Complete 
|  75|0x0000000084b00000, 0x0000000084c00000, 0x0000000084c00000|100%|HS|  |TAMS 0x0000000084c00000, 0x0000000084c00000| Complete 
|  76|0x0000000084c00000, 0x0000000084d00000, 0x0000000084d00000|100%|HC|  |TAMS 0x0000000084d00000, 0x0000000084d00000| Complete 
|  77|0x0000000084d00000, 0x0000000084e00000, 0x0000000084e00000|100%|HS|  |TAMS 0x0000000084e00000, 0x0000000084e00000| Complete 
|  78|0x0000000084e00000, 0x0000000084f00000, 0x0000000084f00000|100%|HC|  |TAMS 0x0000000084f00000, 0x0000000084f00000| Complete 
|  79|0x0000000084f00000, 0x0000000085000000, 0x0000000085000000|100%| O|  |TAMS 0x0000000084f00000, 0x0000000085000000| Untracked 
|  80|0x0000000085000000, 0x0000000085100000, 0x0000000085100000|100%|HS|  |TAMS 0x0000000085100000, 0x0000000085100000| Complete 
|  81|0x0000000085100000, 0x0000000085200000, 0x0000000085200000|100%|HS|  |TAMS 0x0000000085200000, 0x0000000085200000| Complete 
|  82|0x0000000085200000, 0x0000000085300000, 0x0000000085300000|100%| O|  |TAMS 0x0000000085300000, 0x0000000085300000| Untracked 
|  83|0x0000000085300000, 0x0000000085400000, 0x0000000085400000|100%| O|  |TAMS 0x0000000085400000, 0x0000000085400000| Untracked 
|  84|0x0000000085400000, 0x0000000085500000, 0x0000000085500000|100%| O|  |TAMS 0x0000000085500000, 0x0000000085500000| Untracked 
|  85|0x0000000085500000, 0x0000000085600000, 0x0000000085600000|100%| O|  |TAMS 0x0000000085600000, 0x0000000085600000| Untracked 
|  86|0x0000000085600000, 0x0000000085700000, 0x0000000085700000|100%| O|  |TAMS 0x0000000085700000, 0x0000000085700000| Untracked 
|  87|0x0000000085700000, 0x0000000085800000, 0x0000000085800000|100%| O|  |TAMS 0x0000000085800000, 0x0000000085800000| Untracked 
|  88|0x0000000085800000, 0x0000000085900000, 0x0000000085900000|100%| O|  |TAMS 0x0000000085900000, 0x0000000085900000| Untracked 
|  89|0x0000000085900000, 0x0000000085a00000, 0x0000000085a00000|100%|HS|  |TAMS 0x0000000085a00000, 0x0000000085a00000| Complete 
|  90|0x0000000085a00000, 0x0000000085b00000, 0x0000000085b00000|100%| O|  |TAMS 0x0000000085b00000, 0x0000000085b00000| Untracked 
|  91|0x0000000085b00000, 0x0000000085c00000, 0x0000000085c00000|100%|HS|  |TAMS 0x0000000085c00000, 0x0000000085c00000| Complete 
|  92|0x0000000085c00000, 0x0000000085d00000, 0x0000000085d00000|100%| O|  |TAMS 0x0000000085d00000, 0x0000000085d00000| Untracked 
|  93|0x0000000085d00000, 0x0000000085e00000, 0x0000000085e00000|100%|HS|  |TAMS 0x0000000085e00000, 0x0000000085e00000| Complete 
|  94|0x0000000085e00000, 0x0000000085f00000, 0x0000000085f00000|100%| O|  |TAMS 0x0000000085f00000, 0x0000000085f00000| Untracked 
|  95|0x0000000085f00000, 0x0000000086000000, 0x0000000086000000|100%|HS|  |TAMS 0x0000000086000000, 0x0000000086000000| Complete 
|  96|0x0000000086000000, 0x0000000086100000, 0x0000000086100000|100%|HS|  |TAMS 0x0000000086100000, 0x0000000086100000| Complete 
|  97|0x0000000086100000, 0x0000000086200000, 0x0000000086200000|100%|HC|  |TAMS 0x0000000086200000, 0x0000000086200000| Complete 
|  98|0x0000000086200000, 0x0000000086300000, 0x0000000086300000|100%| O|  |TAMS 0x0000000086300000, 0x0000000086300000| Untracked 
|  99|0x0000000086300000, 0x0000000086400000, 0x0000000086400000|100%|HS|  |TAMS 0x0000000086400000, 0x0000000086400000| Complete 
| 100|0x0000000086400000, 0x0000000086500000, 0x0000000086500000|100%|HC|  |TAMS 0x0000000086500000, 0x0000000086500000| Complete 
| 101|0x0000000086500000, 0x0000000086600000, 0x0000000086600000|100%|HC|  |TAMS 0x0000000086600000, 0x0000000086600000| Complete 
| 102|0x0000000086600000, 0x0000000086700000, 0x0000000086700000|100%| O|  |TAMS 0x0000000086700000, 0x0000000086700000| Untracked 
| 103|0x0000000086700000, 0x0000000086800000, 0x0000000086800000|100%| O|  |TAMS 0x0000000086800000, 0x0000000086800000| Untracked 
| 104|0x0000000086800000, 0x0000000086900000, 0x0000000086900000|100%| O|  |TAMS 0x0000000086900000, 0x0000000086900000| Untracked 
| 105|0x0000000086900000, 0x0000000086a00000, 0x0000000086a00000|100%| O|  |TAMS 0x0000000086a00000, 0x0000000086a00000| Untracked 
| 106|0x0000000086a00000, 0x0000000086b00000, 0x0000000086b00000|100%| O|  |TAMS 0x0000000086b00000, 0x0000000086b00000| Untracked 
| 107|0x0000000086b00000, 0x0000000086c00000, 0x0000000086c00000|100%| O|  |TAMS 0x0000000086c00000, 0x0000000086c00000| Untracked 
| 108|0x0000000086c00000, 0x0000000086d00000, 0x0000000086d00000|100%| O|  |TAMS 0x0000000086d00000, 0x0000000086d00000| Untracked 
| 109|0x0000000086d00000, 0x0000000086e00000, 0x0000000086e00000|100%| O|  |TAMS 0x0000000086e00000, 0x0000000086e00000| Untracked 
| 110|0x0000000086e00000, 0x0000000086f00000, 0x0000000086f00000|100%| O|  |TAMS 0x0000000086f00000, 0x0000000086f00000| Untracked 
| 111|0x0000000086f00000, 0x0000000087000000, 0x0000000087000000|100%| O|  |TAMS 0x0000000087000000, 0x0000000087000000| Untracked 
| 112|0x0000000087000000, 0x0000000087100000, 0x0000000087100000|100%| O|  |TAMS 0x0000000087100000, 0x0000000087100000| Untracked 
| 113|0x0000000087100000, 0x0000000087200000, 0x0000000087200000|100%| O|  |TAMS 0x0000000087200000, 0x0000000087200000| Untracked 
| 114|0x0000000087200000, 0x0000000087300000, 0x0000000087300000|100%| O|  |TAMS 0x0000000087300000, 0x0000000087300000| Untracked 
| 115|0x0000000087300000, 0x0000000087400000, 0x0000000087400000|100%| O|  |TAMS 0x0000000087400000, 0x0000000087400000| Untracked 
| 116|0x0000000087400000, 0x0000000087500000, 0x0000000087500000|100%| O|  |TAMS 0x0000000087500000, 0x0000000087500000| Untracked 
| 117|0x0000000087500000, 0x0000000087600000, 0x0000000087600000|100%| O|  |TAMS 0x0000000087600000, 0x0000000087600000| Untracked 
| 118|0x0000000087600000, 0x0000000087700000, 0x0000000087700000|100%| O|  |TAMS 0x0000000087700000, 0x0000000087700000| Untracked 
| 119|0x0000000087700000, 0x0000000087800000, 0x0000000087800000|100%| O|  |TAMS 0x0000000087800000, 0x0000000087800000| Untracked 
| 120|0x0000000087800000, 0x0000000087900000, 0x0000000087900000|100%| O|  |TAMS 0x0000000087900000, 0x0000000087900000| Untracked 
| 121|0x0000000087900000, 0x0000000087a00000, 0x0000000087a00000|100%| O|  |TAMS 0x0000000087a00000, 0x0000000087a00000| Untracked 
| 122|0x0000000087a00000, 0x0000000087b00000, 0x0000000087b00000|100%| O|  |TAMS 0x0000000087b00000, 0x0000000087b00000| Untracked 
| 123|0x0000000087b00000, 0x0000000087c00000, 0x0000000087c00000|100%| O|  |TAMS 0x0000000087c00000, 0x0000000087c00000| Untracked 
| 124|0x0000000087c00000, 0x0000000087d00000, 0x0000000087d00000|100%| O|  |TAMS 0x0000000087d00000, 0x0000000087d00000| Untracked 
| 125|0x0000000087d00000, 0x0000000087e00000, 0x0000000087e00000|100%| O|  |TAMS 0x0000000087e00000, 0x0000000087e00000| Untracked 
| 126|0x0000000087e00000, 0x0000000087f00000, 0x0000000087f00000|100%| O|  |TAMS 0x0000000087f00000, 0x0000000087f00000| Untracked 
| 127|0x0000000087f00000, 0x0000000088000000, 0x0000000088000000|100%| O|  |TAMS 0x0000000088000000, 0x0000000088000000| Untracked 
| 128|0x0000000088000000, 0x0000000088100000, 0x0000000088100000|100%| O|  |TAMS 0x0000000088100000, 0x0000000088100000| Untracked 
| 129|0x0000000088100000, 0x0000000088200000, 0x0000000088200000|100%| O|  |TAMS 0x0000000088200000, 0x0000000088200000| Untracked 
| 130|0x0000000088200000, 0x0000000088300000, 0x0000000088300000|100%| O|  |TAMS 0x0000000088300000, 0x0000000088300000| Untracked 
| 131|0x0000000088300000, 0x0000000088400000, 0x0000000088400000|100%| O|  |TAMS 0x0000000088400000, 0x0000000088400000| Untracked 
| 132|0x0000000088400000, 0x0000000088500000, 0x0000000088500000|100%| O|  |TAMS 0x0000000088500000, 0x0000000088500000| Untracked 
| 133|0x0000000088500000, 0x0000000088600000, 0x0000000088600000|100%| O|  |TAMS 0x0000000088600000, 0x0000000088600000| Untracked 
| 134|0x0000000088600000, 0x0000000088700000, 0x0000000088700000|100%| O|  |TAMS 0x0000000088700000, 0x0000000088700000| Untracked 
| 135|0x0000000088700000, 0x0000000088800000, 0x0000000088800000|100%| O|  |TAMS 0x000000008874f600, 0x0000000088800000| Untracked 
| 136|0x0000000088800000, 0x0000000088900000, 0x0000000088900000|100%| O|  |TAMS 0x0000000088800000, 0x0000000088900000| Untracked 
| 137|0x0000000088900000, 0x0000000088a00000, 0x0000000088a00000|100%| O|  |TAMS 0x0000000088900000, 0x0000000088a00000| Untracked 
| 138|0x0000000088a00000, 0x0000000088b00000, 0x0000000088b00000|100%| O|  |TAMS 0x0000000088a00000, 0x0000000088b00000| Untracked 
| 139|0x0000000088b00000, 0x0000000088c00000, 0x0000000088c00000|100%| O|  |TAMS 0x0000000088b00000, 0x0000000088c00000| Untracked 
| 140|0x0000000088c00000, 0x0000000088d00000, 0x0000000088d00000|100%| O|  |TAMS 0x0000000088c00000, 0x0000000088d00000| Untracked 
| 141|0x0000000088d00000, 0x0000000088e00000, 0x0000000088e00000|100%| O|  |TAMS 0x0000000088d00000, 0x0000000088e00000| Untracked 
| 142|0x0000000088e00000, 0x0000000088f00000, 0x0000000088f00000|100%| O|  |TAMS 0x0000000088e00000, 0x0000000088f00000| Untracked 
| 143|0x0000000088f00000, 0x0000000089000000, 0x0000000089000000|100%| O|  |TAMS 0x0000000088f00000, 0x0000000089000000| Untracked 
| 144|0x0000000089000000, 0x0000000089100000, 0x0000000089100000|100%| O|  |TAMS 0x0000000089000000, 0x0000000089100000| Untracked 
| 145|0x0000000089100000, 0x0000000089200000, 0x0000000089200000|100%| O|  |TAMS 0x0000000089100000, 0x0000000089200000| Untracked 
| 146|0x0000000089200000, 0x0000000089300000, 0x0000000089300000|100%| O|  |TAMS 0x0000000089200000, 0x0000000089300000| Untracked 
| 147|0x0000000089300000, 0x0000000089400000, 0x0000000089400000|100%| O|  |TAMS 0x0000000089300000, 0x0000000089400000| Untracked 
| 148|0x0000000089400000, 0x0000000089500000, 0x0000000089500000|100%| O|  |TAMS 0x0000000089400000, 0x0000000089500000| Untracked 
| 149|0x0000000089500000, 0x0000000089600000, 0x0000000089600000|100%| O|  |TAMS 0x0000000089500000, 0x0000000089600000| Untracked 
| 150|0x0000000089600000, 0x0000000089700000, 0x0000000089700000|100%| O|  |TAMS 0x0000000089600000, 0x0000000089700000| Untracked 
| 151|0x0000000089700000, 0x0000000089800000, 0x0000000089800000|100%| O|  |TAMS 0x0000000089700000, 0x0000000089800000| Untracked 
| 152|0x0000000089800000, 0x0000000089900000, 0x0000000089900000|100%| O|  |TAMS 0x0000000089800000, 0x0000000089900000| Untracked 
| 153|0x0000000089900000, 0x0000000089a00000, 0x0000000089a00000|100%| O|  |TAMS 0x0000000089900000, 0x0000000089a00000| Untracked 
| 154|0x0000000089a00000, 0x0000000089b00000, 0x0000000089b00000|100%| O|  |TAMS 0x0000000089a00000, 0x0000000089b00000| Untracked 
| 155|0x0000000089b00000, 0x0000000089c00000, 0x0000000089c00000|100%| O|  |TAMS 0x0000000089b00000, 0x0000000089c00000| Untracked 
| 156|0x0000000089c00000, 0x0000000089d00000, 0x0000000089d00000|100%| O|  |TAMS 0x0000000089c00000, 0x0000000089d00000| Untracked 
| 157|0x0000000089d00000, 0x0000000089e00000, 0x0000000089e00000|100%| O|  |TAMS 0x0000000089d00000, 0x0000000089e00000| Untracked 
| 158|0x0000000089e00000, 0x0000000089f00000, 0x0000000089f00000|100%| O|  |TAMS 0x0000000089e00000, 0x0000000089f00000| Untracked 
| 159|0x0000000089f00000, 0x000000008a000000, 0x000000008a000000|100%| O|  |TAMS 0x0000000089f00000, 0x000000008a000000| Untracked 
| 160|0x000000008a000000, 0x000000008a100000, 0x000000008a100000|100%| O|  |TAMS 0x000000008a000000, 0x000000008a100000| Untracked 
| 161|0x000000008a100000, 0x000000008a200000, 0x000000008a200000|100%| O|  |TAMS 0x000000008a100000, 0x000000008a200000| Untracked 
| 162|0x000000008a200000, 0x000000008a300000, 0x000000008a300000|100%| O|  |TAMS 0x000000008a200000, 0x000000008a300000| Untracked 
| 163|0x000000008a300000, 0x000000008a400000, 0x000000008a400000|100%| O|  |TAMS 0x000000008a300000, 0x000000008a400000| Untracked 
| 164|0x000000008a400000, 0x000000008a500000, 0x000000008a500000|100%| O|  |TAMS 0x000000008a400000, 0x000000008a500000| Untracked 
| 165|0x000000008a500000, 0x000000008a600000, 0x000000008a600000|100%| O|  |TAMS 0x000000008a500000, 0x000000008a600000| Untracked 
| 166|0x000000008a600000, 0x000000008a700000, 0x000000008a700000|100%| O|  |TAMS 0x000000008a600000, 0x000000008a700000| Untracked 
| 167|0x000000008a700000, 0x000000008a800000, 0x000000008a800000|100%| O|  |TAMS 0x000000008a700000, 0x000000008a800000| Untracked 
| 168|0x000000008a800000, 0x000000008a900000, 0x000000008a900000|100%| O|  |TAMS 0x000000008a800000, 0x000000008a900000| Untracked 
| 169|0x000000008a900000, 0x000000008aa00000, 0x000000008aa00000|100%| O|  |TAMS 0x000000008a900000, 0x000000008aa00000| Untracked 
| 170|0x000000008aa00000, 0x000000008ab00000, 0x000000008ab00000|100%| O|  |TAMS 0x000000008aa00000, 0x000000008ab00000| Untracked 
| 171|0x000000008ab00000, 0x000000008ac00000, 0x000000008ac00000|100%| O|  |TAMS 0x000000008ab00000, 0x000000008ac00000| Untracked 
| 172|0x000000008ac00000, 0x000000008ad00000, 0x000000008ad00000|100%| O|  |TAMS 0x000000008ac00000, 0x000000008ad00000| Untracked 
| 173|0x000000008ad00000, 0x000000008ae00000, 0x000000008ae00000|100%| O|  |TAMS 0x000000008ad00000, 0x000000008ae00000| Untracked 
| 174|0x000000008ae00000, 0x000000008af00000, 0x000000008af00000|100%| O|  |TAMS 0x000000008ae00000, 0x000000008af00000| Untracked 
| 175|0x000000008af00000, 0x000000008b000000, 0x000000008b000000|100%| O|  |TAMS 0x000000008af00000, 0x000000008b000000| Untracked 
| 176|0x000000008b000000, 0x000000008b100000, 0x000000008b100000|100%| O|  |TAMS 0x000000008b000000, 0x000000008b100000| Untracked 
| 177|0x000000008b100000, 0x000000008b200000, 0x000000008b200000|100%| O|  |TAMS 0x000000008b100000, 0x000000008b200000| Untracked 
| 178|0x000000008b200000, 0x000000008b300000, 0x000000008b300000|100%| O|  |TAMS 0x000000008b200000, 0x000000008b300000| Untracked 
| 179|0x000000008b300000, 0x000000008b400000, 0x000000008b400000|100%| O|  |TAMS 0x000000008b300000, 0x000000008b400000| Untracked 
| 180|0x000000008b400000, 0x000000008b500000, 0x000000008b500000|100%| O|  |TAMS 0x000000008b400000, 0x000000008b500000| Untracked 
| 181|0x000000008b500000, 0x000000008b600000, 0x000000008b600000|100%| O|  |TAMS 0x000000008b500000, 0x000000008b562800| Untracked 
| 182|0x000000008b600000, 0x000000008b700000, 0x000000008b700000|100%| O|  |TAMS 0x000000008b600000, 0x000000008b600000| Untracked 
| 183|0x000000008b700000, 0x000000008b800000, 0x000000008b800000|100%| O|  |TAMS 0x000000008b800000, 0x000000008b800000| Untracked 
| 184|0x000000008b800000, 0x000000008b900000, 0x000000008b900000|100%| O|  |TAMS 0x000000008b900000, 0x000000008b900000| Untracked 
| 185|0x000000008b900000, 0x000000008ba00000, 0x000000008ba00000|100%| O|  |TAMS 0x000000008ba00000, 0x000000008ba00000| Untracked 
| 186|0x000000008ba00000, 0x000000008bb00000, 0x000000008bb00000|100%| O|  |TAMS 0x000000008bb00000, 0x000000008bb00000| Untracked 
| 187|0x000000008bb00000, 0x000000008bc00000, 0x000000008bc00000|100%| O|  |TAMS 0x000000008bc00000, 0x000000008bc00000| Untracked 
| 188|0x000000008bc00000, 0x000000008bd00000, 0x000000008bd00000|100%| O|  |TAMS 0x000000008bd00000, 0x000000008bd00000| Untracked 
| 189|0x000000008bd00000, 0x000000008be00000, 0x000000008be00000|100%| O|  |TAMS 0x000000008be00000, 0x000000008be00000| Untracked 
| 190|0x000000008be00000, 0x000000008bf00000, 0x000000008bf00000|100%| O|  |TAMS 0x000000008bf00000, 0x000000008bf00000| Untracked 
| 191|0x000000008bf00000, 0x000000008c000000, 0x000000008c000000|100%| O|  |TAMS 0x000000008bf00000, 0x000000008bf00000| Untracked 
| 192|0x000000008c000000, 0x000000008c100000, 0x000000008c100000|100%| O|  |TAMS 0x000000008c000000, 0x000000008c000000| Untracked 
| 193|0x000000008c100000, 0x000000008c200000, 0x000000008c200000|100%| O|  |TAMS 0x000000008c100000, 0x000000008c100000| Untracked 
| 194|0x000000008c200000, 0x000000008c300000, 0x000000008c300000|100%| O|  |TAMS 0x000000008c200000, 0x000000008c200000| Untracked 
| 195|0x000000008c300000, 0x000000008c400000, 0x000000008c400000|100%| O|  |TAMS 0x000000008c300000, 0x000000008c300000| Untracked 
| 196|0x000000008c400000, 0x000000008c500000, 0x000000008c500000|100%| O|  |TAMS 0x000000008c400000, 0x000000008c400000| Untracked 
| 197|0x000000008c500000, 0x000000008c600000, 0x000000008c600000|100%| O|  |TAMS 0x000000008c500000, 0x000000008c500000| Untracked 
| 198|0x000000008c600000, 0x000000008c600000, 0x000000008c700000|  0%| F|  |TAMS 0x000000008c600000, 0x000000008c600000| Untracked 
| 199|0x000000008c700000, 0x000000008c700000, 0x000000008c800000|  0%| F|  |TAMS 0x000000008c700000, 0x000000008c700000| Untracked 
| 200|0x000000008c800000, 0x000000008c800000, 0x000000008c900000|  0%| F|  |TAMS 0x000000008c800000, 0x000000008c800000| Untracked 
| 201|0x000000008c900000, 0x000000008c900000, 0x000000008ca00000|  0%| F|  |TAMS 0x000000008c900000, 0x000000008c900000| Untracked 
| 202|0x000000008ca00000, 0x000000008ca00000, 0x000000008cb00000|  0%| F|  |TAMS 0x000000008ca00000, 0x000000008ca00000| Untracked 
| 203|0x000000008cb00000, 0x000000008cb00000, 0x000000008cc00000|  0%| F|  |TAMS 0x000000008cb00000, 0x000000008cb00000| Untracked 
| 204|0x000000008cc00000, 0x000000008cc00000, 0x000000008cd00000|  0%| F|  |TAMS 0x000000008cc00000, 0x000000008cc00000| Untracked 
| 205|0x000000008cd00000, 0x000000008cd00000, 0x000000008ce00000|  0%| F|  |TAMS 0x000000008cd00000, 0x000000008cd00000| Untracked 
| 206|0x000000008ce00000, 0x000000008ce00000, 0x000000008cf00000|  0%| F|  |TAMS 0x000000008ce00000, 0x000000008ce00000| Untracked 
| 207|0x000000008cf00000, 0x000000008cf00000, 0x000000008d000000|  0%| F|  |TAMS 0x000000008cf00000, 0x000000008cf00000| Untracked 
| 208|0x000000008d000000, 0x000000008d000000, 0x000000008d100000|  0%| F|  |TAMS 0x000000008d000000, 0x000000008d000000| Untracked 
| 209|0x000000008d100000, 0x000000008d100000, 0x000000008d200000|  0%| F|  |TAMS 0x000000008d100000, 0x000000008d100000| Untracked 
| 210|0x000000008d200000, 0x000000008d200000, 0x000000008d300000|  0%| F|  |TAMS 0x000000008d200000, 0x000000008d200000| Untracked 
| 211|0x000000008d300000, 0x000000008d300000, 0x000000008d400000|  0%| F|  |TAMS 0x000000008d300000, 0x000000008d300000| Untracked 
| 212|0x000000008d400000, 0x000000008d400000, 0x000000008d500000|  0%| F|  |TAMS 0x000000008d400000, 0x000000008d400000| Untracked 
| 213|0x000000008d500000, 0x000000008d500000, 0x000000008d600000|  0%| F|  |TAMS 0x000000008d500000, 0x000000008d500000| Untracked 
| 214|0x000000008d600000, 0x000000008d600000, 0x000000008d700000|  0%| F|  |TAMS 0x000000008d600000, 0x000000008d600000| Untracked 
| 215|0x000000008d700000, 0x000000008d700000, 0x000000008d800000|  0%| F|  |TAMS 0x000000008d700000, 0x000000008d700000| Untracked 
| 216|0x000000008d800000, 0x000000008d800000, 0x000000008d900000|  0%| F|  |TAMS 0x000000008d800000, 0x000000008d800000| Untracked 
| 217|0x000000008d900000, 0x000000008d900000, 0x000000008da00000|  0%| F|  |TAMS 0x000000008d900000, 0x000000008d900000| Untracked 
| 218|0x000000008da00000, 0x000000008da00000, 0x000000008db00000|  0%| F|  |TAMS 0x000000008da00000, 0x000000008da00000| Untracked 
| 219|0x000000008db00000, 0x000000008db00000, 0x000000008dc00000|  0%| F|  |TAMS 0x000000008db00000, 0x000000008db00000| Untracked 
| 220|0x000000008dc00000, 0x000000008dc00000, 0x000000008dd00000|  0%| F|  |TAMS 0x000000008dc00000, 0x000000008dc00000| Untracked 
| 221|0x000000008dd00000, 0x000000008dd00000, 0x000000008de00000|  0%| F|  |TAMS 0x000000008dd00000, 0x000000008dd00000| Untracked 
| 222|0x000000008de00000, 0x000000008de00000, 0x000000008df00000|  0%| F|  |TAMS 0x000000008de00000, 0x000000008de00000| Untracked 
| 223|0x000000008df00000, 0x000000008df00000, 0x000000008e000000|  0%| F|  |TAMS 0x000000008df00000, 0x000000008df00000| Untracked 
| 224|0x000000008e000000, 0x000000008e000000, 0x000000008e100000|  0%| F|  |TAMS 0x000000008e000000, 0x000000008e000000| Untracked 
| 225|0x000000008e100000, 0x000000008e100000, 0x000000008e200000|  0%| F|  |TAMS 0x000000008e100000, 0x000000008e100000| Untracked 
| 226|0x000000008e200000, 0x000000008e200000, 0x000000008e300000|  0%| F|  |TAMS 0x000000008e200000, 0x000000008e200000| Untracked 
| 227|0x000000008e300000, 0x000000008e300000, 0x000000008e400000|  0%| F|  |TAMS 0x000000008e300000, 0x000000008e300000| Untracked 
| 228|0x000000008e400000, 0x000000008e400000, 0x000000008e500000|  0%| F|  |TAMS 0x000000008e400000, 0x000000008e400000| Untracked 
| 229|0x000000008e500000, 0x000000008e500000, 0x000000008e600000|  0%| F|  |TAMS 0x000000008e500000, 0x000000008e500000| Untracked 
| 230|0x000000008e600000, 0x000000008e600000, 0x000000008e700000|  0%| F|  |TAMS 0x000000008e600000, 0x000000008e600000| Untracked 
| 231|0x000000008e700000, 0x000000008e700000, 0x000000008e800000|  0%| F|  |TAMS 0x000000008e700000, 0x000000008e700000| Untracked 
| 232|0x000000008e800000, 0x000000008e900000, 0x000000008e900000|100%| S|CS|TAMS 0x000000008e800000, 0x000000008e800000| Complete 
| 233|0x000000008e900000, 0x000000008ea00000, 0x000000008ea00000|100%| S|CS|TAMS 0x000000008e900000, 0x000000008e900000| Complete 
| 234|0x000000008ea00000, 0x000000008eb00000, 0x000000008eb00000|100%| S|CS|TAMS 0x000000008ea00000, 0x000000008ea00000| Complete 
| 235|0x000000008eb00000, 0x000000008eb00000, 0x000000008ec00000|  0%| F|  |TAMS 0x000000008eb00000, 0x000000008eb00000| Untracked 
| 236|0x000000008ec00000, 0x000000008ec00000, 0x000000008ed00000|  0%| F|  |TAMS 0x000000008ec00000, 0x000000008ec00000| Untracked 
| 237|0x000000008ed00000, 0x000000008ed00000, 0x000000008ee00000|  0%| F|  |TAMS 0x000000008ed00000, 0x000000008ed00000| Untracked 
| 238|0x000000008ee00000, 0x000000008ee00000, 0x000000008ef00000|  0%| F|  |TAMS 0x000000008ee00000, 0x000000008ee00000| Untracked 
| 239|0x000000008ef00000, 0x000000008ef00000, 0x000000008f000000|  0%| F|  |TAMS 0x000000008ef00000, 0x000000008ef00000| Untracked 
| 240|0x000000008f000000, 0x000000008f000000, 0x000000008f100000|  0%| F|  |TAMS 0x000000008f000000, 0x000000008f000000| Untracked 
| 241|0x000000008f100000, 0x000000008f100000, 0x000000008f200000|  0%| F|  |TAMS 0x000000008f100000, 0x000000008f100000| Untracked 
| 242|0x000000008f200000, 0x000000008f200000, 0x000000008f300000|  0%| F|  |TAMS 0x000000008f200000, 0x000000008f200000| Untracked 
| 243|0x000000008f300000, 0x000000008f300000, 0x000000008f400000|  0%| F|  |TAMS 0x000000008f300000, 0x000000008f300000| Untracked 
| 244|0x000000008f400000, 0x000000008f400000, 0x000000008f500000|  0%| F|  |TAMS 0x000000008f400000, 0x000000008f400000| Untracked 
| 245|0x000000008f500000, 0x000000008f500000, 0x000000008f600000|  0%| F|  |TAMS 0x000000008f500000, 0x000000008f500000| Untracked 
| 246|0x000000008f600000, 0x000000008f600000, 0x000000008f700000|  0%| F|  |TAMS 0x000000008f600000, 0x000000008f600000| Untracked 
| 247|0x000000008f700000, 0x000000008f700000, 0x000000008f800000|  0%| F|  |TAMS 0x000000008f700000, 0x000000008f700000| Untracked 
| 248|0x000000008f800000, 0x000000008f800000, 0x000000008f900000|  0%| F|  |TAMS 0x000000008f800000, 0x000000008f800000| Untracked 

Card table byte_map: [0x000001caea9d0000,0x000001caeadd0000] _byte_map_base: 0x000001caea5d0000

Marking Bits (Prev, Next): (CMBitMap*) 0x000001cad795ae68, (CMBitMap*) 0x000001cad795aea0
 Prev Bits: [0x000001caeb1d0000, 0x000001caed1d0000)
 Next Bits: [0x000001caed1d0000, 0x000001caef1d0000)

Polling page: 0x000001cad58a0000

Metaspace:

Usage:
  Non-class:     74.37 MB capacity,    73.06 MB ( 98%) used,     1.10 MB (  1%) free+waste,   220.31 KB ( <1%) overhead. 
      Class:     11.78 MB capacity,    11.04 MB ( 94%) used,   657.43 KB (  5%) free+waste,    99.94 KB ( <1%) overhead. 
       Both:     86.15 MB capacity,    84.10 MB ( 98%) used,     1.74 MB (  2%) free+waste,   320.25 KB ( <1%) overhead. 

Virtual space:
  Non-class space:       76.00 MB reserved,      74.50 MB ( 98%) committed 
      Class space:        1.00 GB reserved,      11.87 MB (  1%) committed 
             Both:        1.07 GB reserved,      86.37 MB (  8%) committed 

Chunk freelists:
   Non-Class:  69.00 KB
       Class:  37.00 KB
        Both:  106.00 KB

MaxMetaspaceSize: 17179869184.00 GB
CompressedClassSpaceSize: 1.00 GB

CodeHeap 'non-profiled nmethods': size=120000Kb used=5543Kb max_used=5543Kb free=114456Kb
 bounds [0x000001cae2d70000, 0x000001cae32e0000, 0x000001caea2a0000]
CodeHeap 'profiled nmethods': size=120000Kb used=21537Kb max_used=21537Kb free=98462Kb
 bounds [0x000001cadb840000, 0x000001cadcd50000, 0x000001cae2d70000]
CodeHeap 'non-nmethods': size=5760Kb used=2267Kb max_used=2330Kb free=3492Kb
 bounds [0x000001cadb2a0000, 0x000001cadb510000, 0x000001cadb840000]
 total_blobs=10727 nmethods=9865 adapters=773
 compilation: enabled
              stopped_count=0, restarted_count=0
 full_count=0

Compilation events (20 events):
Event: 16.221 Thread 0x000001caf1c42000 10247       2       com.android.tools.r8.code.i::<init> (7 bytes)
Event: 16.222 Thread 0x000001caf1c42000 nmethod 10247 0x000001cadcd45d90 code [0x000001cadcd45f40, 0x000001cadcd46098]
Event: 16.224 Thread 0x000001caf1c42000 10248       3       com.android.tools.r8.dex.n::a (146 bytes)
Event: 16.226 Thread 0x000001caf1c42000 nmethod 10248 0x000001cadcd46190 code [0x000001cadcd46440, 0x000001cadcd47418]
Event: 16.237 Thread 0x000001caf1c42000 10249       2       com.android.tools.r8.code.a4::<init> (7 bytes)
Event: 16.238 Thread 0x000001caf1c42000 nmethod 10249 0x000001cadcd47b10 code [0x000001cadcd47cc0, 0x000001cadcd47e18]
Event: 16.302 Thread 0x000001caf1c42000 10253       2       com.android.tools.r8.code.O3::<init> (7 bytes)
Event: 16.303 Thread 0x000001caf1c42000 nmethod 10253 0x000001cadcd47f10 code [0x000001cadcd480e0, 0x000001cadcd48318]
Event: 16.304 Thread 0x000001caf1c42000 10254       2       com.android.tools.r8.code.N3::<init> (7 bytes)
Event: 16.305 Thread 0x000001caf1c42000 nmethod 10254 0x000001cadcd48510 code [0x000001cadcd486c0, 0x000001cadcd48818]
Event: 16.331 Thread 0x000001caf1c42000 10256       2       com.android.tools.r8.code.e0::hashCode (22 bytes)
Event: 16.331 Thread 0x000001caf1c42000 nmethod 10256 0x000001cadcd48910 code [0x000001cadcd48ac0, 0x000001cadcd48c08]
Event: 16.332 Thread 0x000001caf1c42000 10257       2       com.android.tools.r8.code.v::<init> (7 bytes)
Event: 16.333 Thread 0x000001caf1c42000 nmethod 10257 0x000001cadcd48c90 code [0x000001cadcd48e40, 0x000001cadcd48f98]
Event: 16.334 Thread 0x000001caf1c42000 10258       2       com.android.tools.r8.code.Q2::<init> (7 bytes)
Event: 16.334 Thread 0x000001caf1c42000 nmethod 10258 0x000001cadcd49090 code [0x000001cadcd49240, 0x000001cadcd49398]
Event: 16.343 Thread 0x000001caf1c42000 10259 %     3       com.android.tools.r8.graph.E::a @ 11 (56 bytes)
Event: 16.344 Thread 0x000001caf1c42000 nmethod 10259% 0x000001cadcd49490 code [0x000001cadcd496e0, 0x000001cadcd4a168]
Event: 16.349 Thread 0x000001caf1c42000 10260       3       com.android.tools.r8.graph.E::a (56 bytes)
Event: 16.350 Thread 0x000001caf1c42000 nmethod 10260 0x000001cadcd4a510 code [0x000001cadcd4a780, 0x000001cadcd4b268]

GC Heap History (20 events):
Event: 12.710 GC heap after
{Heap after GC invocations=16 (full 0):
 garbage-first heap   total 187392K, used 64539K [0x0000000080000000, 0x0000000100000000)
  region size 1024K, 6 young (6144K), 6 survivors (6144K)
 Metaspace       used 76793K, capacity 78841K, committed 79096K, reserved 1118208K
  class space    used 10029K, capacity 10733K, committed 10744K, reserved 1048576K
}
Event: 13.480 GC heap before
{Heap before GC invocations=16 (full 0):
 garbage-first heap   total 187392K, used 141339K [0x0000000080000000, 0x0000000100000000)
  region size 1024K, 82 young (83968K), 6 survivors (6144K)
 Metaspace       used 78740K, capacity 80782K, committed 80888K, reserved 1120256K
  class space    used 10255K, capacity 10969K, committed 11000K, reserved 1048576K
}
Event: 13.491 GC heap after
{Heap after GC invocations=17 (full 0):
 garbage-first heap   total 187392K, used 68108K [0x0000000080000000, 0x0000000100000000)
  region size 1024K, 9 young (9216K), 9 survivors (9216K)
 Metaspace       used 78740K, capacity 80782K, committed 80888K, reserved 1120256K
  class space    used 10255K, capacity 10969K, committed 11000K, reserved 1048576K
}
Event: 13.979 GC heap before
{Heap before GC invocations=17 (full 0):
 garbage-first heap   total 187392K, used 145932K [0x0000000080000000, 0x0000000100000000)
  region size 1024K, 85 young (87040K), 9 survivors (9216K)
 Metaspace       used 80717K, capacity 82828K, committed 83064K, reserved 1120256K
  class space    used 10516K, capacity 11267K, committed 11384K, reserved 1048576K
}
Event: 13.990 GC heap after
{Heap after GC invocations=18 (full 0):
 garbage-first heap   total 187392K, used 71391K [0x0000000080000000, 0x0000000100000000)
  region size 1024K, 8 young (8192K), 8 survivors (8192K)
 Metaspace       used 80717K, capacity 82828K, committed 83064K, reserved 1120256K
  class space    used 10516K, capacity 11267K, committed 11384K, reserved 1048576K
}
Event: 14.694 GC heap before
{Heap before GC invocations=18 (full 0):
 garbage-first heap   total 187392K, used 135903K [0x0000000080000000, 0x0000000100000000)
  region size 1024K, 53 young (54272K), 8 survivors (8192K)
 Metaspace       used 83828K, capacity 85987K, committed 86264K, reserved 1124352K
  class space    used 10927K, capacity 11703K, committed 11768K, reserved 1048576K
}
Event: 14.704 GC heap after
{Heap after GC invocations=19 (full 0):
 garbage-first heap   total 187392K, used 98895K [0x0000000080000000, 0x0000000100000000)
  region size 1024K, 11 young (11264K), 11 survivors (11264K)
 Metaspace       used 83828K, capacity 85987K, committed 86264K, reserved 1124352K
  class space    used 10927K, capacity 11703K, committed 11768K, reserved 1048576K
}
Event: 15.052 GC heap before
{Heap before GC invocations=20 (full 0):
 garbage-first heap   total 187392K, used 162383K [0x0000000080000000, 0x0000000100000000)
  region size 1024K, 59 young (60416K), 11 survivors (11264K)
 Metaspace       used 84123K, capacity 86191K, committed 86648K, reserved 1124352K
  class space    used 10942K, capacity 11687K, committed 11896K, reserved 1048576K
}
Event: 15.130 GC heap after
{Heap after GC invocations=21 (full 0):
 garbage-first heap   total 195584K, used 125425K [0x0000000080000000, 0x0000000100000000)
  region size 1024K, 8 young (8192K), 8 survivors (8192K)
 Metaspace       used 84123K, capacity 86191K, committed 86648K, reserved 1124352K
  class space    used 10942K, capacity 11687K, committed 11896K, reserved 1048576K
}
Event: 15.353 GC heap before
{Heap before GC invocations=22 (full 0):
 garbage-first heap   total 195584K, used 159217K [0x0000000080000000, 0x0000000100000000)
  region size 1024K, 38 young (38912K), 8 survivors (8192K)
 Metaspace       used 84233K, capacity 86289K, committed 86648K, reserved 1124352K
  class space    used 10962K, capacity 11698K, committed 11896K, reserved 1048576K
}
Event: 15.382 GC heap after
{Heap after GC invocations=23 (full 0):
 garbage-first heap   total 195584K, used 141998K [0x0000000080000000, 0x0000000100000000)
  region size 1024K, 5 young (5120K), 5 survivors (5120K)
 Metaspace       used 84233K, capacity 86289K, committed 86648K, reserved 1124352K
  class space    used 10962K, capacity 11698K, committed 11896K, reserved 1048576K
}
Event: 15.586 GC heap before
{Heap before GC invocations=23 (full 0):
 garbage-first heap   total 195584K, used 159406K [0x0000000080000000, 0x0000000100000000)
  region size 1024K, 22 young (22528K), 5 survivors (5120K)
 Metaspace       used 86008K, capacity 88136K, committed 88440K, reserved 1126400K
  class space    used 11301K, capacity 12059K, committed 12152K, reserved 1048576K
}
Event: 15.611 GC heap after
{Heap after GC invocations=24 (full 0):
 garbage-first heap   total 254976K, used 149821K [0x0000000080000000, 0x0000000100000000)
  region size 1024K, 3 young (3072K), 3 survivors (3072K)
 Metaspace       used 86008K, capacity 88136K, committed 88440K, reserved 1126400K
  class space    used 11301K, capacity 12059K, committed 12152K, reserved 1048576K
}
Event: 15.851 GC heap before
{Heap before GC invocations=24 (full 0):
 garbage-first heap   total 254976K, used 183613K [0x0000000080000000, 0x0000000100000000)
  region size 1024K, 38 young (38912K), 3 survivors (3072K)
 Metaspace       used 86107K, capacity 88214K, committed 88440K, reserved 1126400K
  class space    used 11301K, capacity 12059K, committed 12152K, reserved 1048576K
}
Event: 15.886 GC heap after
{Heap after GC invocations=25 (full 0):
 garbage-first heap   total 254976K, used 169685K [0x0000000080000000, 0x0000000100000000)
  region size 1024K, 5 young (5120K), 5 survivors (5120K)
 Metaspace       used 86107K, capacity 88214K, committed 88440K, reserved 1126400K
  class space    used 11301K, capacity 12059K, committed 12152K, reserved 1048576K
}
Event: 16.096 GC heap before
{Heap before GC invocations=26 (full 0):
 garbage-first heap   total 254976K, used 195285K [0x0000000080000000, 0x0000000100000000)
  region size 1024K, 31 young (31744K), 5 survivors (5120K)
 Metaspace       used 86108K, capacity 88214K, committed 88440K, reserved 1126400K
  class space    used 11301K, capacity 12059K, committed 12152K, reserved 1048576K
}
Event: 16.173 GC heap after
{Heap after GC invocations=27 (full 0):
 garbage-first heap   total 254976K, used 185735K [0x0000000080000000, 0x0000000100000000)
  region size 1024K, 4 young (4096K), 4 survivors (4096K)
 Metaspace       used 86108K, capacity 88214K, committed 88440K, reserved 1126400K
  class space    used 11301K, capacity 12059K, committed 12152K, reserved 1048576K
}
Event: 16.249 GC heap before
{Heap before GC invocations=27 (full 0):
 garbage-first heap   total 254976K, used 205191K [0x0000000080000000, 0x0000000100000000)
  region size 1024K, 23 young (23552K), 4 survivors (4096K)
 Metaspace       used 86112K, capacity 88214K, committed 88440K, reserved 1126400K
  class space    used 11301K, capacity 12059K, committed 12152K, reserved 1048576K
}
Event: 16.273 GC heap after
{Heap after GC invocations=28 (full 0):
 garbage-first heap   total 254976K, used 197002K [0x0000000080000000, 0x0000000100000000)
  region size 1024K, 3 young (3072K), 3 survivors (3072K)
 Metaspace       used 86112K, capacity 88214K, committed 88440K, reserved 1126400K
  class space    used 11301K, capacity 12059K, committed 12152K, reserved 1048576K
}
Event: 16.353 GC heap before
{Heap before GC invocations=28 (full 0):
 garbage-first heap   total 254976K, used 211338K [0x0000000080000000, 0x0000000100000000)
  region size 1024K, 17 young (17408K), 3 survivors (3072K)
 Metaspace       used 86113K, capacity 88214K, committed 88440K, reserved 1126400K
  class space    used 11301K, capacity 12059K, committed 12152K, reserved 1048576K
}

Deoptimization events (20 events):
Event: 15.429 Thread 0x000001caf8383000 DEOPT PACKING pc=0x000001cae32b4fb0 sp=0x00000046a7bfe710
Event: 15.429 Thread 0x000001caf8383000 DEOPT UNPACKING pc=0x000001cadb2c74af sp=0x00000046a7bfe708 mode 2
Event: 15.476 Thread 0x000001cafa0ef800 Uncommon trap: trap_request=0xffffff4d fr.pc=0x000001cae32b0754 relative=0x00000000000002d4
Event: 15.476 Thread 0x000001caf8383000 Uncommon trap: trap_request=0xffffff4d fr.pc=0x000001cae32b0754 relative=0x00000000000002d4
Event: 15.476 Thread 0x000001cafa0ef800 Uncommon trap: reason=unstable_if action=reinterpret pc=0x000001cae32b0754 method=com.android.tools.r8.graph.l0.c(Ljava/lang/Object;)Z @ 37 c2
Event: 15.476 Thread 0x000001caf8383000 Uncommon trap: reason=unstable_if action=reinterpret pc=0x000001cae32b0754 method=com.android.tools.r8.graph.l0.c(Ljava/lang/Object;)Z @ 37 c2
Event: 15.476 Thread 0x000001cafa0eb000 Uncommon trap: trap_request=0xffffff4d fr.pc=0x000001cae32b0978 relative=0x00000000000004f8
Event: 15.476 Thread 0x000001cafa0ef800 DEOPT PACKING pc=0x000001cae32b0754 sp=0x00000046a74fea30
Event: 15.476 Thread 0x000001caf8383000 DEOPT PACKING pc=0x000001cae32b0754 sp=0x00000046a7bfea90
Event: 15.476 Thread 0x000001cafa0ef800 DEOPT UNPACKING pc=0x000001cadb2c74af sp=0x00000046a74fe9d0 mode 2
Event: 15.476 Thread 0x000001caf8383000 DEOPT UNPACKING pc=0x000001cadb2c74af sp=0x00000046a7bfea30 mode 2
Event: 15.476 Thread 0x000001cafa0eb000 Uncommon trap: reason=unstable_if action=reinterpret pc=0x000001cae32b0978 method=com.android.tools.r8.graph.o0.c(Ljava/lang/Object;)Z @ 23 c2
Event: 15.476 Thread 0x000001cafa0eb000 DEOPT PACKING pc=0x000001cae32b0978 sp=0x00000046a77fe530
Event: 15.476 Thread 0x000001cafa0eb000 DEOPT UNPACKING pc=0x000001cadb2c74af sp=0x00000046a77fe400 mode 2
Event: 15.476 Thread 0x000001cafa0ea000 Uncommon trap: trap_request=0xffffff4d fr.pc=0x000001cae32adb84 relative=0x0000000000000144
Event: 15.476 Thread 0x000001cafa0ea000 Uncommon trap: reason=unstable_if action=reinterpret pc=0x000001cae32adb84 method=com.android.tools.r8.w.a.a.a.f.X.get(I)Ljava/lang/Object; @ 1 c2
Event: 15.476 Thread 0x000001cafa0ea000 DEOPT PACKING pc=0x000001cae32adb84 sp=0x00000046a75fee20
Event: 15.476 Thread 0x000001cafa0ea000 DEOPT UNPACKING pc=0x000001cadb2c74af sp=0x00000046a75fedb8 mode 2
Event: 15.984 Thread 0x000001caf8384000 DEOPT PACKING pc=0x000001cadcd05ffc sp=0x00000046a7afe6a0
Event: 15.984 Thread 0x000001caf8384000 DEOPT UNPACKING pc=0x000001cadb2c72ce sp=0x00000046a7afdc60 mode 0

Classes redefined (0 events):
No events

Internal exceptions (20 events):
Event: 13.119 Thread 0x000001cafa0e2000 Exception <a 'sun/nio/fs/WindowsException'{0x000000008927fe68}> (0x000000008927fe68) thrown at [./src/hotspot/share/prims/jni.cpp, line 615]
Event: 13.119 Thread 0x000001cafa0e2000 Exception <a 'sun/nio/fs/WindowsException'{0x0000000089280a68}> (0x0000000089280a68) thrown at [./src/hotspot/share/prims/jni.cpp, line 615]
Event: 13.148 Thread 0x000001cafa0e2000 Exception <a 'java/lang/NoSuchMethodError'{0x00000000891e6448}: <clinit>> (0x00000000891e6448) thrown at [./src/hotspot/share/prims/jni.cpp, line 1362]
Event: 13.152 Thread 0x000001cafa0e2000 Exception <a 'java/lang/NoSuchMethodError'{0x0000000089019898}: <clinit>> (0x0000000089019898) thrown at [./src/hotspot/share/prims/jni.cpp, line 1362]
Event: 13.156 Thread 0x000001cafa0e2000 Exception <a 'java/lang/NoSuchMethodError'{0x00000000890509c8}: <clinit>> (0x00000000890509c8) thrown at [./src/hotspot/share/prims/jni.cpp, line 1362]
Event: 13.308 Thread 0x000001cafa0e4000 Exception <a 'java/lang/NoSuchMethodError'{0x0000000088082418}: 'void java.lang.invoke.DirectMethodHandle$Holder.invokeStatic(java.lang.Object, java.lang.Object, java.lang.Object, java.lang.Object, int, java.lang.Object)'> (0x0000000088082418) thrown at [./src/hotspot/share/interpreter/linkResolver.cpp, line 773]
Event: 13.542 Thread 0x000001cafa0e4000 Exception <a 'sun/nio/fs/WindowsException'{0x000000008ad02290}> (0x000000008ad02290) thrown at [./src/hotspot/share/prims/jni.cpp, line 615]
Event: 13.543 Thread 0x000001cafa0e4000 Exception <a 'sun/nio/fs/WindowsException'{0x000000008ad033c0}> (0x000000008ad033c0) thrown at [./src/hotspot/share/prims/jni.cpp, line 615]
Event: 14.209 Thread 0x000001caf37b1000 Exception <a 'java/lang/NoSuchMethodError'{0x0000000089b50368}: 'int java.lang.invoke.DirectMethodHandle$Holder.invokeSpecial(java.lang.Object, java.lang.Object, java.lang.Object, java.lang.Object, java.lang.Object)'> (0x0000000089b50368) thrown at [./src/hotspot/share/interpreter/linkResolver.cpp, line 773]
Event: 14.314 Thread 0x000001cafa0e9000 Exception <a 'java/lang/NoSuchMethodError'{0x000000008984d8d8}: 'void java.lang.invoke.DirectMethodHandle$Holder.invokeStatic(java.lang.Object, long)'> (0x000000008984d8d8) thrown at [./src/hotspot/share/interpreter/linkResolver.cpp, line 773]
Event: 14.315 Thread 0x000001cafa0e9000 Exception <a 'java/lang/NoSuchMethodError'{0x0000000089852af0}: 'java.lang.Object java.lang.invoke.DirectMethodHandle$Holder.invokeStatic(java.lang.Object, long)'> (0x0000000089852af0) thrown at [./src/hotspot/share/interpreter/linkResolver.cpp, line 773]
Event: 14.318 Thread 0x000001cafa0e9000 Exception <a 'java/lang/NoSuchMethodError'{0x0000000089860e58}: 'java.lang.Object java.lang.invoke.DirectMethodHandle$Holder.invokeStaticInit(java.lang.Object, java.lang.Object, long, java.lang.Object)'> (0x0000000089860e58) thrown at [./src/hotspot/share/interpreter/linkResolver.cpp, line 773]
Event: 14.318 Thread 0x000001cafa0e9000 Exception <a 'java/lang/NoSuchMethodError'{0x0000000089866ff0}: 'java.lang.Object java.lang.invoke.DirectMethodHandle$Holder.invokeStatic(java.lang.Object, java.lang.Object, long)'> (0x0000000089866ff0) thrown at [./src/hotspot/share/interpreter/linkResolver.cpp, line 773]
Event: 14.319 Thread 0x000001cafa0e9000 Exception <a 'java/lang/NoSuchMethodError'{0x000000008986d568}: 'java.lang.Object java.lang.invoke.Invokers$Holder.linkToTargetMethod(java.lang.Object, long, java.lang.Object)'> (0x000000008986d568) thrown at [./src/hotspot/share/interpreter/linkResolver.cpp, line 773]
Event: 14.531 Thread 0x000001cafa0ee000 Exception <a 'sun/nio/fs/WindowsException'{0x00000000890ea668}> (0x00000000890ea668) thrown at [./src/hotspot/share/prims/jni.cpp, line 615]
Event: 14.606 Thread 0x000001cafa0ee000 Exception <a 'java/lang/NoSuchMethodError'{0x0000000088d47c00}: 'int java.lang.invoke.DirectMethodHandle$Holder.invokeVirtual(java.lang.Object, java.lang.Object, java.lang.Object)'> (0x0000000088d47c00) thrown at [./src/hotspot/share/interpreter/linkResolver.cpp, line 773]
Event: 14.679 Thread 0x000001cafa0ee000 Exception <a 'java/lang/NoSuchMethodError'{0x0000000088b2e098}: 'java.lang.Object java.lang.invoke.DirectMethodHandle$Holder.invokeStatic(java.lang.Object, java.lang.Object, java.lang.Object, java.lang.Object, java.lang.Object, java.lang.Object, java.lang.Object, java.lang.Object, java.lang.Object, java.lang.Object, java.lang.Object, java.lang.Object, java.lang.Object, java.lang.Object, java.lang.Object, java.lang.Object, java.lang.Object, int, java.lang.Object)'> (0x0000000088b2e098) thrown at [./src/hots
Event: 14.679 Thread 0x000001cafa0ee000 Exception <a 'java/lang/NoSuchMethodError'{0x0000000088b336e8}: 'java.lang.Object java.lang.invoke.DirectMethodHandle$Holder.invokeStaticInit(java.lang.Object, java.lang.Object, java.lang.Object, java.lang.Object, java.lang.Object, java.lang.Object, java.lang.Object, java.lang.Object, java.lang.Object, java.lang.Object, java.lang.Object, java.lang.Object, java.lang.Object, java.lang.Object, java.lang.Object, java.lang.Object, java.lang.Object, int, java.lang.Object)'> (0x0000000088b336e8) thrown at [./src/
Event: 15.004 Thread 0x000001cafa0e9000 Exception <a 'java/lang/NoSuchMethodError'{0x0000000088e600a8}: 'int java.lang.invoke.DirectMethodHandle$Holder.invokeSpecialIFC(java.lang.Object, java.lang.Object, java.lang.Object)'> (0x0000000088e600a8) thrown at [./src/hotspot/share/interpreter/linkResolver.cpp, line 773]
Event: 15.427 Thread 0x000001caf8384000 Exception <a 'java/lang/NoSuchMethodError'{0x000000008b5a1218}: 'java.lang.Object java.lang.invoke.DirectMethodHandle$Holder.newInvokeSpecial(java.lang.Object, int)'> (0x000000008b5a1218) thrown at [./src/hotspot/share/interpreter/linkResolver.cpp, line 773]

Events (20 events):
Event: 15.506 loading class com/android/tools/r8/w/a/a/a/h/f0$f done
Event: 15.507 loading class com/android/tools/r8/s/a/a/a/s$a
Event: 15.507 loading class com/android/tools/r8/s/a/a/a/s$a done
Event: 15.507 loading class com/android/tools/r8/w/a/a/a/h/f0$d
Event: 15.507 loading class com/android/tools/r8/w/a/a/a/h/f0$d done
Event: 15.508 loading class com/android/tools/r8/w/a/a/a/h/g0
Event: 15.508 loading class com/android/tools/r8/w/a/a/a/h/g0 done
Event: 15.586 Executing VM operation: G1CollectForAllocation
Event: 15.611 Executing VM operation: G1CollectForAllocation done
Event: 15.837 Executing VM operation: CGC_Operation
Event: 15.844 Executing VM operation: CGC_Operation done
Event: 15.851 Executing VM operation: G1CollectForAllocation
Event: 15.886 Executing VM operation: G1CollectForAllocation done
Event: 16.037 Executing VM operation: CGC_Operation
Event: 16.038 Executing VM operation: CGC_Operation done
Event: 16.064 Executing VM operation: G1CollectForAllocation
Event: 16.173 Executing VM operation: G1CollectForAllocation done
Event: 16.249 Executing VM operation: G1CollectForAllocation
Event: 16.273 Executing VM operation: G1CollectForAllocation done
Event: 16.352 Executing VM operation: G1CollectForAllocation


Dynamic libraries:
0x00007ff6c72e0000 - 0x00007ff6c72ea000 	D:\Program Files\Android Studio\jre\bin\java.exe
0x00007ff9d5670000 - 0x00007ff9d5865000 	C:\WINDOWS\SYSTEM32\ntdll.dll
0x00007ff9d3970000 - 0x00007ff9d3a2d000 	C:\WINDOWS\System32\KERNEL32.DLL
0x00007ff9d2f30000 - 0x00007ff9d31f8000 	C:\WINDOWS\System32\KERNELBASE.dll
0x00007ff9d3420000 - 0x00007ff9d3520000 	C:\WINDOWS\System32\ucrtbase.dll
0x00007ff9c3ce0000 - 0x00007ff9c3cf9000 	D:\Program Files\Android Studio\jre\bin\jli.dll
0x00007ff9cc160000 - 0x00007ff9cc177000 	D:\Program Files\Android Studio\jre\bin\VCRUNTIME140.dll
0x00007ff9d50a0000 - 0x00007ff9d5240000 	C:\WINDOWS\System32\USER32.dll
0x00007ff9d3200000 - 0x00007ff9d3222000 	C:\WINDOWS\System32\win32u.dll
0x00007ff9c21a0000 - 0x00007ff9c243a000 	C:\WINDOWS\WinSxS\amd64_microsoft.windows.common-controls_6595b64144ccf1df_6.0.19041.1052_none_60b8f8fd71f5e8cb\COMCTL32.dll
0x00007ff9d5450000 - 0x00007ff9d547a000 	C:\WINDOWS\System32\GDI32.dll
0x00007ff9d3c50000 - 0x00007ff9d3cee000 	C:\WINDOWS\System32\msvcrt.dll
0x00007ff9d35d0000 - 0x00007ff9d36db000 	C:\WINDOWS\System32\gdi32full.dll
0x00007ff9d2e00000 - 0x00007ff9d2e9d000 	C:\WINDOWS\System32\msvcp_win.dll
0x00007ff9d3cf0000 - 0x00007ff9d3d20000 	C:\WINDOWS\System32\IMM32.DLL
0x00007ff9c2a70000 - 0x00007ff9c2b0d000 	D:\Program Files\Android Studio\jre\bin\msvcp140.dll
0x00007ff998d50000 - 0x00007ff99980c000 	D:\Program Files\Android Studio\jre\bin\server\jvm.dll
0x00007ff9d3d80000 - 0x00007ff9d3e2c000 	C:\WINDOWS\System32\ADVAPI32.dll
0x00007ff9d4750000 - 0x00007ff9d47eb000 	C:\WINDOWS\System32\sechost.dll
0x00007ff9d3e30000 - 0x00007ff9d3f5b000 	C:\WINDOWS\System32\RPCRT4.dll
0x00007ff9d3890000 - 0x00007ff9d3898000 	C:\WINDOWS\System32\PSAPI.DLL
0x00007ff9c0650000 - 0x00007ff9c0659000 	C:\WINDOWS\SYSTEM32\WSOCK32.dll
0x00007ff9d5250000 - 0x00007ff9d52bb000 	C:\WINDOWS\System32\WS2_32.dll
0x00007ff9cafb0000 - 0x00007ff9cafba000 	C:\WINDOWS\SYSTEM32\VERSION.dll
0x00007ff9c4670000 - 0x00007ff9c4697000 	C:\WINDOWS\SYSTEM32\WINMM.dll
0x00007ff9d0d00000 - 0x00007ff9d0d12000 	C:\WINDOWS\SYSTEM32\kernel.appcore.dll
0x00007ff9ce250000 - 0x00007ff9ce261000 	D:\Program Files\Android Studio\jre\bin\verify.dll
0x00007ff9c4810000 - 0x00007ff9c49f4000 	C:\WINDOWS\SYSTEM32\DBGHELP.DLL
0x00007ff9bcf10000 - 0x00007ff9bcf3c000 	C:\WINDOWS\SYSTEM32\dbgcore.DLL
0x00007ff9d2ea0000 - 0x00007ff9d2f23000 	C:\WINDOWS\System32\bcryptPrimitives.dll
0x00007ff9cc5f0000 - 0x00007ff9cc619000 	D:\Program Files\Android Studio\jre\bin\java.dll
0x00007ff9d0690000 - 0x00007ff9d069b000 	D:\Program Files\Android Studio\jre\bin\jimage.dll
0x00007ff9cc5d0000 - 0x00007ff9cc5e8000 	D:\Program Files\Android Studio\jre\bin\zip.dll
0x00007ff9d47f0000 - 0x00007ff9d4f2f000 	C:\WINDOWS\System32\SHELL32.dll
0x00007ff9d0f00000 - 0x00007ff9d1690000 	C:\WINDOWS\SYSTEM32\windows.storage.dll
0x00007ff9d3f60000 - 0x00007ff9d42b5000 	C:\WINDOWS\System32\combase.dll
0x00007ff9d2820000 - 0x00007ff9d284c000 	C:\WINDOWS\SYSTEM32\Wldp.dll
0x00007ff9d5340000 - 0x00007ff9d53ee000 	C:\WINDOWS\System32\SHCORE.dll
0x00007ff9d53f0000 - 0x00007ff9d5445000 	C:\WINDOWS\System32\shlwapi.dll
0x00007ff9d2cf0000 - 0x00007ff9d2d0f000 	C:\WINDOWS\SYSTEM32\profapi.dll
0x00007ff9cc590000 - 0x00007ff9cc5aa000 	D:\Program Files\Android Studio\jre\bin\net.dll
0x00007ff9c1c80000 - 0x00007ff9c1d8b000 	C:\WINDOWS\SYSTEM32\WINHTTP.dll
0x00007ff9d2590000 - 0x00007ff9d25fa000 	C:\WINDOWS\system32\mswsock.dll
0x00007ff9cc550000 - 0x00007ff9cc564000 	D:\Program Files\Android Studio\jre\bin\nio.dll
0x00007ff9bad60000 - 0x00007ff9bad87000 	C:\Users\Admin\.gradle\native\fdc75f09e3144964f2cf3f50f0aa648679c211496f362492102eb8c894070792\windows-amd64\native-platform.dll
0x00007ff99b1c0000 - 0x00007ff99b356000 	C:\Users\Admin\.gradle\native\12488b8bf47d2d4c9fbf2f6322a914ad602e24e48041cd04a747c6da556b65c4\windows-amd64\native-platform-file-events.dll
0x00007ff9ce440000 - 0x00007ff9ce44a000 	D:\Program Files\Android Studio\jre\bin\management.dll
0x00007ff9ce210000 - 0x00007ff9ce21c000 	D:\Program Files\Android Studio\jre\bin\management_ext.dll
0x00007ff9d2770000 - 0x00007ff9d2788000 	C:\WINDOWS\SYSTEM32\CRYPTSP.dll
0x00007ff9d1ec0000 - 0x00007ff9d1ef4000 	C:\WINDOWS\system32\rsaenh.dll
0x00007ff9d3230000 - 0x00007ff9d3257000 	C:\WINDOWS\System32\bcrypt.dll
0x00007ff9d2cb0000 - 0x00007ff9d2cde000 	C:\WINDOWS\SYSTEM32\USERENV.dll
0x00007ff9d2760000 - 0x00007ff9d276c000 	C:\WINDOWS\SYSTEM32\CRYPTBASE.dll
0x00007ff9d2230000 - 0x00007ff9d226b000 	C:\WINDOWS\SYSTEM32\IPHLPAPI.DLL
0x00007ff9d5240000 - 0x00007ff9d5248000 	C:\WINDOWS\System32\NSI.dll
0x00007ff9cb9c0000 - 0x00007ff9cb9d7000 	C:\WINDOWS\SYSTEM32\dhcpcsvc6.DLL
0x00007ff9cc8a0000 - 0x00007ff9cc8bd000 	C:\WINDOWS\SYSTEM32\dhcpcsvc.DLL
0x00007ff9d2270000 - 0x00007ff9d233c000 	C:\WINDOWS\SYSTEM32\DNSAPI.dll
0x00007ff9cc8c0000 - 0x00007ff9cc8cb000 	C:\WINDOWS\SYSTEM32\WINNSI.DLL

dbghelp: loaded successfully - version: 4.0.5 - missing functions: none
symbol engine: initialized successfully - sym options: 0x614 - pdb path: .;D:\Program Files\Android Studio\jre\bin;C:\WINDOWS\SYSTEM32;C:\WINDOWS\WinSxS\amd64_microsoft.windows.common-controls_6595b64144ccf1df_6.0.19041.1052_none_60b8f8fd71f5e8cb;D:\Program Files\Android Studio\jre\bin\server;C:\Users\Admin\.gradle\native\fdc75f09e3144964f2cf3f50f0aa648679c211496f362492102eb8c894070792\windows-amd64;C:\Users\Admin\.gradle\native\12488b8bf47d2d4c9fbf2f6322a914ad602e24e48041cd04a747c6da556b65c4\windows-amd64

VM Arguments:
jvm_args: --add-opens=java.base/java.util=ALL-UNNAMED --add-opens=java.base/java.lang=ALL-UNNAMED --add-opens=java.base/java.lang.invoke=ALL-UNNAMED --add-opens=java.prefs/java.util.prefs=ALL-UNNAMED -Xmx2048m -Dfile.encoding=UTF-8 -Duser.country=US -Duser.language=en -Duser.variant 
java_command: org.gradle.launcher.daemon.bootstrap.GradleDaemon 6.7.1
java_class_path (initial): C:\Users\Admin\.gradle\wrapper\dists\gradle-6.7.1-all\2moa8rlfac5eqlcfgk98k0deb\gradle-6.7.1\lib\gradle-launcher-6.7.1.jar
Launcher Type: SUN_STANDARD

[Global flags]
     intx CICompilerCount                          = 4                                         {product} {ergonomic}
     uint ConcGCThreads                            = 2                                         {product} {ergonomic}
     uint G1ConcRefinementThreads                  = 8                                         {product} {ergonomic}
   size_t G1HeapRegionSize                         = 1048576                                   {product} {ergonomic}
    uintx GCDrainStackTargetSize                   = 64                                        {product} {ergonomic}
   size_t InitialHeapSize                          = 132120576                                 {product} {ergonomic}
   size_t MarkStackSize                            = 4194304                                   {product} {ergonomic}
   size_t MaxHeapSize                              = 2147483648                                {product} {command line}
   size_t MaxNewSize                               = 1287651328                                {product} {ergonomic}
   size_t MinHeapDeltaBytes                        = 1048576                                   {product} {ergonomic}
    uintx NonNMethodCodeHeapSize                   = 5836300                                {pd product} {ergonomic}
    uintx NonProfiledCodeHeapSize                  = 122910970                              {pd product} {ergonomic}
    uintx ProfiledCodeHeapSize                     = 122910970                              {pd product} {ergonomic}
    uintx ReservedCodeCacheSize                    = 251658240                              {pd product} {ergonomic}
     bool SegmentedCodeCache                       = true                                      {product} {ergonomic}
     bool UseCompressedClassPointers               = true                                 {lp64_product} {ergonomic}
     bool UseCompressedOops                        = true                                 {lp64_product} {ergonomic}
     bool UseG1GC                                  = true                                      {product} {ergonomic}
     bool UseLargePagesIndividualAllocation        = false                                  {pd product} {ergonomic}

Logging:
Log output configuration:
 #0: stdout all=warning uptime,level,tags
 #1: stderr all=off uptime,level,tags

Environment Variables:
PATH=D:\Program Files\Python Interpreter\Scripts\;D:\Program Files\Python Interpreter\;C:\WINDOWS\system32;C:\WINDOWS;C:\WINDOWS\System32\Wbem;C:\WINDOWS\System32\WindowsPowerShell\v1.0\;C:\WINDOWS\System32\OpenSSH\;C:\Program Files\Microsoft SQL Server\Client SDK\ODBC\170\Tools\Binn\;D:\Program Files\SQL Server 2019\Shared_Featured\150\Tools\Binn\;C:\Program Files\Microsoft SQL Server\150\Tools\Binn\;C:\Program Files\Microsoft SQL Server\150\DTS\Binn\;D:\Program Files\SQL Server 2019\Shared_Featured\150\DTS\Binn\;C:\Program Files\dotnet\;C:\Program Files\Microsoft SQL Server\130\Tools\Binn\;C:\Program Files (x86)\dotnet\;D:\Program Files\Git\cmd;D:\Program Files\Python 3.8.7\Scripts\;D:\Program Files\Python 3.8.7\;C:\Users\Admin\AppData\Local\Microsoft\WindowsApps;D:\Program Files\IntelliJ IDEA 2020.3\bin;D:\Program Files\PyCharm 2020.3\bin;C:\Users\Admin\AppData\Local\GitHubDesktop\bin;C:\Program Files\Azure Data Studio\bin;D:\Program Files\Microsoft VS Code\bin;C:\Users\Admin\.dotnet\tools;D:\Program Files\PhpStorm 2020.3\bin
USERNAME=Admin
OS=Windows_NT
PROCESSOR_IDENTIFIER=Intel64 Family 6 Model 142 Stepping 10, GenuineIntel



---------------  S Y S T E M  ---------------

OS: Windows 10 , 64 bit Build 19041 (10.0.19041.1023)
OS uptime: 17 days 21:33 hours

CPU:total 8 (initial active 8) (4 cores per cpu, 2 threads per core) family 6 model 142 stepping 10, cmov, cx8, fxsr, mmx, sse, sse2, sse3, ssse3, sse4.1, sse4.2, popcnt, avx, avx2, aes, clmul, erms, 3dnowpref, lzcnt, ht, tsc, tscinvbit, bmi1, bmi2, adx, fma

Memory: 4k page, system-wide physical 8057M (413M free)
TotalPageFile size 22299M (AvailPageFile size 85M)
current process WorkingSet (physical memory assigned to process): 417M, peak: 451M
current process commit charge ("private bytes"): 558M, peak: 695M

vm_info: OpenJDK 64-Bit Server VM (11.0.8+10-b944.6842174) for windows-amd64 JRE (11.0.8+10-b944.6842174), built on Sep 19 2020 01:11:42 by "builder" with MS VC++ 14.0 (VS2015)

END.
