#
# There is insufficient memory for the Java Runtime Environment to continue.
# Native memory allocation (mmap) failed to map 213909504 bytes for Failed to commit area from 0x000000008dc00000 to 0x000000009a800000 of length 213909504.
# Possible reasons:
#   The system is out of physical RAM or swap space
#   The process is running with CompressedOops enabled, and the Java Heap may be blocking the growth of the native heap
# Possible solutions:
#   Reduce memory load on the system
#   Increase physical memory or swap space
#   Check if swap backing store is full
#   Decrease Java heap size (-Xmx/-Xms)
#   Decrease number of Java threads
#   Decrease Java thread stack sizes (-Xss)
#   Set larger code cache with -XX:ReservedCodeCacheSize=
#   JVM is running with Unscaled Compressed Oops mode in which the Java heap is
#     placed in the first 4GB address space. The Java Heap base address is the
#     maximum limit for the native heap growth. Please use -XX:HeapBaseMinAddress
#     to set the Java Heap base and to place the Java Heap above 4GB virtual address.
# This output file may be truncated or incomplete.
#
#  Out of Memory Error (./src/hotspot/os/windows/os_windows.cpp:3303), pid=10848, tid=3772
#
# JRE version: OpenJDK Runtime Environment (11.0.8+10) (build 11.0.8+10-b944.6842174)
# Java VM: OpenJDK 64-Bit Server VM (11.0.8+10-b944.6842174, mixed mode, tiered, compressed oops, g1 gc, windows-amd64)
# No core dump will be written. Minidumps are not enabled by default on client versions of Windows
#

---------------  S U M M A R Y ------------

Command Line: --add-opens=java.base/java.util=ALL-UNNAMED --add-opens=java.base/java.lang=ALL-UNNAMED --add-opens=java.base/java.lang.invoke=ALL-UNNAMED --add-opens=java.prefs/java.util.prefs=ALL-UNNAMED -Xmx2048m -Dfile.encoding=UTF-8 -Duser.country=US -Duser.language=en -Duser.variant org.gradle.launcher.daemon.bootstrap.GradleDaemon 6.7.1

Host: Intel(R) Core(TM) i5-8250U CPU @ 1.60GHz, 8 cores, 7G,  Windows 10 , 64 bit Build 19041 (10.0.19041.1023)
Time: Wed Jul  7 14:27:30 2021 SE Asia Standard Time elapsed time: 44 seconds (0d 0h 0m 44s)

---------------  T H R E A D  ---------------

Current thread (0x00000196edf30000):  VMThread "VM Thread" [stack: 0x000000763a300000,0x000000763a400000] [id=3772]

Stack: [0x000000763a300000,0x000000763a400000]
[error occurred during error reporting (printing stack bounds), id 0xc0000005, EXCEPTION_ACCESS_VIOLATION (0xc0000005) at pc=0x00000196d75c0dad]

Native frames: (J=compiled Java code, j=interpreted, Vv=VM code, C=native code)
V  [jvm.dll+0x5de50a]
V  [jvm.dll+0x7122f5]
V  [jvm.dll+0x71384d]
V  [jvm.dll+0x713e65]
V  [jvm.dll+0x713e1b]
V  [jvm.dll+0x5dd958]
V  [jvm.dll+0x5de0f8]
C  [ntdll.dll+0xa217f]
C  [ntdll.dll+0x51454]
C  [ntdll.dll+0xa0cae]
C  0x00000196d75c0dad

VM_Operation (0x00000076447fdeb0): G1CollectForAllocation, mode: safepoint, requested by thread 0x00000196f0de2800


---------------  P R O C E S S  ---------------

Threads class SMR info:
_java_thread_list=0x00000196f4629480, length=156, elements={
0x00000196d3c3c000, 0x00000196edf34000, 0x00000196edf3d000, 0x00000196ee8c2800,
0x00000196edf4a800, 0x00000196edf4b000, 0x00000196edf5c000, 0x00000196edf5d000,
0x00000196eea14000, 0x00000196eea1f800, 0x00000196f0220800, 0x00000196f00ba000,
0x00000196f0732000, 0x00000196f0f92800, 0x00000196f0b97800, 0x00000196f081b800,
0x00000196f0818000, 0x00000196f0815800, 0x00000196f081c000, 0x00000196f0816800,
0x00000196f0817800, 0x00000196f0819000, 0x00000196f081a800, 0x00000196f2afd000,
0x00000196f2afe000, 0x00000196f2aff000, 0x00000196f2af9000, 0x00000196f2afc800,
0x00000196f2aff800, 0x00000196f2afb800, 0x00000196f2afa000, 0x00000196f2b00800,
0x00000196f2afb000, 0x00000196f2b07000, 0x00000196f2b03000, 0x00000196f2b01800,
0x00000196f2b04000, 0x00000196f2b04800, 0x00000196f2b05800, 0x00000196f0743800,
0x00000196f0748000, 0x00000196f0750000, 0x00000196f074d800, 0x00000196f074e800,
0x00000196f0751000, 0x00000196f0751800, 0x00000196f074f000, 0x00000196f4cf6000,
0x00000196f4cf6800, 0x00000196f4cf4800, 0x00000196f4cfa000, 0x00000196f4cf8800,
0x00000196f4cf7800, 0x00000196f4cf9000, 0x00000196f4cfb000, 0x00000196f4cf5000,
0x00000196f4cfc800, 0x00000196f4cff000, 0x00000196f4cff800, 0x00000196f4d01800,
0x00000196f4d00800, 0x00000196f4cfb800, 0x00000196f4d02000, 0x00000196f4d03000,
0x00000196f4cfe000, 0x00000196f4cfd800, 0x00000196f4ce9000, 0x00000196f4cea000,
0x00000196f4ce6000, 0x00000196f4ce6800, 0x00000196f4ce7800, 0x00000196f4ce4800,
0x00000196f4ceb000, 0x00000196f4ce5000, 0x00000196f4cec800, 0x00000196f4ce8800,
0x00000196f4cf1800, 0x00000196f4cee000, 0x00000196f4cef800, 0x00000196f4ceb800,
0x00000196f4ced800, 0x00000196f4cef000, 0x00000196f4cf2000, 0x00000196f4cf3000,
0x00000196f4cf0800, 0x00000196f4e48800, 0x00000196f4e49800, 0x00000196f4e48000,
0x00000196f4e50000, 0x00000196f4e4e800, 0x00000196f4e4a800, 0x00000196f4e51000,
0x00000196f4e4b000, 0x00000196f4e4c000, 0x00000196f4e4f000, 0x00000196f4e52800,
0x00000196f4e51800, 0x00000196f4e4d000, 0x00000196f4e53800, 0x00000196f4e4d800,
0x00000196f4e54000, 0x00000196f4e55800, 0x00000196f4e55000, 0x00000196f4e56800,
0x00000196f513f000, 0x00000196f5140000, 0x00000196f5140800, 0x00000196f513e800,
0x00000196f5141800, 0x00000196f5145000, 0x00000196f5145800, 0x00000196f5148000,
0x00000196f5142800, 0x00000196f5147800, 0x00000196f5146800, 0x00000196f5149000,
0x00000196f5143000, 0x00000196f5149800, 0x00000196f5144000, 0x00000196f514b800,
0x00000196f514d000, 0x00000196f514c000, 0x00000196f0743000, 0x00000196f074a000,
0x00000196f0749800, 0x00000196f0747000, 0x00000196f0746000, 0x00000196f074b000,
0x00000196f0745800, 0x00000196f074c000, 0x00000196f074c800, 0x00000196f2b02000,
0x00000196f2b06000, 0x00000196f2b08000, 0x00000196f081a000, 0x00000196f5ad8800,
0x00000196f5ada800, 0x00000196f5ad4800, 0x00000196f5ad5800, 0x00000196f5ad8000,
0x00000196f5ad6800, 0x00000196f5adb000, 0x00000196f5ad7000, 0x00000196f0ddc000,
0x00000196f0ddd000, 0x00000196f0ddd800, 0x00000196f0de1000, 0x00000196f0dde800,
0x00000196f0ddf000, 0x00000196f0de0000, 0x00000196f0ddb000, 0x00000196f0de5000,
0x00000196f0de2800, 0x00000196f0de4000, 0x00000196f0de3800, 0x00000196f0de6000
}

Java Threads: ( => current thread )
  0x00000196d3c3c000 JavaThread "main" [_thread_blocked, id=2192, stack(0x0000007639d00000,0x0000007639e00000)]
  0x00000196edf34000 JavaThread "Reference Handler" daemon [_thread_blocked, id=2100, stack(0x000000763a400000,0x000000763a500000)]
  0x00000196edf3d000 JavaThread "Finalizer" daemon [_thread_blocked, id=10016, stack(0x000000763a500000,0x000000763a600000)]
  0x00000196ee8c2800 JavaThread "Signal Dispatcher" daemon [_thread_blocked, id=6328, stack(0x000000763a600000,0x000000763a700000)]
  0x00000196edf4a800 JavaThread "Attach Listener" daemon [_thread_blocked, id=10444, stack(0x000000763a700000,0x000000763a800000)]
  0x00000196edf4b000 JavaThread "C2 CompilerThread0" daemon [_thread_blocked, id=14096, stack(0x000000763a800000,0x000000763a900000)]
  0x00000196edf5c000 JavaThread "C1 CompilerThread0" daemon [_thread_blocked, id=13832, stack(0x000000763a900000,0x000000763aa00000)]
  0x00000196edf5d000 JavaThread "Sweeper thread" daemon [_thread_blocked, id=1468, stack(0x000000763aa00000,0x000000763ab00000)]
  0x00000196eea14000 JavaThread "Common-Cleaner" daemon [_thread_blocked, id=10200, stack(0x000000763ab00000,0x000000763ac00000)]
  0x00000196eea1f800 JavaThread "Service Thread" daemon [_thread_blocked, id=14824, stack(0x000000763ac00000,0x000000763ad00000)]
  0x00000196f0220800 JavaThread "Daemon health stats" [_thread_blocked, id=11400, stack(0x000000763b000000,0x000000763b100000)]
  0x00000196f00ba000 JavaThread "Incoming local TCP Connector on port 53371" [_thread_in_native, id=11848, stack(0x000000763b300000,0x000000763b400000)]
  0x00000196f0732000 JavaThread "Daemon periodic checks" [_thread_blocked, id=9168, stack(0x000000763b400000,0x000000763b500000)]
  0x00000196f0f92800 JavaThread "Daemon" [_thread_blocked, id=6684, stack(0x000000763b500000,0x000000763b600000)]
  0x00000196f0b97800 JavaThread "Daemon worker" [_thread_blocked, id=3796, stack(0x000000763b800000,0x000000763b900000)]
  0x00000196f081b800 JavaThread "Cache worker for file hash cache (C:\Users\Admin\.gradle\caches\6.7.1\fileHashes)" [_thread_blocked, id=15200, stack(0x000000763c100000,0x000000763c200000)]
  0x00000196f0818000 JavaThread "File lock request listener" [_thread_in_native, id=13256, stack(0x000000763c200000,0x000000763c300000)]
  0x00000196f0815800 JavaThread "Cache worker for journal cache (C:\Users\Admin\.gradle\caches\journal-1)" [_thread_blocked, id=6652, stack(0x000000763c400000,0x000000763c500000)]
  0x00000196f081c000 JavaThread "jar transforms" [_thread_blocked, id=1020, stack(0x000000763c700000,0x000000763c800000)]
  0x00000196f0816800 JavaThread "jar transforms Thread 2" [_thread_blocked, id=2928, stack(0x000000763c800000,0x000000763c900000)]
  0x00000196f0817800 JavaThread "jar transforms Thread 3" [_thread_blocked, id=2984, stack(0x000000763c900000,0x000000763ca00000)]
  0x00000196f0819000 JavaThread "jar transforms Thread 4" [_thread_blocked, id=9772, stack(0x000000763ca00000,0x000000763cb00000)]
  0x00000196f081a800 JavaThread "jar transforms Thread 5" [_thread_blocked, id=5144, stack(0x000000763cb00000,0x000000763cc00000)]
  0x00000196f2afd000 JavaThread "jar transforms Thread 6" [_thread_blocked, id=6232, stack(0x000000763cc00000,0x000000763cd00000)]
  0x00000196f2afe000 JavaThread "jar transforms Thread 7" [_thread_blocked, id=9160, stack(0x000000763cd00000,0x000000763ce00000)]
  0x00000196f2aff000 JavaThread "jar transforms Thread 8" [_thread_blocked, id=8096, stack(0x000000763ce00000,0x000000763cf00000)]
  0x00000196f2af9000 JavaThread "jar transforms Thread 9" [_thread_blocked, id=9480, stack(0x000000763cf00000,0x000000763d000000)]
  0x00000196f2afc800 JavaThread "jar transforms Thread 10" [_thread_blocked, id=9184, stack(0x000000763d000000,0x000000763d100000)]
  0x00000196f2aff800 JavaThread "jar transforms Thread 11" [_thread_blocked, id=12736, stack(0x000000763d100000,0x000000763d200000)]
  0x00000196f2afb800 JavaThread "jar transforms Thread 12" [_thread_blocked, id=1268, stack(0x000000763d200000,0x000000763d300000)]
  0x00000196f2afa000 JavaThread "jar transforms Thread 13" [_thread_blocked, id=10896, stack(0x000000763d300000,0x000000763d400000)]
  0x00000196f2b00800 JavaThread "jar transforms Thread 14" [_thread_blocked, id=5948, stack(0x000000763d400000,0x000000763d500000)]
  0x00000196f2afb000 JavaThread "jar transforms Thread 15" [_thread_blocked, id=6072, stack(0x000000763d500000,0x000000763d600000)]
  0x00000196f2b07000 JavaThread "jar transforms Thread 16" [_thread_blocked, id=1288, stack(0x000000763d600000,0x000000763d700000)]
  0x00000196f2b03000 JavaThread "jar transforms Thread 17" [_thread_blocked, id=9188, stack(0x000000763d700000,0x000000763d800000)]
  0x00000196f2b01800 JavaThread "jar transforms Thread 18" [_thread_blocked, id=11724, stack(0x000000763d800000,0x000000763d900000)]
  0x00000196f2b04000 JavaThread "jar transforms Thread 19" [_thread_blocked, id=9020, stack(0x000000763d900000,0x000000763da00000)]
  0x00000196f2b04800 JavaThread "jar transforms Thread 20" [_thread_blocked, id=14476, stack(0x000000763da00000,0x000000763db00000)]
  0x00000196f2b05800 JavaThread "jar transforms Thread 21" [_thread_blocked, id=4496, stack(0x000000763db00000,0x000000763dc00000)]
  0x00000196f0743800 JavaThread "Cache worker for execution history cache (C:\Users\Admin\.gradle\caches\6.7.1\executionHistory)" [_thread_blocked, id=8892, stack(0x000000763df00000,0x000000763e000000)]
  0x00000196f0748000 JavaThread "Cache worker for file content cache (C:\Users\Admin\.gradle\caches\6.7.1\fileContent)" [_thread_blocked, id=6304, stack(0x000000763c500000,0x000000763c600000)]
  0x00000196f0750000 JavaThread "jar transforms Thread 22" [_thread_blocked, id=6336, stack(0x000000763ea00000,0x000000763eb00000)]
  0x00000196f074d800 JavaThread "jar transforms Thread 23" [_thread_blocked, id=15356, stack(0x000000763eb00000,0x000000763ec00000)]
  0x00000196f074e800 JavaThread "jar transforms Thread 24" [_thread_blocked, id=11572, stack(0x000000763ec00000,0x000000763ed00000)]
  0x00000196f0751000 JavaThread "jar transforms Thread 25" [_thread_blocked, id=8536, stack(0x000000763ed00000,0x000000763ee00000)]
  0x00000196f0751800 JavaThread "jar transforms Thread 26" [_thread_blocked, id=14948, stack(0x000000763ee00000,0x000000763ef00000)]
  0x00000196f074f000 JavaThread "jar transforms Thread 27" [_thread_blocked, id=14484, stack(0x000000763ef00000,0x000000763f000000)]
  0x00000196f4cf6000 JavaThread "jar transforms Thread 28" [_thread_blocked, id=7336, stack(0x000000763f000000,0x000000763f100000)]
  0x00000196f4cf6800 JavaThread "jar transforms Thread 29" [_thread_blocked, id=11888, stack(0x000000763f100000,0x000000763f200000)]
  0x00000196f4cf4800 JavaThread "jar transforms Thread 30" [_thread_blocked, id=4340, stack(0x000000763f200000,0x000000763f300000)]
  0x00000196f4cfa000 JavaThread "jar transforms Thread 31" [_thread_blocked, id=3336, stack(0x000000763f300000,0x000000763f400000)]
  0x00000196f4cf8800 JavaThread "jar transforms Thread 32" [_thread_blocked, id=8500, stack(0x000000763f400000,0x000000763f500000)]
  0x00000196f4cf7800 JavaThread "jar transforms Thread 33" [_thread_blocked, id=15224, stack(0x000000763f500000,0x000000763f600000)]
  0x00000196f4cf9000 JavaThread "jar transforms Thread 34" [_thread_blocked, id=11868, stack(0x000000763f600000,0x000000763f700000)]
  0x00000196f4cfb000 JavaThread "jar transforms Thread 35" [_thread_blocked, id=11432, stack(0x000000763f700000,0x000000763f800000)]
  0x00000196f4cf5000 JavaThread "jar transforms Thread 36" [_thread_blocked, id=14448, stack(0x000000763f800000,0x000000763f900000)]
  0x00000196f4cfc800 JavaThread "jar transforms Thread 37" [_thread_blocked, id=10824, stack(0x000000763f900000,0x000000763fa00000)]
  0x00000196f4cff000 JavaThread "jar transforms Thread 38" [_thread_blocked, id=14276, stack(0x000000763fa00000,0x000000763fb00000)]
  0x00000196f4cff800 JavaThread "jar transforms Thread 39" [_thread_blocked, id=14900, stack(0x000000763fb00000,0x000000763fc00000)]
  0x00000196f4d01800 JavaThread "jar transforms Thread 40" [_thread_blocked, id=11692, stack(0x000000763fc00000,0x000000763fd00000)]
  0x00000196f4d00800 JavaThread "jar transforms Thread 41" [_thread_blocked, id=15352, stack(0x000000763fd00000,0x000000763fe00000)]
  0x00000196f4cfb800 JavaThread "jar transforms Thread 42" [_thread_blocked, id=3168, stack(0x000000763fe00000,0x000000763ff00000)]
  0x00000196f4d02000 JavaThread "jar transforms Thread 43" [_thread_blocked, id=1448, stack(0x000000763ff00000,0x0000007640000000)]
  0x00000196f4d03000 JavaThread "jar transforms Thread 44" [_thread_blocked, id=14848, stack(0x0000007640000000,0x0000007640100000)]
  0x00000196f4cfe000 JavaThread "jar transforms Thread 45" [_thread_blocked, id=8280, stack(0x0000007640100000,0x0000007640200000)]
  0x00000196f4cfd800 JavaThread "jar transforms Thread 46" [_thread_blocked, id=9460, stack(0x0000007640200000,0x0000007640300000)]
  0x00000196f4ce9000 JavaThread "jar transforms Thread 47" [_thread_blocked, id=14560, stack(0x0000007640300000,0x0000007640400000)]
  0x00000196f4cea000 JavaThread "jar transforms Thread 48" [_thread_blocked, id=14772, stack(0x0000007640400000,0x0000007640500000)]
  0x00000196f4ce6000 JavaThread "jar transforms Thread 49" [_thread_blocked, id=13528, stack(0x0000007640500000,0x0000007640600000)]
  0x00000196f4ce6800 JavaThread "jar transforms Thread 50" [_thread_blocked, id=476, stack(0x0000007640600000,0x0000007640700000)]
  0x00000196f4ce7800 JavaThread "jar transforms Thread 51" [_thread_blocked, id=4896, stack(0x0000007640700000,0x0000007640800000)]
  0x00000196f4ce4800 JavaThread "jar transforms Thread 52" [_thread_blocked, id=9668, stack(0x0000007640800000,0x0000007640900000)]
  0x00000196f4ceb000 JavaThread "jar transforms Thread 53" [_thread_blocked, id=5192, stack(0x0000007640900000,0x0000007640a00000)]
  0x00000196f4ce5000 JavaThread "jar transforms Thread 54" [_thread_blocked, id=8436, stack(0x0000007640a00000,0x0000007640b00000)]
  0x00000196f4cec800 JavaThread "jar transforms Thread 55" [_thread_blocked, id=7744, stack(0x0000007640b00000,0x0000007640c00000)]
  0x00000196f4ce8800 JavaThread "jar transforms Thread 56" [_thread_blocked, id=9936, stack(0x0000007640c00000,0x0000007640d00000)]
  0x00000196f4cf1800 JavaThread "jar transforms Thread 57" [_thread_blocked, id=996, stack(0x0000007640d00000,0x0000007640e00000)]
  0x00000196f4cee000 JavaThread "jar transforms Thread 58" [_thread_blocked, id=7516, stack(0x0000007640e00000,0x0000007640f00000)]
  0x00000196f4cef800 JavaThread "jar transforms Thread 59" [_thread_blocked, id=10316, stack(0x0000007640f00000,0x0000007641000000)]
  0x00000196f4ceb800 JavaThread "jar transforms Thread 60" [_thread_blocked, id=8752, stack(0x0000007641000000,0x0000007641100000)]
  0x00000196f4ced800 JavaThread "jar transforms Thread 61" [_thread_blocked, id=5944, stack(0x0000007641100000,0x0000007641200000)]
  0x00000196f4cef000 JavaThread "jar transforms Thread 62" [_thread_blocked, id=12328, stack(0x0000007641200000,0x0000007641300000)]
  0x00000196f4cf2000 JavaThread "jar transforms Thread 63" [_thread_blocked, id=9824, stack(0x0000007641300000,0x0000007641400000)]
  0x00000196f4cf3000 JavaThread "jar transforms Thread 64" [_thread_blocked, id=336, stack(0x0000007641400000,0x0000007641500000)]
  0x00000196f4cf0800 JavaThread "jar transforms Thread 65" [_thread_blocked, id=7548, stack(0x0000007641500000,0x0000007641600000)]
  0x00000196f4e48800 JavaThread "jar transforms Thread 66" [_thread_blocked, id=8560, stack(0x0000007641600000,0x0000007641700000)]
  0x00000196f4e49800 JavaThread "jar transforms Thread 67" [_thread_blocked, id=4044, stack(0x0000007641700000,0x0000007641800000)]
  0x00000196f4e48000 JavaThread "jar transforms Thread 68" [_thread_blocked, id=6028, stack(0x0000007641800000,0x0000007641900000)]
  0x00000196f4e50000 JavaThread "jar transforms Thread 69" [_thread_blocked, id=10548, stack(0x0000007641900000,0x0000007641a00000)]
  0x00000196f4e4e800 JavaThread "jar transforms Thread 70" [_thread_blocked, id=6244, stack(0x0000007641a00000,0x0000007641b00000)]
  0x00000196f4e4a800 JavaThread "jar transforms Thread 71" [_thread_blocked, id=4132, stack(0x0000007641b00000,0x0000007641c00000)]
  0x00000196f4e51000 JavaThread "jar transforms Thread 72" [_thread_blocked, id=13300, stack(0x0000007641c00000,0x0000007641d00000)]
  0x00000196f4e4b000 JavaThread "jar transforms Thread 73" [_thread_blocked, id=10592, stack(0x0000007641d00000,0x0000007641e00000)]
  0x00000196f4e4c000 JavaThread "jar transforms Thread 74" [_thread_blocked, id=7800, stack(0x0000007641e00000,0x0000007641f00000)]
  0x00000196f4e4f000 JavaThread "jar transforms Thread 75" [_thread_blocked, id=14904, stack(0x0000007641f00000,0x0000007642000000)]
  0x00000196f4e52800 JavaThread "jar transforms Thread 76" [_thread_blocked, id=14204, stack(0x0000007642000000,0x0000007642100000)]
  0x00000196f4e51800 JavaThread "jar transforms Thread 77" [_thread_blocked, id=14768, stack(0x0000007642100000,0x0000007642200000)]
  0x00000196f4e4d000 JavaThread "jar transforms Thread 78" [_thread_blocked, id=5668, stack(0x0000007642200000,0x0000007642300000)]
  0x00000196f4e53800 JavaThread "jar transforms Thread 79" [_thread_blocked, id=13252, stack(0x0000007642300000,0x0000007642400000)]
  0x00000196f4e4d800 JavaThread "jar transforms Thread 80" [_thread_blocked, id=5200, stack(0x0000007642400000,0x0000007642500000)]
  0x00000196f4e54000 JavaThread "jar transforms Thread 81" [_thread_blocked, id=10452, stack(0x0000007642500000,0x0000007642600000)]
  0x00000196f4e55800 JavaThread "jar transforms Thread 82" [_thread_blocked, id=7880, stack(0x0000007642600000,0x0000007642700000)]
  0x00000196f4e55000 JavaThread "jar transforms Thread 83" [_thread_blocked, id=10724, stack(0x0000007642700000,0x0000007642800000)]
  0x00000196f4e56800 JavaThread "jar transforms Thread 84" [_thread_blocked, id=14316, stack(0x0000007642800000,0x0000007642900000)]
  0x00000196f513f000 JavaThread "jar transforms Thread 85" [_thread_blocked, id=10236, stack(0x0000007642900000,0x0000007642a00000)]
  0x00000196f5140000 JavaThread "jar transforms Thread 86" [_thread_blocked, id=5880, stack(0x0000007642a00000,0x0000007642b00000)]
  0x00000196f5140800 JavaThread "jar transforms Thread 87" [_thread_blocked, id=8832, stack(0x0000007642b00000,0x0000007642c00000)]
  0x00000196f513e800 JavaThread "jar transforms Thread 88" [_thread_blocked, id=7996, stack(0x0000007642c00000,0x0000007642d00000)]
  0x00000196f5141800 JavaThread "jar transforms Thread 89" [_thread_blocked, id=12344, stack(0x0000007642d00000,0x0000007642e00000)]
  0x00000196f5145000 JavaThread "jar transforms Thread 90" [_thread_blocked, id=13740, stack(0x0000007642e00000,0x0000007642f00000)]
  0x00000196f5145800 JavaThread "jar transforms Thread 91" [_thread_blocked, id=10908, stack(0x0000007642f00000,0x0000007643000000)]
  0x00000196f5148000 JavaThread "jar transforms Thread 92" [_thread_blocked, id=9856, stack(0x0000007643000000,0x0000007643100000)]
  0x00000196f5142800 JavaThread "jar transforms Thread 93" [_thread_blocked, id=10248, stack(0x0000007643100000,0x0000007643200000)]
  0x00000196f5147800 JavaThread "jar transforms Thread 94" [_thread_blocked, id=4868, stack(0x0000007643200000,0x0000007643300000)]
  0x00000196f5146800 JavaThread "jar transforms Thread 95" [_thread_blocked, id=13640, stack(0x0000007643300000,0x0000007643400000)]
  0x00000196f5149000 JavaThread "jar transforms Thread 96" [_thread_blocked, id=980, stack(0x0000007643400000,0x0000007643500000)]
  0x00000196f5143000 JavaThread "jar transforms Thread 97" [_thread_blocked, id=13436, stack(0x0000007643500000,0x0000007643600000)]
  0x00000196f5149800 JavaThread "jar transforms Thread 98" [_thread_blocked, id=11348, stack(0x0000007643600000,0x0000007643700000)]
  0x00000196f5144000 JavaThread "jar transforms Thread 99" [_thread_blocked, id=5380, stack(0x0000007643700000,0x0000007643800000)]
  0x00000196f514b800 JavaThread "Memory manager" [_thread_blocked, id=4216, stack(0x0000007643800000,0x0000007643900000)]
  0x00000196f514d000 JavaThread "Handler for socket connection from /127.0.0.1:53371 to /127.0.0.1:55130" [_thread_in_native, id=13764, stack(0x000000763b600000,0x000000763b700000)]
  0x00000196f514c000 JavaThread "Cancel handler" [_thread_blocked, id=9344, stack(0x000000763b700000,0x000000763b800000)]
  0x00000196f0743000 JavaThread "Asynchronous log dispatcher for DefaultDaemonConnection: socket connection from /127.0.0.1:53371 to /127.0.0.1:55130" [_thread_blocked, id=15340, stack(0x000000763ba00000,0x000000763bb00000)]
  0x00000196f074a000 JavaThread "Stdin handler" [_thread_blocked, id=11948, stack(0x000000763bb00000,0x000000763bc00000)]
  0x00000196f0749800 JavaThread "Thread-138" [_thread_blocked, id=14820, stack(0x000000763c600000,0x000000763c700000)]
  0x00000196f0747000 JavaThread "Cache worker for file hash cache (C:\Users\Admin\Desktop\PRM391_assignment\.gradle\6.7.1\fileHashes)" [_thread_blocked, id=12160, stack(0x000000763dc00000,0x000000763dd00000)]
  0x00000196f0746000 JavaThread "Cache worker for checksums cache (C:\Users\Admin\Desktop\PRM391_assignment\.gradle\checksums)" [_thread_blocked, id=14428, stack(0x000000763dd00000,0x000000763de00000)]
  0x00000196f074b000 JavaThread "Cache worker for cache directory md-supplier (C:\Users\Admin\.gradle\caches\6.7.1\md-supplier)" [_thread_blocked, id=1564, stack(0x000000763de00000,0x000000763df00000)]
  0x00000196f0745800 JavaThread "Cache worker for cache directory md-rule (C:\Users\Admin\.gradle\caches\6.7.1\md-rule)" [_thread_blocked, id=7108, stack(0x000000763e000000,0x000000763e100000)]
  0x00000196f074c000 JavaThread "Cache worker for Build Output Cleanup Cache (C:\Users\Admin\Desktop\PRM391_assignment\.gradle\buildOutputCleanup)" [_thread_blocked, id=3536, stack(0x000000763e100000,0x000000763e200000)]
  0x00000196f074c800 JavaThread "Build operations" [_thread_blocked, id=13836, stack(0x000000763e200000,0x000000763e300000)]
  0x00000196f2b02000 JavaThread "Build operations Thread 2" [_thread_blocked, id=12496, stack(0x000000763e300000,0x000000763e400000)]
  0x00000196f2b06000 JavaThread "Build operations Thread 3" [_thread_blocked, id=12812, stack(0x000000763e400000,0x000000763e500000)]
  0x00000196f2b08000 JavaThread "Build operations Thread 4" [_thread_blocked, id=7192, stack(0x000000763e500000,0x000000763e600000)]
  0x00000196f081a000 JavaThread "Build operations Thread 5" [_thread_blocked, id=2740, stack(0x000000763e600000,0x000000763e700000)]
  0x00000196f5ad8800 JavaThread "Build operations Thread 6" [_thread_blocked, id=14340, stack(0x000000763e700000,0x000000763e800000)]
  0x00000196f5ada800 JavaThread "Build operations Thread 7" [_thread_blocked, id=5020, stack(0x000000763e800000,0x000000763e900000)]
  0x00000196f5ad4800 JavaThread "Build operations Thread 8" [_thread_blocked, id=3880, stack(0x000000763e900000,0x000000763ea00000)]
  0x00000196f5ad5800 JavaThread "build event listener" [_thread_blocked, id=10376, stack(0x0000007643a00000,0x0000007643b00000)]
  0x00000196f5ad8000 JavaThread "build event listener" [_thread_blocked, id=3088, stack(0x0000007643b00000,0x0000007643c00000)]
  0x00000196f5ad6800 JavaThread "Execution worker for ':'" [_thread_blocked, id=9752, stack(0x0000007643c00000,0x0000007643d00000)]
  0x00000196f5adb000 JavaThread "Execution worker for ':' Thread 2" [_thread_blocked, id=8304, stack(0x0000007643d00000,0x0000007643e00000)]
  0x00000196f5ad7000 JavaThread "Execution worker for ':' Thread 3" [_thread_blocked, id=9832, stack(0x0000007643e00000,0x0000007643f00000)]
  0x00000196f0ddc000 JavaThread "Execution worker for ':' Thread 4" [_thread_blocked, id=8724, stack(0x0000007643f00000,0x0000007644000000)]
  0x00000196f0ddd000 JavaThread "Execution worker for ':' Thread 5" [_thread_blocked, id=132, stack(0x0000007644000000,0x0000007644100000)]
  0x00000196f0ddd800 JavaThread "Execution worker for ':' Thread 6" [_thread_blocked, id=13004, stack(0x0000007644100000,0x0000007644200000)]
  0x00000196f0de1000 JavaThread "Execution worker for ':' Thread 7" [_thread_blocked, id=12588, stack(0x0000007644200000,0x0000007644300000)]
  0x00000196f0dde800 JavaThread "Cache worker for execution history cache (C:\Users\Admin\Desktop\PRM391_assignment\.gradle\6.7.1\executionHistory)" [_thread_blocked, id=3792, stack(0x0000007644300000,0x0000007644400000)]
  0x00000196f0ddf000 JavaThread "WorkerExecutor Queue" [_thread_blocked, id=6096, stack(0x0000007644400000,0x0000007644500000)]
  0x00000196f0de0000 JavaThread "ForkJoinPool.commonPool-worker-3" daemon [_thread_blocked, id=13960, stack(0x000000763b900000,0x000000763ba00000)]
  0x00000196f0ddb000 JavaThread "ForkJoinPool.commonPool-worker-5" daemon [_thread_blocked, id=9064, stack(0x0000007644500000,0x0000007644600000)]
  0x00000196f0de5000 JavaThread "ForkJoinPool.commonPool-worker-7" daemon [_thread_blocked, id=12976, stack(0x0000007644600000,0x0000007644700000)]
  0x00000196f0de2800 JavaThread "ForkJoinPool.commonPool-worker-9" daemon [_thread_blocked, id=5976, stack(0x0000007644700000,0x0000007644800000)]
  0x00000196f0de4000 JavaThread "ForkJoinPool.commonPool-worker-11" daemon [_thread_blocked, id=9476, stack(0x0000007644800000,0x0000007644900000)]
  0x00000196f0de3800 JavaThread "ForkJoinPool.commonPool-worker-13" daemon [_thread_blocked, id=14568, stack(0x0000007644900000,0x0000007644a00000)]
  0x00000196f0de6000 JavaThread "ForkJoinPool.commonPool-worker-15" daemon [_thread_blocked, id=1464, stack(0x0000007644a00000,0x0000007644b00000)]

Other Threads:
=>0x00000196edf30000 VMThread "VM Thread" [stack: 0x000000763a300000,0x000000763a400000] [id=3772]
  0x00000196eea20800 WatcherThread [stack: 0x000000763ad00000,0x000000763ae00000] [id=4380]
  0x00000196d3c53800 GCTaskThread "GC Thread#0" [stack: 0x0000007639e00000,0x0000007639f00000] [id=11160]
  0x00000196ef3a0800 GCTaskThread "GC Thread#1" [stack: 0x000000763ae00000,0x000000763af00000] [id=7088]
  0x00000196ef357000 GCTaskThread "GC Thread#2" [stack: 0x000000763af00000,0x000000763b000000] [id=5748]
  0x00000196efed0800 GCTaskThread "GC Thread#3" [stack: 0x000000763bc00000,0x000000763bd00000] [id=8468]
  0x00000196f0b92800 GCTaskThread "GC Thread#4" [stack: 0x000000763bd00000,0x000000763be00000] [id=4412]
  0x00000196f0432000 GCTaskThread "GC Thread#5" [stack: 0x000000763be00000,0x000000763bf00000] [id=13584]
  0x00000196f1012000 GCTaskThread "GC Thread#6" [stack: 0x000000763bf00000,0x000000763c000000] [id=6812]
  0x00000196f1560800 GCTaskThread "GC Thread#7" [stack: 0x000000763c000000,0x000000763c100000] [id=11388]
  0x00000196d3c86000 ConcurrentGCThread "G1 Main Marker" [stack: 0x0000007639f00000,0x000000763a000000] [id=9952]
  0x00000196d3c89800 ConcurrentGCThread "G1 Conc#0" [stack: 0x000000763a000000,0x000000763a100000] [id=5644]
  0x00000196f02a2000 ConcurrentGCThread "G1 Conc#1" [stack: 0x000000763c300000,0x000000763c400000] [id=10108]
  0x00000196d3d17000 ConcurrentGCThread "G1 Refine#0" [stack: 0x000000763a100000,0x000000763a200000] [id=14564]
  0x00000196edd80800 ConcurrentGCThread "G1 Young RemSet Sampling" [stack: 0x000000763a200000,0x000000763a300000] [id=1560]

Threads with active compile tasks:
C2 CompilerThread0  44194 12729 %     4       com.android.tools.r8.graph.B::a @ 45 (173 bytes)
C1 CompilerThread0  44194 12722       2       com.android.tools.r8.utils.V::e (290 bytes)

VM state:at safepoint (normal execution)

VM Mutex/Monitor currently owned by a thread:  ([mutex/lock_event])
[0x00000196d3c37c70] Threads_lock - owner thread: 0x00000196edf30000
[0x00000196d3c36950] Heap_lock - owner thread: 0x00000196f0de2800

Heap address: 0x0000000080000000, size: 2048 MB, Compressed Oops mode: 32-bit
Narrow klass base: 0x0000000000000000, Narrow klass shift: 3
Compressed class space size: 1073741824 Address: 0x0000000100000000

Heap:
 garbage-first heap   total 434176K, used 174899K [0x0000000080000000, 0x0000000100000000)
  region size 1024K, 3 young (3072K), 3 survivors (3072K)
 Metaspace       used 106637K, capacity 109665K, committed 109952K, reserved 1144832K
  class space    used 13620K, capacity 14609K, committed 14720K, reserved 1048576K
Heap Regions: E=young(eden), S=young(survivor), O=old, HS=humongous(starts), HC=humongous(continues), CS=collection set, F=free, A=archive, TAMS=top-at-mark-start (previous, next)
|   0|0x0000000080000000, 0x0000000080100000, 0x0000000080100000|100%| O|  |TAMS 0x0000000080100000, 0x0000000080000000| Untracked 
|   1|0x0000000080100000, 0x0000000080200000, 0x0000000080200000|100%| O|  |TAMS 0x0000000080200000, 0x0000000080100000| Untracked 
|   2|0x0000000080200000, 0x0000000080300000, 0x0000000080300000|100%| O|  |TAMS 0x0000000080300000, 0x0000000080200000| Untracked 
|   3|0x0000000080300000, 0x0000000080400000, 0x0000000080400000|100%|HS|  |TAMS 0x0000000080400000, 0x0000000080300000| Complete 
|   4|0x0000000080400000, 0x0000000080500000, 0x0000000080500000|100%|HC|  |TAMS 0x0000000080500000, 0x0000000080400000| Complete 
|   5|0x0000000080500000, 0x0000000080600000, 0x0000000080600000|100%|HC|  |TAMS 0x0000000080600000, 0x0000000080500000| Complete 
|   6|0x0000000080600000, 0x0000000080700000, 0x0000000080700000|100%| O|  |TAMS 0x0000000080700000, 0x0000000080600000| Untracked 
|   7|0x0000000080700000, 0x0000000080800000, 0x0000000080800000|100%| O|  |TAMS 0x0000000080800000, 0x0000000080700000| Untracked 
|   8|0x0000000080800000, 0x0000000080900000, 0x0000000080900000|100%| O|  |TAMS 0x0000000080900000, 0x0000000080800000| Untracked 
|   9|0x0000000080900000, 0x0000000080a00000, 0x0000000080a00000|100%| O|  |TAMS 0x0000000080a00000, 0x0000000080900000| Untracked 
|  10|0x0000000080a00000, 0x0000000080b00000, 0x0000000080b00000|100%| O|  |TAMS 0x0000000080b00000, 0x0000000080a00000| Untracked 
|  11|0x0000000080b00000, 0x0000000080c00000, 0x0000000080c00000|100%| O|  |TAMS 0x0000000080c00000, 0x0000000080b00000| Untracked 
|  12|0x0000000080c00000, 0x0000000080d00000, 0x0000000080d00000|100%| O|  |TAMS 0x0000000080d00000, 0x0000000080c00000| Untracked 
|  13|0x0000000080d00000, 0x0000000080e00000, 0x0000000080e00000|100%| O|  |TAMS 0x0000000080e00000, 0x0000000080d00000| Untracked 
|  14|0x0000000080e00000, 0x0000000080f00000, 0x0000000080f00000|100%| O|  |TAMS 0x0000000080f00000, 0x0000000080e00000| Untracked 
|  15|0x0000000080f00000, 0x0000000081000000, 0x0000000081000000|100%| O|  |TAMS 0x0000000081000000, 0x0000000080f00000| Untracked 
|  16|0x0000000081000000, 0x0000000081100000, 0x0000000081100000|100%|HS|  |TAMS 0x0000000081100000, 0x0000000081000000| Complete 
|  17|0x0000000081100000, 0x0000000081200000, 0x0000000081200000|100%|HC|  |TAMS 0x0000000081200000, 0x0000000081100000| Complete 
|  18|0x0000000081200000, 0x0000000081300000, 0x0000000081300000|100%|HS|  |TAMS 0x0000000081300000, 0x0000000081200000| Complete 
|  19|0x0000000081300000, 0x0000000081400000, 0x0000000081400000|100%|HC|  |TAMS 0x0000000081400000, 0x0000000081300000| Complete 
|  20|0x0000000081400000, 0x0000000081500000, 0x0000000081500000|100%|HC|  |TAMS 0x0000000081500000, 0x0000000081400000| Complete 
|  21|0x0000000081500000, 0x0000000081600000, 0x0000000081600000|100%|HS|  |TAMS 0x0000000081600000, 0x0000000081500000| Complete 
|  22|0x0000000081600000, 0x0000000081700000, 0x0000000081700000|100%|HC|  |TAMS 0x0000000081700000, 0x0000000081600000| Complete 
|  23|0x0000000081700000, 0x0000000081800000, 0x0000000081800000|100%|HC|  |TAMS 0x0000000081800000, 0x0000000081700000| Complete 
|  24|0x0000000081800000, 0x0000000081900000, 0x0000000081900000|100%|HC|  |TAMS 0x0000000081900000, 0x0000000081800000| Complete 
|  25|0x0000000081900000, 0x0000000081a00000, 0x0000000081a00000|100%| O|  |TAMS 0x0000000081a00000, 0x0000000081900000| Untracked 
|  26|0x0000000081a00000, 0x0000000081b00000, 0x0000000081b00000|100%| O|  |TAMS 0x0000000081b00000, 0x0000000081a00000| Untracked 
|  27|0x0000000081b00000, 0x0000000081c00000, 0x0000000081c00000|100%| O|  |TAMS 0x0000000081c00000, 0x0000000081b00000| Untracked 
|  28|0x0000000081c00000, 0x0000000081d00000, 0x0000000081d00000|100%| O|  |TAMS 0x0000000081d00000, 0x0000000081c00000| Untracked 
|  29|0x0000000081d00000, 0x0000000081e00000, 0x0000000081e00000|100%| O|  |TAMS 0x0000000081e00000, 0x0000000081d00000| Untracked 
|  30|0x0000000081e00000, 0x0000000081f00000, 0x0000000081f00000|100%| O|  |TAMS 0x0000000081f00000, 0x0000000081e00000| Untracked 
|  31|0x0000000081f00000, 0x0000000082000000, 0x0000000082000000|100%| O|  |TAMS 0x0000000082000000, 0x0000000081f00000| Untracked 
|  32|0x0000000082000000, 0x0000000082100000, 0x0000000082100000|100%|HS|  |TAMS 0x0000000082100000, 0x0000000082000000| Complete 
|  33|0x0000000082100000, 0x0000000082200000, 0x0000000082200000|100%|HC|  |TAMS 0x0000000082200000, 0x0000000082100000| Complete 
|  34|0x0000000082200000, 0x0000000082300000, 0x0000000082300000|100%|HC|  |TAMS 0x0000000082300000, 0x0000000082200000| Complete 
|  35|0x0000000082300000, 0x0000000082400000, 0x0000000082400000|100%|HC|  |TAMS 0x0000000082400000, 0x0000000082300000| Complete 
|  36|0x0000000082400000, 0x0000000082500000, 0x0000000082500000|100%|HS|  |TAMS 0x0000000082500000, 0x0000000082400000| Complete 
|  37|0x0000000082500000, 0x0000000082600000, 0x0000000082600000|100%|HC|  |TAMS 0x0000000082600000, 0x0000000082500000| Complete 
|  38|0x0000000082600000, 0x0000000082700000, 0x0000000082700000|100%|HC|  |TAMS 0x0000000082700000, 0x0000000082600000| Complete 
|  39|0x0000000082700000, 0x0000000082800000, 0x0000000082800000|100%| O|  |TAMS 0x0000000082800000, 0x0000000082700000| Untracked 
|  40|0x0000000082800000, 0x0000000082900000, 0x0000000082900000|100%| O|  |TAMS 0x0000000082900000, 0x0000000082800000| Untracked 
|  41|0x0000000082900000, 0x0000000082a00000, 0x0000000082a00000|100%| O|  |TAMS 0x0000000082a00000, 0x0000000082900000| Untracked 
|  42|0x0000000082a00000, 0x0000000082b00000, 0x0000000082b00000|100%| O|  |TAMS 0x0000000082b00000, 0x0000000082a00000| Untracked 
|  43|0x0000000082b00000, 0x0000000082c00000, 0x0000000082c00000|100%| O|  |TAMS 0x0000000082c00000, 0x0000000082b00000| Untracked 
|  44|0x0000000082c00000, 0x0000000082d00000, 0x0000000082d00000|100%| O|  |TAMS 0x0000000082d00000, 0x0000000082c00000| Untracked 
|  45|0x0000000082d00000, 0x0000000082e00000, 0x0000000082e00000|100%| O|  |TAMS 0x0000000082e00000, 0x0000000082d00000| Untracked 
|  46|0x0000000082e00000, 0x0000000082f00000, 0x0000000082f00000|100%| O|  |TAMS 0x0000000082f00000, 0x0000000082e00000| Untracked 
|  47|0x0000000082f00000, 0x0000000083000000, 0x0000000083000000|100%|HS|  |TAMS 0x0000000083000000, 0x0000000082f00000| Complete 
|  48|0x0000000083000000, 0x0000000083100000, 0x0000000083100000|100%| O|  |TAMS 0x0000000083100000, 0x0000000083000000| Untracked 
|  49|0x0000000083100000, 0x0000000083200000, 0x0000000083200000|100%| O|  |TAMS 0x0000000083200000, 0x0000000083100000| Untracked 
|  50|0x0000000083200000, 0x0000000083300000, 0x0000000083300000|100%|HS|  |TAMS 0x0000000083300000, 0x0000000083200000| Complete 
|  51|0x0000000083300000, 0x0000000083400000, 0x0000000083400000|100%|HC|  |TAMS 0x0000000083400000, 0x0000000083300000| Complete 
|  52|0x0000000083400000, 0x0000000083500000, 0x0000000083500000|100%| O|  |TAMS 0x0000000083500000, 0x0000000083400000| Untracked 
|  53|0x0000000083500000, 0x0000000083600000, 0x0000000083600000|100%| O|  |TAMS 0x0000000083600000, 0x0000000083500000| Untracked 
|  54|0x0000000083600000, 0x0000000083700000, 0x0000000083700000|100%| O|  |TAMS 0x0000000083700000, 0x0000000083600000| Untracked 
|  55|0x0000000083700000, 0x0000000083800000, 0x0000000083800000|100%| O|  |TAMS 0x0000000083800000, 0x0000000083700000| Untracked 
|  56|0x0000000083800000, 0x0000000083900000, 0x0000000083900000|100%| O|  |TAMS 0x0000000083900000, 0x0000000083800000| Untracked 
|  57|0x0000000083900000, 0x0000000083a00000, 0x0000000083a00000|100%| O|  |TAMS 0x0000000083a00000, 0x0000000083900000| Untracked 
|  58|0x0000000083a00000, 0x0000000083b00000, 0x0000000083b00000|100%| O|  |TAMS 0x0000000083b00000, 0x0000000083a00000| Untracked 
|  59|0x0000000083b00000, 0x0000000083c00000, 0x0000000083c00000|100%| O|  |TAMS 0x0000000083c00000, 0x0000000083b00000| Untracked 
|  60|0x0000000083c00000, 0x0000000083d00000, 0x0000000083d00000|100%| O|  |TAMS 0x0000000083d00000, 0x0000000083c00000| Untracked 
|  61|0x0000000083d00000, 0x0000000083e00000, 0x0000000083e00000|100%| O|  |TAMS 0x0000000083e00000, 0x0000000083d00000| Untracked 
|  62|0x0000000083e00000, 0x0000000083f00000, 0x0000000083f00000|100%| O|  |TAMS 0x0000000083f00000, 0x0000000083e00000| Untracked 
|  63|0x0000000083f00000, 0x0000000084000000, 0x0000000084000000|100%| O|  |TAMS 0x0000000084000000, 0x0000000083f00000| Untracked 
|  64|0x0000000084000000, 0x0000000084100000, 0x0000000084100000|100%| O|  |TAMS 0x0000000084100000, 0x0000000084000000| Untracked 
|  65|0x0000000084100000, 0x0000000084200000, 0x0000000084200000|100%| O|  |TAMS 0x0000000084200000, 0x0000000084100000| Untracked 
|  66|0x0000000084200000, 0x0000000084300000, 0x0000000084300000|100%| O|  |TAMS 0x0000000084300000, 0x0000000084200000| Untracked 
|  67|0x0000000084300000, 0x0000000084400000, 0x0000000084400000|100%| O|  |TAMS 0x0000000084400000, 0x0000000084300000| Untracked 
|  68|0x0000000084400000, 0x0000000084500000, 0x0000000084500000|100%| O|  |TAMS 0x0000000084500000, 0x0000000084400000| Untracked 
|  69|0x0000000084500000, 0x0000000084600000, 0x0000000084600000|100%| O|  |TAMS 0x0000000084600000, 0x0000000084500000| Untracked 
|  70|0x0000000084600000, 0x0000000084700000, 0x0000000084700000|100%| O|  |TAMS 0x0000000084700000, 0x0000000084600000| Untracked 
|  71|0x0000000084700000, 0x0000000084800000, 0x0000000084800000|100%| O|  |TAMS 0x0000000084800000, 0x0000000084700000| Untracked 
|  72|0x0000000084800000, 0x0000000084900000, 0x0000000084900000|100%| O|  |TAMS 0x0000000084900000, 0x0000000084800000| Untracked 
|  73|0x0000000084900000, 0x0000000084a00000, 0x0000000084a00000|100%| O|  |TAMS 0x0000000084a00000, 0x0000000084900000| Untracked 
|  74|0x0000000084a00000, 0x0000000084b00000, 0x0000000084b00000|100%| O|  |TAMS 0x0000000084b00000, 0x0000000084a00000| Untracked 
|  75|0x0000000084b00000, 0x0000000084c00000, 0x0000000084c00000|100%| O|  |TAMS 0x0000000084c00000, 0x0000000084b00000| Untracked 
|  76|0x0000000084c00000, 0x0000000084d00000, 0x0000000084d00000|100%| O|  |TAMS 0x0000000084d00000, 0x0000000084c00000| Untracked 
|  77|0x0000000084d00000, 0x0000000084e00000, 0x0000000084e00000|100%| O|  |TAMS 0x0000000084e00000, 0x0000000084d00000| Untracked 
|  78|0x0000000084e00000, 0x0000000084f00000, 0x0000000084f00000|100%| O|  |TAMS 0x0000000084f00000, 0x0000000084e00000| Untracked 
|  79|0x0000000084f00000, 0x0000000085000000, 0x0000000085000000|100%| O|  |TAMS 0x0000000085000000, 0x0000000084f00000| Untracked 
|  80|0x0000000085000000, 0x0000000085100000, 0x0000000085100000|100%| O|  |TAMS 0x0000000085100000, 0x0000000085000000| Untracked 
|  81|0x0000000085100000, 0x0000000085200000, 0x0000000085200000|100%| O|  |TAMS 0x0000000085200000, 0x0000000085100000| Untracked 
|  82|0x0000000085200000, 0x0000000085300000, 0x0000000085300000|100%| O|  |TAMS 0x0000000085300000, 0x0000000085200000| Untracked 
|  83|0x0000000085300000, 0x0000000085400000, 0x0000000085400000|100%| O|  |TAMS 0x0000000085400000, 0x0000000085300000| Untracked 
|  84|0x0000000085400000, 0x0000000085500000, 0x0000000085500000|100%| O|  |TAMS 0x0000000085500000, 0x0000000085400000| Untracked 
|  85|0x0000000085500000, 0x0000000085600000, 0x0000000085600000|100%| O|  |TAMS 0x0000000085600000, 0x0000000085500000| Untracked 
|  86|0x0000000085600000, 0x0000000085700000, 0x0000000085700000|100%| O|  |TAMS 0x0000000085700000, 0x0000000085600000| Untracked 
|  87|0x0000000085700000, 0x0000000085800000, 0x0000000085800000|100%| O|  |TAMS 0x0000000085800000, 0x0000000085700000| Untracked 
|  88|0x0000000085800000, 0x0000000085900000, 0x0000000085900000|100%| O|  |TAMS 0x0000000085900000, 0x0000000085800000| Untracked 
|  89|0x0000000085900000, 0x0000000085a00000, 0x0000000085a00000|100%|HS|  |TAMS 0x0000000085a00000, 0x0000000085900000| Complete 
|  90|0x0000000085a00000, 0x0000000085b00000, 0x0000000085b00000|100%|HC|  |TAMS 0x0000000085b00000, 0x0000000085a00000| Complete 
|  91|0x0000000085b00000, 0x0000000085c00000, 0x0000000085c00000|100%| O|  |TAMS 0x0000000085c00000, 0x0000000085b00000| Untracked 
|  92|0x0000000085c00000, 0x0000000085d00000, 0x0000000085d00000|100%| O|  |TAMS 0x0000000085d00000, 0x0000000085c00000| Untracked 
|  93|0x0000000085d00000, 0x0000000085e00000, 0x0000000085e00000|100%| O|  |TAMS 0x0000000085e00000, 0x0000000085d00000| Untracked 
|  94|0x0000000085e00000, 0x0000000085f00000, 0x0000000085f00000|100%| O|  |TAMS 0x0000000085f00000, 0x0000000085e00000| Untracked 
|  95|0x0000000085f00000, 0x0000000086000000, 0x0000000086000000|100%| O|  |TAMS 0x0000000086000000, 0x0000000085f00000| Untracked 
|  96|0x0000000086000000, 0x0000000086100000, 0x0000000086100000|100%| O|  |TAMS 0x0000000086100000, 0x0000000086000000| Untracked 
|  97|0x0000000086100000, 0x0000000086200000, 0x0000000086200000|100%| O|  |TAMS 0x0000000086200000, 0x0000000086100000| Untracked 
|  98|0x0000000086200000, 0x0000000086300000, 0x0000000086300000|100%| O|  |TAMS 0x0000000086300000, 0x0000000086200000| Untracked 
|  99|0x0000000086300000, 0x0000000086400000, 0x0000000086400000|100%| O|  |TAMS 0x0000000086400000, 0x0000000086300000| Untracked 
| 100|0x0000000086400000, 0x0000000086500000, 0x0000000086500000|100%| O|  |TAMS 0x0000000086500000, 0x0000000086400000| Untracked 
| 101|0x0000000086500000, 0x0000000086600000, 0x0000000086600000|100%| O|  |TAMS 0x0000000086600000, 0x0000000086500000| Untracked 
| 102|0x0000000086600000, 0x0000000086700000, 0x0000000086700000|100%| O|  |TAMS 0x0000000086700000, 0x0000000086600000| Untracked 
| 103|0x0000000086700000, 0x0000000086800000, 0x0000000086800000|100%| O|  |TAMS 0x0000000086800000, 0x0000000086700000| Untracked 
| 104|0x0000000086800000, 0x0000000086900000, 0x0000000086900000|100%| O|  |TAMS 0x0000000086900000, 0x0000000086800000| Untracked 
| 105|0x0000000086900000, 0x0000000086a00000, 0x0000000086a00000|100%| O|  |TAMS 0x0000000086a00000, 0x0000000086900000| Untracked 
| 106|0x0000000086a00000, 0x0000000086b00000, 0x0000000086b00000|100%| O|  |TAMS 0x0000000086b00000, 0x0000000086a00000| Untracked 
| 107|0x0000000086b00000, 0x0000000086c00000, 0x0000000086c00000|100%| O|  |TAMS 0x0000000086c00000, 0x0000000086b00000| Untracked 
| 108|0x0000000086c00000, 0x0000000086d00000, 0x0000000086d00000|100%| O|  |TAMS 0x0000000086d00000, 0x0000000086c00000| Untracked 
| 109|0x0000000086d00000, 0x0000000086e00000, 0x0000000086e00000|100%| O|  |TAMS 0x0000000086e00000, 0x0000000086d00000| Untracked 
| 110|0x0000000086e00000, 0x0000000086f00000, 0x0000000086f00000|100%| O|  |TAMS 0x0000000086f00000, 0x0000000086e00000| Untracked 
| 111|0x0000000086f00000, 0x0000000087000000, 0x0000000087000000|100%| O|  |TAMS 0x0000000087000000, 0x0000000086f00000| Untracked 
| 112|0x0000000087000000, 0x0000000087100000, 0x0000000087100000|100%| O|  |TAMS 0x0000000087100000, 0x0000000087000000| Untracked 
| 113|0x0000000087100000, 0x0000000087200000, 0x0000000087200000|100%| O|  |TAMS 0x0000000087200000, 0x0000000087100000| Untracked 
| 114|0x0000000087200000, 0x0000000087300000, 0x0000000087300000|100%| O|  |TAMS 0x0000000087300000, 0x0000000087200000| Untracked 
| 115|0x0000000087300000, 0x0000000087400000, 0x0000000087400000|100%| O|  |TAMS 0x0000000087400000, 0x0000000087300000| Untracked 
| 116|0x0000000087400000, 0x0000000087500000, 0x0000000087500000|100%| O|  |TAMS 0x0000000087500000, 0x0000000087400000| Untracked 
| 117|0x0000000087500000, 0x0000000087600000, 0x0000000087600000|100%| O|  |TAMS 0x0000000087600000, 0x0000000087500000| Untracked 
| 118|0x0000000087600000, 0x0000000087700000, 0x0000000087700000|100%| O|  |TAMS 0x0000000087700000, 0x0000000087600000| Untracked 
| 119|0x0000000087700000, 0x0000000087800000, 0x0000000087800000|100%| O|  |TAMS 0x0000000087800000, 0x0000000087700000| Untracked 
| 120|0x0000000087800000, 0x0000000087900000, 0x0000000087900000|100%| O|  |TAMS 0x0000000087900000, 0x0000000087800000| Untracked 
| 121|0x0000000087900000, 0x0000000087a00000, 0x0000000087a00000|100%| O|  |TAMS 0x0000000087a00000, 0x0000000087900000| Untracked 
| 122|0x0000000087a00000, 0x0000000087b00000, 0x0000000087b00000|100%| O|  |TAMS 0x0000000087b00000, 0x0000000087a00000| Untracked 
| 123|0x0000000087b00000, 0x0000000087c00000, 0x0000000087c00000|100%| O|  |TAMS 0x0000000087c00000, 0x0000000087b00000| Untracked 
| 124|0x0000000087c00000, 0x0000000087d00000, 0x0000000087d00000|100%| O|  |TAMS 0x0000000087d00000, 0x0000000087c00000| Untracked 
| 125|0x0000000087d00000, 0x0000000087e00000, 0x0000000087e00000|100%| O|  |TAMS 0x0000000087e00000, 0x0000000087d00000| Untracked 
| 126|0x0000000087e00000, 0x0000000087f00000, 0x0000000087f00000|100%| O|  |TAMS 0x0000000087f00000, 0x0000000087e00000| Untracked 
| 127|0x0000000087f00000, 0x0000000088000000, 0x0000000088000000|100%| O|  |TAMS 0x0000000088000000, 0x0000000087f00000| Untracked 
| 128|0x0000000088000000, 0x0000000088100000, 0x0000000088100000|100%| O|  |TAMS 0x0000000088100000, 0x0000000088000000| Untracked 
| 129|0x0000000088100000, 0x0000000088200000, 0x0000000088200000|100%| O|  |TAMS 0x0000000088200000, 0x0000000088100000| Untracked 
| 130|0x0000000088200000, 0x0000000088300000, 0x0000000088300000|100%| O|  |TAMS 0x0000000088300000, 0x0000000088200000| Untracked 
| 131|0x0000000088300000, 0x0000000088400000, 0x0000000088400000|100%| O|  |TAMS 0x0000000088400000, 0x0000000088300000| Untracked 
| 132|0x0000000088400000, 0x0000000088500000, 0x0000000088500000|100%| O|  |TAMS 0x0000000088500000, 0x0000000088400000| Untracked 
| 133|0x0000000088500000, 0x0000000088600000, 0x0000000088600000|100%| O|  |TAMS 0x0000000088600000, 0x0000000088500000| Untracked 
| 134|0x0000000088600000, 0x0000000088700000, 0x0000000088700000|100%| O|  |TAMS 0x0000000088700000, 0x0000000088600000| Untracked 
| 135|0x0000000088700000, 0x0000000088800000, 0x0000000088800000|100%| O|  |TAMS 0x0000000088800000, 0x0000000088700000| Untracked 
| 136|0x0000000088800000, 0x0000000088900000, 0x0000000088900000|100%| O|  |TAMS 0x00000000888c6c00, 0x0000000088800000| Untracked 
| 137|0x0000000088900000, 0x0000000088a00000, 0x0000000088a00000|100%| O|  |TAMS 0x0000000088900000, 0x0000000088900000| Untracked 
| 138|0x0000000088a00000, 0x0000000088b00000, 0x0000000088b00000|100%| O|  |TAMS 0x0000000088a00000, 0x0000000088a00000| Untracked 
| 139|0x0000000088b00000, 0x0000000088c00000, 0x0000000088c00000|100%| O|  |TAMS 0x0000000088b00000, 0x0000000088b00000| Untracked 
| 140|0x0000000088c00000, 0x0000000088d00000, 0x0000000088d00000|100%| O|  |TAMS 0x0000000088c00000, 0x0000000088c00000| Untracked 
| 141|0x0000000088d00000, 0x0000000088e00000, 0x0000000088e00000|100%| O|  |TAMS 0x0000000088d00000, 0x0000000088d00000| Untracked 
| 142|0x0000000088e00000, 0x0000000088f00000, 0x0000000088f00000|100%| O|  |TAMS 0x0000000088e00000, 0x0000000088e00000| Untracked 
| 143|0x0000000088f00000, 0x0000000089000000, 0x0000000089000000|100%| O|  |TAMS 0x0000000088f00000, 0x0000000088f00000| Untracked 
| 144|0x0000000089000000, 0x0000000089100000, 0x0000000089100000|100%| O|  |TAMS 0x0000000089000000, 0x0000000089000000| Untracked 
| 145|0x0000000089100000, 0x0000000089200000, 0x0000000089200000|100%| O|  |TAMS 0x0000000089100000, 0x0000000089100000| Untracked 
| 146|0x0000000089200000, 0x0000000089300000, 0x0000000089300000|100%| O|  |TAMS 0x0000000089200000, 0x0000000089200000| Untracked 
| 147|0x0000000089300000, 0x0000000089400000, 0x0000000089400000|100%| O|  |TAMS 0x0000000089300000, 0x0000000089300000| Untracked 
| 148|0x0000000089400000, 0x0000000089500000, 0x0000000089500000|100%| O|  |TAMS 0x0000000089400000, 0x0000000089400000| Untracked 
| 149|0x0000000089500000, 0x0000000089600000, 0x0000000089600000|100%| O|  |TAMS 0x0000000089500000, 0x0000000089500000| Untracked 
| 150|0x0000000089600000, 0x0000000089700000, 0x0000000089700000|100%| O|  |TAMS 0x0000000089600000, 0x0000000089600000| Untracked 
| 151|0x0000000089700000, 0x0000000089800000, 0x0000000089800000|100%| O|  |TAMS 0x0000000089700000, 0x0000000089700000| Untracked 
| 152|0x0000000089800000, 0x0000000089900000, 0x0000000089900000|100%| O|  |TAMS 0x0000000089800000, 0x0000000089800000| Untracked 
| 153|0x0000000089900000, 0x0000000089a00000, 0x0000000089a00000|100%| O|  |TAMS 0x0000000089900000, 0x0000000089900000| Untracked 
| 154|0x0000000089a00000, 0x0000000089b00000, 0x0000000089b00000|100%| O|  |TAMS 0x0000000089a00000, 0x0000000089a00000| Untracked 
| 155|0x0000000089b00000, 0x0000000089c00000, 0x0000000089c00000|100%| O|  |TAMS 0x0000000089b00000, 0x0000000089b00000| Untracked 
| 156|0x0000000089c00000, 0x0000000089d00000, 0x0000000089d00000|100%| O|  |TAMS 0x0000000089c00000, 0x0000000089c00000| Untracked 
| 157|0x0000000089d00000, 0x0000000089e00000, 0x0000000089e00000|100%| O|  |TAMS 0x0000000089d00000, 0x0000000089d00000| Untracked 
| 158|0x0000000089e00000, 0x0000000089f00000, 0x0000000089f00000|100%| O|  |TAMS 0x0000000089e00000, 0x0000000089e00000| Untracked 
| 159|0x0000000089f00000, 0x000000008a000000, 0x000000008a000000|100%| O|  |TAMS 0x0000000089f00000, 0x0000000089f00000| Untracked 
| 160|0x000000008a000000, 0x000000008a100000, 0x000000008a100000|100%| O|  |TAMS 0x000000008a000000, 0x000000008a000000| Untracked 
| 161|0x000000008a100000, 0x000000008a200000, 0x000000008a200000|100%| O|  |TAMS 0x000000008a100000, 0x000000008a100000| Untracked 
| 162|0x000000008a200000, 0x000000008a300000, 0x000000008a300000|100%| O|  |TAMS 0x000000008a200000, 0x000000008a200000| Untracked 
| 163|0x000000008a300000, 0x000000008a400000, 0x000000008a400000|100%| O|  |TAMS 0x000000008a300000, 0x000000008a300000| Untracked 
| 164|0x000000008a400000, 0x000000008a500000, 0x000000008a500000|100%| O|  |TAMS 0x000000008a400000, 0x000000008a400000| Untracked 
| 165|0x000000008a500000, 0x000000008a600000, 0x000000008a600000|100%| O|  |TAMS 0x000000008a500000, 0x000000008a500000| Untracked 
| 166|0x000000008a600000, 0x000000008a700000, 0x000000008a700000|100%| O|  |TAMS 0x000000008a600000, 0x000000008a600000| Untracked 
| 167|0x000000008a700000, 0x000000008a7cce00, 0x000000008a800000| 80%| O|  |TAMS 0x000000008a700000, 0x000000008a700000| Untracked 
| 168|0x000000008a800000, 0x000000008a800000, 0x000000008a900000|  0%| F|  |TAMS 0x000000008a800000, 0x000000008a800000| Untracked 
| 169|0x000000008a900000, 0x000000008a900000, 0x000000008aa00000|  0%| F|  |TAMS 0x000000008a900000, 0x000000008a900000| Untracked 
| 170|0x000000008aa00000, 0x000000008aa00000, 0x000000008ab00000|  0%| F|  |TAMS 0x000000008aa00000, 0x000000008aa00000| Untracked 
| 171|0x000000008ab00000, 0x000000008ab00000, 0x000000008ac00000|  0%| F|  |TAMS 0x000000008ab00000, 0x000000008ab00000| Untracked 
| 172|0x000000008ac00000, 0x000000008ac00000, 0x000000008ad00000|  0%| F|  |TAMS 0x000000008ac00000, 0x000000008ac00000| Untracked 
| 173|0x000000008ad00000, 0x000000008ad00000, 0x000000008ae00000|  0%| F|  |TAMS 0x000000008ad00000, 0x000000008ad00000| Untracked 
| 174|0x000000008ae00000, 0x000000008ae00000, 0x000000008af00000|  0%| F|  |TAMS 0x000000008ae00000, 0x000000008ae00000| Untracked 
| 175|0x000000008af00000, 0x000000008af00000, 0x000000008b000000|  0%| F|  |TAMS 0x000000008af00000, 0x000000008af00000| Untracked 
| 176|0x000000008b000000, 0x000000008b000000, 0x000000008b100000|  0%| F|  |TAMS 0x000000008b000000, 0x000000008b000000| Untracked 
| 177|0x000000008b100000, 0x000000008b100000, 0x000000008b200000|  0%| F|  |TAMS 0x000000008b100000, 0x000000008b100000| Untracked 
| 178|0x000000008b200000, 0x000000008b200000, 0x000000008b300000|  0%| F|  |TAMS 0x000000008b200000, 0x000000008b200000| Untracked 
| 179|0x000000008b300000, 0x000000008b300000, 0x000000008b400000|  0%| F|  |TAMS 0x000000008b300000, 0x000000008b300000| Untracked 
| 180|0x000000008b400000, 0x000000008b400000, 0x000000008b500000|  0%| F|  |TAMS 0x000000008b400000, 0x000000008b400000| Untracked 
| 181|0x000000008b500000, 0x000000008b500000, 0x000000008b600000|  0%| F|  |TAMS 0x000000008b500000, 0x000000008b500000| Untracked 
| 182|0x000000008b600000, 0x000000008b600000, 0x000000008b700000|  0%| F|  |TAMS 0x000000008b600000, 0x000000008b600000| Untracked 
| 183|0x000000008b700000, 0x000000008b700000, 0x000000008b800000|  0%| F|  |TAMS 0x000000008b700000, 0x000000008b700000| Untracked 
| 184|0x000000008b800000, 0x000000008b800000, 0x000000008b900000|  0%| F|  |TAMS 0x000000008b800000, 0x000000008b800000| Untracked 
| 185|0x000000008b900000, 0x000000008b900000, 0x000000008ba00000|  0%| F|  |TAMS 0x000000008b900000, 0x000000008b900000| Untracked 
| 186|0x000000008ba00000, 0x000000008ba00000, 0x000000008bb00000|  0%| F|  |TAMS 0x000000008ba00000, 0x000000008ba00000| Untracked 
| 187|0x000000008bb00000, 0x000000008bb00000, 0x000000008bc00000|  0%| F|  |TAMS 0x000000008bb00000, 0x000000008bb00000| Untracked 
| 188|0x000000008bc00000, 0x000000008bc00000, 0x000000008bd00000|  0%| F|  |TAMS 0x000000008bc00000, 0x000000008bc00000| Untracked 
| 189|0x000000008bd00000, 0x000000008bd00000, 0x000000008be00000|  0%| F|  |TAMS 0x000000008bd00000, 0x000000008bd00000| Untracked 
| 190|0x000000008be00000, 0x000000008be00000, 0x000000008bf00000|  0%| F|  |TAMS 0x000000008be00000, 0x000000008be00000| Untracked 
| 191|0x000000008bf00000, 0x000000008bf00000, 0x000000008c000000|  0%| F|  |TAMS 0x000000008bf00000, 0x000000008bf00000| Untracked 
| 192|0x000000008c000000, 0x000000008c000000, 0x000000008c100000|  0%| F|  |TAMS 0x000000008c000000, 0x000000008c000000| Untracked 
| 193|0x000000008c100000, 0x000000008c100000, 0x000000008c200000|  0%| F|  |TAMS 0x000000008c100000, 0x000000008c100000| Untracked 
| 194|0x000000008c200000, 0x000000008c200000, 0x000000008c300000|  0%| F|  |TAMS 0x000000008c200000, 0x000000008c200000| Untracked 
| 195|0x000000008c300000, 0x000000008c300000, 0x000000008c400000|  0%| F|  |TAMS 0x000000008c300000, 0x000000008c300000| Untracked 
| 196|0x000000008c400000, 0x000000008c400000, 0x000000008c500000|  0%| F|  |TAMS 0x000000008c400000, 0x000000008c400000| Untracked 
| 197|0x000000008c500000, 0x000000008c600000, 0x000000008c600000|100%| S|CS|TAMS 0x000000008c500000, 0x000000008c500000| Complete 
| 198|0x000000008c600000, 0x000000008c700000, 0x000000008c700000|100%| S|CS|TAMS 0x000000008c600000, 0x000000008c600000| Complete 
| 199|0x000000008c700000, 0x000000008c800000, 0x000000008c800000|100%| S|CS|TAMS 0x000000008c700000, 0x000000008c700000| Complete 
| 200|0x000000008c800000, 0x000000008c800000, 0x000000008c900000|  0%| F|  |TAMS 0x000000008c800000, 0x000000008c800000| Untracked 
| 201|0x000000008c900000, 0x000000008c900000, 0x000000008ca00000|  0%| F|  |TAMS 0x000000008c900000, 0x000000008c900000| Untracked 
| 202|0x000000008ca00000, 0x000000008ca00000, 0x000000008cb00000|  0%| F|  |TAMS 0x000000008ca00000, 0x000000008ca00000| Untracked 
| 203|0x000000008cb00000, 0x000000008cb00000, 0x000000008cc00000|  0%| F|  |TAMS 0x000000008cb00000, 0x000000008cb00000| Untracked 
| 204|0x000000008cc00000, 0x000000008cc00000, 0x000000008cd00000|  0%| F|  |TAMS 0x000000008cc00000, 0x000000008cc00000| Untracked 
| 205|0x000000008cd00000, 0x000000008cd00000, 0x000000008ce00000|  0%| F|  |TAMS 0x000000008cd00000, 0x000000008cd00000| Untracked 
| 206|0x000000008ce00000, 0x000000008ce00000, 0x000000008cf00000|  0%| F|  |TAMS 0x000000008ce00000, 0x000000008ce00000| Untracked 
| 207|0x000000008cf00000, 0x000000008cf00000, 0x000000008d000000|  0%| F|  |TAMS 0x000000008cf00000, 0x000000008cf00000| Untracked 
| 208|0x000000008d000000, 0x000000008d000000, 0x000000008d100000|  0%| F|  |TAMS 0x000000008d000000, 0x000000008d000000| Untracked 
| 209|0x000000008d100000, 0x000000008d100000, 0x000000008d200000|  0%| F|  |TAMS 0x000000008d100000, 0x000000008d100000| Untracked 
| 210|0x000000008d200000, 0x000000008d200000, 0x000000008d300000|  0%| F|  |TAMS 0x000000008d200000, 0x000000008d200000| Untracked 
| 211|0x000000008d300000, 0x000000008d300000, 0x000000008d400000|  0%| F|  |TAMS 0x000000008d300000, 0x000000008d300000| Untracked 
| 212|0x000000008d400000, 0x000000008d400000, 0x000000008d500000|  0%| F|  |TAMS 0x000000008d400000, 0x000000008d400000| Untracked 
| 213|0x000000008d500000, 0x000000008d500000, 0x000000008d600000|  0%| F|  |TAMS 0x000000008d500000, 0x000000008d500000| Untracked 
| 214|0x000000008d600000, 0x000000008d600000, 0x000000008d700000|  0%| F|  |TAMS 0x000000008d600000, 0x000000008d600000| Untracked 
| 215|0x000000008d700000, 0x000000008d700000, 0x000000008d800000|  0%| F|  |TAMS 0x000000008d700000, 0x000000008d700000| Untracked 
| 216|0x000000008d800000, 0x000000008d800000, 0x000000008d900000|  0%| F|  |TAMS 0x000000008d800000, 0x000000008d800000| Untracked 
| 217|0x000000008d900000, 0x000000008d900000, 0x000000008da00000|  0%| F|  |TAMS 0x000000008d900000, 0x000000008d900000| Untracked 
| 218|0x000000008da00000, 0x000000008da00000, 0x000000008db00000|  0%| F|  |TAMS 0x000000008da00000, 0x000000008da00000| Untracked 
| 219|0x000000008db00000, 0x000000008db00000, 0x000000008dc00000|  0%| F|  |TAMS 0x000000008db00000, 0x000000008db00000| Untracked 

Card table byte_map: [0x00000196e6cf0000,0x00000196e70f0000] _byte_map_base: 0x00000196e68f0000

Marking Bits (Prev, Next): (CMBitMap*) 0x00000196d3c7d4f8, (CMBitMap*) 0x00000196d3c7d530
 Prev Bits: [0x00000196e74f0000, 0x00000196e94f0000)
 Next Bits: [0x00000196e94f0000, 0x00000196eb4f0000)

Polling page: 0x00000196d3420000

Metaspace:

Usage:
  Non-class:     92.83 MB capacity,    90.84 MB ( 98%) used,     1.70 MB (  2%) free+waste,   293.31 KB ( <1%) overhead. 
      Class:     14.27 MB capacity,    13.30 MB ( 93%) used,   852.83 KB (  6%) free+waste,   136.13 KB ( <1%) overhead. 
       Both:    107.09 MB capacity,   104.14 MB ( 97%) used,     2.54 MB (  2%) free+waste,   429.44 KB ( <1%) overhead. 

Virtual space:
  Non-class space:       94.00 MB reserved,      93.00 MB ( 99%) committed 
      Class space:        1.00 GB reserved,      14.38 MB (  1%) committed 
             Both:        1.09 GB reserved,     107.38 MB ( 10%) committed 

Chunk freelists:
   Non-Class:  48.00 KB
       Class:  15.00 KB
        Both:  63.00 KB

MaxMetaspaceSize: 17179869184.00 GB
CompressedClassSpaceSize: 1.00 GB

CodeHeap 'non-profiled nmethods': size=120000Kb used=7283Kb max_used=7283Kb free=112717Kb
 bounds [0x00000196df090000, 0x00000196df7b0000, 0x00000196e65c0000]
CodeHeap 'profiled nmethods': size=120000Kb used=26994Kb max_used=26994Kb free=93006Kb
 bounds [0x00000196d7b60000, 0x00000196d95c0000, 0x00000196df090000]
CodeHeap 'non-nmethods': size=5760Kb used=2323Kb max_used=2367Kb free=3437Kb
 bounds [0x00000196d75c0000, 0x00000196d7830000, 0x00000196d7b60000]
 total_blobs=13090 nmethods=12158 adapters=843
 compilation: enabled
              stopped_count=0, restarted_count=0
 full_count=0

Compilation events (20 events):
Event: 43.932 Thread 0x00000196edf5c000 nmethod 12715 0x00000196d958d890 code [0x00000196d958da40, 0x00000196d958dc98]
Event: 43.932 Thread 0x00000196edf5c000 12716       2       java.lang.Math::getExponent (17 bytes)
Event: 43.932 Thread 0x00000196edf5c000 nmethod 12716 0x00000196d958dd90 code [0x00000196d958df40, 0x00000196d958e058]
Event: 43.932 Thread 0x00000196edf5c000 12697       2       java.lang.Exception::<init> (5 bytes)
Event: 43.936 Thread 0x00000196edf5c000 nmethod 12697 0x00000196d958e110 code [0x00000196d958e2e0, 0x00000196d958e528]
Event: 43.936 Thread 0x00000196edf5c000 12720 %     3       com.android.tools.r8.utils.V::e @ 219 (290 bytes)
Event: 43.939 Thread 0x00000196edf5c000 nmethod 12720% 0x00000196d958e610 code [0x00000196d958eac0, 0x00000196d95913f8]
Event: 43.939 Thread 0x00000196edf5c000 12717 %     3       com.android.tools.r8.C.a.a.f::a @ 3369 (4333 bytes)
Event: 43.949 Thread 0x00000196edf4b000 nmethod 12653 0x00000196df7a9710 code [0x00000196df7a98e0, 0x00000196df7aa328]
Event: 43.949 Thread 0x00000196edf4b000 12463       4       com.android.tools.r8.utils.V::d (147 bytes)
Event: 43.961 Thread 0x00000196edf4b000 nmethod 12463 0x00000196df7aa910 code [0x00000196df7aab20, 0x00000196df7ab090]
Event: 43.961 Thread 0x00000196edf4b000 12384       4       com.android.tools.r8.graph.q0::a (89 bytes)
Event: 43.975 Thread 0x00000196edf4b000 nmethod 12384 0x00000196df7ab610 code [0x00000196df7ab800, 0x00000196df7abd98]
Event: 43.975 Thread 0x00000196edf4b000 12728       4       java.util.ArrayList::toArray (57 bytes)
Event: 43.985 Thread 0x00000196edf4b000 nmethod 12728 0x00000196df7ac290 code [0x00000196df7ac440, 0x00000196df7aca18]
Event: 43.985 Thread 0x00000196edf4b000 12729 %     4       com.android.tools.r8.graph.B::a @ 45 (173 bytes)
Event: 44.003 Thread 0x00000196edf5c000 nmethod 12717% 0x00000196d9592310 code [0x00000196d9594400, 0x00000196d95ad088]
Event: 44.003 Thread 0x00000196edf5c000 12724 % !   3       java.util.concurrent.ConcurrentHashMap::transfer @ 96 (828 bytes)
Event: 44.009 Thread 0x00000196edf5c000 nmethod 12724% 0x00000196d95bb090 code [0x00000196d95bb500, 0x00000196d95be9a8]
Event: 44.009 Thread 0x00000196edf5c000 12722       2       com.android.tools.r8.utils.V::e (290 bytes)

GC Heap History (20 events):
Event: 42.986 GC heap after
{Heap after GC invocations=51 (full 0):
 garbage-first heap   total 187392K, used 127805K [0x0000000080000000, 0x0000000100000000)
  region size 1024K, 5 young (5120K), 5 survivors (5120K)
 Metaspace       used 105568K, capacity 108444K, committed 108672K, reserved 1142784K
  class space    used 13482K, capacity 14430K, committed 14464K, reserved 1048576K
}
Event: 43.077 GC heap before
{Heap before GC invocations=51 (full 0):
 garbage-first heap   total 187392K, used 156477K [0x0000000080000000, 0x0000000100000000)
  region size 1024K, 33 young (33792K), 5 survivors (5120K)
 Metaspace       used 105569K, capacity 108444K, committed 108672K, reserved 1142784K
  class space    used 13482K, capacity 14430K, committed 14464K, reserved 1048576K
}
Event: 43.081 GC heap after
{Heap after GC invocations=52 (full 0):
 garbage-first heap   total 187392K, used 132972K [0x0000000080000000, 0x0000000100000000)
  region size 1024K, 5 young (5120K), 5 survivors (5120K)
 Metaspace       used 105569K, capacity 108444K, committed 108672K, reserved 1142784K
  class space    used 13482K, capacity 14430K, committed 14464K, reserved 1048576K
}
Event: 43.193 GC heap before
{Heap before GC invocations=53 (full 0):
 garbage-first heap   total 187392K, used 157548K [0x0000000080000000, 0x0000000100000000)
  region size 1024K, 29 young (29696K), 5 survivors (5120K)
 Metaspace       used 105569K, capacity 108444K, committed 108672K, reserved 1142784K
  class space    used 13482K, capacity 14430K, committed 14464K, reserved 1048576K
}
Event: 43.196 GC heap after
{Heap after GC invocations=54 (full 0):
 garbage-first heap   total 187392K, used 137604K [0x0000000080000000, 0x0000000100000000)
  region size 1024K, 4 young (4096K), 4 survivors (4096K)
 Metaspace       used 105569K, capacity 108444K, committed 108672K, reserved 1142784K
  class space    used 13482K, capacity 14430K, committed 14464K, reserved 1048576K
}
Event: 43.206 GC heap before
{Heap before GC invocations=54 (full 0):
 garbage-first heap   total 187392K, used 141700K [0x0000000080000000, 0x0000000100000000)
  region size 1024K, 9 young (9216K), 4 survivors (4096K)
 Metaspace       used 105569K, capacity 108444K, committed 108672K, reserved 1142784K
  class space    used 13482K, capacity 14430K, committed 14464K, reserved 1048576K
}
Event: 43.207 GC heap after
{Heap after GC invocations=55 (full 0):
 garbage-first heap   total 187392K, used 138697K [0x0000000080000000, 0x0000000100000000)
  region size 1024K, 2 young (2048K), 2 survivors (2048K)
 Metaspace       used 105569K, capacity 108444K, committed 108672K, reserved 1142784K
  class space    used 13482K, capacity 14430K, committed 14464K, reserved 1048576K
}
Event: 43.257 GC heap before
{Heap before GC invocations=55 (full 0):
 garbage-first heap   total 187392K, used 158153K [0x0000000080000000, 0x0000000100000000)
  region size 1024K, 21 young (21504K), 2 survivors (2048K)
 Metaspace       used 105570K, capacity 108444K, committed 108672K, reserved 1142784K
  class space    used 13482K, capacity 14430K, committed 14464K, reserved 1048576K
}
Event: 43.260 GC heap after
{Heap after GC invocations=56 (full 0):
 garbage-first heap   total 187392K, used 143131K [0x0000000080000000, 0x0000000100000000)
  region size 1024K, 3 young (3072K), 3 survivors (3072K)
 Metaspace       used 105570K, capacity 108444K, committed 108672K, reserved 1142784K
  class space    used 13482K, capacity 14430K, committed 14464K, reserved 1048576K
}
Event: 43.315 GC heap before
{Heap before GC invocations=56 (full 0):
 garbage-first heap   total 187392K, used 159515K [0x0000000080000000, 0x0000000100000000)
  region size 1024K, 19 young (19456K), 3 survivors (3072K)
 Metaspace       used 105570K, capacity 108444K, committed 108672K, reserved 1142784K
  class space    used 13482K, capacity 14430K, committed 14464K, reserved 1048576K
}
Event: 43.317 GC heap after
{Heap after GC invocations=57 (full 0):
 garbage-first heap   total 187392K, used 146320K [0x0000000080000000, 0x0000000100000000)
  region size 1024K, 3 young (3072K), 3 survivors (3072K)
 Metaspace       used 105570K, capacity 108444K, committed 108672K, reserved 1142784K
  class space    used 13482K, capacity 14430K, committed 14464K, reserved 1048576K
}
Event: 43.346 GC heap before
{Heap before GC invocations=57 (full 0):
 garbage-first heap   total 187392K, used 160656K [0x0000000080000000, 0x0000000100000000)
  region size 1024K, 17 young (17408K), 3 survivors (3072K)
 Metaspace       used 105570K, capacity 108444K, committed 108672K, reserved 1142784K
  class space    used 13482K, capacity 14430K, committed 14464K, reserved 1048576K
}
Event: 43.349 GC heap after
{Heap after GC invocations=58 (full 0):
 garbage-first heap   total 225280K, used 149212K [0x0000000080000000, 0x0000000100000000)
  region size 1024K, 3 young (3072K), 3 survivors (3072K)
 Metaspace       used 105570K, capacity 108444K, committed 108672K, reserved 1142784K
  class space    used 13482K, capacity 14430K, committed 14464K, reserved 1048576K
}
Event: 43.548 GC heap before
{Heap before GC invocations=59 (full 0):
 garbage-first heap   total 225280K, used 180956K [0x0000000080000000, 0x0000000100000000)
  region size 1024K, 35 young (35840K), 3 survivors (3072K)
 Metaspace       used 106243K, capacity 109182K, committed 109312K, reserved 1144832K
  class space    used 13591K, capacity 14557K, committed 14592K, reserved 1048576K
}
Event: 43.553 GC heap after
{Heap after GC invocations=60 (full 0):
 garbage-first heap   total 225280K, used 155401K [0x0000000080000000, 0x0000000100000000)
  region size 1024K, 5 young (5120K), 5 survivors (5120K)
 Metaspace       used 106243K, capacity 109182K, committed 109312K, reserved 1144832K
  class space    used 13591K, capacity 14557K, committed 14592K, reserved 1048576K
}
Event: 43.742 GC heap before
{Heap before GC invocations=60 (full 0):
 garbage-first heap   total 225280K, used 185097K [0x0000000080000000, 0x0000000100000000)
  region size 1024K, 34 young (34816K), 5 survivors (5120K)
 Metaspace       used 106577K, capacity 109531K, committed 109696K, reserved 1144832K
  class space    used 13620K, capacity 14609K, committed 14720K, reserved 1048576K
}
Event: 43.754 GC heap after
{Heap after GC invocations=61 (full 0):
 garbage-first heap   total 225280K, used 162816K [0x0000000080000000, 0x0000000100000000)
  region size 1024K, 5 young (5120K), 5 survivors (5120K)
 Metaspace       used 106577K, capacity 109531K, committed 109696K, reserved 1144832K
  class space    used 13620K, capacity 14609K, committed 14720K, reserved 1048576K
}
Event: 43.909 GC heap before
{Heap before GC invocations=61 (full 0):
 garbage-first heap   total 225280K, used 187392K [0x0000000080000000, 0x0000000100000000)
  region size 1024K, 29 young (29696K), 5 survivors (5120K)
 Metaspace       used 106632K, capacity 109601K, committed 109952K, reserved 1144832K
  class space    used 13620K, capacity 14609K, committed 14720K, reserved 1048576K
}
Event: 43.923 GC heap after
{Heap after GC invocations=62 (full 0):
 garbage-first heap   total 225280K, used 169385K [0x0000000080000000, 0x0000000100000000)
  region size 1024K, 4 young (4096K), 4 survivors (4096K)
 Metaspace       used 106632K, capacity 109601K, committed 109952K, reserved 1144832K
  class space    used 13620K, capacity 14609K, committed 14720K, reserved 1048576K
}
Event: 44.010 GC heap before
{Heap before GC invocations=62 (full 0):
 garbage-first heap   total 225280K, used 188841K [0x0000000080000000, 0x0000000100000000)
  region size 1024K, 24 young (24576K), 4 survivors (4096K)
 Metaspace       used 106637K, capacity 109665K, committed 109952K, reserved 1144832K
  class space    used 13620K, capacity 14609K, committed 14720K, reserved 1048576K
}

Deoptimization events (20 events):
Event: 43.799 Thread 0x00000196f0ddb000 Uncommon trap: reason=unstable_if action=reinterpret pc=0x00000196df136d04 method=java.util.concurrent.ConcurrentHashMap.transfer([Ljava/util/concurrent/ConcurrentHashMap$Node;[Ljava/util/concurrent/ConcurrentHashMap$Node;)V @ 273 c2
Event: 43.799 Thread 0x00000196f0ddb000 DEOPT PACKING pc=0x00000196df136d04 sp=0x00000076445fe2a0
Event: 43.799 Thread 0x00000196f0ddb000 DEOPT UNPACKING pc=0x00000196d75e74af sp=0x00000076445fe220 mode 2
Event: 43.799 Thread 0x00000196f0de3800 Uncommon trap: trap_request=0xffffff4d fr.pc=0x00000196df136d04 relative=0x0000000000001224
Event: 43.799 Thread 0x00000196f0de4000 Uncommon trap: reason=unstable_if action=reinterpret pc=0x00000196df136d04 method=java.util.concurrent.ConcurrentHashMap.transfer([Ljava/util/concurrent/ConcurrentHashMap$Node;[Ljava/util/concurrent/ConcurrentHashMap$Node;)V @ 273 c2
Event: 43.800 Thread 0x00000196f0de4000 DEOPT PACKING pc=0x00000196df136d04 sp=0x00000076448fdd60
Event: 43.800 Thread 0x00000196f0de4000 DEOPT UNPACKING pc=0x00000196d75e74af sp=0x00000076448fdce0 mode 2
Event: 43.800 Thread 0x00000196f0de3800 Uncommon trap: reason=unstable_if action=reinterpret pc=0x00000196df136d04 method=java.util.concurrent.ConcurrentHashMap.transfer([Ljava/util/concurrent/ConcurrentHashMap$Node;[Ljava/util/concurrent/ConcurrentHashMap$Node;)V @ 273 c2
Event: 43.800 Thread 0x00000196f0de3800 DEOPT PACKING pc=0x00000196df136d04 sp=0x00000076449fde50
Event: 43.800 Thread 0x00000196f0de3800 DEOPT UNPACKING pc=0x00000196d75e74af sp=0x00000076449fddd0 mode 2
Event: 43.868 Thread 0x00000196f0de4000 DEOPT PACKING pc=0x00000196d94d4f72 sp=0x00000076448fe190
Event: 43.868 Thread 0x00000196f0de4000 DEOPT UNPACKING pc=0x00000196d75e72ce sp=0x00000076448fd660 mode 0
Event: 43.935 Thread 0x00000196f0de4000 Uncommon trap: trap_request=0xffffff4d fr.pc=0x00000196df7a609c relative=0x0000000000001a5c
Event: 43.935 Thread 0x00000196f0de4000 Uncommon trap: reason=unstable_if action=reinterpret pc=0x00000196df7a609c method=com.android.tools.r8.utils.V.e(Ljava/lang/String;)[Ljava/lang/String; @ 27 c2
Event: 43.935 Thread 0x00000196f0de4000 DEOPT PACKING pc=0x00000196df7a609c sp=0x00000076448fdd00
Event: 43.935 Thread 0x00000196f0de4000 DEOPT UNPACKING pc=0x00000196d75e74af sp=0x00000076448fdcf0 mode 2
Event: 43.994 Thread 0x00000196f0de3800 Uncommon trap: trap_request=0xffffff4d fr.pc=0x00000196df143abc relative=0x000000000000133c
Event: 43.994 Thread 0x00000196f0de3800 Uncommon trap: reason=unstable_if action=reinterpret pc=0x00000196df143abc method=java.util.concurrent.ConcurrentHashMap.transfer([Ljava/util/concurrent/ConcurrentHashMap$Node;[Ljava/util/concurrent/ConcurrentHashMap$Node;)V @ 273 c2
Event: 43.994 Thread 0x00000196f0de3800 DEOPT PACKING pc=0x00000196df143abc sp=0x00000076449fdf00
Event: 43.994 Thread 0x00000196f0de3800 DEOPT UNPACKING pc=0x00000196d75e74af sp=0x00000076449fde80 mode 2

Classes redefined (0 events):
No events

Internal exceptions (20 events):
Event: 42.298 Thread 0x00000196f5ad6800 Exception <a 'sun/nio/fs/WindowsException'{0x000000008b68c7b0}> (0x000000008b68c7b0) thrown at [./src/hotspot/share/prims/jni.cpp, line 615]
Event: 42.540 Thread 0x00000196f5ad6800 Exception <a 'java/lang/NoSuchMethodError'{0x00000000890cb6c0}: 'java.lang.Object java.lang.invoke.DirectMethodHandle$Holder.invokeSpecial(java.lang.Object, java.lang.Object, int, java.lang.Object, java.lang.Object)'> (0x00000000890cb6c0) thrown at [./src/hotspot/share/interpreter/linkResolver.cpp, line 773]
Event: 42.540 Thread 0x00000196f5ad6800 Exception <a 'java/lang/NoSuchMethodError'{0x00000000890d3c50}: 'java.lang.Object java.lang.invoke.DirectMethodHandle$Holder.invokeStatic(java.lang.Object, java.lang.Object, int, java.lang.Object)'> (0x00000000890d3c50) thrown at [./src/hotspot/share/interpreter/linkResolver.cpp, line 773]
Event: 42.540 Thread 0x00000196f5ad6800 Exception <a 'java/lang/NoSuchMethodError'{0x00000000890d7ea8}: 'java.lang.Object java.lang.invoke.Invokers$Holder.linkToTargetMethod(java.lang.Object, int, java.lang.Object, java.lang.Object)'> (0x00000000890d7ea8) thrown at [./src/hotspot/share/interpreter/linkResolver.cpp, line 773]
Event: 42.542 Thread 0x00000196f5ad6800 Exception <a 'java/lang/NoSuchMethodError'{0x00000000890ed5b8}: 'void java.lang.invoke.DirectMethodHandle$Holder.invokeVirtual(java.lang.Object, java.lang.Object)'> (0x00000000890ed5b8) thrown at [./src/hotspot/share/interpreter/linkResolver.cpp, line 773]
Event: 42.553 Thread 0x00000196f5ad6800 Exception <a 'sun/nio/fs/WindowsException'{0x0000000088f5f928}> (0x0000000088f5f928) thrown at [./src/hotspot/share/prims/jni.cpp, line 615]
Event: 42.553 Thread 0x00000196f5ad6800 Exception <a 'sun/nio/fs/WindowsException'{0x0000000088f60520}> (0x0000000088f60520) thrown at [./src/hotspot/share/prims/jni.cpp, line 615]
Event: 43.544 Thread 0x00000196f0de2800 Exception <a 'java/lang/NoSuchMethodError'{0x000000008bdc6328}: 'long java.lang.invoke.DirectMethodHandle$Holder.invokeStatic(java.lang.Object, java.lang.Object)'> (0x000000008bdc6328) thrown at [./src/hotspot/share/interpreter/linkResolver.cpp, line 773]
Event: 43.544 Thread 0x00000196f0de3800 Exception <a 'java/lang/NoSuchMethodError'{0x000000008beecef0}: 'long java.lang.invoke.DirectMethodHandle$Holder.invokeStatic(java.lang.Object, java.lang.Object)'> (0x000000008beecef0) thrown at [./src/hotspot/share/interpreter/linkResolver.cpp, line 773]
Event: 43.544 Thread 0x00000196f0de4000 Exception <a 'java/lang/NoSuchMethodError'{0x000000008bcd89d0}: 'long java.lang.invoke.DirectMethodHandle$Holder.invokeStatic(java.lang.Object, java.lang.Object)'> (0x000000008bcd89d0) thrown at [./src/hotspot/share/interpreter/linkResolver.cpp, line 773]
Event: 43.544 Thread 0x00000196f0de5000 Exception <a 'java/lang/NoSuchMethodError'{0x000000008bc4dd20}: 'long java.lang.invoke.DirectMethodHandle$Holder.invokeStatic(java.lang.Object, java.lang.Object)'> (0x000000008bc4dd20) thrown at [./src/hotspot/share/interpreter/linkResolver.cpp, line 773]
Event: 43.544 Thread 0x00000196f0ddb000 Exception <a 'java/lang/NoSuchMethodError'{0x000000008bc17860}: 'long java.lang.invoke.DirectMethodHandle$Holder.invokeStatic(java.lang.Object, java.lang.Object)'> (0x000000008bc17860) thrown at [./src/hotspot/share/interpreter/linkResolver.cpp, line 773]
Event: 43.544 Thread 0x00000196f0de0000 Exception <a 'java/lang/NoSuchMethodError'{0x000000008bc89f38}: 'long java.lang.invoke.DirectMethodHandle$Holder.invokeStatic(java.lang.Object, java.lang.Object)'> (0x000000008bc89f38) thrown at [./src/hotspot/share/interpreter/linkResolver.cpp, line 773]
Event: 43.544 Thread 0x00000196f0de6000 Exception <a 'java/lang/NoSuchMethodError'{0x000000008bce4d00}: 'long java.lang.invoke.DirectMethodHandle$Holder.invokeStatic(java.lang.Object, java.lang.Object)'> (0x000000008bce4d00) thrown at [./src/hotspot/share/interpreter/linkResolver.cpp, line 773]
Event: 43.544 Thread 0x00000196f0de4000 Exception <a 'java/lang/NoSuchMethodError'{0x000000008bcdb528}: 'long java.lang.invoke.DirectMethodHandle$Holder.invokeStaticInit(java.lang.Object, java.lang.Object)'> (0x000000008bcdb528) thrown at [./src/hotspot/share/interpreter/linkResolver.cpp, line 773]
Event: 43.544 Thread 0x00000196f0ddb000 Exception <a 'java/lang/NoSuchMethodError'{0x000000008bc1a3b8}: 'long java.lang.invoke.DirectMethodHandle$Holder.invokeStaticInit(java.lang.Object, java.lang.Object)'> (0x000000008bc1a3b8) thrown at [./src/hotspot/share/interpreter/linkResolver.cpp, line 773]
Event: 43.544 Thread 0x00000196f0de2800 Exception <a 'java/lang/NoSuchMethodError'{0x000000008bdc8e80}: 'long java.lang.invoke.DirectMethodHandle$Holder.invokeStaticInit(java.lang.Object, java.lang.Object)'> (0x000000008bdc8e80) thrown at [./src/hotspot/share/interpreter/linkResolver.cpp, line 773]
Event: 43.544 Thread 0x00000196f0de0000 Exception <a 'java/lang/NoSuchMethodError'{0x000000008bc8ca90}: 'long java.lang.invoke.DirectMethodHandle$Holder.invokeStaticInit(java.lang.Object, java.lang.Object)'> (0x000000008bc8ca90) thrown at [./src/hotspot/share/interpreter/linkResolver.cpp, line 773]
Event: 43.544 Thread 0x00000196f0de3800 Exception <a 'java/lang/NoSuchMethodError'{0x000000008beefa48}: 'long java.lang.invoke.DirectMethodHandle$Holder.invokeStaticInit(java.lang.Object, java.lang.Object)'> (0x000000008beefa48) thrown at [./src/hotspot/share/interpreter/linkResolver.cpp, line 773]
Event: 43.544 Thread 0x00000196f0de5000 Exception <a 'java/lang/NoSuchMethodError'{0x000000008bc508a0}: 'long java.lang.invoke.DirectMethodHandle$Holder.invokeStaticInit(java.lang.Object, java.lang.Object)'> (0x000000008bc508a0) thrown at [./src/hotspot/share/interpreter/linkResolver.cpp, line 773]

Events (20 events):
Event: 43.633 Executing VM operation: RevokeBias done
Event: 43.639 Executing VM operation: RevokeBias
Event: 43.639 Executing VM operation: RevokeBias done
Event: 43.642 Executing VM operation: RevokeBias
Event: 43.642 Executing VM operation: RevokeBias done
Event: 43.644 Executing VM operation: RevokeBias
Event: 43.644 Executing VM operation: RevokeBias done
Event: 43.648 Executing VM operation: RevokeBias
Event: 43.648 Executing VM operation: RevokeBias done
Event: 43.651 Executing VM operation: RevokeBias
Event: 43.651 Executing VM operation: RevokeBias done
Event: 43.657 Executing VM operation: BulkRevokeBias
Event: 43.659 Executing VM operation: BulkRevokeBias done
Event: 43.699 Executing VM operation: BulkRevokeBias
Event: 43.702 Executing VM operation: BulkRevokeBias done
Event: 43.741 Executing VM operation: G1CollectForAllocation
Event: 43.754 Executing VM operation: G1CollectForAllocation done
Event: 43.908 Executing VM operation: G1CollectForAllocation
Event: 43.923 Executing VM operation: G1CollectForAllocation done
Event: 44.009 Executing VM operation: G1CollectForAllocation


Dynamic libraries:
0x00007ff677eb0000 - 0x00007ff677eba000 	D:\Program Files\Android Studio\jre\bin\java.exe
0x00007ff9d5670000 - 0x00007ff9d5865000 	C:\WINDOWS\SYSTEM32\ntdll.dll
0x00007ff9d3970000 - 0x00007ff9d3a2d000 	C:\WINDOWS\System32\KERNEL32.DLL
0x00007ff9d2f30000 - 0x00007ff9d31f8000 	C:\WINDOWS\System32\KERNELBASE.dll
0x00007ff9d3420000 - 0x00007ff9d3520000 	C:\WINDOWS\System32\ucrtbase.dll
0x00007ff9c3ce0000 - 0x00007ff9c3cf9000 	D:\Program Files\Android Studio\jre\bin\jli.dll
0x00007ff9cc160000 - 0x00007ff9cc177000 	D:\Program Files\Android Studio\jre\bin\VCRUNTIME140.dll
0x00007ff9d50a0000 - 0x00007ff9d5240000 	C:\WINDOWS\System32\USER32.dll
0x00007ff9d3200000 - 0x00007ff9d3222000 	C:\WINDOWS\System32\win32u.dll
0x00007ff9d5450000 - 0x00007ff9d547a000 	C:\WINDOWS\System32\GDI32.dll
0x00007ff9c21a0000 - 0x00007ff9c243a000 	C:\WINDOWS\WinSxS\amd64_microsoft.windows.common-controls_6595b64144ccf1df_6.0.19041.1052_none_60b8f8fd71f5e8cb\COMCTL32.dll
0x00007ff9d35d0000 - 0x00007ff9d36db000 	C:\WINDOWS\System32\gdi32full.dll
0x00007ff9d3c50000 - 0x00007ff9d3cee000 	C:\WINDOWS\System32\msvcrt.dll
0x00007ff9d2e00000 - 0x00007ff9d2e9d000 	C:\WINDOWS\System32\msvcp_win.dll
0x00007ff9d3cf0000 - 0x00007ff9d3d20000 	C:\WINDOWS\System32\IMM32.DLL
0x00007ff9c2a70000 - 0x00007ff9c2b0d000 	D:\Program Files\Android Studio\jre\bin\msvcp140.dll
0x00007ff998d50000 - 0x00007ff99980c000 	D:\Program Files\Android Studio\jre\bin\server\jvm.dll
0x00007ff9d3d80000 - 0x00007ff9d3e2c000 	C:\WINDOWS\System32\ADVAPI32.dll
0x00007ff9d4750000 - 0x00007ff9d47eb000 	C:\WINDOWS\System32\sechost.dll
0x00007ff9d3e30000 - 0x00007ff9d3f5b000 	C:\WINDOWS\System32\RPCRT4.dll
0x00007ff9d3890000 - 0x00007ff9d3898000 	C:\WINDOWS\System32\PSAPI.DLL
0x00007ff9cafb0000 - 0x00007ff9cafba000 	C:\WINDOWS\SYSTEM32\VERSION.dll
0x00007ff9c4670000 - 0x00007ff9c4697000 	C:\WINDOWS\SYSTEM32\WINMM.dll
0x00007ff9c0650000 - 0x00007ff9c0659000 	C:\WINDOWS\SYSTEM32\WSOCK32.dll
0x00007ff9d5250000 - 0x00007ff9d52bb000 	C:\WINDOWS\System32\WS2_32.dll
0x00007ff9d0d00000 - 0x00007ff9d0d12000 	C:\WINDOWS\SYSTEM32\kernel.appcore.dll
0x00007ff9ce250000 - 0x00007ff9ce261000 	D:\Program Files\Android Studio\jre\bin\verify.dll
0x00007ff9c4810000 - 0x00007ff9c49f4000 	C:\WINDOWS\SYSTEM32\DBGHELP.DLL
0x00007ff9bcf10000 - 0x00007ff9bcf3c000 	C:\WINDOWS\SYSTEM32\dbgcore.DLL
0x00007ff9d2ea0000 - 0x00007ff9d2f23000 	C:\WINDOWS\System32\bcryptPrimitives.dll
0x00007ff9cc5f0000 - 0x00007ff9cc619000 	D:\Program Files\Android Studio\jre\bin\java.dll
0x00007ff9d0690000 - 0x00007ff9d069b000 	D:\Program Files\Android Studio\jre\bin\jimage.dll
0x00007ff9cc5d0000 - 0x00007ff9cc5e8000 	D:\Program Files\Android Studio\jre\bin\zip.dll
0x00007ff9d47f0000 - 0x00007ff9d4f2f000 	C:\WINDOWS\System32\SHELL32.dll
0x00007ff9d0f00000 - 0x00007ff9d1690000 	C:\WINDOWS\SYSTEM32\windows.storage.dll
0x00007ff9d3f60000 - 0x00007ff9d42b5000 	C:\WINDOWS\System32\combase.dll
0x00007ff9d2820000 - 0x00007ff9d284c000 	C:\WINDOWS\SYSTEM32\Wldp.dll
0x00007ff9d5340000 - 0x00007ff9d53ee000 	C:\WINDOWS\System32\SHCORE.dll
0x00007ff9d53f0000 - 0x00007ff9d5445000 	C:\WINDOWS\System32\shlwapi.dll
0x00007ff9d2cf0000 - 0x00007ff9d2d0f000 	C:\WINDOWS\SYSTEM32\profapi.dll
0x00007ff9cc590000 - 0x00007ff9cc5aa000 	D:\Program Files\Android Studio\jre\bin\net.dll
0x00007ff9c1c80000 - 0x00007ff9c1d8b000 	C:\WINDOWS\SYSTEM32\WINHTTP.dll
0x00007ff9d2590000 - 0x00007ff9d25fa000 	C:\WINDOWS\system32\mswsock.dll
0x00007ff9cc550000 - 0x00007ff9cc564000 	D:\Program Files\Android Studio\jre\bin\nio.dll
0x00007ff9bad60000 - 0x00007ff9bad87000 	C:\Users\Admin\.gradle\native\fdc75f09e3144964f2cf3f50f0aa648679c211496f362492102eb8c894070792\windows-amd64\native-platform.dll
0x00007ff99b1c0000 - 0x00007ff99b356000 	C:\Users\Admin\.gradle\native\12488b8bf47d2d4c9fbf2f6322a914ad602e24e48041cd04a747c6da556b65c4\windows-amd64\native-platform-file-events.dll
0x00007ff9ce440000 - 0x00007ff9ce44a000 	D:\Program Files\Android Studio\jre\bin\management.dll
0x00007ff9ce210000 - 0x00007ff9ce21c000 	D:\Program Files\Android Studio\jre\bin\management_ext.dll
0x00007ff9d2770000 - 0x00007ff9d2788000 	C:\WINDOWS\SYSTEM32\CRYPTSP.dll
0x00007ff9d1ec0000 - 0x00007ff9d1ef4000 	C:\WINDOWS\system32\rsaenh.dll
0x00007ff9d3230000 - 0x00007ff9d3257000 	C:\WINDOWS\System32\bcrypt.dll
0x00007ff9d2cb0000 - 0x00007ff9d2cde000 	C:\WINDOWS\SYSTEM32\USERENV.dll
0x00007ff9d2760000 - 0x00007ff9d276c000 	C:\WINDOWS\SYSTEM32\CRYPTBASE.dll
0x00007ff9d2230000 - 0x00007ff9d226b000 	C:\WINDOWS\SYSTEM32\IPHLPAPI.DLL
0x00007ff9d5240000 - 0x00007ff9d5248000 	C:\WINDOWS\System32\NSI.dll
0x00007ff9cb9c0000 - 0x00007ff9cb9d7000 	C:\WINDOWS\SYSTEM32\dhcpcsvc6.DLL
0x00007ff9cc8a0000 - 0x00007ff9cc8bd000 	C:\WINDOWS\SYSTEM32\dhcpcsvc.DLL
0x00007ff9d2270000 - 0x00007ff9d233c000 	C:\WINDOWS\SYSTEM32\DNSAPI.dll
0x00007ff9cc8c0000 - 0x00007ff9cc8cb000 	C:\WINDOWS\SYSTEM32\WINNSI.DLL
0x00007ff9c32d0000 - 0x00007ff9c32f7000 	D:\Program Files\Android Studio\jre\bin\sunec.dll
0x0000000051210000 - 0x0000000051236000 	C:\Program Files\Bonjour\mdnsNSP.dll
0x00007ff9c1840000 - 0x00007ff9c184a000 	C:\Windows\System32\rasadhlp.dll
0x00007ff9c1c00000 - 0x00007ff9c1c7f000 	C:\WINDOWS\System32\fwpuclnt.dll

dbghelp: loaded successfully - version: 4.0.5 - missing functions: none
symbol engine: initialized successfully - sym options: 0x614 - pdb path: .;D:\Program Files\Android Studio\jre\bin;C:\WINDOWS\SYSTEM32;C:\WINDOWS\WinSxS\amd64_microsoft.windows.common-controls_6595b64144ccf1df_6.0.19041.1052_none_60b8f8fd71f5e8cb;D:\Program Files\Android Studio\jre\bin\server;C:\Users\Admin\.gradle\native\fdc75f09e3144964f2cf3f50f0aa648679c211496f362492102eb8c894070792\windows-amd64;C:\Users\Admin\.gradle\native\12488b8bf47d2d4c9fbf2f6322a914ad602e24e48041cd04a747c6da556b65c4\windows-amd64;C:\Program Files\Bonjour

VM Arguments:
jvm_args: --add-opens=java.base/java.util=ALL-UNNAMED --add-opens=java.base/java.lang=ALL-UNNAMED --add-opens=java.base/java.lang.invoke=ALL-UNNAMED --add-opens=java.prefs/java.util.prefs=ALL-UNNAMED -Xmx2048m -Dfile.encoding=UTF-8 -Duser.country=US -Duser.language=en -Duser.variant 
java_command: org.gradle.launcher.daemon.bootstrap.GradleDaemon 6.7.1
java_class_path (initial): C:\Users\Admin\.gradle\wrapper\dists\gradle-6.7.1-all\2moa8rlfac5eqlcfgk98k0deb\gradle-6.7.1\lib\gradle-launcher-6.7.1.jar
Launcher Type: SUN_STANDARD

[Global flags]
     intx CICompilerCount                          = 4                                         {product} {ergonomic}
     uint ConcGCThreads                            = 2                                         {product} {ergonomic}
     uint G1ConcRefinementThreads                  = 8                                         {product} {ergonomic}
   size_t G1HeapRegionSize                         = 1048576                                   {product} {ergonomic}
    uintx GCDrainStackTargetSize                   = 64                                        {product} {ergonomic}
   size_t InitialHeapSize                          = 132120576                                 {product} {ergonomic}
   size_t MarkStackSize                            = 4194304                                   {product} {ergonomic}
   size_t MaxHeapSize                              = 2147483648                                {product} {command line}
   size_t MaxNewSize                               = 1287651328                                {product} {ergonomic}
   size_t MinHeapDeltaBytes                        = 1048576                                   {product} {ergonomic}
    uintx NonNMethodCodeHeapSize                   = 5836300                                {pd product} {ergonomic}
    uintx NonProfiledCodeHeapSize                  = 122910970                              {pd product} {ergonomic}
    uintx ProfiledCodeHeapSize                     = 122910970                              {pd product} {ergonomic}
    uintx ReservedCodeCacheSize                    = 251658240                              {pd product} {ergonomic}
     bool SegmentedCodeCache                       = true                                      {product} {ergonomic}
     bool UseCompressedClassPointers               = true                                 {lp64_product} {ergonomic}
     bool UseCompressedOops                        = true                                 {lp64_product} {ergonomic}
     bool UseG1GC                                  = true                                      {product} {ergonomic}
     bool UseLargePagesIndividualAllocation        = false                                  {pd product} {ergonomic}

Logging:
Log output configuration:
 #0: stdout all=warning uptime,level,tags
 #1: stderr all=off uptime,level,tags

Environment Variables:
PATH=D:\Program Files\Python Interpreter\Scripts\;D:\Program Files\Python Interpreter\;C:\WINDOWS\system32;C:\WINDOWS;C:\WINDOWS\System32\Wbem;C:\WINDOWS\System32\WindowsPowerShell\v1.0\;C:\WINDOWS\System32\OpenSSH\;C:\Program Files\Microsoft SQL Server\Client SDK\ODBC\170\Tools\Binn\;D:\Program Files\SQL Server 2019\Shared_Featured\150\Tools\Binn\;C:\Program Files\Microsoft SQL Server\150\Tools\Binn\;C:\Program Files\Microsoft SQL Server\150\DTS\Binn\;D:\Program Files\SQL Server 2019\Shared_Featured\150\DTS\Binn\;C:\Program Files\dotnet\;C:\Program Files\Microsoft SQL Server\130\Tools\Binn\;C:\Program Files (x86)\dotnet\;D:\Program Files\Git\cmd;D:\Program Files\Python 3.8.7\Scripts\;D:\Program Files\Python 3.8.7\;C:\Users\Admin\AppData\Local\Microsoft\WindowsApps;D:\Program Files\IntelliJ IDEA 2020.3\bin;D:\Program Files\PyCharm 2020.3\bin;C:\Users\Admin\AppData\Local\GitHubDesktop\bin;C:\Program Files\Azure Data Studio\bin;D:\Program Files\Microsoft VS Code\bin;C:\Users\Admin\.dotnet\tools;D:\Program Files\PhpStorm 2020.3\bin
USERNAME=Admin
OS=Windows_NT
PROCESSOR_IDENTIFIER=Intel64 Family 6 Model 142 Stepping 10, GenuineIntel



---------------  S Y S T E M  ---------------

OS: Windows 10 , 64 bit Build 19041 (10.0.19041.1023)
OS uptime: 17 days 21:37 hours

CPU:total 8 (initial active 8) (4 cores per cpu, 2 threads per core) family 6 model 142 stepping 10, cmov, cx8, fxsr, mmx, sse, sse2, sse3, ssse3, sse4.1, sse4.2, popcnt, avx, avx2, aes, clmul, erms, 3dnowpref, lzcnt, ht, tsc, tscinvbit, bmi1, bmi2, adx, fma

Memory: 4k page, system-wide physical 8057M (308M free)
TotalPageFile size 22299M (AvailPageFile size 222M)
current process WorkingSet (physical memory assigned to process): 393M, peak: 416M
current process commit charge ("private bytes"): 541M, peak: 745M

vm_info: OpenJDK 64-Bit Server VM (11.0.8+10-b944.6842174) for windows-amd64 JRE (11.0.8+10-b944.6842174), built on Sep 19 2020 01:11:42 by "builder" with MS VC++ 14.0 (VS2015)

END.
