#
# There is insufficient memory for the Java Runtime Environment to continue.
# Native memory allocation (mmap) failed to map 245366784 bytes for Failed to commit area from 0x000000008dc00000 to 0x000000009c600000 of length 245366784.
# Possible reasons:
#   The system is out of physical RAM or swap space
#   The process is running with CompressedOops enabled, and the Java Heap may be blocking the growth of the native heap
# Possible solutions:
#   Reduce memory load on the system
#   Increase physical memory or swap space
#   Check if swap backing store is full
#   Decrease Java heap size (-Xmx/-Xms)
#   Decrease number of Java threads
#   Decrease Java thread stack sizes (-Xss)
#   Set larger code cache with -XX:ReservedCodeCacheSize=
#   JVM is running with Unscaled Compressed Oops mode in which the Java heap is
#     placed in the first 4GB address space. The Java Heap base address is the
#     maximum limit for the native heap growth. Please use -XX:HeapBaseMinAddress
#     to set the Java Heap base and to place the Java Heap above 4GB virtual address.
# This output file may be truncated or incomplete.
#
#  Out of Memory Error (./src/hotspot/os/windows/os_windows.cpp:3303), pid=8216, tid=10804
#
# JRE version: OpenJDK Runtime Environment (11.0.8+10) (build 11.0.8+10-b944.6842174)
# Java VM: OpenJDK 64-Bit Server VM (11.0.8+10-b944.6842174, mixed mode, tiered, compressed oops, g1 gc, windows-amd64)
# No core dump will be written. Minidumps are not enabled by default on client versions of Windows
#

---------------  S U M M A R Y ------------

Command Line: --add-opens=java.base/java.util=ALL-UNNAMED --add-opens=java.base/java.lang=ALL-UNNAMED --add-opens=java.base/java.lang.invoke=ALL-UNNAMED --add-opens=java.prefs/java.util.prefs=ALL-UNNAMED -Xmx2048m -Dfile.encoding=UTF-8 -Duser.country=US -Duser.language=en -Duser.variant org.gradle.launcher.daemon.bootstrap.GradleDaemon 6.7.1

Host: Intel(R) Core(TM) i5-8250U CPU @ 1.60GHz, 8 cores, 7G,  Windows 10 , 64 bit Build 19041 (10.0.19041.1023)
Time: Wed Jul  7 14:24:40 2021 SE Asia Standard Time elapsed time: 22 seconds (0d 0h 0m 22s)

---------------  T H R E A D  ---------------

Current thread (0x00000212bf27a000):  VMThread "VM Thread" [stack: 0x0000004b59300000,0x0000004b59400000] [id=10804]

Stack: [0x0000004b59300000,0x0000004b59400000]
[error occurred during error reporting (printing stack bounds), id 0xc0000005, EXCEPTION_ACCESS_VIOLATION (0xc0000005) at pc=0x00000212a80e0dad]

Native frames: (J=compiled Java code, j=interpreted, Vv=VM code, C=native code)
V  [jvm.dll+0x5de50a]
V  [jvm.dll+0x7122f5]
V  [jvm.dll+0x71384d]
V  [jvm.dll+0x713e65]
V  [jvm.dll+0x713e1b]
V  [jvm.dll+0x5dd958]
V  [jvm.dll+0x5de0f8]
C  [ntdll.dll+0xa217f]
C  [ntdll.dll+0x51454]
C  [ntdll.dll+0xa0cae]
C  0x00000212a80e0dad

VM_Operation (0x0000004b63dfde40): G1CollectForAllocation, mode: safepoint, requested by thread 0x00000212c69c4000


---------------  P R O C E S S  ---------------

Threads class SMR info:
_java_thread_list=0x00000212c54460f0, length=161, elements={
0x00000212a4738800, 0x00000212bf27c000, 0x00000212bf27d000, 0x00000212bfad7800,
0x00000212bfad9000, 0x00000212bfada000, 0x00000212bfade000, 0x00000212bfae0000,
0x00000212bfc46000, 0x00000212bfc46800, 0x00000212c1c9d800, 0x00000212c0b38000,
0x00000212c0c80800, 0x00000212c1610000, 0x00000212c1611000, 0x00000212c16a5800,
0x00000212c1442800, 0x00000212c1443000, 0x00000212c1748800, 0x00000212c1749800,
0x00000212c1cf1000, 0x00000212c1cf5000, 0x00000212c1cf2800, 0x00000212c1cf4000,
0x00000212c1cf1800, 0x00000212c1cef000, 0x00000212c1cf5800, 0x00000212c1cf0000,
0x00000212c1cf3000, 0x00000212c3fe0800, 0x00000212c3fdf000, 0x00000212c3fe2000,
0x00000212c3fdf800, 0x00000212c3fe1800, 0x00000212c3fe3000, 0x00000212c3fdd800,
0x00000212c3fe4000, 0x00000212c3fe6800, 0x00000212c3fe7000, 0x00000212c3fe8000,
0x00000212c3fe8800, 0x00000212c3fea800, 0x00000212c3fe4800, 0x00000212c3feb000,
0x00000212c3fe5800, 0x00000212c3fe9800, 0x00000212c3fec000, 0x00000212c0254800,
0x00000212c0252000, 0x00000212c0254000, 0x00000212c0259000, 0x00000212c0255800,
0x00000212c0256800, 0x00000212c0258000, 0x00000212c0257000, 0x00000212c0253000,
0x00000212c025a800, 0x00000212c025d000, 0x00000212c025b000, 0x00000212c025e800,
0x00000212c025c000, 0x00000212c025f800, 0x00000212c0259800, 0x00000212c025d800,
0x00000212c0260000, 0x00000212c0261000, 0x00000212c1674000, 0x00000212c1671800,
0x00000212c166f800, 0x00000212c1671000, 0x00000212c1672800, 0x00000212c1673800,
0x00000212c1675000, 0x00000212c1676000, 0x00000212c1670000, 0x00000212c1678000,
0x00000212c167a000, 0x00000212c167b800, 0x00000212c167a800, 0x00000212c167c800,
0x00000212c1676800, 0x00000212c167d000, 0x00000212c1677800, 0x00000212c1679000,
0x00000212c167e000, 0x00000212c4334000, 0x00000212c4333800, 0x00000212c4335000,
0x00000212c4336000, 0x00000212c4336800, 0x00000212c4337800, 0x00000212c4338000,
0x00000212c4332800, 0x00000212c433f000, 0x00000212c433a800, 0x00000212c4339000,
0x00000212c433e000, 0x00000212c433a000, 0x00000212c433d000, 0x00000212c433f800,
0x00000212c4340800, 0x00000212c4341000, 0x00000212c433b800, 0x00000212c433c800,
0x00000212c19dd800, 0x00000212c19dc000, 0x00000212c19de000, 0x00000212c19db000,
0x00000212c19dc800, 0x00000212c19df000, 0x00000212c19e0000, 0x00000212c19da000,
0x00000212c19e5800, 0x00000212c19e6800, 0x00000212c19e0800, 0x00000212c19e7000,
0x00000212c19e1800, 0x00000212c19e8000, 0x00000212c19e2800, 0x00000212c19e9000,
0x00000212c19e3000, 0x00000212c19e4000, 0x00000212c19e4800, 0x00000212c3e6f000,
0x00000212c3e70000, 0x00000212c3e70800, 0x00000212c3e71800, 0x00000212c3e72800,
0x00000212c3e6c800, 0x00000212c3e73000, 0x00000212c3e6e000, 0x00000212c3e6d800,
0x00000212c3e76800, 0x00000212c3e77000, 0x00000212c3e78000, 0x00000212c3e74000,
0x00000212c3e75800, 0x00000212c3e79000, 0x00000212c3e74800, 0x00000212c3e7a800,
0x00000212c3e79800, 0x00000212c3e7b800, 0x00000212c69ba800, 0x00000212c69b9800,
0x00000212c69bb000, 0x00000212c69bc000, 0x00000212c69bd800, 0x00000212c69be800,
0x00000212c69c1800, 0x00000212c69bf000, 0x00000212c69c0000, 0x00000212c69c1000,
0x00000212c69bc800, 0x00000212c69c2800, 0x00000212c69c5000, 0x00000212c69c3000,
0x00000212c69c7800, 0x00000212c69c8000, 0x00000212c69c5800, 0x00000212c69c4000,
0x00000212c69c6800
}

Java Threads: ( => current thread )
  0x00000212a4738800 JavaThread "main" [_thread_blocked, id=4340, stack(0x0000004b58d00000,0x0000004b58e00000)]
  0x00000212bf27c000 JavaThread "Reference Handler" daemon [_thread_blocked, id=3768, stack(0x0000004b59400000,0x0000004b59500000)]
  0x00000212bf27d000 JavaThread "Finalizer" daemon [_thread_blocked, id=11564, stack(0x0000004b59500000,0x0000004b59600000)]
  0x00000212bfad7800 JavaThread "Signal Dispatcher" daemon [_thread_blocked, id=13348, stack(0x0000004b59600000,0x0000004b59700000)]
  0x00000212bfad9000 JavaThread "Attach Listener" daemon [_thread_blocked, id=15240, stack(0x0000004b59700000,0x0000004b59800000)]
  0x00000212bfada000 JavaThread "C2 CompilerThread0" daemon [_thread_blocked, id=14556, stack(0x0000004b59800000,0x0000004b59900000)]
  0x00000212bfade000 JavaThread "C1 CompilerThread0" daemon [_thread_blocked, id=5256, stack(0x0000004b59900000,0x0000004b59a00000)]
  0x00000212bfae0000 JavaThread "Sweeper thread" daemon [_thread_blocked, id=4516, stack(0x0000004b59a00000,0x0000004b59b00000)]
  0x00000212bfc46000 JavaThread "Common-Cleaner" daemon [_thread_blocked, id=4332, stack(0x0000004b59b00000,0x0000004b59c00000)]
  0x00000212bfc46800 JavaThread "Service Thread" daemon [_thread_blocked, id=10932, stack(0x0000004b59c00000,0x0000004b59d00000)]
  0x00000212c1c9d800 JavaThread "Daemon health stats" [_thread_blocked, id=14948, stack(0x0000004b5a100000,0x0000004b5a200000)]
  0x00000212c0b38000 JavaThread "Incoming local TCP Connector on port 55938" [_thread_in_native, id=3336, stack(0x0000004b5a300000,0x0000004b5a400000)]
  0x00000212c0c80800 JavaThread "Daemon periodic checks" [_thread_blocked, id=8500, stack(0x0000004b5a400000,0x0000004b5a500000)]
  0x00000212c1610000 JavaThread "Daemon" [_thread_blocked, id=15224, stack(0x0000004b5a500000,0x0000004b5a600000)]
  0x00000212c1611000 JavaThread "Handler for socket connection from /127.0.0.1:55938 to /127.0.0.1:55939" [_thread_in_native, id=11868, stack(0x0000004b5a600000,0x0000004b5a700000)]
  0x00000212c16a5800 JavaThread "Cancel handler" [_thread_blocked, id=11432, stack(0x0000004b5a700000,0x0000004b5a800000)]
  0x00000212c1442800 JavaThread "Daemon worker" [_thread_blocked, id=14448, stack(0x0000004b5a800000,0x0000004b5a900000)]
  0x00000212c1443000 JavaThread "Asynchronous log dispatcher for DefaultDaemonConnection: socket connection from /127.0.0.1:55938 to /127.0.0.1:55939" [_thread_blocked, id=14772, stack(0x0000004b5a900000,0x0000004b5aa00000)]
  0x00000212c1748800 JavaThread "Stdin handler" [_thread_blocked, id=10824, stack(0x0000004b5aa00000,0x0000004b5ab00000)]
  0x00000212c1749800 JavaThread "Thread-8" [_thread_blocked, id=7744, stack(0x0000004b5ab00000,0x0000004b5ac00000)]
  0x00000212c1cf1000 JavaThread "Cache worker for file hash cache (C:\Users\Admin\.gradle\caches\6.7.1\fileHashes)" [_thread_blocked, id=1448, stack(0x0000004b5b100000,0x0000004b5b200000)]
  0x00000212c1cf5000 JavaThread "File lock request listener" [_thread_in_native, id=14848, stack(0x0000004b5b200000,0x0000004b5b300000)]
  0x00000212c1cf2800 JavaThread "Cache worker for journal cache (C:\Users\Admin\.gradle\caches\journal-1)" [_thread_blocked, id=9460, stack(0x0000004b5b400000,0x0000004b5b500000)]
  0x00000212c1cf4000 JavaThread "Cache worker for file hash cache (C:\Users\Admin\Desktop\PRM391_assignment\.gradle\6.7.1\fileHashes)" [_thread_blocked, id=14560, stack(0x0000004b5b600000,0x0000004b5b700000)]
  0x00000212c1cf1800 JavaThread "Cache worker for checksums cache (C:\Users\Admin\Desktop\PRM391_assignment\.gradle\checksums)" [_thread_blocked, id=13528, stack(0x0000004b5b700000,0x0000004b5b800000)]
  0x00000212c1cef000 JavaThread "Cache worker for cache directory md-supplier (C:\Users\Admin\.gradle\caches\6.7.1\md-supplier)" [_thread_blocked, id=476, stack(0x0000004b5b800000,0x0000004b5b900000)]
  0x00000212c1cf5800 JavaThread "Cache worker for cache directory md-rule (C:\Users\Admin\.gradle\caches\6.7.1\md-rule)" [_thread_blocked, id=4896, stack(0x0000004b5b900000,0x0000004b5ba00000)]
  0x00000212c1cf0000 JavaThread "Cache worker for execution history cache (C:\Users\Admin\.gradle\caches\6.7.1\executionHistory)" [_thread_blocked, id=9668, stack(0x0000004b5ba00000,0x0000004b5bb00000)]
  0x00000212c1cf3000 JavaThread "jar transforms" [_thread_blocked, id=5192, stack(0x0000004b5bb00000,0x0000004b5bc00000)]
  0x00000212c3fe0800 JavaThread "Cache worker for file content cache (C:\Users\Admin\.gradle\caches\6.7.1\fileContent)" [_thread_blocked, id=8436, stack(0x0000004b5bc00000,0x0000004b5bd00000)]
  0x00000212c3fdf000 JavaThread "Cache worker for Build Output Cleanup Cache (C:\Users\Admin\Desktop\PRM391_assignment\.gradle\buildOutputCleanup)" [_thread_blocked, id=9936, stack(0x0000004b5bd00000,0x0000004b5be00000)]
  0x00000212c3fe2000 JavaThread "Build operations" [_thread_blocked, id=996, stack(0x0000004b5be00000,0x0000004b5bf00000)]
  0x00000212c3fdf800 JavaThread "Build operations Thread 2" [_thread_blocked, id=7516, stack(0x0000004b5bf00000,0x0000004b5c000000)]
  0x00000212c3fe1800 JavaThread "Build operations Thread 3" [_thread_blocked, id=10316, stack(0x0000004b5c000000,0x0000004b5c100000)]
  0x00000212c3fe3000 JavaThread "Build operations Thread 4" [_thread_blocked, id=8752, stack(0x0000004b5c100000,0x0000004b5c200000)]
  0x00000212c3fdd800 JavaThread "Build operations Thread 5" [_thread_blocked, id=5944, stack(0x0000004b5c200000,0x0000004b5c300000)]
  0x00000212c3fe4000 JavaThread "Build operations Thread 6" [_thread_blocked, id=12328, stack(0x0000004b5c300000,0x0000004b5c400000)]
  0x00000212c3fe6800 JavaThread "Build operations Thread 7" [_thread_blocked, id=9824, stack(0x0000004b5c400000,0x0000004b5c500000)]
  0x00000212c3fe7000 JavaThread "Build operations Thread 8" [_thread_blocked, id=336, stack(0x0000004b5c500000,0x0000004b5c600000)]
  0x00000212c3fe8000 JavaThread "jar transforms Thread 2" [_thread_blocked, id=7548, stack(0x0000004b5c600000,0x0000004b5c700000)]
  0x00000212c3fe8800 JavaThread "jar transforms Thread 3" [_thread_blocked, id=8560, stack(0x0000004b5c700000,0x0000004b5c800000)]
  0x00000212c3fea800 JavaThread "jar transforms Thread 4" [_thread_blocked, id=4044, stack(0x0000004b5c800000,0x0000004b5c900000)]
  0x00000212c3fe4800 JavaThread "jar transforms Thread 5" [_thread_blocked, id=6028, stack(0x0000004b5c900000,0x0000004b5ca00000)]
  0x00000212c3feb000 JavaThread "jar transforms Thread 6" [_thread_blocked, id=10548, stack(0x0000004b5ca00000,0x0000004b5cb00000)]
  0x00000212c3fe5800 JavaThread "jar transforms Thread 7" [_thread_blocked, id=6244, stack(0x0000004b5cb00000,0x0000004b5cc00000)]
  0x00000212c3fe9800 JavaThread "jar transforms Thread 8" [_thread_blocked, id=4132, stack(0x0000004b5cc00000,0x0000004b5cd00000)]
  0x00000212c3fec000 JavaThread "jar transforms Thread 9" [_thread_blocked, id=13300, stack(0x0000004b5cd00000,0x0000004b5ce00000)]
  0x00000212c0254800 JavaThread "jar transforms Thread 10" [_thread_blocked, id=10592, stack(0x0000004b5ce00000,0x0000004b5cf00000)]
  0x00000212c0252000 JavaThread "jar transforms Thread 11" [_thread_blocked, id=7800, stack(0x0000004b5cf00000,0x0000004b5d000000)]
  0x00000212c0254000 JavaThread "jar transforms Thread 12" [_thread_blocked, id=14904, stack(0x0000004b5d000000,0x0000004b5d100000)]
  0x00000212c0259000 JavaThread "jar transforms Thread 13" [_thread_blocked, id=14204, stack(0x0000004b5d100000,0x0000004b5d200000)]
  0x00000212c0255800 JavaThread "jar transforms Thread 14" [_thread_blocked, id=14768, stack(0x0000004b5d200000,0x0000004b5d300000)]
  0x00000212c0256800 JavaThread "jar transforms Thread 15" [_thread_blocked, id=5668, stack(0x0000004b5d300000,0x0000004b5d400000)]
  0x00000212c0258000 JavaThread "jar transforms Thread 16" [_thread_blocked, id=13252, stack(0x0000004b5d400000,0x0000004b5d500000)]
  0x00000212c0257000 JavaThread "jar transforms Thread 17" [_thread_blocked, id=5200, stack(0x0000004b5d500000,0x0000004b5d600000)]
  0x00000212c0253000 JavaThread "jar transforms Thread 18" [_thread_blocked, id=10452, stack(0x0000004b5d600000,0x0000004b5d700000)]
  0x00000212c025a800 JavaThread "jar transforms Thread 19" [_thread_blocked, id=7880, stack(0x0000004b5d700000,0x0000004b5d800000)]
  0x00000212c025d000 JavaThread "jar transforms Thread 20" [_thread_blocked, id=10724, stack(0x0000004b5d800000,0x0000004b5d900000)]
  0x00000212c025b000 JavaThread "jar transforms Thread 21" [_thread_blocked, id=14316, stack(0x0000004b5d900000,0x0000004b5da00000)]
  0x00000212c025e800 JavaThread "jar transforms Thread 22" [_thread_blocked, id=10236, stack(0x0000004b5da00000,0x0000004b5db00000)]
  0x00000212c025c000 JavaThread "jar transforms Thread 23" [_thread_blocked, id=5880, stack(0x0000004b5db00000,0x0000004b5dc00000)]
  0x00000212c025f800 JavaThread "jar transforms Thread 24" [_thread_blocked, id=8832, stack(0x0000004b5dc00000,0x0000004b5dd00000)]
  0x00000212c0259800 JavaThread "jar transforms Thread 25" [_thread_blocked, id=7996, stack(0x0000004b5dd00000,0x0000004b5de00000)]
  0x00000212c025d800 JavaThread "jar transforms Thread 26" [_thread_blocked, id=12344, stack(0x0000004b5de00000,0x0000004b5df00000)]
  0x00000212c0260000 JavaThread "jar transforms Thread 27" [_thread_blocked, id=13740, stack(0x0000004b5df00000,0x0000004b5e000000)]
  0x00000212c0261000 JavaThread "jar transforms Thread 28" [_thread_blocked, id=10908, stack(0x0000004b5e000000,0x0000004b5e100000)]
  0x00000212c1674000 JavaThread "jar transforms Thread 29" [_thread_blocked, id=9856, stack(0x0000004b5e100000,0x0000004b5e200000)]
  0x00000212c1671800 JavaThread "jar transforms Thread 30" [_thread_blocked, id=10248, stack(0x0000004b5e200000,0x0000004b5e300000)]
  0x00000212c166f800 JavaThread "jar transforms Thread 31" [_thread_blocked, id=4868, stack(0x0000004b5e300000,0x0000004b5e400000)]
  0x00000212c1671000 JavaThread "jar transforms Thread 32" [_thread_blocked, id=13640, stack(0x0000004b5e400000,0x0000004b5e500000)]
  0x00000212c1672800 JavaThread "jar transforms Thread 33" [_thread_blocked, id=980, stack(0x0000004b5e500000,0x0000004b5e600000)]
  0x00000212c1673800 JavaThread "jar transforms Thread 34" [_thread_blocked, id=13436, stack(0x0000004b5e600000,0x0000004b5e700000)]
  0x00000212c1675000 JavaThread "jar transforms Thread 35" [_thread_blocked, id=11348, stack(0x0000004b5e700000,0x0000004b5e800000)]
  0x00000212c1676000 JavaThread "jar transforms Thread 36" [_thread_blocked, id=5380, stack(0x0000004b5e800000,0x0000004b5e900000)]
  0x00000212c1670000 JavaThread "jar transforms Thread 37" [_thread_blocked, id=624, stack(0x0000004b5e900000,0x0000004b5ea00000)]
  0x00000212c1678000 JavaThread "jar transforms Thread 38" [_thread_blocked, id=4216, stack(0x0000004b5ea00000,0x0000004b5eb00000)]
  0x00000212c167a000 JavaThread "jar transforms Thread 39" [_thread_blocked, id=15144, stack(0x0000004b5eb00000,0x0000004b5ec00000)]
  0x00000212c167b800 JavaThread "jar transforms Thread 40" [_thread_blocked, id=12604, stack(0x0000004b5ec00000,0x0000004b5ed00000)]
  0x00000212c167a800 JavaThread "jar transforms Thread 41" [_thread_blocked, id=11180, stack(0x0000004b5ed00000,0x0000004b5ee00000)]
  0x00000212c167c800 JavaThread "jar transforms Thread 42" [_thread_blocked, id=10160, stack(0x0000004b5ee00000,0x0000004b5ef00000)]
  0x00000212c1676800 JavaThread "jar transforms Thread 43" [_thread_blocked, id=11740, stack(0x0000004b5ef00000,0x0000004b5f000000)]
  0x00000212c167d000 JavaThread "jar transforms Thread 44" [_thread_blocked, id=7408, stack(0x0000004b5f000000,0x0000004b5f100000)]
  0x00000212c1677800 JavaThread "jar transforms Thread 45" [_thread_blocked, id=1136, stack(0x0000004b5f100000,0x0000004b5f200000)]
  0x00000212c1679000 JavaThread "jar transforms Thread 46" [_thread_blocked, id=8120, stack(0x0000004b5f200000,0x0000004b5f300000)]
  0x00000212c167e000 JavaThread "jar transforms Thread 47" [_thread_blocked, id=7016, stack(0x0000004b5f300000,0x0000004b5f400000)]
  0x00000212c4334000 JavaThread "jar transforms Thread 48" [_thread_blocked, id=10264, stack(0x0000004b5f400000,0x0000004b5f500000)]
  0x00000212c4333800 JavaThread "jar transforms Thread 49" [_thread_blocked, id=12560, stack(0x0000004b5f500000,0x0000004b5f600000)]
  0x00000212c4335000 JavaThread "jar transforms Thread 50" [_thread_blocked, id=1328, stack(0x0000004b5f600000,0x0000004b5f700000)]
  0x00000212c4336000 JavaThread "jar transforms Thread 51" [_thread_blocked, id=14964, stack(0x0000004b5f700000,0x0000004b5f800000)]
  0x00000212c4336800 JavaThread "jar transforms Thread 52" [_thread_blocked, id=6264, stack(0x0000004b5f800000,0x0000004b5f900000)]
  0x00000212c4337800 JavaThread "jar transforms Thread 53" [_thread_blocked, id=11492, stack(0x0000004b5f900000,0x0000004b5fa00000)]
  0x00000212c4338000 JavaThread "jar transforms Thread 54" [_thread_blocked, id=10084, stack(0x0000004b5fa00000,0x0000004b5fb00000)]
  0x00000212c4332800 JavaThread "jar transforms Thread 55" [_thread_blocked, id=8900, stack(0x0000004b5fb00000,0x0000004b5fc00000)]
  0x00000212c433f000 JavaThread "jar transforms Thread 56" [_thread_blocked, id=13084, stack(0x0000004b5fc00000,0x0000004b5fd00000)]
  0x00000212c433a800 JavaThread "jar transforms Thread 57" [_thread_blocked, id=5908, stack(0x0000004b5fd00000,0x0000004b5fe00000)]
  0x00000212c4339000 JavaThread "jar transforms Thread 58" [_thread_blocked, id=13488, stack(0x0000004b5fe00000,0x0000004b5ff00000)]
  0x00000212c433e000 JavaThread "jar transforms Thread 59" [_thread_blocked, id=11084, stack(0x0000004b5ff00000,0x0000004b60000000)]
  0x00000212c433a000 JavaThread "jar transforms Thread 60" [_thread_blocked, id=15100, stack(0x0000004b60000000,0x0000004b60100000)]
  0x00000212c433d000 JavaThread "jar transforms Thread 61" [_thread_blocked, id=1532, stack(0x0000004b60100000,0x0000004b60200000)]
  0x00000212c433f800 JavaThread "jar transforms Thread 62" [_thread_blocked, id=2516, stack(0x0000004b60200000,0x0000004b60300000)]
  0x00000212c4340800 JavaThread "jar transforms Thread 63" [_thread_blocked, id=12916, stack(0x0000004b60300000,0x0000004b60400000)]
  0x00000212c4341000 JavaThread "jar transforms Thread 64" [_thread_blocked, id=348, stack(0x0000004b60400000,0x0000004b60500000)]
  0x00000212c433b800 JavaThread "jar transforms Thread 65" [_thread_blocked, id=14116, stack(0x0000004b60500000,0x0000004b60600000)]
  0x00000212c433c800 JavaThread "jar transforms Thread 66" [_thread_blocked, id=4940, stack(0x0000004b60600000,0x0000004b60700000)]
  0x00000212c19dd800 JavaThread "jar transforms Thread 67" [_thread_blocked, id=8980, stack(0x0000004b60700000,0x0000004b60800000)]
  0x00000212c19dc000 JavaThread "jar transforms Thread 68" [_thread_blocked, id=3428, stack(0x0000004b60800000,0x0000004b60900000)]
  0x00000212c19de000 JavaThread "jar transforms Thread 69" [_thread_blocked, id=10764, stack(0x0000004b60900000,0x0000004b60a00000)]
  0x00000212c19db000 JavaThread "jar transforms Thread 70" [_thread_blocked, id=2908, stack(0x0000004b60a00000,0x0000004b60b00000)]
  0x00000212c19dc800 JavaThread "jar transforms Thread 71" [_thread_blocked, id=7400, stack(0x0000004b60b00000,0x0000004b60c00000)]
  0x00000212c19df000 JavaThread "jar transforms Thread 72" [_thread_blocked, id=5952, stack(0x0000004b60c00000,0x0000004b60d00000)]
  0x00000212c19e0000 JavaThread "jar transforms Thread 73" [_thread_blocked, id=7436, stack(0x0000004b60d00000,0x0000004b60e00000)]
  0x00000212c19da000 JavaThread "jar transforms Thread 74" [_thread_blocked, id=8084, stack(0x0000004b60e00000,0x0000004b60f00000)]
  0x00000212c19e5800 JavaThread "jar transforms Thread 75" [_thread_blocked, id=10800, stack(0x0000004b60f00000,0x0000004b61000000)]
  0x00000212c19e6800 JavaThread "jar transforms Thread 76" [_thread_blocked, id=352, stack(0x0000004b61000000,0x0000004b61100000)]
  0x00000212c19e0800 JavaThread "jar transforms Thread 77" [_thread_blocked, id=12220, stack(0x0000004b61100000,0x0000004b61200000)]
  0x00000212c19e7000 JavaThread "jar transforms Thread 78" [_thread_blocked, id=13328, stack(0x0000004b61200000,0x0000004b61300000)]
  0x00000212c19e1800 JavaThread "jar transforms Thread 79" [_thread_blocked, id=14840, stack(0x0000004b61300000,0x0000004b61400000)]
  0x00000212c19e8000 JavaThread "jar transforms Thread 80" [_thread_blocked, id=1364, stack(0x0000004b61400000,0x0000004b61500000)]
  0x00000212c19e2800 JavaThread "jar transforms Thread 81" [_thread_blocked, id=2508, stack(0x0000004b61500000,0x0000004b61600000)]
  0x00000212c19e9000 JavaThread "jar transforms Thread 82" [_thread_blocked, id=11800, stack(0x0000004b61600000,0x0000004b61700000)]
  0x00000212c19e3000 JavaThread "jar transforms Thread 83" [_thread_blocked, id=1272, stack(0x0000004b61700000,0x0000004b61800000)]
  0x00000212c19e4000 JavaThread "jar transforms Thread 84" [_thread_blocked, id=7912, stack(0x0000004b61800000,0x0000004b61900000)]
  0x00000212c19e4800 JavaThread "jar transforms Thread 85" [_thread_blocked, id=1996, stack(0x0000004b61900000,0x0000004b61a00000)]
  0x00000212c3e6f000 JavaThread "jar transforms Thread 86" [_thread_blocked, id=2304, stack(0x0000004b61a00000,0x0000004b61b00000)]
  0x00000212c3e70000 JavaThread "jar transforms Thread 87" [_thread_blocked, id=9088, stack(0x0000004b61b00000,0x0000004b61c00000)]
  0x00000212c3e70800 JavaThread "jar transforms Thread 88" [_thread_blocked, id=14384, stack(0x0000004b61c00000,0x0000004b61d00000)]
  0x00000212c3e71800 JavaThread "jar transforms Thread 89" [_thread_blocked, id=14420, stack(0x0000004b61d00000,0x0000004b61e00000)]
  0x00000212c3e72800 JavaThread "jar transforms Thread 90" [_thread_blocked, id=2824, stack(0x0000004b61e00000,0x0000004b61f00000)]
  0x00000212c3e6c800 JavaThread "jar transforms Thread 91" [_thread_blocked, id=12072, stack(0x0000004b61f00000,0x0000004b62000000)]
  0x00000212c3e73000 JavaThread "jar transforms Thread 92" [_thread_blocked, id=6644, stack(0x0000004b62000000,0x0000004b62100000)]
  0x00000212c3e6e000 JavaThread "jar transforms Thread 93" [_thread_blocked, id=1264, stack(0x0000004b62100000,0x0000004b62200000)]
  0x00000212c3e6d800 JavaThread "jar transforms Thread 94" [_thread_blocked, id=6996, stack(0x0000004b62200000,0x0000004b62300000)]
  0x00000212c3e76800 JavaThread "jar transforms Thread 95" [_thread_blocked, id=10924, stack(0x0000004b62300000,0x0000004b62400000)]
  0x00000212c3e77000 JavaThread "jar transforms Thread 96" [_thread_blocked, id=13304, stack(0x0000004b62400000,0x0000004b62500000)]
  0x00000212c3e78000 JavaThread "jar transforms Thread 97" [_thread_blocked, id=4980, stack(0x0000004b62500000,0x0000004b62600000)]
  0x00000212c3e74000 JavaThread "jar transforms Thread 98" [_thread_blocked, id=5452, stack(0x0000004b62600000,0x0000004b62700000)]
  0x00000212c3e75800 JavaThread "jar transforms Thread 99" [_thread_blocked, id=14152, stack(0x0000004b62700000,0x0000004b62800000)]
  0x00000212c3e79000 JavaThread "Memory manager" [_thread_blocked, id=8616, stack(0x0000004b62800000,0x0000004b62900000)]
  0x00000212c3e74800 JavaThread "build event listener" [_thread_blocked, id=5328, stack(0x0000004b62900000,0x0000004b62a00000)]
  0x00000212c3e7a800 JavaThread "build event listener" [_thread_blocked, id=15004, stack(0x0000004b62a00000,0x0000004b62b00000)]
  0x00000212c3e79800 JavaThread "Execution worker for ':'" [_thread_blocked, id=14252, stack(0x0000004b62b00000,0x0000004b62c00000)]
  0x00000212c3e7b800 JavaThread "Execution worker for ':' Thread 2" [_thread_blocked, id=7420, stack(0x0000004b62c00000,0x0000004b62d00000)]
  0x00000212c69ba800 JavaThread "Execution worker for ':' Thread 3" [_thread_blocked, id=10120, stack(0x0000004b62d00000,0x0000004b62e00000)]
  0x00000212c69b9800 JavaThread "Execution worker for ':' Thread 4" [_thread_blocked, id=11296, stack(0x0000004b62e00000,0x0000004b62f00000)]
  0x00000212c69bb000 JavaThread "Execution worker for ':' Thread 5" [_thread_blocked, id=4716, stack(0x0000004b62f00000,0x0000004b63000000)]
  0x00000212c69bc000 JavaThread "Execution worker for ':' Thread 6" [_thread_blocked, id=7976, stack(0x0000004b63000000,0x0000004b63100000)]
  0x00000212c69bd800 JavaThread "Execution worker for ':' Thread 7" [_thread_blocked, id=9300, stack(0x0000004b63100000,0x0000004b63200000)]
  0x00000212c69be800 JavaThread "Cache worker for execution history cache (C:\Users\Admin\Desktop\PRM391_assignment\.gradle\6.7.1\executionHistory)" [_thread_blocked, id=7356, stack(0x0000004b63200000,0x0000004b63300000)]
  0x00000212c69c1800 JavaThread "WorkerExecutor Queue Thread 2" [_thread_blocked, id=4040, stack(0x0000004b63300000,0x0000004b63400000)]
  0x00000212c69bf000 JavaThread "WorkerExecutor Queue Thread 3" [_thread_blocked, id=13708, stack(0x0000004b63400000,0x0000004b63500000)]
  0x00000212c69c0000 JavaThread "pool-4-thread-1" [_thread_blocked, id=13340, stack(0x0000004b63500000,0x0000004b63600000)]
  0x00000212c69c1000 JavaThread "stderr" [_thread_in_native, id=11620, stack(0x0000004b63600000,0x0000004b63700000)]
  0x00000212c69bc800 JavaThread "stdout" [_thread_in_native, id=2924, stack(0x0000004b63700000,0x0000004b63800000)]
  0x00000212c69c2800 JavaThread "WorkerExecutor Queue Thread 4" [_thread_blocked, id=8396, stack(0x0000004b5b500000,0x0000004b5b600000)]
  0x00000212c69c5000 JavaThread "ForkJoinPool.commonPool-worker-3" daemon [_thread_blocked, id=15076, stack(0x0000004b63800000,0x0000004b63900000)]
  0x00000212c69c3000 JavaThread "ForkJoinPool.commonPool-worker-5" daemon [_thread_blocked, id=11060, stack(0x0000004b63900000,0x0000004b63a00000)]
  0x00000212c69c7800 JavaThread "ForkJoinPool.commonPool-worker-7" daemon [_thread_blocked, id=13944, stack(0x0000004b63a00000,0x0000004b63b00000)]
  0x00000212c69c8000 JavaThread "ForkJoinPool.commonPool-worker-9" daemon [_thread_blocked, id=12312, stack(0x0000004b63b00000,0x0000004b63c00000)]
  0x00000212c69c5800 JavaThread "ForkJoinPool.commonPool-worker-11" daemon [_thread_blocked, id=9280, stack(0x0000004b63c00000,0x0000004b63d00000)]
  0x00000212c69c4000 JavaThread "ForkJoinPool.commonPool-worker-13" daemon [_thread_blocked, id=3328, stack(0x0000004b63d00000,0x0000004b63e00000)]
  0x00000212c69c6800 JavaThread "ForkJoinPool.commonPool-worker-15" daemon [_thread_blocked, id=2604, stack(0x0000004b63e00000,0x0000004b63f00000)]

Other Threads:
=>0x00000212bf27a000 VMThread "VM Thread" [stack: 0x0000004b59300000,0x0000004b59400000] [id=10804]
  0x00000212bfc47800 WatcherThread [stack: 0x0000004b59d00000,0x0000004b59e00000] [id=6336]
  0x00000212a4751000 GCTaskThread "GC Thread#0" [stack: 0x0000004b58e00000,0x0000004b58f00000] [id=6304]
  0x00000212c0766800 GCTaskThread "GC Thread#1" [stack: 0x0000004b59f00000,0x0000004b5a000000] [id=11572]
  0x00000212c078e000 GCTaskThread "GC Thread#2" [stack: 0x0000004b5a000000,0x0000004b5a100000] [id=8536]
  0x00000212c1aa8000 GCTaskThread "GC Thread#3" [stack: 0x0000004b5ac00000,0x0000004b5ad00000] [id=14276]
  0x00000212c0ce1800 GCTaskThread "GC Thread#4" [stack: 0x0000004b5ad00000,0x0000004b5ae00000] [id=14900]
  0x00000212c01a5000 GCTaskThread "GC Thread#5" [stack: 0x0000004b5ae00000,0x0000004b5af00000] [id=11692]
  0x00000212c1666800 GCTaskThread "GC Thread#6" [stack: 0x0000004b5af00000,0x0000004b5b000000] [id=15352]
  0x00000212c0b6f000 GCTaskThread "GC Thread#7" [stack: 0x0000004b5b000000,0x0000004b5b100000] [id=3168]
  0x00000212a478a800 ConcurrentGCThread "G1 Main Marker" [stack: 0x0000004b58f00000,0x0000004b59000000] [id=12412]
  0x00000212a478c800 ConcurrentGCThread "G1 Conc#0" [stack: 0x0000004b59000000,0x0000004b59100000] [id=10664]
  0x00000212c12a4800 ConcurrentGCThread "G1 Conc#1" [stack: 0x0000004b5b300000,0x0000004b5b400000] [id=8280]
  0x00000212bf0c3800 ConcurrentGCThread "G1 Refine#0" [stack: 0x0000004b59100000,0x0000004b59200000] [id=11392]
  0x00000212c51b5800 ConcurrentGCThread "G1 Refine#1" [stack: 0x0000004b63f00000,0x0000004b64000000] [id=2552]
  0x00000212bf0c4000 ConcurrentGCThread "G1 Young RemSet Sampling" [stack: 0x0000004b59200000,0x0000004b59300000] [id=7824]

Threads with active compile tasks:
C2 CompilerThread0  22808 11204       4       com.android.tools.r8.C.a.a.f::a (4333 bytes)

VM state:at safepoint (normal execution)

VM Mutex/Monitor currently owned by a thread:  ([mutex/lock_event])
[0x00000212a4737380] Threads_lock - owner thread: 0x00000212bf27a000
[0x00000212a4736f90] Heap_lock - owner thread: 0x00000212c69c4000

Heap address: 0x0000000080000000, size: 2048 MB, Compressed Oops mode: 32-bit
Narrow klass base: 0x0000000000000000, Narrow klass shift: 3
Compressed class space size: 1073741824 Address: 0x0000000100000000

Heap:
 garbage-first heap   total 464896K, used 175731K [0x0000000080000000, 0x0000000100000000)
  region size 1024K, 3 young (3072K), 3 survivors (3072K)
 Metaspace       used 87898K, capacity 89950K, committed 90188K, reserved 1128448K
  class space    used 11325K, capacity 12078K, committed 12160K, reserved 1048576K
Heap Regions: E=young(eden), S=young(survivor), O=old, HS=humongous(starts), HC=humongous(continues), CS=collection set, F=free, A=archive, TAMS=top-at-mark-start (previous, next)
|   0|0x0000000080000000, 0x0000000080100000, 0x0000000080100000|100%| O|  |TAMS 0x0000000080100000, 0x0000000080100000| Untracked 
|   1|0x0000000080100000, 0x0000000080200000, 0x0000000080200000|100%| O|  |TAMS 0x0000000080200000, 0x0000000080200000| Untracked 
|   2|0x0000000080200000, 0x0000000080300000, 0x0000000080300000|100%| O|  |TAMS 0x0000000080300000, 0x0000000080300000| Untracked 
|   3|0x0000000080300000, 0x0000000080400000, 0x0000000080400000|100%|HS|  |TAMS 0x0000000080400000, 0x0000000080400000| Complete 
|   4|0x0000000080400000, 0x0000000080500000, 0x0000000080500000|100%|HC|  |TAMS 0x0000000080500000, 0x0000000080500000| Complete 
|   5|0x0000000080500000, 0x0000000080600000, 0x0000000080600000|100%|HC|  |TAMS 0x0000000080600000, 0x0000000080600000| Complete 
|   6|0x0000000080600000, 0x0000000080700000, 0x0000000080700000|100%| O|  |TAMS 0x0000000080700000, 0x0000000080700000| Untracked 
|   7|0x0000000080700000, 0x0000000080800000, 0x0000000080800000|100%| O|  |TAMS 0x0000000080800000, 0x0000000080800000| Untracked 
|   8|0x0000000080800000, 0x0000000080900000, 0x0000000080900000|100%| O|  |TAMS 0x0000000080900000, 0x0000000080900000| Untracked 
|   9|0x0000000080900000, 0x0000000080a00000, 0x0000000080a00000|100%| O|  |TAMS 0x0000000080a00000, 0x0000000080a00000| Untracked 
|  10|0x0000000080a00000, 0x0000000080b00000, 0x0000000080b00000|100%| O|  |TAMS 0x0000000080b00000, 0x0000000080b00000| Untracked 
|  11|0x0000000080b00000, 0x0000000080c00000, 0x0000000080c00000|100%| O|  |TAMS 0x0000000080c00000, 0x0000000080c00000| Untracked 
|  12|0x0000000080c00000, 0x0000000080d00000, 0x0000000080d00000|100%| O|  |TAMS 0x0000000080d00000, 0x0000000080d00000| Untracked 
|  13|0x0000000080d00000, 0x0000000080e00000, 0x0000000080e00000|100%| O|  |TAMS 0x0000000080e00000, 0x0000000080e00000| Untracked 
|  14|0x0000000080e00000, 0x0000000080f00000, 0x0000000080f00000|100%| O|  |TAMS 0x0000000080f00000, 0x0000000080f00000| Untracked 
|  15|0x0000000080f00000, 0x0000000081000000, 0x0000000081000000|100%| O|  |TAMS 0x0000000081000000, 0x0000000081000000| Untracked 
|  16|0x0000000081000000, 0x0000000081100000, 0x0000000081100000|100%| O|  |TAMS 0x0000000081100000, 0x0000000081100000| Untracked 
|  17|0x0000000081100000, 0x0000000081200000, 0x0000000081200000|100%| O|  |TAMS 0x0000000081200000, 0x0000000081200000| Untracked 
|  18|0x0000000081200000, 0x0000000081300000, 0x0000000081300000|100%| O|  |TAMS 0x0000000081300000, 0x0000000081300000| Untracked 
|  19|0x0000000081300000, 0x0000000081400000, 0x0000000081400000|100%|HS|  |TAMS 0x0000000081400000, 0x0000000081400000| Complete 
|  20|0x0000000081400000, 0x0000000081500000, 0x0000000081500000|100%| O|  |TAMS 0x0000000081500000, 0x0000000081500000| Untracked 
|  21|0x0000000081500000, 0x0000000081600000, 0x0000000081600000|100%| O|  |TAMS 0x0000000081600000, 0x0000000081600000| Untracked 
|  22|0x0000000081600000, 0x0000000081700000, 0x0000000081700000|100%|HS|  |TAMS 0x0000000081700000, 0x0000000081700000| Complete 
|  23|0x0000000081700000, 0x0000000081800000, 0x0000000081800000|100%|HC|  |TAMS 0x0000000081800000, 0x0000000081800000| Complete 
|  24|0x0000000081800000, 0x0000000081900000, 0x0000000081900000|100%| O|  |TAMS 0x0000000081900000, 0x0000000081900000| Untracked 
|  25|0x0000000081900000, 0x0000000081a00000, 0x0000000081a00000|100%| O|  |TAMS 0x0000000081a00000, 0x0000000081a00000| Untracked 
|  26|0x0000000081a00000, 0x0000000081b00000, 0x0000000081b00000|100%| O|  |TAMS 0x0000000081b00000, 0x0000000081b00000| Untracked 
|  27|0x0000000081b00000, 0x0000000081c00000, 0x0000000081c00000|100%| O|  |TAMS 0x0000000081c00000, 0x0000000081c00000| Untracked 
|  28|0x0000000081c00000, 0x0000000081d00000, 0x0000000081d00000|100%| O|  |TAMS 0x0000000081d00000, 0x0000000081d00000| Untracked 
|  29|0x0000000081d00000, 0x0000000081e00000, 0x0000000081e00000|100%| O|  |TAMS 0x0000000081e00000, 0x0000000081e00000| Untracked 
|  30|0x0000000081e00000, 0x0000000081f00000, 0x0000000081f00000|100%| O|  |TAMS 0x0000000081f00000, 0x0000000081f00000| Untracked 
|  31|0x0000000081f00000, 0x0000000082000000, 0x0000000082000000|100%| O|  |TAMS 0x0000000082000000, 0x0000000082000000| Untracked 
|  32|0x0000000082000000, 0x0000000082100000, 0x0000000082100000|100%| O|  |TAMS 0x0000000082100000, 0x0000000082100000| Untracked 
|  33|0x0000000082100000, 0x0000000082200000, 0x0000000082200000|100%| O|  |TAMS 0x0000000082200000, 0x0000000082200000| Untracked 
|  34|0x0000000082200000, 0x0000000082300000, 0x0000000082300000|100%| O|  |TAMS 0x0000000082300000, 0x0000000082300000| Untracked 
|  35|0x0000000082300000, 0x0000000082400000, 0x0000000082400000|100%| O|  |TAMS 0x0000000082400000, 0x0000000082400000| Untracked 
|  36|0x0000000082400000, 0x0000000082500000, 0x0000000082500000|100%| O|  |TAMS 0x0000000082500000, 0x0000000082500000| Untracked 
|  37|0x0000000082500000, 0x0000000082600000, 0x0000000082600000|100%| O|  |TAMS 0x0000000082600000, 0x0000000082600000| Untracked 
|  38|0x0000000082600000, 0x0000000082700000, 0x0000000082700000|100%| O|  |TAMS 0x0000000082700000, 0x0000000082700000| Untracked 
|  39|0x0000000082700000, 0x0000000082800000, 0x0000000082800000|100%| O|  |TAMS 0x0000000082800000, 0x0000000082800000| Untracked 
|  40|0x0000000082800000, 0x0000000082900000, 0x0000000082900000|100%| O|  |TAMS 0x0000000082900000, 0x0000000082900000| Untracked 
|  41|0x0000000082900000, 0x0000000082a00000, 0x0000000082a00000|100%| O|  |TAMS 0x0000000082a00000, 0x0000000082a00000| Untracked 
|  42|0x0000000082a00000, 0x0000000082b00000, 0x0000000082b00000|100%| O|  |TAMS 0x0000000082b00000, 0x0000000082b00000| Untracked 
|  43|0x0000000082b00000, 0x0000000082c00000, 0x0000000082c00000|100%| O|  |TAMS 0x0000000082c00000, 0x0000000082c00000| Untracked 
|  44|0x0000000082c00000, 0x0000000082d00000, 0x0000000082d00000|100%| O|  |TAMS 0x0000000082d00000, 0x0000000082d00000| Untracked 
|  45|0x0000000082d00000, 0x0000000082e00000, 0x0000000082e00000|100%| O|  |TAMS 0x0000000082e00000, 0x0000000082e00000| Untracked 
|  46|0x0000000082e00000, 0x0000000082f00000, 0x0000000082f00000|100%| O|  |TAMS 0x0000000082f00000, 0x0000000082f00000| Untracked 
|  47|0x0000000082f00000, 0x0000000083000000, 0x0000000083000000|100%| O|  |TAMS 0x0000000083000000, 0x0000000083000000| Untracked 
|  48|0x0000000083000000, 0x0000000083100000, 0x0000000083100000|100%| O|  |TAMS 0x0000000083100000, 0x0000000083100000| Untracked 
|  49|0x0000000083100000, 0x0000000083200000, 0x0000000083200000|100%| O|  |TAMS 0x0000000083200000, 0x0000000083200000| Untracked 
|  50|0x0000000083200000, 0x0000000083300000, 0x0000000083300000|100%| O|  |TAMS 0x0000000083300000, 0x0000000083300000| Untracked 
|  51|0x0000000083300000, 0x0000000083400000, 0x0000000083400000|100%| O|  |TAMS 0x0000000083400000, 0x0000000083400000| Untracked 
|  52|0x0000000083400000, 0x0000000083500000, 0x0000000083500000|100%| O|  |TAMS 0x0000000083500000, 0x0000000083500000| Untracked 
|  53|0x0000000083500000, 0x0000000083600000, 0x0000000083600000|100%| O|  |TAMS 0x0000000083600000, 0x0000000083600000| Untracked 
|  54|0x0000000083600000, 0x0000000083700000, 0x0000000083700000|100%| O|  |TAMS 0x0000000083700000, 0x0000000083700000| Untracked 
|  55|0x0000000083700000, 0x0000000083800000, 0x0000000083800000|100%| O|  |TAMS 0x0000000083800000, 0x0000000083800000| Untracked 
|  56|0x0000000083800000, 0x0000000083900000, 0x0000000083900000|100%| O|  |TAMS 0x0000000083900000, 0x0000000083900000| Untracked 
|  57|0x0000000083900000, 0x0000000083a00000, 0x0000000083a00000|100%| O|  |TAMS 0x0000000083a00000, 0x0000000083a00000| Untracked 
|  58|0x0000000083a00000, 0x0000000083b00000, 0x0000000083b00000|100%| O|  |TAMS 0x0000000083b00000, 0x0000000083b00000| Untracked 
|  59|0x0000000083b00000, 0x0000000083c00000, 0x0000000083c00000|100%| O|  |TAMS 0x0000000083c00000, 0x0000000083c00000| Untracked 
|  60|0x0000000083c00000, 0x0000000083d00000, 0x0000000083d00000|100%| O|  |TAMS 0x0000000083d00000, 0x0000000083d00000| Untracked 
|  61|0x0000000083d00000, 0x0000000083e00000, 0x0000000083e00000|100%| O|  |TAMS 0x0000000083e00000, 0x0000000083e00000| Untracked 
|  62|0x0000000083e00000, 0x0000000083f00000, 0x0000000083f00000|100%| O|  |TAMS 0x0000000083f00000, 0x0000000083f00000| Untracked 
|  63|0x0000000083f00000, 0x0000000084000000, 0x0000000084000000|100%| O|  |TAMS 0x0000000084000000, 0x0000000084000000| Untracked 
|  64|0x0000000084000000, 0x0000000084100000, 0x0000000084100000|100%| O|  |TAMS 0x0000000084100000, 0x0000000084100000| Untracked 
|  65|0x0000000084100000, 0x0000000084200000, 0x0000000084200000|100%| O|  |TAMS 0x0000000084200000, 0x0000000084200000| Untracked 
|  66|0x0000000084200000, 0x0000000084300000, 0x0000000084300000|100%| O|  |TAMS 0x0000000084300000, 0x0000000084300000| Untracked 
|  67|0x0000000084300000, 0x0000000084400000, 0x0000000084400000|100%|HS|  |TAMS 0x0000000084400000, 0x0000000084400000| Complete 
|  68|0x0000000084400000, 0x0000000084500000, 0x0000000084500000|100%|HC|  |TAMS 0x0000000084500000, 0x0000000084500000| Complete 
|  69|0x0000000084500000, 0x0000000084600000, 0x0000000084600000|100%| O|  |TAMS 0x0000000084600000, 0x0000000084600000| Untracked 
|  70|0x0000000084600000, 0x0000000084700000, 0x0000000084700000|100%| O|  |TAMS 0x0000000084700000, 0x0000000084700000| Untracked 
|  71|0x0000000084700000, 0x0000000084800000, 0x0000000084800000|100%| O|  |TAMS 0x0000000084800000, 0x0000000084800000| Untracked 
|  72|0x0000000084800000, 0x0000000084900000, 0x0000000084900000|100%| O|  |TAMS 0x0000000084900000, 0x0000000084900000| Untracked 
|  73|0x0000000084900000, 0x0000000084a00000, 0x0000000084a00000|100%| O|  |TAMS 0x0000000084a00000, 0x0000000084a00000| Untracked 
|  74|0x0000000084a00000, 0x0000000084b00000, 0x0000000084b00000|100%| O|  |TAMS 0x0000000084b00000, 0x0000000084b00000| Untracked 
|  75|0x0000000084b00000, 0x0000000084c00000, 0x0000000084c00000|100%| O|  |TAMS 0x0000000084c00000, 0x0000000084c00000| Untracked 
|  76|0x0000000084c00000, 0x0000000084d00000, 0x0000000084d00000|100%| O|  |TAMS 0x0000000084d00000, 0x0000000084d00000| Untracked 
|  77|0x0000000084d00000, 0x0000000084e00000, 0x0000000084e00000|100%| O|  |TAMS 0x0000000084e00000, 0x0000000084e00000| Untracked 
|  78|0x0000000084e00000, 0x0000000084f00000, 0x0000000084f00000|100%| O|  |TAMS 0x0000000084f00000, 0x0000000084f00000| Untracked 
|  79|0x0000000084f00000, 0x0000000085000000, 0x0000000085000000|100%| O|  |TAMS 0x0000000085000000, 0x0000000085000000| Untracked 
|  80|0x0000000085000000, 0x0000000085100000, 0x0000000085100000|100%| O|  |TAMS 0x0000000085100000, 0x0000000085100000| Untracked 
|  81|0x0000000085100000, 0x0000000085200000, 0x0000000085200000|100%| O|  |TAMS 0x0000000085200000, 0x0000000085200000| Untracked 
|  82|0x0000000085200000, 0x0000000085300000, 0x0000000085300000|100%| O|  |TAMS 0x0000000085300000, 0x0000000085300000| Untracked 
|  83|0x0000000085300000, 0x0000000085400000, 0x0000000085400000|100%| O|  |TAMS 0x0000000085400000, 0x0000000085400000| Untracked 
|  84|0x0000000085400000, 0x0000000085500000, 0x0000000085500000|100%| O|  |TAMS 0x0000000085500000, 0x0000000085500000| Untracked 
|  85|0x0000000085500000, 0x0000000085600000, 0x0000000085600000|100%| O|  |TAMS 0x0000000085600000, 0x0000000085600000| Untracked 
|  86|0x0000000085600000, 0x0000000085700000, 0x0000000085700000|100%| O|  |TAMS 0x0000000085700000, 0x0000000085700000| Untracked 
|  87|0x0000000085700000, 0x0000000085800000, 0x0000000085800000|100%| O|  |TAMS 0x0000000085800000, 0x0000000085800000| Untracked 
|  88|0x0000000085800000, 0x0000000085900000, 0x0000000085900000|100%| O|  |TAMS 0x0000000085900000, 0x0000000085900000| Untracked 
|  89|0x0000000085900000, 0x0000000085a00000, 0x0000000085a00000|100%| O|  |TAMS 0x0000000085a00000, 0x0000000085a00000| Untracked 
|  90|0x0000000085a00000, 0x0000000085b00000, 0x0000000085b00000|100%| O|  |TAMS 0x0000000085b00000, 0x0000000085b00000| Untracked 
|  91|0x0000000085b00000, 0x0000000085c00000, 0x0000000085c00000|100%| O|  |TAMS 0x0000000085c00000, 0x0000000085c00000| Untracked 
|  92|0x0000000085c00000, 0x0000000085d00000, 0x0000000085d00000|100%| O|  |TAMS 0x0000000085d00000, 0x0000000085d00000| Untracked 
|  93|0x0000000085d00000, 0x0000000085e00000, 0x0000000085e00000|100%| O|  |TAMS 0x0000000085e00000, 0x0000000085e00000| Untracked 
|  94|0x0000000085e00000, 0x0000000085f00000, 0x0000000085f00000|100%| O|  |TAMS 0x0000000085f00000, 0x0000000085f00000| Untracked 
|  95|0x0000000085f00000, 0x0000000086000000, 0x0000000086000000|100%| O|  |TAMS 0x0000000086000000, 0x0000000086000000| Untracked 
|  96|0x0000000086000000, 0x0000000086100000, 0x0000000086100000|100%| O|  |TAMS 0x0000000086100000, 0x0000000086100000| Untracked 
|  97|0x0000000086100000, 0x0000000086200000, 0x0000000086200000|100%| O|  |TAMS 0x0000000086200000, 0x0000000086200000| Untracked 
|  98|0x0000000086200000, 0x0000000086300000, 0x0000000086300000|100%| O|  |TAMS 0x0000000086300000, 0x0000000086300000| Untracked 
|  99|0x0000000086300000, 0x0000000086400000, 0x0000000086400000|100%| O|  |TAMS 0x0000000086400000, 0x0000000086400000| Untracked 
| 100|0x0000000086400000, 0x0000000086500000, 0x0000000086500000|100%| O|  |TAMS 0x0000000086500000, 0x0000000086500000| Untracked 
| 101|0x0000000086500000, 0x0000000086600000, 0x0000000086600000|100%| O|  |TAMS 0x0000000086600000, 0x0000000086600000| Untracked 
| 102|0x0000000086600000, 0x0000000086700000, 0x0000000086700000|100%| O|  |TAMS 0x0000000086700000, 0x0000000086700000| Untracked 
| 103|0x0000000086700000, 0x0000000086800000, 0x0000000086800000|100%| O|  |TAMS 0x0000000086800000, 0x0000000086800000| Untracked 
| 104|0x0000000086800000, 0x0000000086900000, 0x0000000086900000|100%| O|  |TAMS 0x0000000086900000, 0x0000000086900000| Untracked 
| 105|0x0000000086900000, 0x0000000086a00000, 0x0000000086a00000|100%| O|  |TAMS 0x0000000086a00000, 0x0000000086a00000| Untracked 
| 106|0x0000000086a00000, 0x0000000086b00000, 0x0000000086b00000|100%| O|  |TAMS 0x0000000086b00000, 0x0000000086b00000| Untracked 
| 107|0x0000000086b00000, 0x0000000086c00000, 0x0000000086c00000|100%| O|  |TAMS 0x0000000086c00000, 0x0000000086c00000| Untracked 
| 108|0x0000000086c00000, 0x0000000086d00000, 0x0000000086d00000|100%| O|  |TAMS 0x0000000086d00000, 0x0000000086d00000| Untracked 
| 109|0x0000000086d00000, 0x0000000086e00000, 0x0000000086e00000|100%| O|  |TAMS 0x0000000086e00000, 0x0000000086e00000| Untracked 
| 110|0x0000000086e00000, 0x0000000086f00000, 0x0000000086f00000|100%| O|  |TAMS 0x0000000086f00000, 0x0000000086f00000| Untracked 
| 111|0x0000000086f00000, 0x0000000087000000, 0x0000000087000000|100%| O|  |TAMS 0x0000000087000000, 0x0000000087000000| Untracked 
| 112|0x0000000087000000, 0x0000000087100000, 0x0000000087100000|100%| O|  |TAMS 0x0000000087100000, 0x0000000087100000| Untracked 
| 113|0x0000000087100000, 0x0000000087200000, 0x0000000087200000|100%| O|  |TAMS 0x0000000087200000, 0x0000000087200000| Untracked 
| 114|0x0000000087200000, 0x0000000087300000, 0x0000000087300000|100%| O|  |TAMS 0x0000000087300000, 0x0000000087300000| Untracked 
| 115|0x0000000087300000, 0x0000000087400000, 0x0000000087400000|100%| O|  |TAMS 0x0000000087400000, 0x0000000087400000| Untracked 
| 116|0x0000000087400000, 0x0000000087500000, 0x0000000087500000|100%| O|  |TAMS 0x0000000087500000, 0x0000000087500000| Untracked 
| 117|0x0000000087500000, 0x0000000087600000, 0x0000000087600000|100%| O|  |TAMS 0x0000000087600000, 0x0000000087600000| Untracked 
| 118|0x0000000087600000, 0x0000000087700000, 0x0000000087700000|100%| O|  |TAMS 0x0000000087700000, 0x0000000087700000| Untracked 
| 119|0x0000000087700000, 0x0000000087800000, 0x0000000087800000|100%| O|  |TAMS 0x0000000087800000, 0x0000000087800000| Untracked 
| 120|0x0000000087800000, 0x0000000087900000, 0x0000000087900000|100%| O|  |TAMS 0x0000000087900000, 0x0000000087900000| Untracked 
| 121|0x0000000087900000, 0x0000000087a00000, 0x0000000087a00000|100%| O|  |TAMS 0x0000000087a00000, 0x0000000087a00000| Untracked 
| 122|0x0000000087a00000, 0x0000000087b00000, 0x0000000087b00000|100%| O|  |TAMS 0x0000000087b00000, 0x0000000087b00000| Untracked 
| 123|0x0000000087b00000, 0x0000000087c00000, 0x0000000087c00000|100%| O|  |TAMS 0x0000000087c00000, 0x0000000087c00000| Untracked 
| 124|0x0000000087c00000, 0x0000000087d00000, 0x0000000087d00000|100%| O|  |TAMS 0x0000000087d00000, 0x0000000087d00000| Untracked 
| 125|0x0000000087d00000, 0x0000000087e00000, 0x0000000087e00000|100%| O|  |TAMS 0x0000000087e00000, 0x0000000087e00000| Untracked 
| 126|0x0000000087e00000, 0x0000000087f00000, 0x0000000087f00000|100%| O|  |TAMS 0x0000000087f00000, 0x0000000087f00000| Untracked 
| 127|0x0000000087f00000, 0x0000000088000000, 0x0000000088000000|100%| O|  |TAMS 0x0000000088000000, 0x0000000088000000| Untracked 
| 128|0x0000000088000000, 0x0000000088100000, 0x0000000088100000|100%| O|  |TAMS 0x0000000088100000, 0x0000000088100000| Untracked 
| 129|0x0000000088100000, 0x0000000088200000, 0x0000000088200000|100%| O|  |TAMS 0x0000000088200000, 0x0000000088200000| Untracked 
| 130|0x0000000088200000, 0x0000000088300000, 0x0000000088300000|100%| O|  |TAMS 0x0000000088300000, 0x0000000088300000| Untracked 
| 131|0x0000000088300000, 0x0000000088400000, 0x0000000088400000|100%| O|  |TAMS 0x0000000088400000, 0x0000000088400000| Untracked 
| 132|0x0000000088400000, 0x0000000088500000, 0x0000000088500000|100%| O|  |TAMS 0x0000000088500000, 0x0000000088500000| Untracked 
| 133|0x0000000088500000, 0x0000000088600000, 0x0000000088600000|100%| O|  |TAMS 0x0000000088600000, 0x0000000088600000| Untracked 
| 134|0x0000000088600000, 0x0000000088700000, 0x0000000088700000|100%| O|  |TAMS 0x0000000088700000, 0x0000000088700000| Untracked 
| 135|0x0000000088700000, 0x0000000088800000, 0x0000000088800000|100%| O|  |TAMS 0x0000000088756a00, 0x0000000088800000| Untracked 
| 136|0x0000000088800000, 0x0000000088900000, 0x0000000088900000|100%| O|  |TAMS 0x0000000088800000, 0x0000000088900000| Untracked 
| 137|0x0000000088900000, 0x0000000088a00000, 0x0000000088a00000|100%| O|  |TAMS 0x0000000088900000, 0x0000000088a00000| Untracked 
| 138|0x0000000088a00000, 0x0000000088b00000, 0x0000000088b00000|100%| O|  |TAMS 0x0000000088a00000, 0x0000000088b00000| Untracked 
| 139|0x0000000088b00000, 0x0000000088c00000, 0x0000000088c00000|100%| O|  |TAMS 0x0000000088b00000, 0x0000000088c00000| Untracked 
| 140|0x0000000088c00000, 0x0000000088d00000, 0x0000000088d00000|100%| O|  |TAMS 0x0000000088c00000, 0x0000000088d00000| Untracked 
| 141|0x0000000088d00000, 0x0000000088e00000, 0x0000000088e00000|100%| O|  |TAMS 0x0000000088d00000, 0x0000000088e00000| Untracked 
| 142|0x0000000088e00000, 0x0000000088f00000, 0x0000000088f00000|100%| O|  |TAMS 0x0000000088e00000, 0x0000000088f00000| Untracked 
| 143|0x0000000088f00000, 0x0000000089000000, 0x0000000089000000|100%| O|  |TAMS 0x0000000088f00000, 0x0000000089000000| Untracked 
| 144|0x0000000089000000, 0x0000000089100000, 0x0000000089100000|100%| O|  |TAMS 0x0000000089000000, 0x0000000089100000| Untracked 
| 145|0x0000000089100000, 0x0000000089200000, 0x0000000089200000|100%| O|  |TAMS 0x0000000089100000, 0x0000000089200000| Untracked 
| 146|0x0000000089200000, 0x0000000089300000, 0x0000000089300000|100%| O|  |TAMS 0x0000000089200000, 0x0000000089300000| Untracked 
| 147|0x0000000089300000, 0x0000000089400000, 0x0000000089400000|100%| O|  |TAMS 0x0000000089300000, 0x0000000089400000| Untracked 
| 148|0x0000000089400000, 0x0000000089500000, 0x0000000089500000|100%|HS|  |TAMS 0x0000000089400000, 0x0000000089500000| Complete 
| 149|0x0000000089500000, 0x0000000089600000, 0x0000000089600000|100%| O|  |TAMS 0x0000000089500000, 0x0000000089600000| Untracked 
| 150|0x0000000089600000, 0x0000000089700000, 0x0000000089700000|100%| O|  |TAMS 0x0000000089600000, 0x0000000089700000| Untracked 
| 151|0x0000000089700000, 0x0000000089800000, 0x0000000089800000|100%| O|  |TAMS 0x0000000089700000, 0x0000000089800000| Untracked 
| 152|0x0000000089800000, 0x0000000089900000, 0x0000000089900000|100%| O|  |TAMS 0x0000000089800000, 0x0000000089900000| Untracked 
| 153|0x0000000089900000, 0x0000000089a00000, 0x0000000089a00000|100%| O|  |TAMS 0x0000000089900000, 0x0000000089a00000| Untracked 
| 154|0x0000000089a00000, 0x0000000089b00000, 0x0000000089b00000|100%| O|  |TAMS 0x0000000089a00000, 0x0000000089b00000| Untracked 
| 155|0x0000000089b00000, 0x0000000089c00000, 0x0000000089c00000|100%| O|  |TAMS 0x0000000089b00000, 0x0000000089c00000| Untracked 
| 156|0x0000000089c00000, 0x0000000089d00000, 0x0000000089d00000|100%| O|  |TAMS 0x0000000089c00000, 0x0000000089d00000| Untracked 
| 157|0x0000000089d00000, 0x0000000089e00000, 0x0000000089e00000|100%| O|  |TAMS 0x0000000089d00000, 0x0000000089e00000| Untracked 
| 158|0x0000000089e00000, 0x0000000089f00000, 0x0000000089f00000|100%| O|  |TAMS 0x0000000089e00000, 0x0000000089f00000| Untracked 
| 159|0x0000000089f00000, 0x000000008a000000, 0x000000008a000000|100%| O|  |TAMS 0x0000000089f00000, 0x000000008a000000| Untracked 
| 160|0x000000008a000000, 0x000000008a100000, 0x000000008a100000|100%| O|  |TAMS 0x000000008a000000, 0x000000008a100000| Untracked 
| 161|0x000000008a100000, 0x000000008a200000, 0x000000008a200000|100%| O|  |TAMS 0x000000008a100000, 0x000000008a200000| Untracked 
| 162|0x000000008a200000, 0x000000008a300000, 0x000000008a300000|100%| O|  |TAMS 0x000000008a200000, 0x000000008a300000| Untracked 
| 163|0x000000008a300000, 0x000000008a400000, 0x000000008a400000|100%| O|  |TAMS 0x000000008a300000, 0x000000008a400000| Untracked 
| 164|0x000000008a400000, 0x000000008a500000, 0x000000008a500000|100%| O|  |TAMS 0x000000008a400000, 0x000000008a500000| Untracked 
| 165|0x000000008a500000, 0x000000008a600000, 0x000000008a600000|100%| O|  |TAMS 0x000000008a500000, 0x000000008a600000| Untracked 
| 166|0x000000008a600000, 0x000000008a700000, 0x000000008a700000|100%| O|  |TAMS 0x000000008a600000, 0x000000008a700000| Untracked 
| 167|0x000000008a700000, 0x000000008a800000, 0x000000008a800000|100%| O|  |TAMS 0x000000008a700000, 0x000000008a800000| Untracked 
| 168|0x000000008a800000, 0x000000008a8b5000, 0x000000008a900000| 70%| O|  |TAMS 0x000000008a800000, 0x000000008a8b5000| Untracked 
| 169|0x000000008a900000, 0x000000008a900000, 0x000000008aa00000|  0%| F|  |TAMS 0x000000008a900000, 0x000000008a900000| Untracked 
| 170|0x000000008aa00000, 0x000000008aa00000, 0x000000008ab00000|  0%| F|  |TAMS 0x000000008aa00000, 0x000000008aa00000| Untracked 
| 171|0x000000008ab00000, 0x000000008ab00000, 0x000000008ac00000|  0%| F|  |TAMS 0x000000008ab00000, 0x000000008ab00000| Untracked 
| 172|0x000000008ac00000, 0x000000008ac00000, 0x000000008ad00000|  0%| F|  |TAMS 0x000000008ac00000, 0x000000008ac00000| Untracked 
| 173|0x000000008ad00000, 0x000000008ad00000, 0x000000008ae00000|  0%| F|  |TAMS 0x000000008ad00000, 0x000000008ad00000| Untracked 
| 174|0x000000008ae00000, 0x000000008ae00000, 0x000000008af00000|  0%| F|  |TAMS 0x000000008ae00000, 0x000000008ae00000| Untracked 
| 175|0x000000008af00000, 0x000000008af00000, 0x000000008b000000|  0%| F|  |TAMS 0x000000008af00000, 0x000000008af00000| Untracked 
| 176|0x000000008b000000, 0x000000008b000000, 0x000000008b100000|  0%| F|  |TAMS 0x000000008b000000, 0x000000008b000000| Untracked 
| 177|0x000000008b100000, 0x000000008b100000, 0x000000008b200000|  0%| F|  |TAMS 0x000000008b100000, 0x000000008b100000| Untracked 
| 178|0x000000008b200000, 0x000000008b200000, 0x000000008b300000|  0%| F|  |TAMS 0x000000008b200000, 0x000000008b200000| Untracked 
| 179|0x000000008b300000, 0x000000008b300000, 0x000000008b400000|  0%| F|  |TAMS 0x000000008b300000, 0x000000008b300000| Untracked 
| 180|0x000000008b400000, 0x000000008b400000, 0x000000008b500000|  0%| F|  |TAMS 0x000000008b400000, 0x000000008b400000| Untracked 
| 181|0x000000008b500000, 0x000000008b500000, 0x000000008b600000|  0%| F|  |TAMS 0x000000008b500000, 0x000000008b500000| Untracked 
| 182|0x000000008b600000, 0x000000008b600000, 0x000000008b700000|  0%| F|  |TAMS 0x000000008b600000, 0x000000008b600000| Untracked 
| 183|0x000000008b700000, 0x000000008b700000, 0x000000008b800000|  0%| F|  |TAMS 0x000000008b700000, 0x000000008b700000| Untracked 
| 184|0x000000008b800000, 0x000000008b800000, 0x000000008b900000|  0%| F|  |TAMS 0x000000008b800000, 0x000000008b800000| Untracked 
| 185|0x000000008b900000, 0x000000008b900000, 0x000000008ba00000|  0%| F|  |TAMS 0x000000008b900000, 0x000000008b900000| Untracked 
| 186|0x000000008ba00000, 0x000000008ba00000, 0x000000008bb00000|  0%| F|  |TAMS 0x000000008ba00000, 0x000000008ba00000| Untracked 
| 187|0x000000008bb00000, 0x000000008bb00000, 0x000000008bc00000|  0%| F|  |TAMS 0x000000008bb00000, 0x000000008bb00000| Untracked 
| 188|0x000000008bc00000, 0x000000008bc00000, 0x000000008bd00000|  0%| F|  |TAMS 0x000000008bc00000, 0x000000008bc00000| Untracked 
| 189|0x000000008bd00000, 0x000000008bd00000, 0x000000008be00000|  0%| F|  |TAMS 0x000000008bd00000, 0x000000008bd00000| Untracked 
| 190|0x000000008be00000, 0x000000008be00000, 0x000000008bf00000|  0%| F|  |TAMS 0x000000008be00000, 0x000000008be00000| Untracked 
| 191|0x000000008bf00000, 0x000000008bf00000, 0x000000008c000000|  0%| F|  |TAMS 0x000000008bf00000, 0x000000008bf00000| Untracked 
| 192|0x000000008c000000, 0x000000008c000000, 0x000000008c100000|  0%| F|  |TAMS 0x000000008c000000, 0x000000008c000000| Untracked 
| 193|0x000000008c100000, 0x000000008c100000, 0x000000008c200000|  0%| F|  |TAMS 0x000000008c100000, 0x000000008c100000| Untracked 
| 194|0x000000008c200000, 0x000000008c200000, 0x000000008c300000|  0%| F|  |TAMS 0x000000008c200000, 0x000000008c200000| Untracked 
| 195|0x000000008c300000, 0x000000008c300000, 0x000000008c400000|  0%| F|  |TAMS 0x000000008c300000, 0x000000008c300000| Untracked 
| 196|0x000000008c400000, 0x000000008c400000, 0x000000008c500000|  0%| F|  |TAMS 0x000000008c400000, 0x000000008c400000| Untracked 
| 197|0x000000008c500000, 0x000000008c500000, 0x000000008c600000|  0%| F|  |TAMS 0x000000008c500000, 0x000000008c500000| Untracked 
| 198|0x000000008c600000, 0x000000008c600000, 0x000000008c700000|  0%| F|  |TAMS 0x000000008c600000, 0x000000008c600000| Untracked 
| 199|0x000000008c700000, 0x000000008c700000, 0x000000008c800000|  0%| F|  |TAMS 0x000000008c700000, 0x000000008c700000| Untracked 
| 200|0x000000008c800000, 0x000000008c800000, 0x000000008c900000|  0%| F|  |TAMS 0x000000008c800000, 0x000000008c800000| Untracked 
| 201|0x000000008c900000, 0x000000008c900000, 0x000000008ca00000|  0%| F|  |TAMS 0x000000008c900000, 0x000000008c900000| Untracked 
| 202|0x000000008ca00000, 0x000000008ca00000, 0x000000008cb00000|  0%| F|  |TAMS 0x000000008ca00000, 0x000000008ca00000| Untracked 
| 203|0x000000008cb00000, 0x000000008cb00000, 0x000000008cc00000|  0%| F|  |TAMS 0x000000008cb00000, 0x000000008cb00000| Untracked 
| 204|0x000000008cc00000, 0x000000008cce7ea0, 0x000000008cd00000| 90%| S|CS|TAMS 0x000000008cc00000, 0x000000008cc00000| Complete 
| 205|0x000000008cd00000, 0x000000008ce00000, 0x000000008ce00000|100%| S|CS|TAMS 0x000000008cd00000, 0x000000008cd00000| Complete 
| 206|0x000000008ce00000, 0x000000008cf00000, 0x000000008cf00000|100%| S|CS|TAMS 0x000000008ce00000, 0x000000008ce00000| Complete 
| 207|0x000000008cf00000, 0x000000008cf00000, 0x000000008d000000|  0%| F|  |TAMS 0x000000008cf00000, 0x000000008cf00000| Untracked 
| 208|0x000000008d000000, 0x000000008d000000, 0x000000008d100000|  0%| F|  |TAMS 0x000000008d000000, 0x000000008d000000| Untracked 
| 209|0x000000008d100000, 0x000000008d100000, 0x000000008d200000|  0%| F|  |TAMS 0x000000008d100000, 0x000000008d100000| Untracked 
| 210|0x000000008d200000, 0x000000008d200000, 0x000000008d300000|  0%| F|  |TAMS 0x000000008d200000, 0x000000008d200000| Untracked 
| 211|0x000000008d300000, 0x000000008d300000, 0x000000008d400000|  0%| F|  |TAMS 0x000000008d300000, 0x000000008d300000| Untracked 
| 212|0x000000008d400000, 0x000000008d400000, 0x000000008d500000|  0%| F|  |TAMS 0x000000008d400000, 0x000000008d400000| Untracked 
| 213|0x000000008d500000, 0x000000008d500000, 0x000000008d600000|  0%| F|  |TAMS 0x000000008d500000, 0x000000008d500000| Untracked 
| 214|0x000000008d600000, 0x000000008d600000, 0x000000008d700000|  0%| F|  |TAMS 0x000000008d600000, 0x000000008d600000| Untracked 
| 215|0x000000008d700000, 0x000000008d700000, 0x000000008d800000|  0%| F|  |TAMS 0x000000008d700000, 0x000000008d700000| Untracked 
| 216|0x000000008d800000, 0x000000008d800000, 0x000000008d900000|  0%| F|  |TAMS 0x000000008d800000, 0x000000008d800000| Untracked 
| 217|0x000000008d900000, 0x000000008d900000, 0x000000008da00000|  0%| F|  |TAMS 0x000000008d900000, 0x000000008d900000| Untracked 
| 218|0x000000008da00000, 0x000000008da00000, 0x000000008db00000|  0%| F|  |TAMS 0x000000008da00000, 0x000000008da00000| Untracked 
| 219|0x000000008db00000, 0x000000008db00000, 0x000000008dc00000|  0%| F|  |TAMS 0x000000008db00000, 0x000000008db00000| Untracked 

Card table byte_map: [0x00000212b7f70000,0x00000212b8370000] _byte_map_base: 0x00000212b7b70000

Marking Bits (Prev, Next): (CMBitMap*) 0x00000212a4781ab8, (CMBitMap*) 0x00000212a4781af0
 Prev Bits: [0x00000212b8770000, 0x00000212ba770000)
 Next Bits: [0x00000212ba770000, 0x00000212bc770000)

Polling page: 0x00000212a4820000

Metaspace:

Usage:
  Non-class:     76.05 MB capacity,    74.78 MB ( 98%) used,     1.05 MB (  1%) free+waste,   225.25 KB ( <1%) overhead. 
      Class:     11.79 MB capacity,    11.06 MB ( 94%) used,   651.11 KB (  5%) free+waste,   101.13 KB ( <1%) overhead. 
       Both:     87.84 MB capacity,    85.84 MB ( 98%) used,     1.68 MB (  2%) free+waste,   326.38 KB ( <1%) overhead. 

Virtual space:
  Non-class space:       78.00 MB reserved,      76.20 MB ( 98%) committed 
      Class space:        1.00 GB reserved,      11.88 MB (  1%) committed 
             Both:        1.08 GB reserved,      88.07 MB (  8%) committed 

Chunk freelists:
   Non-Class:  156.00 KB
       Class:  82.00 KB
        Both:  238.00 KB

MaxMetaspaceSize: 17179869184.00 GB
CompressedClassSpaceSize: 1.00 GB

CodeHeap 'non-profiled nmethods': size=120000Kb used=5899Kb max_used=5899Kb free=114100Kb
 bounds [0x00000212afbb0000, 0x00000212b0180000, 0x00000212b70e0000]
CodeHeap 'profiled nmethods': size=120000Kb used=23552Kb max_used=23552Kb free=96447Kb
 bounds [0x00000212a8680000, 0x00000212a9d90000, 0x00000212afbb0000]
CodeHeap 'non-nmethods': size=5760Kb used=2276Kb max_used=2301Kb free=3483Kb
 bounds [0x00000212a80e0000, 0x00000212a8350000, 0x00000212a8680000]
 total_blobs=11685 nmethods=10813 adapters=783
 compilation: enabled
              stopped_count=0, restarted_count=0
 full_count=0

Compilation events (20 events):
Event: 22.061 Thread 0x00000212bfade000 11228       3       com.android.tools.r8.graph.a1$b::a (697 bytes)
Event: 22.069 Thread 0x00000212bfade000 nmethod 11228 0x00000212a9d75b90 code [0x00000212a9d76480, 0x00000212a9d7c7a8]
Event: 22.149 Thread 0x00000212bfada000 nmethod 11226 0x00000212b016e390 code [0x00000212b016e5c0, 0x00000212b016faf0]
Event: 22.149 Thread 0x00000212bfada000 11059   !   4       com.android.tools.r8.graph.q0::o (89 bytes)
Event: 22.178 Thread 0x00000212bfada000 nmethod 11059 0x00000212b0170510 code [0x00000212b01706e0, 0x00000212b01710b8]
Event: 22.179 Thread 0x00000212bfada000 11219   !   4       com.android.tools.r8.graph.q0::n (125 bytes)
Event: 22.189 Thread 0x00000212bfade000 11234   !   2       java.util.concurrent.ConcurrentHashMap::fullAddCount (462 bytes)
Event: 22.191 Thread 0x00000212bfade000 nmethod 11234 0x00000212a9d7e790 code [0x00000212a9d7e9a0, 0x00000212a9d7f518]
Event: 22.237 Thread 0x00000212bfade000 11236       2       java.util.concurrent.ThreadLocalRandom::advanceProbe (35 bytes)
Event: 22.237 Thread 0x00000212bfade000 nmethod 11236 0x00000212a9d7fa90 code [0x00000212a9d7fc40, 0x00000212a9d7fd38]
Event: 22.244 Thread 0x00000212bfada000 nmethod 11219 0x00000212b0171690 code [0x00000212b0171880, 0x00000212b0172498]
Event: 22.244 Thread 0x00000212bfada000 11204       4       com.android.tools.r8.C.a.a.f::a (4333 bytes)
Event: 22.326 Thread 0x00000212bfade000 11240       3       com.android.tools.r8.graph.q0::a (89 bytes)
Event: 22.328 Thread 0x00000212bfade000 nmethod 11240 0x00000212a9d7fe10 code [0x00000212a9d800e0, 0x00000212a9d81168]
Event: 22.328 Thread 0x00000212bfade000 11241       2       com.android.tools.r8.graph.q0::a (129 bytes)
Event: 22.328 Thread 0x00000212bfade000 nmethod 11241 0x00000212a9d81790 code [0x00000212a9d81960, 0x00000212a9d81bb8]
Event: 22.329 Thread 0x00000212bfade000 11242 %     3       com.android.tools.r8.s.a.a.b.D::b @ 5 (32 bytes)
Event: 22.329 Thread 0x00000212bfade000 nmethod 11242% 0x00000212a9d81d90 code [0x00000212a9d81f80, 0x00000212a9d82458]
Event: 22.329 Thread 0x00000212bfade000 11243       3       com.android.tools.r8.s.a.a.b.D::b (32 bytes)
Event: 22.330 Thread 0x00000212bfade000 nmethod 11243 0x00000212a9d82690 code [0x00000212a9d82880, 0x00000212a9d82cd8]

GC Heap History (20 events):
Event: 21.346 GC heap after
{Heap after GC invocations=28 (full 0):
 garbage-first heap   total 187392K, used 122323K [0x0000000080000000, 0x0000000100000000)
  region size 1024K, 6 young (6144K), 6 survivors (6144K)
 Metaspace       used 87787K, capacity 89940K, committed 90188K, reserved 1128448K
  class space    used 11353K, capacity 12132K, committed 12160K, reserved 1048576K
}
Event: 21.586 GC heap before
{Heap before GC invocations=28 (full 0):
 garbage-first heap   total 187392K, used 152019K [0x0000000080000000, 0x0000000100000000)
  region size 1024K, 36 young (36864K), 6 survivors (6144K)
 Metaspace       used 87935K, capacity 90011K, committed 90188K, reserved 1128448K
  class space    used 11355K, capacity 12133K, committed 12160K, reserved 1048576K
}
Event: 21.601 GC heap after
{Heap after GC invocations=29 (full 0):
 garbage-first heap   total 187392K, used 130245K [0x0000000080000000, 0x0000000100000000)
  region size 1024K, 5 young (5120K), 5 survivors (5120K)
 Metaspace       used 87935K, capacity 90011K, committed 90188K, reserved 1128448K
  class space    used 11355K, capacity 12133K, committed 12160K, reserved 1048576K
}
Event: 21.695 GC heap before
{Heap before GC invocations=30 (full 0):
 garbage-first heap   total 187392K, used 153797K [0x0000000080000000, 0x0000000100000000)
  region size 1024K, 29 young (29696K), 5 survivors (5120K)
 Metaspace       used 87969K, capacity 90084K, committed 90188K, reserved 1128448K
  class space    used 11355K, capacity 12133K, committed 12160K, reserved 1048576K
}
Event: 21.708 GC heap after
{Heap after GC invocations=31 (full 0):
 garbage-first heap   total 187392K, used 136599K [0x0000000080000000, 0x0000000100000000)
  region size 1024K, 4 young (4096K), 4 survivors (4096K)
 Metaspace       used 87969K, capacity 90084K, committed 90188K, reserved 1128448K
  class space    used 11355K, capacity 12133K, committed 12160K, reserved 1048576K
}
Event: 21.767 GC heap before
{Heap before GC invocations=31 (full 0):
 garbage-first heap   total 187392K, used 156055K [0x0000000080000000, 0x0000000100000000)
  region size 1024K, 23 young (23552K), 4 survivors (4096K)
 Metaspace       used 87976K, capacity 90084K, committed 90188K, reserved 1128448K
  class space    used 11355K, capacity 12133K, committed 12160K, reserved 1048576K
}
Event: 21.783 GC heap after
{Heap after GC invocations=32 (full 0):
 garbage-first heap   total 187392K, used 141658K [0x0000000080000000, 0x0000000100000000)
  region size 1024K, 3 young (3072K), 3 survivors (3072K)
 Metaspace       used 87976K, capacity 90084K, committed 90188K, reserved 1128448K
  class space    used 11355K, capacity 12133K, committed 12160K, reserved 1048576K
}
Event: 21.864 GC heap before
{Heap before GC invocations=32 (full 0):
 garbage-first heap   total 187392K, used 158042K [0x0000000080000000, 0x0000000100000000)
  region size 1024K, 19 young (19456K), 3 survivors (3072K)
 Metaspace       used 87982K, capacity 90090K, committed 90188K, reserved 1128448K
  class space    used 11356K, capacity 12135K, committed 12160K, reserved 1048576K
}
Event: 21.874 GC heap after
{Heap after GC invocations=33 (full 0):
 garbage-first heap   total 187392K, used 145700K [0x0000000080000000, 0x0000000100000000)
  region size 1024K, 3 young (3072K), 3 survivors (3072K)
 Metaspace       used 87982K, capacity 90090K, committed 90188K, reserved 1128448K
  class space    used 11356K, capacity 12135K, committed 12160K, reserved 1048576K
}
Event: 21.921 GC heap before
{Heap before GC invocations=33 (full 0):
 garbage-first heap   total 187392K, used 157988K [0x0000000080000000, 0x0000000100000000)
  region size 1024K, 16 young (16384K), 3 survivors (3072K)
 Metaspace       used 87986K, capacity 90092K, committed 90188K, reserved 1128448K
  class space    used 11356K, capacity 12135K, committed 12160K, reserved 1048576K
}
Event: 21.933 GC heap after
{Heap after GC invocations=34 (full 0):
 garbage-first heap   total 187392K, used 149700K [0x0000000080000000, 0x0000000100000000)
  region size 1024K, 2 young (2048K), 2 survivors (2048K)
 Metaspace       used 87986K, capacity 90092K, committed 90188K, reserved 1128448K
  class space    used 11356K, capacity 12135K, committed 12160K, reserved 1048576K
}
Event: 21.965 GC heap before
{Heap before GC invocations=34 (full 0):
 garbage-first heap   total 187392K, used 159940K [0x0000000080000000, 0x0000000100000000)
  region size 1024K, 12 young (12288K), 2 survivors (2048K)
 Metaspace       used 87986K, capacity 90092K, committed 90188K, reserved 1128448K
  class space    used 11356K, capacity 12135K, committed 12160K, reserved 1048576K
}
Event: 21.976 GC heap after
{Heap after GC invocations=35 (full 0):
 garbage-first heap   total 225280K, used 153228K [0x0000000080000000, 0x0000000100000000)
  region size 1024K, 2 young (2048K), 2 survivors (2048K)
 Metaspace       used 87986K, capacity 90092K, committed 90188K, reserved 1128448K
  class space    used 11356K, capacity 12135K, committed 12160K, reserved 1048576K
}
Event: 22.091 GC heap before
{Heap before GC invocations=35 (full 0):
 garbage-first heap   total 225280K, used 178828K [0x0000000080000000, 0x0000000100000000)
  region size 1024K, 27 young (27648K), 2 survivors (2048K)
 Metaspace       used 87897K, capacity 89950K, committed 90188K, reserved 1128448K
  class space    used 11325K, capacity 12078K, committed 12160K, reserved 1048576K
}
Event: 22.117 GC heap after
{Heap after GC invocations=36 (full 0):
 garbage-first heap   total 225280K, used 160892K [0x0000000080000000, 0x0000000100000000)
  region size 1024K, 4 young (4096K), 4 survivors (4096K)
 Metaspace       used 87897K, capacity 89950K, committed 90188K, reserved 1128448K
  class space    used 11325K, capacity 12078K, committed 12160K, reserved 1048576K
}
Event: 22.194 GC heap before
{Heap before GC invocations=36 (full 0):
 garbage-first heap   total 225280K, used 183420K [0x0000000080000000, 0x0000000100000000)
  region size 1024K, 26 young (26624K), 4 survivors (4096K)
 Metaspace       used 87898K, capacity 89950K, committed 90188K, reserved 1128448K
  class space    used 11325K, capacity 12078K, committed 12160K, reserved 1048576K
}
Event: 22.217 GC heap after
{Heap after GC invocations=37 (full 0):
 garbage-first heap   total 225280K, used 166669K [0x0000000080000000, 0x0000000100000000)
  region size 1024K, 4 young (4096K), 4 survivors (4096K)
 Metaspace       used 87898K, capacity 89950K, committed 90188K, reserved 1128448K
  class space    used 11325K, capacity 12078K, committed 12160K, reserved 1048576K
}
Event: 22.281 GC heap before
{Heap before GC invocations=38 (full 0):
 garbage-first heap   total 225280K, used 187149K [0x0000000080000000, 0x0000000100000000)
  region size 1024K, 24 young (24576K), 4 survivors (4096K)
 Metaspace       used 87898K, capacity 89950K, committed 90188K, reserved 1128448K
  class space    used 11325K, capacity 12078K, committed 12160K, reserved 1048576K
}
Event: 22.299 GC heap after
{Heap after GC invocations=39 (full 0):
 garbage-first heap   total 225280K, used 172276K [0x0000000080000000, 0x0000000100000000)
  region size 1024K, 3 young (3072K), 3 survivors (3072K)
 Metaspace       used 87898K, capacity 89950K, committed 90188K, reserved 1128448K
  class space    used 11325K, capacity 12078K, committed 12160K, reserved 1048576K
}
Event: 22.343 GC heap before
{Heap before GC invocations=39 (full 0):
 garbage-first heap   total 225280K, used 184564K [0x0000000080000000, 0x0000000100000000)
  region size 1024K, 16 young (16384K), 3 survivors (3072K)
 Metaspace       used 87898K, capacity 89950K, committed 90188K, reserved 1128448K
  class space    used 11325K, capacity 12078K, committed 12160K, reserved 1048576K
}

Deoptimization events (20 events):
Event: 22.326 Thread 0x00000212c69c6800 Uncommon trap: trap_request=0xffffff4d fr.pc=0x00000212b0167a54 relative=0x0000000000000114
Event: 22.326 Thread 0x00000212c69c6800 Uncommon trap: reason=unstable_if action=reinterpret pc=0x00000212b0167a54 method=com.android.tools.r8.graph.q0.a(C[BI)I @ 1 c2
Event: 22.326 Thread 0x00000212c69c6800 DEOPT PACKING pc=0x00000212b0167a54 sp=0x0000004b63efe380
Event: 22.326 Thread 0x00000212c69c6800 DEOPT UNPACKING pc=0x00000212a81074af sp=0x0000004b63efe340 mode 2
Event: 22.329 Thread 0x00000212c69c8000 DEOPT PACKING pc=0x00000212a9d81031 sp=0x0000004b63bfdd30
Event: 22.329 Thread 0x00000212c69c8000 DEOPT UNPACKING pc=0x00000212a81072ce sp=0x0000004b63bfd258 mode 0
Event: 22.331 Thread 0x00000212c69c8000 DEOPT PACKING pc=0x00000212a9d81031 sp=0x0000004b63bfdc10
Event: 22.331 Thread 0x00000212c69c8000 DEOPT UNPACKING pc=0x00000212a81072ce sp=0x0000004b63bfd138 mode 0
Event: 22.333 Thread 0x00000212c69c5800 DEOPT PACKING pc=0x00000212a9cfbde7 sp=0x0000004b63cfe650
Event: 22.333 Thread 0x00000212c69c5800 DEOPT UNPACKING pc=0x00000212a81072ce sp=0x0000004b63cfdc08 mode 0
Event: 22.333 Thread 0x00000212c69c5800 DEOPT PACKING pc=0x00000212a9d81031 sp=0x0000004b63cfe570
Event: 22.333 Thread 0x00000212c69c5800 DEOPT UNPACKING pc=0x00000212a81072ce sp=0x0000004b63cfda98 mode 0
Event: 22.335 Thread 0x00000212c69c5800 DEOPT PACKING pc=0x00000212a9d81031 sp=0x0000004b63cfe570
Event: 22.335 Thread 0x00000212c69c5800 DEOPT UNPACKING pc=0x00000212a81072ce sp=0x0000004b63cfda98 mode 0
Event: 22.337 Thread 0x00000212c69c5000 DEOPT PACKING pc=0x00000212a9d81031 sp=0x0000004b638fdfe0
Event: 22.337 Thread 0x00000212c69c5000 DEOPT UNPACKING pc=0x00000212a81072ce sp=0x0000004b638fd508 mode 0
Event: 22.339 Thread 0x00000212c69c4000 DEOPT PACKING pc=0x00000212a9cfbde7 sp=0x0000004b63dfe580
Event: 22.339 Thread 0x00000212c69c4000 DEOPT UNPACKING pc=0x00000212a81072ce sp=0x0000004b63dfdb38 mode 0
Event: 22.339 Thread 0x00000212c69c4000 DEOPT PACKING pc=0x00000212a9d81031 sp=0x0000004b63dfe580
Event: 22.339 Thread 0x00000212c69c4000 DEOPT UNPACKING pc=0x00000212a81072ce sp=0x0000004b63dfdaa8 mode 0

Classes redefined (0 events):
No events

Internal exceptions (20 events):
Event: 19.555 Thread 0x00000212c1442800 Exception <a 'sun/nio/fs/WindowsException'{0x0000000088bd4c78}> (0x0000000088bd4c78) thrown at [./src/hotspot/share/prims/jni.cpp, line 615]
Event: 19.680 Thread 0x00000212c1442800 Exception <a 'sun/nio/fs/WindowsException'{0x00000000885ae6e0}> (0x00000000885ae6e0) thrown at [./src/hotspot/share/prims/jni.cpp, line 615]
Event: 19.680 Thread 0x00000212c1442800 Exception <a 'sun/nio/fs/WindowsException'{0x00000000885afad0}> (0x00000000885afad0) thrown at [./src/hotspot/share/prims/jni.cpp, line 615]
Event: 19.915 Thread 0x00000212c69bf000 Exception <a 'java/lang/NoSuchMethodError'{0x000000008807caf0}: 'int java.lang.invoke.DirectMethodHandle$Holder.invokeVirtual(java.lang.Object, java.lang.Object, java.lang.Object)'> (0x000000008807caf0) thrown at [./src/hotspot/share/interpreter/linkResolver.cpp, line 773]
Event: 21.178 Thread 0x00000212c69bf000 Exception <a 'java/lang/NoSuchMethodError'{0x0000000089b4fa08}: 'java.lang.Object java.lang.invoke.DirectMethodHandle$Holder.invokeStatic(java.lang.Object, java.lang.Object, java.lang.Object, java.lang.Object, java.lang.Object, java.lang.Object, java.lang.Object, java.lang.Object, java.lang.Object, java.lang.Object, java.lang.Object, java.lang.Object, java.lang.Object, java.lang.Object, java.lang.Object, java.lang.Object, java.lang.Object, int, java.lang.Object)'> (0x0000000089b4fa08) thrown at [./src/hots
Event: 21.179 Thread 0x00000212c69bf000 Exception <a 'java/lang/NoSuchMethodError'{0x0000000089b55058}: 'java.lang.Object java.lang.invoke.DirectMethodHandle$Holder.invokeStaticInit(java.lang.Object, java.lang.Object, java.lang.Object, java.lang.Object, java.lang.Object, java.lang.Object, java.lang.Object, java.lang.Object, java.lang.Object, java.lang.Object, java.lang.Object, java.lang.Object, java.lang.Object, java.lang.Object, java.lang.Object, java.lang.Object, java.lang.Object, int, java.lang.Object)'> (0x0000000089b55058) thrown at [./src/
Event: 21.267 Thread 0x00000212c69c8000 Exception <a 'java/lang/NoSuchMethodError'{0x00000000898c7830}: 'long java.lang.invoke.DirectMethodHandle$Holder.invokeStatic(java.lang.Object, java.lang.Object)'> (0x00000000898c7830) thrown at [./src/hotspot/share/interpreter/linkResolver.cpp, line 773]
Event: 21.267 Thread 0x00000212c69c6800 Exception <a 'java/lang/NoSuchMethodError'{0x00000000898db668}: 'long java.lang.invoke.DirectMethodHandle$Holder.invokeStatic(java.lang.Object, java.lang.Object)'> (0x00000000898db668) thrown at [./src/hotspot/share/interpreter/linkResolver.cpp, line 773]
Event: 21.267 Thread 0x00000212c69c4000 Exception <a 'java/lang/NoSuchMethodError'{0x000000008973faf8}: 'long java.lang.invoke.DirectMethodHandle$Holder.invokeStatic(java.lang.Object, java.lang.Object)'> (0x000000008973faf8) thrown at [./src/hotspot/share/interpreter/linkResolver.cpp, line 773]
Event: 21.267 Thread 0x00000212c69c5800 Exception <a 'java/lang/NoSuchMethodError'{0x00000000898b62a0}: 'long java.lang.invoke.DirectMethodHandle$Holder.invokeStatic(java.lang.Object, java.lang.Object)'> (0x00000000898b62a0) thrown at [./src/hotspot/share/interpreter/linkResolver.cpp, line 773]
Event: 21.267 Thread 0x00000212c69c5000 Exception <a 'java/lang/NoSuchMethodError'{0x0000000089755e68}: 'long java.lang.invoke.DirectMethodHandle$Holder.invokeStatic(java.lang.Object, java.lang.Object)'> (0x0000000089755e68) thrown at [./src/hotspot/share/interpreter/linkResolver.cpp, line 773]
Event: 21.267 Thread 0x00000212c69c7800 Exception <a 'java/lang/NoSuchMethodError'{0x0000000089a74400}: 'long java.lang.invoke.DirectMethodHandle$Holder.invokeStatic(java.lang.Object, java.lang.Object)'> (0x0000000089a74400) thrown at [./src/hotspot/share/interpreter/linkResolver.cpp, line 773]
Event: 21.267 Thread 0x00000212c69c3000 Exception <a 'java/lang/NoSuchMethodError'{0x0000000089889ac8}: 'long java.lang.invoke.DirectMethodHandle$Holder.invokeStatic(java.lang.Object, java.lang.Object)'> (0x0000000089889ac8) thrown at [./src/hotspot/share/interpreter/linkResolver.cpp, line 773]
Event: 21.267 Thread 0x00000212c69c3000 Exception <a 'java/lang/NoSuchMethodError'{0x000000008988c620}: 'long java.lang.invoke.DirectMethodHandle$Holder.invokeStaticInit(java.lang.Object, java.lang.Object)'> (0x000000008988c620) thrown at [./src/hotspot/share/interpreter/linkResolver.cpp, line 773]
Event: 21.267 Thread 0x00000212c69c7800 Exception <a 'java/lang/NoSuchMethodError'{0x0000000089765918}: 'long java.lang.invoke.DirectMethodHandle$Holder.invokeStaticInit(java.lang.Object, java.lang.Object)'> (0x0000000089765918) thrown at [./src/hotspot/share/interpreter/linkResolver.cpp, line 773]
Event: 21.267 Thread 0x00000212c69c5800 Exception <a 'java/lang/NoSuchMethodError'{0x00000000898b8e20}: 'long java.lang.invoke.DirectMethodHandle$Holder.invokeStaticInit(java.lang.Object, java.lang.Object)'> (0x00000000898b8e20) thrown at [./src/hotspot/share/interpreter/linkResolver.cpp, line 773]
Event: 21.267 Thread 0x00000212c69c4000 Exception <a 'java/lang/NoSuchMethodError'{0x0000000089742650}: 'long java.lang.invoke.DirectMethodHandle$Holder.invokeStaticInit(java.lang.Object, java.lang.Object)'> (0x0000000089742650) thrown at [./src/hotspot/share/interpreter/linkResolver.cpp, line 773]
Event: 21.267 Thread 0x00000212c69c8000 Exception <a 'java/lang/NoSuchMethodError'{0x00000000898ca388}: 'long java.lang.invoke.DirectMethodHandle$Holder.invokeStaticInit(java.lang.Object, java.lang.Object)'> (0x00000000898ca388) thrown at [./src/hotspot/share/interpreter/linkResolver.cpp, line 773]
Event: 21.267 Thread 0x00000212c69c6800 Exception <a 'java/lang/NoSuchMethodError'{0x00000000898de1c0}: 'long java.lang.invoke.DirectMethodHandle$Holder.invokeStaticInit(java.lang.Object, java.lang.Object)'> (0x00000000898de1c0) thrown at [./src/hotspot/share/interpreter/linkResolver.cpp, line 773]
Event: 21.267 Thread 0x00000212c69c5000 Exception <a 'java/lang/NoSuchMethodError'{0x00000000897589c0}: 'long java.lang.invoke.DirectMethodHandle$Holder.invokeStaticInit(java.lang.Object, java.lang.Object)'> (0x00000000897589c0) thrown at [./src/hotspot/share/interpreter/linkResolver.cpp, line 773]

Events (20 events):
Event: 21.856 loading class com/android/tools/r8/origin/Origin done
Event: 21.856 loading class com/android/tools/r8/origin/Origin
Event: 21.856 loading class com/android/tools/r8/origin/Origin done
Event: 21.863 Executing VM operation: G1CollectForAllocation
Event: 21.874 Executing VM operation: G1CollectForAllocation done
Event: 21.921 Executing VM operation: G1CollectForAllocation
Event: 21.933 Executing VM operation: G1CollectForAllocation done
Event: 21.964 Executing VM operation: G1CollectForAllocation
Event: 21.976 Executing VM operation: G1CollectForAllocation done
Event: 22.030 Executing VM operation: CGC_Operation
Event: 22.052 Executing VM operation: CGC_Operation done
Event: 22.090 Executing VM operation: G1CollectForAllocation
Event: 22.117 Executing VM operation: G1CollectForAllocation done
Event: 22.194 Executing VM operation: G1CollectForAllocation
Event: 22.217 Executing VM operation: G1CollectForAllocation done
Event: 22.239 Executing VM operation: CGC_Operation
Event: 22.242 Executing VM operation: CGC_Operation done
Event: 22.279 Executing VM operation: G1CollectForAllocation
Event: 22.299 Executing VM operation: G1CollectForAllocation done
Event: 22.341 Executing VM operation: G1CollectForAllocation


Dynamic libraries:
0x00007ff6c72e0000 - 0x00007ff6c72ea000 	D:\Program Files\Android Studio\jre\bin\java.exe
0x00007ff9d5670000 - 0x00007ff9d5865000 	C:\WINDOWS\SYSTEM32\ntdll.dll
0x00007ff9d3970000 - 0x00007ff9d3a2d000 	C:\WINDOWS\System32\KERNEL32.DLL
0x00007ff9d2f30000 - 0x00007ff9d31f8000 	C:\WINDOWS\System32\KERNELBASE.dll
0x00007ff9d3420000 - 0x00007ff9d3520000 	C:\WINDOWS\System32\ucrtbase.dll
0x00007ff9cc160000 - 0x00007ff9cc179000 	D:\Program Files\Android Studio\jre\bin\jli.dll
0x00007ff9c3ce0000 - 0x00007ff9c3cf7000 	D:\Program Files\Android Studio\jre\bin\VCRUNTIME140.dll
0x00007ff9d50a0000 - 0x00007ff9d5240000 	C:\WINDOWS\System32\USER32.dll
0x00007ff9d3200000 - 0x00007ff9d3222000 	C:\WINDOWS\System32\win32u.dll
0x00007ff9c21a0000 - 0x00007ff9c243a000 	C:\WINDOWS\WinSxS\amd64_microsoft.windows.common-controls_6595b64144ccf1df_6.0.19041.1052_none_60b8f8fd71f5e8cb\COMCTL32.dll
0x00007ff9d5450000 - 0x00007ff9d547a000 	C:\WINDOWS\System32\GDI32.dll
0x00007ff9d3c50000 - 0x00007ff9d3cee000 	C:\WINDOWS\System32\msvcrt.dll
0x00007ff9d35d0000 - 0x00007ff9d36db000 	C:\WINDOWS\System32\gdi32full.dll
0x00007ff9d2e00000 - 0x00007ff9d2e9d000 	C:\WINDOWS\System32\msvcp_win.dll
0x00007ff9d3cf0000 - 0x00007ff9d3d20000 	C:\WINDOWS\System32\IMM32.DLL
0x00007ff9c2a70000 - 0x00007ff9c2b0d000 	D:\Program Files\Android Studio\jre\bin\msvcp140.dll
0x00007ff998d50000 - 0x00007ff99980c000 	D:\Program Files\Android Studio\jre\bin\server\jvm.dll
0x00007ff9d3d80000 - 0x00007ff9d3e2c000 	C:\WINDOWS\System32\ADVAPI32.dll
0x00007ff9d4750000 - 0x00007ff9d47eb000 	C:\WINDOWS\System32\sechost.dll
0x00007ff9d3e30000 - 0x00007ff9d3f5b000 	C:\WINDOWS\System32\RPCRT4.dll
0x00007ff9d3890000 - 0x00007ff9d3898000 	C:\WINDOWS\System32\PSAPI.DLL
0x00007ff9c4670000 - 0x00007ff9c4697000 	C:\WINDOWS\SYSTEM32\WINMM.dll
0x00007ff9cafb0000 - 0x00007ff9cafba000 	C:\WINDOWS\SYSTEM32\VERSION.dll
0x00007ff9c0650000 - 0x00007ff9c0659000 	C:\WINDOWS\SYSTEM32\WSOCK32.dll
0x00007ff9d5250000 - 0x00007ff9d52bb000 	C:\WINDOWS\System32\WS2_32.dll
0x00007ff9d0d00000 - 0x00007ff9d0d12000 	C:\WINDOWS\SYSTEM32\kernel.appcore.dll
0x00007ff9ce250000 - 0x00007ff9ce261000 	D:\Program Files\Android Studio\jre\bin\verify.dll
0x00007ff9c4810000 - 0x00007ff9c49f4000 	C:\WINDOWS\SYSTEM32\DBGHELP.DLL
0x00007ff9bcf10000 - 0x00007ff9bcf3c000 	C:\WINDOWS\SYSTEM32\dbgcore.DLL
0x00007ff9d2ea0000 - 0x00007ff9d2f23000 	C:\WINDOWS\System32\bcryptPrimitives.dll
0x00007ff9cc5f0000 - 0x00007ff9cc619000 	D:\Program Files\Android Studio\jre\bin\java.dll
0x00007ff9d0690000 - 0x00007ff9d069b000 	D:\Program Files\Android Studio\jre\bin\jimage.dll
0x00007ff9cc5d0000 - 0x00007ff9cc5e8000 	D:\Program Files\Android Studio\jre\bin\zip.dll
0x00007ff9d47f0000 - 0x00007ff9d4f2f000 	C:\WINDOWS\System32\SHELL32.dll
0x00007ff9d0f00000 - 0x00007ff9d1690000 	C:\WINDOWS\SYSTEM32\windows.storage.dll
0x00007ff9d3f60000 - 0x00007ff9d42b5000 	C:\WINDOWS\System32\combase.dll
0x00007ff9d2820000 - 0x00007ff9d284c000 	C:\WINDOWS\SYSTEM32\Wldp.dll
0x00007ff9d5340000 - 0x00007ff9d53ee000 	C:\WINDOWS\System32\SHCORE.dll
0x00007ff9d53f0000 - 0x00007ff9d5445000 	C:\WINDOWS\System32\shlwapi.dll
0x00007ff9d2cf0000 - 0x00007ff9d2d0f000 	C:\WINDOWS\SYSTEM32\profapi.dll
0x00007ff9cc590000 - 0x00007ff9cc5aa000 	D:\Program Files\Android Studio\jre\bin\net.dll
0x00007ff9c1c80000 - 0x00007ff9c1d8b000 	C:\WINDOWS\SYSTEM32\WINHTTP.dll
0x00007ff9d2590000 - 0x00007ff9d25fa000 	C:\WINDOWS\system32\mswsock.dll
0x00007ff9cc550000 - 0x00007ff9cc564000 	D:\Program Files\Android Studio\jre\bin\nio.dll
0x00007ff9bad60000 - 0x00007ff9bad87000 	C:\Users\Admin\.gradle\native\fdc75f09e3144964f2cf3f50f0aa648679c211496f362492102eb8c894070792\windows-amd64\native-platform.dll
0x00007ff99b1c0000 - 0x00007ff99b356000 	C:\Users\Admin\.gradle\native\12488b8bf47d2d4c9fbf2f6322a914ad602e24e48041cd04a747c6da556b65c4\windows-amd64\native-platform-file-events.dll
0x00007ff9ce440000 - 0x00007ff9ce44a000 	D:\Program Files\Android Studio\jre\bin\management.dll
0x00007ff9ce210000 - 0x00007ff9ce21c000 	D:\Program Files\Android Studio\jre\bin\management_ext.dll
0x00007ff9d2770000 - 0x00007ff9d2788000 	C:\WINDOWS\SYSTEM32\CRYPTSP.dll
0x00007ff9d1ec0000 - 0x00007ff9d1ef4000 	C:\WINDOWS\system32\rsaenh.dll
0x00007ff9d3230000 - 0x00007ff9d3257000 	C:\WINDOWS\System32\bcrypt.dll
0x00007ff9d2cb0000 - 0x00007ff9d2cde000 	C:\WINDOWS\SYSTEM32\USERENV.dll
0x00007ff9d2760000 - 0x00007ff9d276c000 	C:\WINDOWS\SYSTEM32\CRYPTBASE.dll
0x00007ff9d2230000 - 0x00007ff9d226b000 	C:\WINDOWS\SYSTEM32\IPHLPAPI.DLL
0x00007ff9d5240000 - 0x00007ff9d5248000 	C:\WINDOWS\System32\NSI.dll
0x00007ff9cb9c0000 - 0x00007ff9cb9d7000 	C:\WINDOWS\SYSTEM32\dhcpcsvc6.DLL
0x00007ff9cc8a0000 - 0x00007ff9cc8bd000 	C:\WINDOWS\SYSTEM32\dhcpcsvc.DLL
0x00007ff9d2270000 - 0x00007ff9d233c000 	C:\WINDOWS\SYSTEM32\DNSAPI.dll
0x00007ff9cc8c0000 - 0x00007ff9cc8cb000 	C:\WINDOWS\SYSTEM32\WINNSI.DLL

dbghelp: loaded successfully - version: 4.0.5 - missing functions: none
symbol engine: initialized successfully - sym options: 0x614 - pdb path: .;D:\Program Files\Android Studio\jre\bin;C:\WINDOWS\SYSTEM32;C:\WINDOWS\WinSxS\amd64_microsoft.windows.common-controls_6595b64144ccf1df_6.0.19041.1052_none_60b8f8fd71f5e8cb;D:\Program Files\Android Studio\jre\bin\server;C:\Users\Admin\.gradle\native\fdc75f09e3144964f2cf3f50f0aa648679c211496f362492102eb8c894070792\windows-amd64;C:\Users\Admin\.gradle\native\12488b8bf47d2d4c9fbf2f6322a914ad602e24e48041cd04a747c6da556b65c4\windows-amd64

VM Arguments:
jvm_args: --add-opens=java.base/java.util=ALL-UNNAMED --add-opens=java.base/java.lang=ALL-UNNAMED --add-opens=java.base/java.lang.invoke=ALL-UNNAMED --add-opens=java.prefs/java.util.prefs=ALL-UNNAMED -Xmx2048m -Dfile.encoding=UTF-8 -Duser.country=US -Duser.language=en -Duser.variant 
java_command: org.gradle.launcher.daemon.bootstrap.GradleDaemon 6.7.1
java_class_path (initial): C:\Users\Admin\.gradle\wrapper\dists\gradle-6.7.1-all\2moa8rlfac5eqlcfgk98k0deb\gradle-6.7.1\lib\gradle-launcher-6.7.1.jar
Launcher Type: SUN_STANDARD

[Global flags]
     intx CICompilerCount                          = 4                                         {product} {ergonomic}
     uint ConcGCThreads                            = 2                                         {product} {ergonomic}
     uint G1ConcRefinementThreads                  = 8                                         {product} {ergonomic}
   size_t G1HeapRegionSize                         = 1048576                                   {product} {ergonomic}
    uintx GCDrainStackTargetSize                   = 64                                        {product} {ergonomic}
   size_t InitialHeapSize                          = 132120576                                 {product} {ergonomic}
   size_t MarkStackSize                            = 4194304                                   {product} {ergonomic}
   size_t MaxHeapSize                              = 2147483648                                {product} {command line}
   size_t MaxNewSize                               = 1287651328                                {product} {ergonomic}
   size_t MinHeapDeltaBytes                        = 1048576                                   {product} {ergonomic}
    uintx NonNMethodCodeHeapSize                   = 5836300                                {pd product} {ergonomic}
    uintx NonProfiledCodeHeapSize                  = 122910970                              {pd product} {ergonomic}
    uintx ProfiledCodeHeapSize                     = 122910970                              {pd product} {ergonomic}
    uintx ReservedCodeCacheSize                    = 251658240                              {pd product} {ergonomic}
     bool SegmentedCodeCache                       = true                                      {product} {ergonomic}
     bool UseCompressedClassPointers               = true                                 {lp64_product} {ergonomic}
     bool UseCompressedOops                        = true                                 {lp64_product} {ergonomic}
     bool UseG1GC                                  = true                                      {product} {ergonomic}
     bool UseLargePagesIndividualAllocation        = false                                  {pd product} {ergonomic}

Logging:
Log output configuration:
 #0: stdout all=warning uptime,level,tags
 #1: stderr all=off uptime,level,tags

Environment Variables:
PATH=D:\Program Files\Python Interpreter\Scripts\;D:\Program Files\Python Interpreter\;C:\WINDOWS\system32;C:\WINDOWS;C:\WINDOWS\System32\Wbem;C:\WINDOWS\System32\WindowsPowerShell\v1.0\;C:\WINDOWS\System32\OpenSSH\;C:\Program Files\Microsoft SQL Server\Client SDK\ODBC\170\Tools\Binn\;D:\Program Files\SQL Server 2019\Shared_Featured\150\Tools\Binn\;C:\Program Files\Microsoft SQL Server\150\Tools\Binn\;C:\Program Files\Microsoft SQL Server\150\DTS\Binn\;D:\Program Files\SQL Server 2019\Shared_Featured\150\DTS\Binn\;C:\Program Files\dotnet\;C:\Program Files\Microsoft SQL Server\130\Tools\Binn\;C:\Program Files (x86)\dotnet\;D:\Program Files\Git\cmd;D:\Program Files\Python 3.8.7\Scripts\;D:\Program Files\Python 3.8.7\;C:\Users\Admin\AppData\Local\Microsoft\WindowsApps;D:\Program Files\IntelliJ IDEA 2020.3\bin;D:\Program Files\PyCharm 2020.3\bin;C:\Users\Admin\AppData\Local\GitHubDesktop\bin;C:\Program Files\Azure Data Studio\bin;D:\Program Files\Microsoft VS Code\bin;C:\Users\Admin\.dotnet\tools;D:\Program Files\PhpStorm 2020.3\bin
USERNAME=Admin
OS=Windows_NT
PROCESSOR_IDENTIFIER=Intel64 Family 6 Model 142 Stepping 10, GenuineIntel



---------------  S Y S T E M  ---------------

OS: Windows 10 , 64 bit Build 19041 (10.0.19041.1023)
OS uptime: 17 days 21:34 hours

CPU:total 8 (initial active 8) (4 cores per cpu, 2 threads per core) family 6 model 142 stepping 10, cmov, cx8, fxsr, mmx, sse, sse2, sse3, ssse3, sse4.1, sse4.2, popcnt, avx, avx2, aes, clmul, erms, 3dnowpref, lzcnt, ht, tsc, tscinvbit, bmi1, bmi2, adx, fma

Memory: 4k page, system-wide physical 8057M (321M free)
TotalPageFile size 22299M (AvailPageFile size 42M)
current process WorkingSet (physical memory assigned to process): 400M, peak: 402M
current process commit charge ("private bytes"): 507M, peak: 741M

vm_info: OpenJDK 64-Bit Server VM (11.0.8+10-b944.6842174) for windows-amd64 JRE (11.0.8+10-b944.6842174), built on Sep 19 2020 01:11:42 by "builder" with MS VC++ 14.0 (VS2015)

END.
